TN:
SF:/Users/walter/dev/school/metrics/express/index.js
FNF:0
FNH:0
DA:2,1
LF:1
LH:1
BRF:0
BRH:0
end_of_record
TN:
SF:/Users/walter/dev/school/metrics/express/lib/express.js
FN:26,createApplication
FN:27,(anonymous_2)
FN:86,(anonymous_3)
FN:88,(anonymous_4)
FNF:4
FNH:4
FNDA:574,createApplication
FNDA:611,(anonymous_2)
FNDA:19,(anonymous_3)
FNDA:1,(anonymous_4)
DA:5,1
DA:6,1
DA:7,1
DA:8,1
DA:9,1
DA:10,1
DA:11,1
DA:17,1
DA:26,1
DA:27,574
DA:28,611
DA:31,574
DA:32,574
DA:34,574
DA:35,574
DA:36,574
DA:37,574
DA:44,1
DA:45,1
DA:46,1
DA:52,1
DA:53,1
DA:59,1
DA:60,1
DA:66,1
DA:87,19
DA:89,1
LF:27
LH:27
BRF:0
BRH:0
end_of_record
TN:
SF:/Users/walter/dev/school/metrics/express/lib/application.js
FN:38,(anonymous_1)
FN:51,(anonymous_2)
FN:64,(anonymous_3)
FN:90,(anonymous_4)
FN:104,(anonymous_5)
FN:125,(anonymous_6)
FN:154,use
FN:184,(anonymous_8)
FN:195,mounted_app
FN:197,(anonymous_10)
FN:221,(anonymous_11)
FN:260,(anonymous_12)
FN:279,(anonymous_13)
FN:283,(anonymous_14)
FN:308,(anonymous_15)
FN:350,(anonymous_16)
FN:371,(anonymous_17)
FN:390,(anonymous_18)
FN:402,(anonymous_19)
FN:414,(anonymous_20)
FN:422,(anonymous_21)
FN:423,(anonymous_22)
FN:444,(anonymous_23)
FN:449,(anonymous_24)
FN:477,(anonymous_25)
FN:557,(anonymous_26)
FN:569,logerror
FNF:27
FNH:27
FNDA:574,(anonymous_1)
FNDA:574,(anonymous_2)
FNDA:22,(anonymous_3)
FNDA:1,(anonymous_4)
FNDA:672,(anonymous_5)
FNDA:659,(anonymous_6)
FNDA:417,use
FNDA:437,(anonymous_8)
FNDA:48,mounted_app
FNDA:30,(anonymous_10)
FNDA:4,(anonymous_11)
FNDA:41,(anonymous_12)
FNDA:22,(anonymous_13)
FNDA:4,(anonymous_14)
FNDA:10770,(anonymous_15)
FNDA:6,(anonymous_16)
FNDA:1761,(anonymous_17)
FNDA:2,(anonymous_18)
FNDA:606,(anonymous_19)
FNDA:3,(anonymous_20)
FNDA:26,(anonymous_21)
FNDA:2166,(anonymous_22)
FNDA:6,(anonymous_23)
FNDA:156,(anonymous_24)
FNDA:78,(anonymous_25)
FNDA:2,(anonymous_26)
FNDA:20,logerror
DA:5,1
DA:6,1
DA:7,1
DA:8,1
DA:9,1
DA:10,1
DA:11,1
DA:12,1
DA:13,1
DA:14,1
DA:15,1
DA:16,1
DA:17,1
DA:18,1
DA:19,1
DA:20,1
DA:26,1
DA:38,1
DA:39,574
DA:40,574
DA:41,574
DA:42,574
DA:51,1
DA:53,574
DA:54,574
DA:55,574
DA:56,574
DA:57,574
DA:58,574
DA:59,574
DA:61,574
DA:64,574
DA:65,22
DA:66,22
DA:67,22
DA:68,22
DA:72,574
DA:75,574
DA:78,574
DA:81,574
DA:82,574
DA:83,574
DA:85,574
DA:86,1
DA:89,574
DA:91,1
DA:104,1
DA:105,672
DA:106,512
DA:111,512
DA:112,512
DA:125,1
DA:126,659
DA:129,659
DA:135,659
DA:136,2
DA:137,2
DA:138,2
DA:141,657
DA:154,1
DA:155,417
DA:156,417
DA:160,417
DA:161,46
DA:163,46
DA:164,6
DA:168,46
DA:169,43
DA:170,43
DA:174,417
DA:176,417
DA:177,1
DA:181,416
DA:182,416
DA:184,416
DA:186,437
DA:187,415
DA:190,22
DA:191,22
DA:192,22
DA:195,22
DA:196,48
DA:197,48
DA:198,30
DA:199,30
DA:200,30
DA:205,22
DA:208,412
DA:221,1
DA:222,4
DA:223,4
DA:260,1
DA:261,41
DA:262,40
DA:263,40
DA:264,40
DA:279,1
DA:280,22
DA:282,22
DA:283,2
DA:284,4
DA:286,2
DA:289,20
DA:290,19
DA:308,1
DA:309,10770
DA:311,3705
DA:315,7065
DA:318,7065
DA:320,587
DA:321,587
DA:322,586
DA:324,580
DA:325,580
DA:326,579
DA:328,594
DA:329,594
DA:330,594
DA:333,7063
DA:350,1
DA:351,6
DA:371,1
DA:372,1761
DA:390,1
DA:391,2
DA:402,1
DA:403,606
DA:414,1
DA:415,3
DA:422,1
DA:423,26
DA:424,2166
DA:426,224
DA:428,224
DA:429,224
DA:430,198
DA:444,1
DA:445,6
DA:447,6
DA:448,6
DA:449,6
DA:450,156
DA:453,6
DA:458,1
DA:477,1
DA:478,78
DA:479,78
DA:480,78
DA:481,78
DA:484,78
DA:485,22
DA:489,78
DA:492,78
DA:493,51
DA:497,78
DA:500,78
DA:505,78
DA:508,78
DA:509,76
DA:515,76
DA:516,3
DA:519,3
DA:520,3
DA:521,3
DA:525,73
DA:529,75
DA:530,75
DA:532,1
DA:557,1
DA:558,2
DA:559,2
DA:569,1
DA:570,20
LF:173
LH:173
BRDA:55,1,0,574
BRDA:55,1,1,1
BRDA:85,2,0,1
BRDA:85,2,1,573
BRDA:105,3,0,512
BRDA:105,3,1,160
BRDA:129,4,0,659
BRDA:129,4,1,607
BRDA:135,5,0,2
BRDA:135,5,1,657
BRDA:160,6,0,46
BRDA:160,6,1,371
BRDA:163,7,0,52
BRDA:163,7,1,6
BRDA:168,8,0,43
BRDA:168,8,1,3
BRDA:176,9,0,1
BRDA:176,9,1,416
BRDA:186,10,0,415
BRDA:186,10,1,22
BRDA:186,11,0,437
BRDA:186,11,1,436
BRDA:186,11,2,35
BRDA:261,12,0,1
BRDA:261,12,1,40
BRDA:262,13,0,3
BRDA:262,13,1,37
BRDA:282,14,0,2
BRDA:282,14,1,20
BRDA:309,15,0,3705
BRDA:309,15,1,7065
BRDA:318,16,0,587
BRDA:318,16,1,580
BRDA:318,16,2,594
BRDA:351,17,0,3
BRDA:351,17,1,3
BRDA:424,18,0,1942
BRDA:424,18,1,224
BRDA:424,19,0,2166
BRDA:424,19,1,2095
BRDA:484,20,0,22
BRDA:484,20,1,56
BRDA:492,21,0,51
BRDA:492,21,1,27
BRDA:500,22,0,76
BRDA:500,22,1,2
BRDA:505,23,0,4
BRDA:505,23,1,74
BRDA:508,24,0,76
BRDA:508,24,1,2
BRDA:515,25,0,3
BRDA:515,25,1,73
BRDA:516,26,0,1
BRDA:516,26,1,2
BRDA:516,27,0,3
BRDA:516,27,1,1
BRDA:525,28,0,2
BRDA:525,28,1,71
BRDA:570,29,0,0
BRDA:570,29,1,20
BRDA:570,30,0,0
BRDA:570,30,1,0
BRF:62
BRH:59
end_of_record
TN:
SF:/Users/walter/dev/school/metrics/express/lib/utils.js
FN:24,(anonymous_1)
FN:41,wetag
FN:57,(anonymous_3)
FN:71,(anonymous_4)
FN:92,(anonymous_5)
FN:106,(anonymous_6)
FN:138,acceptParams
FN:162,(anonymous_8)
FN:196,compileQueryParser
FN:231,(anonymous_10)
FN:236,(anonymous_11)
FN:241,(anonymous_12)
FN:261,(anonymous_13)
FN:281,newObject
FNF:14
FNH:14
FNDA:5,(anonymous_1)
FNDA:269,wetag
FNDA:34,(anonymous_3)
FNDA:8379,(anonymous_4)
FNDA:77,(anonymous_5)
FNDA:5,(anonymous_6)
FNDA:16,acceptParams
FNDA:587,(anonymous_8)
FNDA:580,compileQueryParser
FNDA:594,(anonymous_10)
FNDA:15,(anonymous_11)
FNDA:6,(anonymous_12)
FNDA:291,(anonymous_13)
FNDA:1,newObject
DA:5,1
DA:6,1
DA:7,1
DA:8,1
DA:9,1
DA:10,1
DA:11,1
DA:12,1
DA:13,1
DA:24,1
DA:25,5
DA:29,5
DA:41,1
DA:42,269
DA:46,269
DA:57,1
DA:58,34
DA:59,5
DA:60,4
DA:71,1
DA:72,8379
DA:73,8379
DA:74,8379
DA:75,8422
DA:76,18
DA:78,8404
DA:81,8379
DA:92,1
DA:93,77
DA:106,1
DA:107,5
DA:109,5
DA:110,15
DA:113,5
DA:125,1
DA:138,1
DA:139,16
DA:140,16
DA:142,16
DA:143,9
DA:144,9
DA:145,3
DA:147,6
DA:151,16
DA:162,1
DA:163,587
DA:165,587
DA:166,3
DA:169,584
DA:171,5
DA:172,5
DA:174,2
DA:176,1
DA:177,1
DA:179,575
DA:180,575
DA:182,1
DA:185,583
DA:196,1
DA:197,580
DA:199,580
DA:200,1
DA:203,579
DA:205,1
DA:206,1
DA:208,1
DA:209,1
DA:211,575
DA:212,575
DA:214,1
DA:215,1
DA:217,1
DA:220,578
DA:231,1
DA:232,594
DA:234,593
DA:236,15
DA:239,579
DA:241,6
DA:244,577
DA:246,3
DA:249,577
DA:261,1
DA:262,291
DA:265,291
DA:268,291
DA:271,291
DA:281,1
DA:282,1
LF:89
LH:89
BRDA:25,1,0,3
BRDA:25,1,1,2
BRDA:42,2,0,3
BRDA:42,2,1,266
BRDA:58,3,0,29
BRDA:58,3,1,5
BRDA:59,4,0,1
BRDA:59,4,1,4
BRDA:59,5,0,5
BRDA:59,5,1,1
BRDA:60,6,0,1
BRDA:60,6,1,3
BRDA:72,7,0,8379
BRDA:72,7,1,8361
BRDA:75,8,0,18
BRDA:75,8,1,8404
BRDA:93,9,0,16
BRDA:93,9,1,61
BRDA:144,10,0,3
BRDA:144,10,1,6
BRDA:165,11,0,3
BRDA:165,11,1,584
BRDA:169,12,0,5
BRDA:169,12,1,2
BRDA:169,12,2,1
BRDA:169,12,3,575
BRDA:169,12,4,1
BRDA:199,13,0,1
BRDA:199,13,1,579
BRDA:203,14,0,1
BRDA:203,14,1,1
BRDA:203,14,2,575
BRDA:203,14,3,1
BRDA:203,14,4,1
BRDA:232,15,0,1
BRDA:232,15,1,593
BRDA:234,16,0,14
BRDA:234,16,1,579
BRDA:239,17,0,2
BRDA:239,17,1,577
BRDA:244,18,0,3
BRDA:244,18,1,574
BRDA:249,19,0,577
BRDA:249,19,1,574
BRDA:262,20,0,0
BRDA:262,20,1,291
BRDA:262,21,0,291
BRDA:262,21,1,291
BRF:48
BRH:47
end_of_record
TN:
SF:/Users/walter/dev/school/metrics/express/lib/router/index.js
FN:31,(anonymous_1)
FN:34,router
FN:85,param
FN:125,(anonymous_4)
FN:156,(anonymous_5)
FN:168,next
FN:261,(anonymous_7)
FN:274,trim_prefix
FN:313,(anonymous_9)
FN:334,param
FN:378,paramCallback
FN:418,use
FN:444,(anonymous_13)
FN:479,(anonymous_14)
FN:495,(anonymous_15)
FN:496,(anonymous_16)
FN:504,appendMethods
FN:514,getPathname
FN:523,gettype
FN:543,matchLayer
FN:552,mergeParams
FN:588,restore
FN:597,(anonymous_23)
FN:608,sendOptionsResponse
FN:619,wrap
FN:620,proxy
FNF:26
FNH:26
FNDA:569,(anonymous_1)
FNDA:36,router
FNDA:26,param
FNDA:741,(anonymous_4)
FNDA:7,(anonymous_5)
FNDA:2439,next
FNDA:2339,(anonymous_7)
FNDA:2046,trim_prefix
FNDA:2339,(anonymous_9)
FNDA:281,param
FNDA:57,paramCallback
FNDA:1503,use
FNDA:1504,(anonymous_13)
FNDA:6266,(anonymous_14)
FNDA:27,(anonymous_15)
FNDA:6027,(anonymous_16)
FNDA:9,appendMethods
FNDA:2391,getPathname
FNDA:8,gettype
FNDA:8632,matchLayer
FNDA:5,mergeParams
FNDA:741,restore
FNDA:96,(anonymous_23)
FNDA:5,sendOptionsResponse
FNDA:11,wrap
FNDA:7,proxy
DA:6,1
DA:7,1
DA:8,1
DA:9,1
DA:10,1
DA:11,1
DA:12,1
DA:13,1
DA:19,1
DA:20,1
DA:21,1
DA:31,1
DA:32,569
DA:34,1
DA:35,36
DA:39,569
DA:41,569
DA:42,569
DA:43,569
DA:44,569
DA:45,569
DA:46,569
DA:48,569
DA:85,1
DA:87,26
DA:88,1
DA:89,1
DA:90,1
DA:94,25
DA:95,25
DA:96,25
DA:98,25
DA:99,2
DA:100,2
DA:103,25
DA:104,1
DA:105,1
DA:111,25
DA:112,1
DA:115,24
DA:116,24
DA:125,1
DA:126,741
DA:128,741
DA:130,741
DA:131,741
DA:132,741
DA:133,741
DA:134,741
DA:135,741
DA:136,741
DA:137,741
DA:141,741
DA:144,741
DA:147,741
DA:148,741
DA:149,741
DA:152,741
DA:155,741
DA:156,11
DA:157,7
DA:158,5
DA:163,741
DA:164,741
DA:166,741
DA:168,1
DA:169,2439
DA:174,2439
DA:175,17
DA:176,17
DA:180,2439
DA:181,47
DA:182,47
DA:183,47
DA:187,2439
DA:188,48
DA:189,48
DA:193,2391
DA:195,2391
DA:196,1
DA:200,2390
DA:201,2390
DA:202,2390
DA:204,2390
DA:205,8632
DA:206,8632
DA:207,8632
DA:209,8632
DA:211,1
DA:214,8632
DA:215,6254
DA:218,2378
DA:220,2046
DA:223,332
DA:225,9
DA:226,9
DA:229,323
DA:230,323
DA:233,323
DA:234,9
DA:238,323
DA:239,30
DA:240,30
DA:245,2390
DA:246,51
DA:250,2339
DA:251,293
DA:255,2339
DA:258,2339
DA:261,2339
DA:262,2339
DA:263,8
DA:266,2331
DA:267,285
DA:270,2046
DA:274,1
DA:275,2046
DA:276,2046
DA:280,2046
DA:281,86
DA:282,86
DA:283,86
DA:286,86
DA:287,38
DA:288,38
DA:292,86
DA:297,2046
DA:299,2046
DA:300,40
DA:302,2006
DA:313,1
DA:314,2339
DA:317,2339
DA:320,2339
DA:321,2211
DA:324,128
DA:325,128
DA:326,128
DA:327,128
DA:328,128
DA:329,128
DA:330,128
DA:334,1
DA:335,281
DA:336,8
DA:339,273
DA:340,120
DA:343,153
DA:344,153
DA:346,153
DA:347,0
DA:350,153
DA:351,153
DA:352,153
DA:353,153
DA:355,153
DA:356,119
DA:360,34
DA:362,6
DA:365,6
DA:368,28
DA:374,28
DA:378,1
DA:379,57
DA:382,57
DA:384,57
DA:386,7
DA:387,7
DA:388,7
DA:391,50
DA:393,29
DA:394,29
DA:396,2
DA:400,128
DA:418,1
DA:419,1503
DA:420,1503
DA:424,1503
DA:425,465
DA:427,465
DA:428,5
DA:432,465
DA:433,464
DA:434,464
DA:438,1503
DA:440,1503
DA:441,1
DA:444,1502
DA:445,1504
DA:446,8
DA:450,1496
DA:452,1496
DA:458,1496
DA:460,1496
DA:463,1494
DA:479,1
DA:480,6266
DA:482,6266
DA:488,6266
DA:490,6266
DA:491,6266
DA:495,1
DA:496,27
DA:497,6027
DA:498,6027
DA:499,6027
DA:504,1
DA:505,9
DA:506,15
DA:507,15
DA:508,13
DA:514,1
DA:515,2391
DA:516,2391
DA:518,0
DA:523,1
DA:524,8
DA:526,8
DA:527,4
DA:531,4
DA:543,1
DA:544,8632
DA:545,8632
DA:547,1
DA:552,1
DA:553,5
DA:554,1
DA:558,4
DA:561,4
DA:562,2
DA:565,2
DA:566,2
DA:569,2
DA:570,4
DA:571,4
DA:575,2
DA:576,3
DA:579,3
DA:580,2
DA:584,2
DA:588,1
DA:589,741
DA:590,741
DA:592,741
DA:593,2223
DA:594,2223
DA:597,741
DA:599,96
DA:600,288
DA:603,96
DA:608,1
DA:609,5
DA:610,5
DA:611,5
DA:612,4
DA:614,1
DA:619,1
DA:620,11
DA:621,7
DA:623,7
DA:624,7
DA:625,7
DA:628,7
LF:263
LH:261
BRDA:32,1,0,569
BRDA:32,1,1,52
BRDA:87,2,0,1
BRDA:87,2,1,25
BRDA:98,3,0,2
BRDA:98,3,1,23
BRDA:104,4,0,1
BRDA:104,4,1,0
BRDA:111,5,0,1
BRDA:111,5,1,24
BRDA:115,6,0,24
BRDA:115,6,1,23
BRDA:131,7,0,57
BRDA:131,7,1,684
BRDA:132,8,0,741
BRDA:132,8,1,5
BRDA:133,9,0,4
BRDA:133,9,1,737
BRDA:148,10,0,741
BRDA:148,10,1,710
BRDA:155,11,0,11
BRDA:155,11,1,730
BRDA:157,12,0,2
BRDA:157,12,1,5
BRDA:157,13,0,7
BRDA:157,13,1,7
BRDA:164,14,0,741
BRDA:164,14,1,654
BRDA:169,15,0,4
BRDA:169,15,1,2435
BRDA:174,16,0,17
BRDA:174,16,1,2422
BRDA:180,17,0,47
BRDA:180,17,1,2392
BRDA:187,18,0,48
BRDA:187,18,1,2391
BRDA:195,19,0,1
BRDA:195,19,1,2390
BRDA:204,20,0,11022
BRDA:204,20,1,8683
BRDA:209,21,0,1
BRDA:209,21,1,8631
BRDA:211,22,0,1
BRDA:211,22,1,1
BRDA:214,23,0,6254
BRDA:214,23,1,2378
BRDA:218,24,0,2046
BRDA:218,24,1,332
BRDA:223,25,0,9
BRDA:223,25,1,323
BRDA:233,26,0,9
BRDA:233,26,1,314
BRDA:233,27,0,323
BRDA:233,27,1,30
BRDA:238,28,0,30
BRDA:238,28,1,293
BRDA:238,29,0,323
BRDA:238,29,1,30
BRDA:245,30,0,51
BRDA:245,30,1,2339
BRDA:250,31,0,293
BRDA:250,31,1,2046
BRDA:255,32,0,5
BRDA:255,32,1,2334
BRDA:262,33,0,8
BRDA:262,33,1,2331
BRDA:263,34,0,8
BRDA:263,34,1,8
BRDA:266,35,0,285
BRDA:266,35,1,2046
BRDA:276,36,0,0
BRDA:276,36,1,2046
BRDA:276,37,0,2046
BRDA:276,37,1,2008
BRDA:276,37,2,0
BRDA:280,38,0,86
BRDA:280,38,1,1960
BRDA:286,39,0,38
BRDA:286,39,1,48
BRDA:286,40,0,86
BRDA:286,40,1,82
BRDA:292,41,0,4
BRDA:292,41,1,82
BRDA:299,42,0,40
BRDA:299,42,1,2006
BRDA:320,43,0,2211
BRDA:320,43,1,128
BRDA:320,44,0,2339
BRDA:320,44,1,2339
BRDA:335,45,0,8
BRDA:335,45,1,273
BRDA:339,46,0,120
BRDA:339,46,1,153
BRDA:346,47,0,0
BRDA:346,47,1,153
BRDA:355,48,0,119
BRDA:355,48,1,34
BRDA:355,49,0,153
BRDA:355,49,1,144
BRDA:360,50,0,6
BRDA:360,50,1,28
BRDA:360,51,0,34
BRDA:360,51,1,8
BRDA:360,51,2,7
BRDA:384,52,0,7
BRDA:384,52,1,50
BRDA:391,53,0,21
BRDA:391,53,1,29
BRDA:424,54,0,465
BRDA:424,54,1,1038
BRDA:427,55,0,470
BRDA:427,55,1,5
BRDA:432,56,0,464
BRDA:432,56,1,1
BRDA:440,57,0,1
BRDA:440,57,1,1502
BRDA:445,58,0,8
BRDA:445,58,1,1496
BRDA:450,59,0,1496
BRDA:450,59,1,375
BRDA:507,60,0,13
BRDA:507,60,1,2
BRDA:526,61,0,4
BRDA:526,61,1,4
BRDA:553,62,0,1
BRDA:553,62,1,4
BRDA:553,63,0,5
BRDA:553,63,1,4
BRDA:561,64,0,2
BRDA:561,64,1,2
BRDA:561,65,0,4
BRDA:561,65,1,2
BRDA:569,66,0,6
BRDA:569,66,1,2
BRDA:570,67,0,3
BRDA:570,67,1,1
BRDA:571,68,0,3
BRDA:571,68,1,1
BRDA:579,69,0,2
BRDA:579,69,1,1
BRF:140
BRH:136
end_of_record
TN:
SF:/Users/walter/dev/school/metrics/express/lib/router/route.js
FN:23,Route
FN:36,_handles_method
FN:55,_options
FN:77,(anonymous_4)
FN:93,next
FN:143,(anonymous_6)
FN:145,(anonymous_7)
FN:162,(anonymous_8)
FN:163,(anonymous_9)
FN:166,(anonymous_10)
FNF:10
FNH:10
FNDA:6277,Route
FNDA:323,_handles_method
FNDA:9,_options
FNDA:321,(anonymous_4)
FNDA:745,next
FNDA:20,(anonymous_6)
FNDA:20,(anonymous_7)
FNDA:26,(anonymous_8)
FNDA:6420,(anonymous_9)
FNDA:6438,(anonymous_10)
DA:5,1
DA:6,1
DA:7,1
DA:8,1
DA:14,1
DA:23,1
DA:24,6277
DA:25,6277
DA:26,6277
DA:29,6277
DA:36,1
DA:37,323
DA:38,27
DA:41,296
DA:43,296
DA:44,1
DA:47,296
DA:55,1
DA:56,9
DA:59,9
DA:60,6
DA:63,9
DA:65,15
DA:68,9
DA:77,1
DA:78,321
DA:79,321
DA:80,321
DA:81,0
DA:84,321
DA:85,321
DA:86,3
DA:89,321
DA:91,321
DA:93,1
DA:94,745
DA:95,3
DA:98,742
DA:99,742
DA:100,84
DA:103,658
DA:104,305
DA:107,353
DA:108,11
DA:110,342
DA:143,1
DA:144,20
DA:145,20
DA:146,20
DA:147,3
DA:148,3
DA:149,3
DA:152,17
DA:153,17
DA:155,17
DA:156,17
DA:159,17
DA:162,1
DA:163,26
DA:164,6420
DA:166,6420
DA:167,6438
DA:168,26
DA:169,26
DA:170,26
DA:173,6412
DA:175,6412
DA:176,6412
DA:178,6412
DA:179,6412
DA:181,6394
LF:71
LH:70
BRDA:37,1,0,27
BRDA:37,1,1,296
BRDA:43,2,0,1
BRDA:43,2,1,295
BRDA:43,3,0,296
BRDA:43,3,1,3
BRDA:59,4,0,6
BRDA:59,4,1,3
BRDA:59,5,0,9
BRDA:59,5,1,6
BRDA:80,6,0,0
BRDA:80,6,1,321
BRDA:85,7,0,3
BRDA:85,7,1,318
BRDA:85,8,0,321
BRDA:85,8,1,5
BRDA:94,9,0,3
BRDA:94,9,1,742
BRDA:94,10,0,745
BRDA:94,10,1,82
BRDA:99,11,0,84
BRDA:99,11,1,658
BRDA:103,12,0,305
BRDA:103,12,1,353
BRDA:103,13,0,658
BRDA:103,13,1,593
BRDA:107,14,0,11
BRDA:107,14,1,342
BRDA:146,15,0,3
BRDA:146,15,1,17
BRDA:167,16,0,26
BRDA:167,16,1,6412
BRF:32
BRH:31
end_of_record
TN:
SF:/Users/walter/dev/school/metrics/express/lib/router/layer.js
FN:20,Layer
FN:49,handle_error
FN:73,handle
FN:97,match
FN:154,decode_param
FNF:5
FNH:5
FNDA:20620,Layer
FNDA:51,handle_error
FNDA:2633,handle
FNDA:8632,match
FNDA:192,decode_param
DA:5,1
DA:6,1
DA:12,1
DA:18,1
DA:20,1
DA:21,20620
DA:22,6429
DA:25,14191
DA:26,14191
DA:28,14191
DA:29,14191
DA:30,14191
DA:31,14191
DA:32,14191
DA:34,14191
DA:35,1424
DA:49,1
DA:50,51
DA:52,51
DA:54,15
DA:57,36
DA:58,36
DA:60,2
DA:73,1
DA:74,2633
DA:76,2633
DA:78,6
DA:81,2627
DA:82,2627
DA:84,11
DA:97,1
DA:98,8632
DA:100,0
DA:101,0
DA:102,0
DA:105,8632
DA:107,1960
DA:108,1960
DA:109,1960
DA:112,6672
DA:114,6672
DA:115,6253
DA:116,6253
DA:117,6253
DA:121,419
DA:122,419
DA:124,419
DA:125,419
DA:126,419
DA:127,419
DA:128,419
DA:129,419
DA:131,419
DA:132,192
DA:133,192
DA:136,192
DA:138,191
DA:139,190
DA:143,418
DA:154,1
DA:155,192
DA:156,11
DA:159,181
DA:160,181
DA:162,1
DA:163,1
DA:164,1
LF:67
LH:64
BRDA:21,1,0,6429
BRDA:21,1,1,14191
BRDA:26,2,0,14191
BRDA:26,2,1,0
BRDA:29,3,0,14191
BRDA:29,3,1,13062
BRDA:34,4,0,1424
BRDA:34,4,1,12767
BRDA:34,5,0,14191
BRDA:34,5,1,7920
BRDA:52,6,0,15
BRDA:52,6,1,36
BRDA:76,7,0,6
BRDA:76,7,1,2627
BRDA:98,8,0,0
BRDA:98,8,1,8632
BRDA:105,9,0,1960
BRDA:105,9,1,6672
BRDA:114,10,0,6253
BRDA:114,10,1,419
BRDA:133,11,0,169
BRDA:133,11,1,23
BRDA:138,12,0,190
BRDA:138,12,1,1
BRDA:138,13,0,191
BRDA:138,13,1,11
BRDA:155,14,0,11
BRDA:155,14,1,181
BRF:28
BRH:26
end_of_record
TN:
SF:/Users/walter/dev/school/metrics/express/lib/middleware/init.js
FN:11,(anonymous_1)
FN:12,expressInit
FNF:2
FNH:2
FNDA:512,(anonymous_1)
FNDA:657,expressInit
DA:11,1
DA:12,512
DA:13,657
DA:14,657
DA:15,657
DA:16,657
DA:18,657
DA:19,657
DA:21,657
DA:23,657
LF:10
LH:10
BRDA:13,1,0,657
BRDA:13,1,1,0
BRDA:21,2,0,657
BRDA:21,2,1,606
BRF:4
BRH:3
end_of_record
TN:
SF:/Users/walter/dev/school/metrics/express/lib/middleware/query.js
FN:14,query
FN:22,query
FNF:2
FNH:2
FNDA:512,query
FNDA:657,query
DA:5,1
DA:6,1
DA:14,1
DA:15,512
DA:17,512
DA:18,512
DA:19,512
DA:22,512
DA:23,657
DA:24,606
DA:25,606
DA:28,657
LF:12
LH:12
BRDA:17,1,0,512
BRDA:17,1,1,0
BRDA:23,2,0,606
BRDA:23,2,1,51
BRF:4
BRH:3
end_of_record
TN:
SF:/Users/walter/dev/school/metrics/express/lib/view.js
FN:41,View
FN:62,lookup
FN:91,render
FN:104,resolve
FN:134,tryStat
FNF:5
FNH:5
FNDA:70,View
FNDA:70,lookup
FNDA:67,render
FNDA:73,resolve
FNDA:83,tryStat
DA:5,1
DA:6,1
DA:7,1
DA:8,1
DA:15,1
DA:16,1
DA:17,1
DA:18,1
DA:19,1
DA:25,1
DA:41,1
DA:42,70
DA:43,70
DA:44,70
DA:45,70
DA:46,70
DA:47,70
DA:48,70
DA:49,70
DA:50,70
DA:51,70
DA:62,1
DA:63,70
DA:64,70
DA:66,70
DA:68,70
DA:69,73
DA:72,73
DA:73,73
DA:74,73
DA:77,73
DA:80,70
DA:91,1
DA:92,67
DA:93,67
DA:104,1
DA:105,73
DA:106,73
DA:107,73
DA:110,73
DA:111,73
DA:113,73
DA:114,63
DA:118,10
DA:119,10
DA:121,10
DA:122,4
DA:134,1
DA:135,83
DA:137,83
DA:138,83
DA:140,16
LF:52
LH:52
BRDA:42,1,0,70
BRDA:42,1,1,0
BRDA:48,2,0,0
BRDA:48,2,1,70
BRDA:48,3,0,70
BRDA:48,3,1,39
BRDA:49,4,0,39
BRDA:49,4,1,31
BRDA:49,5,0,38
BRDA:49,5,1,1
BRDA:50,6,0,70
BRDA:50,6,1,6
BRDA:68,7,0,143
BRDA:68,7,1,75
BRDA:113,8,0,63
BRDA:113,8,1,10
BRDA:113,9,0,73
BRDA:113,9,1,63
BRDA:121,10,0,4
BRDA:121,10,1,6
BRDA:121,11,0,10
BRDA:121,11,1,4
BRF:22
BRH:20
end_of_record
TN:
SF:/Users/walter/dev/school/metrics/express/lib/request.js
FN:48,(anonymous_1)
FN:105,(anonymous_2)
FN:118,(anonymous_3)
FN:135,(anonymous_4)
FN:152,(anonymous_5)
FN:180,(anonymous_6)
FN:203,param
FN:246,(anonymous_8)
FN:265,protocol
FN:290,secure
FN:304,ip
FN:321,ips
FN:342,subdomains
FN:362,path
FN:377,hostname
FN:400,host
FN:413,(anonymous_17)
FN:437,stale
FN:448,xhr
FN:461,defineGetter
FNF:20
FNH:20
FNDA:77,(anonymous_1)
FNDA:83,(anonymous_2)
FNDA:6,(anonymous_3)
FNDA:6,(anonymous_4)
FNDA:12,(anonymous_5)
FNDA:4,(anonymous_6)
FNDA:5,param
FNDA:14,(anonymous_8)
FNDA:11,protocol
FNDA:5,secure
FNDA:4,ip
FNDA:4,ips
FNDA:11,subdomains
FNDA:3,path
FNDA:29,hostname
FNDA:9,host
FNDA:305,(anonymous_17)
FNDA:3,stale
FNDA:4,xhr
FNDA:11,defineGetter
DA:5,1
DA:6,1
DA:7,1
DA:8,1
DA:9,1
DA:10,1
DA:11,1
DA:12,1
DA:13,1
DA:19,1
DA:47,1
DA:49,77
DA:52,10
DA:55,67
DA:105,1
DA:106,83
DA:107,83
DA:118,1
DA:119,6
DA:120,6
DA:123,1
DA:135,1
DA:136,6
DA:137,6
DA:140,1
DA:152,1
DA:153,12
DA:154,12
DA:157,1
DA:180,1
DA:181,4
DA:182,4
DA:183,3
DA:203,1
DA:204,5
DA:205,5
DA:206,5
DA:208,5
DA:211,5
DA:213,5
DA:214,4
DA:215,3
DA:217,2
DA:246,1
DA:247,14
DA:248,14
DA:265,1
DA:266,11
DA:269,11
DA:271,11
DA:272,5
DA:277,6
DA:278,6
DA:290,1
DA:291,5
DA:304,1
DA:305,4
DA:306,4
DA:321,1
DA:322,4
DA:323,4
DA:324,4
DA:342,1
DA:343,11
DA:345,11
DA:347,10
DA:348,10
DA:352,10
DA:362,1
DA:363,3
DA:377,1
DA:378,29
DA:379,29
DA:381,29
DA:382,26
DA:385,29
DA:388,26
DA:391,26
DA:393,26
DA:400,1
DA:401,9
DA:413,1
DA:414,305
DA:415,305
DA:418,305
DA:421,286
DA:422,257
DA:425,29
DA:437,1
DA:438,3
DA:448,1
DA:449,4
DA:450,4
DA:461,1
DA:462,11
LF:95
LH:95
BRDA:49,1,0,1
BRDA:49,1,1,10
BRDA:49,1,2,67
BRDA:52,2,0,10
BRDA:52,2,1,9
BRDA:182,3,0,1
BRDA:182,3,1,3
BRDA:204,4,0,5
BRDA:204,4,1,0
BRDA:205,5,0,5
BRDA:205,5,1,4
BRDA:206,6,0,5
BRDA:206,6,1,0
BRDA:208,7,0,4
BRDA:208,7,1,1
BRDA:213,8,0,1
BRDA:213,8,1,4
BRDA:213,9,0,5
BRDA:213,9,1,1
BRDA:214,10,0,1
BRDA:214,10,1,3
BRDA:215,11,0,1
BRDA:215,11,1,2
BRDA:247,12,0,14
BRDA:247,12,1,0
BRDA:266,13,0,1
BRDA:266,13,1,10
BRDA:271,14,0,5
BRDA:271,14,1,6
BRDA:277,15,0,6
BRDA:277,15,1,2
BRDA:345,16,0,1
BRDA:345,16,1,10
BRDA:348,17,0,8
BRDA:348,17,1,2
BRDA:381,18,0,26
BRDA:381,18,1,3
BRDA:381,19,0,29
BRDA:381,19,1,7
BRDA:385,20,0,3
BRDA:385,20,1,26
BRDA:388,21,0,6
BRDA:388,21,1,20
BRDA:393,22,0,5
BRDA:393,22,1,21
BRDA:418,23,0,19
BRDA:418,23,1,286
BRDA:418,24,0,305
BRDA:418,24,1,21
BRDA:421,25,0,257
BRDA:421,25,1,29
BRDA:421,26,0,286
BRDA:421,26,1,286
BRDA:421,26,2,30
BRDA:422,27,0,257
BRDA:422,27,1,2
BRDA:449,28,0,4
BRDA:449,28,1,1
BRF:58
BRH:55
end_of_record
TN:
SF:/Users/walter/dev/school/metrics/express/lib/response.js
FN:41,(anonymous_1)
FN:61,(anonymous_2)
FN:64,(anonymous_3)
FN:82,send
FN:208,json
FN:250,jsonp
FN:321,sendStatus
FN:371,sendFile
FN:397,(anonymous_9)
FN:449,(anonymous_10)
FN:466,(anonymous_11)
FN:493,download
FN:531,(anonymous_13)
FN:594,(anonymous_14)
FN:614,(anonymous_15)
FN:629,attachment
FN:654,append
FN:687,header
FN:712,(anonymous_19)
FN:725,(anonymous_20)
FN:756,(anonymous_21)
FN:802,(anonymous_22)
FN:831,redirect
FN:853,(anonymous_24)
FN:857,(anonymous_25)
FN:862,(anonymous_26)
FN:887,(anonymous_27)
FN:912,(anonymous_28)
FN:927,(anonymous_29)
FN:937,sendfile
FN:942,onaborted
FN:952,ondirectory
FN:962,onerror
FN:969,onend
FN:976,onfile
FN:981,onfinish
FN:985,(anonymous_37)
FN:998,onstream
FN:1011,headers
FNF:39
FNH:39
FNDA:25,(anonymous_1)
FNDA:3,(anonymous_2)
FNDA:5,(anonymous_3)
FNDA:364,send
FNDA:79,json
FNDA:23,jsonp
FNDA:2,sendStatus
FNDA:32,sendFile
FNDA:30,(anonymous_9)
FNDA:28,(anonymous_10)
FNDA:28,(anonymous_11)
FNDA:8,download
FNDA:179,(anonymous_13)
FNDA:69,(anonymous_14)
FNDA:15,(anonymous_15)
FNDA:5,attachment
FNDA:7,append
FNDA:1351,header
FNDA:1036,(anonymous_19)
FNDA:3,(anonymous_20)
FNDA:19,(anonymous_21)
FNDA:33,(anonymous_22)
FNDA:32,redirect
FNDA:28,(anonymous_24)
FNDA:3,(anonymous_25)
FNDA:1,(anonymous_26)
FNDA:78,(anonymous_27)
FNDA:51,(anonymous_28)
FNDA:48,(anonymous_29)
FNDA:58,sendfile
FNDA:6,onaborted
FNDA:2,ondirectory
FNDA:16,onerror
FNDA:29,onend
FNDA:41,onfile
FNDA:57,onfinish
FNDA:40,(anonymous_37)
FNDA:36,onstream
FNDA:7,headers
DA:5,1
DA:6,1
DA:7,1
DA:8,1
DA:9,1
DA:10,1
DA:11,1
DA:12,1
DA:13,1
DA:14,1
DA:15,1
DA:16,1
DA:17,1
DA:18,1
DA:19,1
DA:20,1
DA:21,1
DA:22,1
DA:23,1
DA:29,1
DA:41,1
DA:42,25
DA:43,25
DA:61,1
DA:62,3
DA:63,3
DA:64,3
DA:65,5
DA:82,1
DA:83,364
DA:84,364
DA:85,364
DA:86,364
DA:87,364
DA:90,364
DA:93,364
DA:95,8
DA:96,1
DA:97,1
DA:99,7
DA:100,7
DA:101,7
DA:106,364
DA:108,4
DA:109,4
DA:112,4
DA:113,4
DA:114,4
DA:117,364
DA:120,291
DA:121,157
DA:123,291
DA:127,71
DA:128,1
DA:129,70
DA:130,5
DA:131,2
DA:134,65
DA:136,6
DA:140,299
DA:141,292
DA:142,292
DA:145,292
DA:146,291
DA:151,299
DA:152,297
DA:154,292
DA:155,292
DA:158,297
DA:159,297
DA:163,299
DA:166,299
DA:167,278
DA:168,278
DA:169,268
DA:170,268
DA:175,299
DA:178,299
DA:179,7
DA:180,7
DA:181,7
DA:182,7
DA:185,299
DA:187,2
DA:190,297
DA:193,299
DA:208,1
DA:209,79
DA:212,79
DA:214,3
DA:215,2
DA:216,2
DA:218,1
DA:219,1
DA:220,1
DA:225,79
DA:226,79
DA:227,79
DA:228,79
DA:231,79
DA:232,66
DA:235,79
DA:250,1
DA:251,23
DA:254,23
DA:256,3
DA:257,2
DA:258,2
DA:260,1
DA:261,1
DA:262,1
DA:267,23
DA:268,23
DA:269,23
DA:270,23
DA:271,23
DA:274,23
DA:275,20
DA:276,20
DA:280,23
DA:281,1
DA:285,23
DA:286,8
DA:287,8
DA:288,8
DA:291,8
DA:294,8
DA:300,8
DA:303,23
DA:321,1
DA:322,2
DA:324,2
DA:325,2
DA:327,2
DA:371,1
DA:372,32
DA:373,32
DA:374,32
DA:376,32
DA:377,1
DA:381,31
DA:382,7
DA:383,7
DA:386,31
DA:388,31
DA:389,1
DA:393,30
DA:394,30
DA:397,30
DA:398,30
DA:399,17
DA:402,16
DA:403,4
DA:449,1
DA:450,28
DA:451,28
DA:452,28
DA:455,28
DA:456,9
DA:457,9
DA:460,28
DA:463,28
DA:466,28
DA:467,28
DA:468,19
DA:471,18
DA:472,5
DA:477,1
DA:493,1
DA:495,8
DA:496,5
DA:497,5
DA:500,8
DA:503,8
DA:508,8
DA:510,8
DA:530,1
DA:532,179
DA:594,1
DA:595,69
DA:596,69
DA:598,69
DA:599,69
DA:600,69
DA:602,69
DA:604,69
DA:606,69
DA:607,62
DA:608,62
DA:609,7
DA:610,2
DA:612,5
DA:613,5
DA:614,15
DA:615,5
DA:618,69
DA:629,1
DA:630,5
DA:631,4
DA:634,5
DA:636,5
DA:654,1
DA:655,7
DA:656,7
DA:658,7
DA:660,4
DA:665,7
DA:686,1
DA:688,1351
DA:689,1349
DA:690,1340
DA:691,1349
DA:692,337
DA:693,337
DA:695,1349
DA:697,2
DA:698,3
DA:701,1350
DA:712,1
DA:713,1036
DA:725,1
DA:726,3
DA:727,3
DA:756,1
DA:757,19
DA:758,19
DA:759,19
DA:760,19
DA:761,19
DA:762,19
DA:763,19
DA:764,19
DA:765,6
DA:766,6
DA:768,19
DA:769,19
DA:772,19
DA:773,19
DA:774,2
DA:775,1
DA:777,1
DA:780,19
DA:781,19
DA:802,1
DA:803,33
DA:806,33
DA:809,33
DA:810,33
DA:831,1
DA:832,32
DA:833,32
DA:834,32
DA:837,32
DA:838,4
DA:839,3
DA:840,3
DA:842,1
DA:843,1
DA:848,32
DA:849,32
DA:852,32
DA:854,28
DA:858,3
DA:859,3
DA:863,1
DA:868,32
DA:869,32
DA:871,32
DA:872,1
DA:874,31
DA:887,1
DA:889,78
DA:890,2
DA:891,2
DA:894,76
DA:896,76
DA:912,1
DA:913,51
DA:914,51
DA:915,51
DA:916,51
DA:919,51
DA:920,2
DA:924,51
DA:927,51
DA:928,48
DA:929,46
DA:933,51
DA:937,1
DA:938,58
DA:939,58
DA:942,1
DA:943,6
DA:944,6
DA:946,6
DA:947,6
DA:948,6
DA:952,1
DA:953,2
DA:954,2
DA:956,2
DA:957,2
DA:958,2
DA:962,1
DA:963,16
DA:964,16
DA:965,16
DA:969,1
DA:970,29
DA:971,29
DA:972,29
DA:976,1
DA:977,41
DA:981,1
DA:982,57
DA:983,56
DA:985,40
DA:986,40
DA:987,6
DA:988,6
DA:991,34
DA:992,5
DA:993,5
DA:998,1
DA:999,36
DA:1002,58
DA:1003,58
DA:1004,58
DA:1005,58
DA:1006,58
DA:1007,58
DA:1009,58
DA:1011,12
DA:1012,7
DA:1013,7
DA:1015,7
DA:1016,9
DA:1017,9
DA:1023,58
LF:339
LH:339
BRDA:62,1,0,3
BRDA:62,1,1,2
BRDA:63,2,0,1
BRDA:63,2,1,2
BRDA:93,3,0,8
BRDA:93,3,1,356
BRDA:95,4,0,1
BRDA:95,4,1,7
BRDA:95,5,0,8
BRDA:95,5,1,1
BRDA:106,6,0,4
BRDA:106,6,1,360
BRDA:106,7,0,364
BRDA:106,7,1,5
BRDA:108,8,0,4
BRDA:108,8,1,0
BRDA:117,9,0,291
BRDA:117,9,1,6
BRDA:117,9,2,7
BRDA:117,9,3,71
BRDA:120,10,0,157
BRDA:120,10,1,134
BRDA:127,11,0,1
BRDA:127,11,1,70
BRDA:129,12,0,5
BRDA:129,12,1,65
BRDA:130,13,0,2
BRDA:130,13,1,3
BRDA:140,14,0,292
BRDA:140,14,1,7
BRDA:145,15,0,291
BRDA:145,15,1,1
BRDA:151,16,0,297
BRDA:151,16,1,2
BRDA:152,17,0,292
BRDA:152,17,1,5
BRDA:166,18,0,278
BRDA:166,18,1,21
BRDA:166,19,0,299
BRDA:166,19,1,297
BRDA:166,19,2,295
BRDA:168,20,0,268
BRDA:168,20,1,10
BRDA:168,21,0,278
BRDA:168,21,1,276
BRDA:170,22,0,268
BRDA:170,22,1,267
BRDA:175,23,0,4
BRDA:175,23,1,295
BRDA:178,24,0,7
BRDA:178,24,1,292
BRDA:178,25,0,299
BRDA:178,25,1,297
BRDA:185,26,0,2
BRDA:185,26,1,297
BRDA:212,27,0,3
BRDA:212,27,1,76
BRDA:214,28,0,2
BRDA:214,28,1,1
BRDA:231,29,0,66
BRDA:231,29,1,13
BRDA:254,30,0,3
BRDA:254,30,1,20
BRDA:256,31,0,2
BRDA:256,31,1,1
BRDA:274,32,0,20
BRDA:274,32,1,3
BRDA:280,33,0,1
BRDA:280,33,1,22
BRDA:285,34,0,8
BRDA:285,34,1,15
BRDA:285,35,0,23
BRDA:285,35,1,8
BRDA:322,36,0,2
BRDA:322,36,1,1
BRDA:376,37,0,1
BRDA:376,37,1,31
BRDA:381,38,0,7
BRDA:381,38,1,24
BRDA:386,39,0,31
BRDA:386,39,1,11
BRDA:388,40,0,1
BRDA:388,40,1,30
BRDA:388,41,0,31
BRDA:388,41,1,29
BRDA:398,42,0,13
BRDA:398,42,1,17
BRDA:399,43,0,1
BRDA:399,43,1,16
BRDA:399,44,0,17
BRDA:399,44,1,6
BRDA:402,45,0,4
BRDA:402,45,1,12
BRDA:402,46,0,16
BRDA:402,46,1,5
BRDA:402,46,2,4
BRDA:455,47,0,9
BRDA:455,47,1,19
BRDA:460,48,0,28
BRDA:460,48,1,12
BRDA:467,49,0,9
BRDA:467,49,1,19
BRDA:468,50,0,1
BRDA:468,50,1,18
BRDA:468,51,0,19
BRDA:468,51,1,7
BRDA:471,52,0,5
BRDA:471,52,1,13
BRDA:471,53,0,18
BRDA:471,53,1,6
BRDA:471,53,2,5
BRDA:495,54,0,5
BRDA:495,54,1,3
BRDA:500,55,0,8
BRDA:500,55,1,6
BRDA:532,56,0,6
BRDA:532,56,1,173
BRDA:599,57,0,33
BRDA:599,57,1,36
BRDA:606,58,0,62
BRDA:606,58,1,7
BRDA:609,59,0,2
BRDA:609,59,1,5
BRDA:630,60,0,4
BRDA:630,60,1,1
BRDA:658,61,0,4
BRDA:658,61,1,3
BRDA:660,62,0,0
BRDA:660,62,1,4
BRDA:661,63,0,0
BRDA:661,63,1,4
BRDA:688,64,0,1349
BRDA:688,64,1,2
BRDA:689,65,0,9
BRDA:689,65,1,1340
BRDA:691,66,0,337
BRDA:691,66,1,1012
BRDA:691,67,0,1349
BRDA:691,67,1,632
BRDA:693,68,0,227
BRDA:693,68,1,110
BRDA:727,69,0,1
BRDA:727,69,1,2
BRDA:760,70,0,0
BRDA:760,70,1,19
BRDA:760,71,0,19
BRDA:760,71,1,3
BRDA:761,72,0,4
BRDA:761,72,1,15
BRDA:762,73,0,3
BRDA:762,73,1,16
BRDA:763,74,0,3
BRDA:763,74,1,16
BRDA:764,75,0,6
BRDA:764,75,1,13
BRDA:768,76,0,16
BRDA:768,76,1,3
BRDA:773,77,0,2
BRDA:773,77,1,17
BRDA:774,78,0,1
BRDA:774,78,1,1
BRDA:806,79,0,9
BRDA:806,79,1,24
BRDA:806,80,0,9
BRDA:806,80,1,9
BRDA:837,81,0,4
BRDA:837,81,1,28
BRDA:838,82,0,3
BRDA:838,82,1,1
BRDA:871,83,0,1
BRDA:871,83,1,31
BRDA:889,84,0,2
BRDA:889,84,1,76
BRDA:889,85,0,78
BRDA:889,85,1,77
BRDA:889,85,2,2
BRDA:913,86,0,51
BRDA:913,86,1,13
BRDA:919,87,0,2
BRDA:919,87,1,49
BRDA:927,88,0,51
BRDA:927,88,1,48
BRDA:928,89,0,2
BRDA:928,89,1,46
BRDA:943,90,0,0
BRDA:943,90,1,6
BRDA:953,91,0,0
BRDA:953,91,1,2
BRDA:963,92,0,0
BRDA:963,92,1,16
BRDA:970,93,0,0
BRDA:970,93,1,29
BRDA:982,94,0,1
BRDA:982,94,1,56
BRDA:983,95,0,16
BRDA:983,95,1,40
BRDA:986,96,0,6
BRDA:986,96,1,34
BRDA:986,97,0,40
BRDA:986,97,1,35
BRDA:991,98,0,29
BRDA:991,98,1,5
BRDA:1009,99,0,12
BRDA:1009,99,1,46
BRF:204
BRH:196
end_of_record
TN:
SF:/Users/walter/dev/school/metrics/express/examples/auth/index.js
FN:28,(anonymous_1)
FN:48,(anonymous_2)
FN:58,authenticate
FN:66,(anonymous_4)
FN:73,restrict
FN:82,(anonymous_6)
FN:86,(anonymous_7)
FN:90,(anonymous_8)
FN:93,(anonymous_9)
FN:98,(anonymous_10)
FN:102,(anonymous_11)
FN:103,(anonymous_12)
FN:107,(anonymous_13)
FNF:13
FNH:13
FNDA:11,(anonymous_1)
FNDA:1,(anonymous_2)
FNDA:5,authenticate
FNDA:3,(anonymous_4)
FNDA:2,restrict
FNDA:1,(anonymous_6)
FNDA:1,(anonymous_7)
FNDA:1,(anonymous_8)
FNDA:1,(anonymous_9)
FNDA:2,(anonymous_10)
FNDA:5,(anonymous_11)
FNDA:5,(anonymous_12)
FNDA:2,(anonymous_13)
DA:5,1
DA:6,1
DA:7,1
DA:8,1
DA:10,1
DA:14,1
DA:15,1
DA:19,1
DA:20,1
DA:28,1
DA:29,11
DA:30,11
DA:31,11
DA:32,11
DA:33,11
DA:34,11
DA:35,11
DA:36,11
DA:41,1
DA:48,1
DA:49,1
DA:51,1
DA:52,1
DA:58,1
DA:59,5
DA:60,5
DA:62,5
DA:66,3
DA:67,3
DA:68,3
DA:69,1
DA:73,1
DA:74,2
DA:75,1
DA:77,1
DA:78,1
DA:82,1
DA:83,1
DA:86,1
DA:87,1
DA:90,1
DA:93,1
DA:94,1
DA:98,1
DA:99,2
DA:102,1
DA:103,5
DA:104,5
DA:107,2
DA:111,2
DA:112,2
DA:115,2
DA:118,3
DA:121,3
DA:127,1
DA:128,1
DA:129,1
LF:57
LH:57
BRDA:34,1,0,1
BRDA:34,1,1,10
BRDA:35,2,0,1
BRDA:35,2,1,10
BRDA:49,3,0,0
BRDA:49,3,1,1
BRDA:59,4,0,0
BRDA:59,4,1,5
BRDA:62,5,0,2
BRDA:62,5,1,3
BRDA:67,6,0,0
BRDA:67,6,1,3
BRDA:68,7,0,2
BRDA:68,7,1,1
BRDA:74,8,0,1
BRDA:74,8,1,1
BRDA:104,9,0,2
BRDA:104,9,1,3
BRDA:127,10,0,0
BRDA:127,10,1,1
BRF:20
BRH:17
end_of_record
TN:
SF:/Users/walter/dev/school/metrics/express/examples/auth/pass.js
FN:32,(anonymous_1)
FN:34,(anonymous_2)
FN:39,(anonymous_3)
FN:42,(anonymous_4)
FNF:4
FNH:4
FNDA:4,(anonymous_1)
FNDA:3,(anonymous_2)
FNDA:1,(anonymous_3)
FNDA:1,(anonymous_4)
DA:8,1
DA:14,1
DA:20,1
DA:32,1
DA:33,4
DA:34,3
DA:35,3
DA:38,1
DA:39,1
DA:40,1
DA:41,1
DA:42,1
DA:43,1
DA:44,1
LF:14
LH:14
BRDA:33,1,0,3
BRDA:33,1,1,1
BRDA:40,2,0,0
BRDA:40,2,1,1
BRDA:43,3,0,0
BRDA:43,3,1,1
BRF:6
BRH:4
end_of_record
TN:
SF:/Users/walter/dev/school/metrics/express/examples/content-negotiation/index.js
FN:7,(anonymous_1)
FN:9,(anonymous_2)
FN:10,(anonymous_3)
FN:15,(anonymous_4)
FN:16,(anonymous_5)
FN:21,(anonymous_6)
FN:31,format
FN:33,(anonymous_8)
FNF:8
FNH:8
FNDA:3,(anonymous_1)
FNDA:1,(anonymous_2)
FNDA:3,(anonymous_3)
FNDA:1,(anonymous_4)
FNDA:3,(anonymous_5)
FNDA:1,(anonymous_6)
FNDA:1,format
FNDA:3,(anonymous_8)
DA:1,1
DA:2,1
DA:3,1
DA:7,1
DA:8,3
DA:10,1
DA:11,3
DA:16,1
DA:17,3
DA:22,1
DA:31,1
DA:32,1
DA:33,1
DA:34,3
DA:38,1
DA:41,1
DA:42,1
DA:43,1
LF:18
LH:18
BRDA:41,1,0,0
BRDA:41,1,1,1
BRF:2
BRH:2
end_of_record
TN:
SF:/Users/walter/dev/school/metrics/express/examples/content-negotiation/db.js
FNF:0
FNH:0
DA:1,1
DA:3,1
DA:4,1
DA:5,1
DA:7,1
LF:5
LH:5
BRF:0
BRH:0
end_of_record
TN:
SF:/Users/walter/dev/school/metrics/express/examples/content-negotiation/users.js
FN:4,(anonymous_1)
FN:5,(anonymous_2)
FN:10,(anonymous_3)
FN:11,(anonymous_4)
FN:16,(anonymous_5)
FNF:5
FNH:5
FNDA:1,(anonymous_1)
FNDA:3,(anonymous_2)
FNDA:1,(anonymous_3)
FNDA:3,(anonymous_4)
FNDA:1,(anonymous_5)
DA:2,1
DA:4,1
DA:5,1
DA:6,3
DA:10,1
DA:11,1
DA:12,3
DA:16,1
DA:17,1
LF:9
LH:9
BRF:0
BRH:0
end_of_record
TN:
SF:/Users/walter/dev/school/metrics/express/examples/cookies/index.js
FN:23,(anonymous_1)
FN:33,(anonymous_2)
FN:38,(anonymous_3)
FNF:3
FNH:3
FNDA:3,(anonymous_1)
FNDA:1,(anonymous_2)
FNDA:4,(anonymous_3)
DA:5,1
DA:6,1
DA:7,1
DA:8,1
DA:9,1
DA:12,1
DA:18,1
DA:21,1
DA:23,1
DA:24,3
DA:25,1
DA:27,2
DA:33,1
DA:34,1
DA:35,1
DA:38,1
DA:39,4
DA:40,4
DA:41,4
DA:45,1
DA:46,1
DA:47,1
LF:22
LH:22
BRDA:12,1,0,0
BRDA:12,1,1,1
BRDA:24,2,0,1
BRDA:24,2,1,2
BRDA:40,3,0,3
BRDA:40,3,1,1
BRDA:45,4,0,0
BRDA:45,4,1,1
BRF:8
BRH:7
end_of_record
TN:
SF:/Users/walter/dev/school/metrics/express/examples/downloads/index.js
FN:8,(anonymous_1)
FN:19,(anonymous_2)
FN:23,(anonymous_3)
FNF:3
FNH:3
FNDA:1,(anonymous_1)
FNDA:2,(anonymous_2)
FNDA:2,(anonymous_3)
DA:5,1
DA:6,1
DA:8,1
DA:9,1
DA:19,1
DA:20,2
DA:21,2
DA:23,2
DA:24,2
DA:25,1
DA:27,1
DA:28,1
DA:33,1
DA:34,1
DA:35,1
LF:15
LH:15
BRDA:24,1,0,1
BRDA:24,1,1,1
BRDA:25,2,0,0
BRDA:25,2,1,1
BRDA:25,3,0,1
BRDA:25,3,1,1
BRDA:33,4,0,0
BRDA:33,4,1,1
BRF:8
BRH:7
end_of_record
TN:
SF:/Users/walter/dev/school/metrics/express/examples/ejs/index.js
FN:38,(anonymous_1)
FNF:1
FNH:1
FNDA:1,(anonymous_1)
DA:5,1
DA:7,1
DA:20,1
DA:24,1
DA:29,1
DA:32,1
DA:38,1
DA:39,1
DA:47,1
DA:48,1
DA:49,1
LF:11
LH:11
BRDA:47,1,0,0
BRDA:47,1,1,1
BRF:2
BRH:2
end_of_record
TN:
SF:/Users/walter/dev/school/metrics/express/examples/error-pages/index.js
FN:27,(anonymous_1)
FN:31,(anonymous_2)
FN:38,(anonymous_3)
FN:45,(anonymous_4)
FN:60,(anonymous_5)
FN:91,(anonymous_6)
FNF:6
FNH:6
FNDA:1,(anonymous_1)
FNDA:3,(anonymous_2)
FNDA:3,(anonymous_3)
FNDA:3,(anonymous_4)
FNDA:3,(anonymous_5)
FNDA:6,(anonymous_6)
DA:5,1
DA:6,1
DA:7,1
DA:8,1
DA:11,1
DA:12,1
DA:17,1
DA:21,1
DA:23,1
DA:27,1
DA:28,1
DA:31,1
DA:35,3
DA:38,1
DA:40,3
DA:41,3
DA:42,3
DA:45,1
DA:47,3
DA:60,1
DA:61,3
DA:64,3
DA:65,1
DA:66,1
DA:70,2
DA:71,1
DA:72,1
DA:76,1
DA:91,1
DA:95,6
DA:96,6
DA:100,1
DA:101,1
DA:102,1
LF:34
LH:34
BRDA:21,1,0,0
BRDA:21,1,1,1
BRDA:23,2,0,1
BRDA:23,2,1,0
BRDA:64,3,0,1
BRDA:64,3,1,2
BRDA:70,4,0,1
BRDA:70,4,1,1
BRDA:95,5,0,6
BRDA:95,5,1,3
BRDA:100,6,0,0
BRDA:100,6,1,1
BRF:12
BRH:10
end_of_record
TN:
SF:/Users/walter/dev/school/metrics/express/examples/error/index.js
FN:18,error
FN:27,(anonymous_2)
FN:32,(anonymous_3)
FN:34,(anonymous_4)
FNF:4
FNH:4
FNDA:2,error
FNDA:1,(anonymous_2)
FNDA:1,(anonymous_3)
FNDA:1,(anonymous_4)
DA:5,1
DA:6,1
DA:7,1
DA:8,1
DA:10,1
DA:18,1
DA:20,2
DA:23,2
DA:24,2
DA:27,1
DA:29,1
DA:32,1
DA:34,1
DA:35,1
DA:42,1
DA:45,1
DA:46,1
DA:47,1
LF:18
LH:18
BRDA:10,1,0,0
BRDA:10,1,1,1
BRDA:20,2,0,0
BRDA:20,2,1,2
BRDA:45,3,0,0
BRDA:45,3,1,1
BRF:6
BRH:4
end_of_record
TN:
SF:/Users/walter/dev/school/metrics/express/examples/markdown/index.js
FN:13,(anonymous_1)
FN:14,(anonymous_2)
FN:18,(anonymous_3)
FN:33,(anonymous_4)
FN:37,(anonymous_5)
FNF:5
FNH:5
FNDA:1,(anonymous_1)
FNDA:1,(anonymous_2)
FNDA:1,(anonymous_3)
FNDA:1,(anonymous_4)
FNDA:1,(anonymous_5)
DA:5,1
DA:6,1
DA:7,1
DA:9,1
DA:13,1
DA:14,1
DA:15,1
DA:16,1
DA:17,1
DA:18,1
DA:19,1
DA:21,1
DA:23,0
DA:28,1
DA:31,1
DA:33,1
DA:34,1
DA:37,1
DA:38,1
DA:42,1
DA:43,1
DA:44,1
LF:22
LH:21
BRDA:15,1,0,0
BRDA:15,1,1,1
BRDA:19,2,0,1
BRDA:19,2,1,0
BRDA:42,3,0,0
BRDA:42,3,1,1
BRF:6
BRH:4
end_of_record
TN:
SF:/Users/walter/dev/school/metrics/express/examples/multi-router/index.js
FN:8,(anonymous_1)
FNF:1
FNH:1
FNDA:1,(anonymous_1)
DA:1,1
DA:3,1
DA:5,1
DA:6,1
DA:8,1
DA:9,1
DA:13,1
DA:14,1
DA:15,1
LF:9
LH:9
BRDA:13,1,0,0
BRDA:13,1,1,1
BRF:2
BRH:2
end_of_record
TN:
SF:/Users/walter/dev/school/metrics/express/examples/multi-router/controllers/api_v1.js
FN:5,(anonymous_1)
FN:9,(anonymous_2)
FNF:2
FNH:2
FNDA:1,(anonymous_1)
FNDA:1,(anonymous_2)
DA:1,1
DA:3,1
DA:5,1
DA:6,1
DA:9,1
DA:10,1
DA:13,1
LF:7
LH:7
BRF:0
BRH:0
end_of_record
TN:
SF:/Users/walter/dev/school/metrics/express/examples/multi-router/controllers/api_v2.js
FN:5,(anonymous_1)
FN:9,(anonymous_2)
FNF:2
FNH:2
FNDA:1,(anonymous_1)
FNDA:1,(anonymous_2)
DA:1,1
DA:3,1
DA:5,1
DA:6,1
DA:9,1
DA:10,1
DA:13,1
LF:7
LH:7
BRF:0
BRH:0
end_of_record
TN:
SF:/Users/walter/dev/school/metrics/express/examples/mvc/index.js
FN:24,(anonymous_1)
FN:53,(anonymous_2)
FN:78,(anonymous_3)
FN:87,(anonymous_4)
FNF:4
FNH:4
FNDA:3,(anonymous_1)
FNDA:15,(anonymous_2)
FNDA:1,(anonymous_3)
FNDA:1,(anonymous_4)
DA:5,1
DA:6,1
DA:7,1
DA:8,1
DA:9,1
DA:11,1
DA:17,1
DA:20,1
DA:24,1
DA:26,3
DA:28,3
DA:29,3
DA:30,3
DA:34,1
DA:37,1
DA:40,1
DA:47,1
DA:50,1
DA:53,1
DA:54,15
DA:57,15
DA:60,15
DA:69,15
DA:72,15
DA:76,1
DA:78,1
DA:80,1
DA:83,1
DA:87,1
DA:88,1
DA:92,1
DA:93,1
DA:94,1
LF:33
LH:33
BRDA:28,1,0,3
BRDA:28,1,1,2
BRDA:34,2,0,0
BRDA:34,2,1,1
BRDA:54,3,0,15
BRDA:54,3,1,15
BRDA:80,4,0,0
BRDA:80,4,1,1
BRDA:92,5,0,0
BRDA:92,5,1,1
BRF:10
BRH:8
end_of_record
TN:
SF:/Users/walter/dev/school/metrics/express/examples/mvc/lib/boot.js
FN:8,(anonymous_1)
FN:10,(anonymous_2)
FNF:2
FNH:2
FNDA:1,(anonymous_1)
FNDA:4,(anonymous_2)
DA:5,1
DA:6,1
DA:8,1
DA:9,1
DA:10,1
DA:11,4
DA:12,4
DA:13,4
DA:14,4
DA:15,4
DA:16,4
DA:17,4
DA:18,4
DA:21,4
DA:22,4
DA:26,4
DA:28,14
DA:30,9
DA:32,2
DA:33,2
DA:34,2
DA:36,1
DA:37,1
DA:38,1
DA:40,2
DA:41,2
DA:42,2
DA:44,2
DA:45,2
DA:46,2
DA:48,1
DA:49,1
DA:50,1
DA:52,1
DA:53,1
DA:54,1
DA:57,1
DA:61,9
DA:62,9
DA:65,9
DA:66,7
DA:67,7
DA:69,2
DA:70,2
DA:75,4
LF:45
LH:45
BRDA:11,1,0,4
BRDA:11,1,1,0
BRDA:13,2,0,4
BRDA:13,2,1,3
BRDA:14,3,0,4
BRDA:14,3,1,3
BRDA:21,4,0,1
BRDA:21,4,1,3
BRDA:28,5,0,5
BRDA:28,5,1,9
BRDA:30,6,0,2
BRDA:30,6,1,1
BRDA:30,6,2,2
BRDA:30,6,3,2
BRDA:30,6,4,1
BRDA:30,6,5,1
BRDA:30,6,6,0
BRDA:65,7,0,7
BRDA:65,7,1,2
BRDA:67,8,0,7
BRDA:67,8,1,0
BRDA:70,9,0,2
BRDA:70,9,1,0
BRF:23
BRH:19
end_of_record
TN:
SF:/Users/walter/dev/school/metrics/express/examples/mvc/controllers/main/index.js
FN:1,(anonymous_1)
FNF:1
FNH:1
FNDA:1,(anonymous_1)
DA:1,1
DA:2,1
LF:2
LH:2
BRF:0
BRH:0
end_of_record
TN:
SF:/Users/walter/dev/school/metrics/express/examples/mvc/controllers/pet/index.js
FN:9,(anonymous_1)
FN:16,(anonymous_2)
FN:20,(anonymous_3)
FN:24,(anonymous_4)
FNF:4
FNH:4
FNDA:4,(anonymous_1)
FNDA:1,(anonymous_2)
FNDA:2,(anonymous_3)
FNDA:1,(anonymous_4)
DA:5,1
DA:7,1
DA:9,1
DA:10,4
DA:11,4
DA:12,4
DA:13,4
DA:16,1
DA:17,1
DA:20,1
DA:21,2
DA:24,1
DA:25,1
DA:26,1
DA:27,1
DA:28,1
LF:16
LH:16
BRDA:11,1,0,0
BRDA:11,1,1,4
BRF:2
BRH:1
end_of_record
TN:
SF:/Users/walter/dev/school/metrics/express/examples/mvc/db.js
FNF:0
FNH:0
DA:3,1
DA:5,1
DA:6,1
DA:7,1
DA:8,1
DA:10,1
DA:12,1
DA:13,1
DA:14,1
LF:9
LH:9
BRF:0
BRH:0
end_of_record
TN:
SF:/Users/walter/dev/school/metrics/express/examples/mvc/controllers/user/index.js
FN:7,(anonymous_1)
FN:11,(anonymous_2)
FN:20,(anonymous_3)
FN:24,(anonymous_4)
FN:28,(anonymous_5)
FN:32,(anonymous_6)
FNF:6
FNH:6
FNDA:9,(anonymous_1)
FNDA:8,(anonymous_2)
FNDA:1,(anonymous_3)
FNDA:2,(anonymous_4)
FNDA:3,(anonymous_5)
FNDA:2,(anonymous_6)
DA:5,1
DA:7,1
DA:8,9
DA:9,9
DA:11,8
DA:12,8
DA:14,8
DA:16,7
DA:20,1
DA:21,1
DA:24,1
DA:25,2
DA:28,1
DA:29,3
DA:32,1
DA:33,2
DA:34,2
DA:35,1
DA:36,1
LF:19
LH:19
BRDA:9,1,0,1
BRDA:9,1,1,8
BRDA:14,2,0,1
BRDA:14,2,1,7
BRF:4
BRH:4
end_of_record
TN:
SF:/Users/walter/dev/school/metrics/express/examples/mvc/controllers/user-pet/index.js
FN:10,(anonymous_1)
FNF:1
FNH:1
FNDA:1,(anonymous_1)
DA:5,1
DA:7,1
DA:8,1
DA:10,1
DA:11,1
DA:12,1
DA:13,1
DA:14,1
DA:15,1
DA:16,1
DA:17,1
DA:18,1
DA:19,1
LF:13
LH:13
BRDA:14,1,0,0
BRDA:14,1,1,1
BRF:2
BRH:1
end_of_record
TN:
SF:/Users/walter/dev/school/metrics/express/examples/params/index.js
FN:20,(anonymous_1)
FN:31,(anonymous_2)
FN:43,(anonymous_3)
FN:51,(anonymous_4)
FN:59,(anonymous_5)
FN:62,(anonymous_6)
FNF:6
FNH:6
FNDA:3,(anonymous_1)
FNDA:2,(anonymous_2)
FNDA:1,(anonymous_3)
FNDA:1,(anonymous_4)
FNDA:1,(anonymous_5)
FNDA:5,(anonymous_6)
DA:5,1
DA:6,1
DA:10,1
DA:20,1
DA:21,3
DA:22,3
DA:23,1
DA:25,2
DA:31,1
DA:32,2
DA:33,1
DA:35,1
DA:43,1
DA:44,1
DA:51,1
DA:52,1
DA:59,1
DA:60,1
DA:61,1
DA:62,5
DA:63,1
DA:67,1
DA:68,1
DA:69,1
LF:24
LH:24
BRDA:22,1,0,1
BRDA:22,1,1,2
BRDA:32,2,0,1
BRDA:32,2,1,1
BRDA:67,3,0,0
BRDA:67,3,1,1
BRF:6
BRH:6
end_of_record
TN:
SF:/Users/walter/dev/school/metrics/express/examples/resource/index.js
FN:11,(anonymous_1)
FN:13,(anonymous_2)
FN:20,(anonymous_3)
FN:40,(anonymous_4)
FN:43,(anonymous_5)
FN:46,(anonymous_6)
FN:51,(anonymous_7)
FN:59,(anonymous_8)
FN:76,(anonymous_9)
FNF:9
FNH:9
FNDA:1,(anonymous_1)
FNDA:2,(anonymous_2)
FNDA:2,(anonymous_3)
FNDA:1,(anonymous_4)
FNDA:2,(anonymous_5)
FNDA:2,(anonymous_6)
FNDA:2,(anonymous_7)
FNDA:3,(anonymous_8)
FNDA:1,(anonymous_9)
DA:5,1
DA:7,1
DA:11,1
DA:12,1
DA:13,1
DA:14,2
DA:15,2
DA:16,2
DA:17,2
DA:19,1
DA:20,1
DA:21,2
DA:22,2
DA:28,1
DA:39,1
DA:41,1
DA:44,2
DA:47,2
DA:48,2
DA:49,2
DA:52,2
DA:53,2
DA:55,1
DA:56,1
DA:59,1
DA:60,3
DA:62,1
DA:63,1
DA:74,1
DA:76,1
DA:77,1
DA:90,1
DA:91,1
DA:92,1
LF:34
LH:34
BRDA:44,1,0,2
BRDA:44,1,1,1
BRDA:49,2,0,1
BRDA:49,2,1,1
BRDA:53,3,0,1
BRDA:53,3,1,0
BRDA:53,3,2,1
BRDA:90,4,0,0
BRDA:90,4,1,1
BRF:9
BRH:8
end_of_record
TN:
SF:/Users/walter/dev/school/metrics/express/examples/route-map/index.js
FN:11,(anonymous_1)
FN:29,(anonymous_2)
FN:33,(anonymous_3)
FN:37,(anonymous_4)
FN:43,(anonymous_5)
FN:47,(anonymous_6)
FNF:6
FNH:6
FNDA:5,(anonymous_1)
FNDA:1,(anonymous_2)
FNDA:1,(anonymous_3)
FNDA:1,(anonymous_4)
FNDA:1,(anonymous_5)
FNDA:1,(anonymous_6)
DA:5,1
DA:7,1
DA:9,1
DA:11,1
DA:12,5
DA:13,5
DA:14,9
DA:17,4
DA:18,4
DA:21,5
DA:22,5
DA:23,5
DA:28,1
DA:30,1
DA:34,1
DA:38,1
DA:42,1
DA:44,1
DA:48,1
DA:52,1
DA:69,1
DA:70,1
DA:71,1
LF:23
LH:23
BRDA:12,1,0,5
BRDA:12,1,1,1
BRDA:14,2,0,4
BRDA:14,2,1,5
BRDA:21,3,0,0
BRDA:21,3,1,5
BRDA:69,4,0,0
BRDA:69,4,1,1
BRF:8
BRH:7
end_of_record
TN:
SF:/Users/walter/dev/school/metrics/express/examples/route-separation/index.js
FNF:0
FNH:0
DA:5,1
DA:6,1
DA:7,1
DA:8,1
DA:9,1
DA:10,1
DA:11,1
DA:12,1
DA:13,1
DA:15,1
DA:19,1
DA:20,1
DA:23,1
DA:24,1
DA:27,1
DA:28,1
DA:29,1
DA:30,1
DA:34,1
DA:38,1
DA:39,1
DA:40,1
DA:41,1
DA:42,1
DA:43,1
DA:47,1
DA:50,1
DA:51,1
DA:52,1
LF:29
LH:29
BRDA:23,1,0,0
BRDA:23,1,1,1
BRDA:50,2,0,0
BRDA:50,2,1,1
BRF:4
BRH:4
end_of_record
TN:
SF:/Users/walter/dev/school/metrics/express/examples/route-separation/site.js
FN:1,(anonymous_1)
FNF:1
FNH:1
FNDA:1,(anonymous_1)
DA:1,1
DA:2,1
LF:2
LH:2
BRF:0
BRH:0
end_of_record
TN:
SF:/Users/walter/dev/school/metrics/express/examples/route-separation/post.js
FN:9,(anonymous_1)
FNF:1
FNH:1
FNDA:1,(anonymous_1)
DA:3,1
DA:9,1
DA:10,1
LF:3
LH:3
BRF:0
BRH:0
end_of_record
TN:
SF:/Users/walter/dev/school/metrics/express/examples/route-separation/user.js
FN:8,(anonymous_1)
FN:12,(anonymous_2)
FN:24,(anonymous_3)
FN:31,(anonymous_4)
FN:38,(anonymous_5)
FNF:5
FNH:5
FNDA:1,(anonymous_1)
FNDA:9,(anonymous_2)
FNDA:4,(anonymous_3)
FNDA:1,(anonymous_4)
FNDA:2,(anonymous_5)
DA:3,1
DA:8,1
DA:9,1
DA:12,1
DA:13,9
DA:14,9
DA:15,9
DA:16,7
DA:18,2
DA:19,2
DA:20,2
DA:24,1
DA:25,4
DA:31,1
DA:32,1
DA:38,1
DA:41,2
DA:42,2
DA:43,2
DA:44,2
LF:20
LH:20
BRDA:15,1,0,7
BRDA:15,1,1,2
BRF:2
BRH:2
end_of_record
TN:
SF:/Users/walter/dev/school/metrics/express/examples/vhost/index.js
FN:23,(anonymous_1)
FN:27,(anonymous_2)
FN:35,(anonymous_3)
FNF:3
FNH:3
FNDA:1,(anonymous_1)
FNDA:1,(anonymous_2)
FNDA:2,(anonymous_3)
DA:5,1
DA:6,1
DA:7,1
DA:19,1
DA:21,1
DA:23,1
DA:24,1
DA:27,1
DA:28,1
DA:33,1
DA:35,1
DA:36,2
DA:37,2
DA:42,1
DA:44,1
DA:45,1
DA:48,1
DA:49,1
DA:50,1
LF:19
LH:19
BRDA:21,1,0,0
BRDA:21,1,1,1
BRDA:36,2,0,0
BRDA:36,2,1,2
BRDA:48,3,0,0
BRDA:48,3,1,1
BRF:6
BRH:4
end_of_record
TN:
SF:/Users/walter/dev/school/metrics/express/examples/web-service/index.js
FN:13,error
FN:28,(anonymous_2)
FN:72,(anonymous_3)
FN:76,(anonymous_4)
FN:80,(anonymous_5)
FN:93,(anonymous_6)
FN:103,(anonymous_7)
FNF:7
FNH:7
FNDA:6,error
FNDA:11,(anonymous_2)
FNDA:1,(anonymous_3)
FNDA:1,(anonymous_4)
FNDA:2,(anonymous_5)
FNDA:6,(anonymous_6)
FNDA:2,(anonymous_7)
DA:5,1
DA:7,1
DA:13,1
DA:14,6
DA:15,6
DA:16,6
DA:28,1
DA:29,11
DA:32,11
DA:35,8
DA:38,5
DA:39,5
DA:47,1
DA:51,1
DA:57,1
DA:63,1
DA:72,1
DA:73,1
DA:76,1
DA:77,1
DA:80,1
DA:81,2
DA:82,2
DA:84,2
DA:85,1
DA:93,1
DA:96,6
DA:97,6
DA:103,1
DA:104,2
DA:105,2
DA:109,1
DA:110,1
DA:111,1
LF:34
LH:34
BRDA:32,1,0,3
BRDA:32,1,1,8
BRDA:35,2,0,3
BRDA:35,2,1,5
BRDA:84,3,0,1
BRDA:84,3,1,1
BRDA:96,4,0,6
BRDA:96,4,1,0
BRDA:109,5,0,0
BRDA:109,5,1,1
BRF:10
BRH:9
end_of_record
