{"/Users/walter/dev/school/metrics/express/index.js":{"path":"/Users/walter/dev/school/metrics/express/index.js","s":{"1":1},"b":{},"f":{},"fnMap":{},"statementMap":{"1":{"start":{"line":2,"column":0},"end":{"line":2,"column":42}}},"branchMap":{}},"/Users/walter/dev/school/metrics/express/lib/express.js":{"path":"/Users/walter/dev/school/metrics/express/lib/express.js","s":{"1":1,"2":1,"3":1,"4":1,"5":1,"6":1,"7":1,"8":1,"9":1,"10":609,"11":643,"12":609,"13":609,"14":609,"15":609,"16":609,"17":609,"18":1,"19":1,"20":1,"21":1,"22":1,"23":1,"24":1,"25":1,"26":19,"27":1},"b":{},"f":{"1":609,"2":643,"3":19,"4":1},"fnMap":{"1":{"name":"createApplication","line":26,"loc":{"start":{"line":26,"column":0},"end":{"line":26,"column":29}}},"2":{"name":"(anonymous_2)","line":27,"loc":{"start":{"line":27,"column":12},"end":{"line":27,"column":37}}},"3":{"name":"(anonymous_3)","line":86,"loc":{"start":{"line":86,"column":10},"end":{"line":86,"column":26}}},"4":{"name":"(anonymous_4)","line":88,"loc":{"start":{"line":88,"column":9},"end":{"line":88,"column":21}}}},"statementMap":{"1":{"start":{"line":5,"column":0},"end":{"line":5,"column":50}},"2":{"start":{"line":6,"column":0},"end":{"line":6,"column":41}},"3":{"start":{"line":7,"column":0},"end":{"line":7,"column":37}},"4":{"start":{"line":8,"column":0},"end":{"line":8,"column":38}},"5":{"start":{"line":9,"column":0},"end":{"line":9,"column":33}},"6":{"start":{"line":10,"column":0},"end":{"line":10,"column":31}},"7":{"start":{"line":11,"column":0},"end":{"line":11,"column":32}},"8":{"start":{"line":17,"column":0},"end":{"line":17,"column":45}},"9":{"start":{"line":26,"column":0},"end":{"line":38,"column":1}},"10":{"start":{"line":27,"column":2},"end":{"line":29,"column":4}},"11":{"start":{"line":28,"column":4},"end":{"line":28,"column":31}},"12":{"start":{"line":31,"column":2},"end":{"line":31,"column":44}},"13":{"start":{"line":32,"column":2},"end":{"line":32,"column":27}},"14":{"start":{"line":34,"column":2},"end":{"line":34,"column":45}},"15":{"start":{"line":35,"column":2},"end":{"line":35,"column":46}},"16":{"start":{"line":36,"column":2},"end":{"line":36,"column":13}},"17":{"start":{"line":37,"column":2},"end":{"line":37,"column":13}},"18":{"start":{"line":44,"column":0},"end":{"line":44,"column":28}},"19":{"start":{"line":45,"column":0},"end":{"line":45,"column":22}},"20":{"start":{"line":46,"column":0},"end":{"line":46,"column":23}},"21":{"start":{"line":52,"column":0},"end":{"line":52,"column":22}},"22":{"start":{"line":53,"column":0},"end":{"line":53,"column":24}},"23":{"start":{"line":59,"column":0},"end":{"line":59,"column":46}},"24":{"start":{"line":60,"column":0},"end":{"line":60,"column":41}},"25":{"start":{"line":66,"column":0},"end":{"line":93,"column":3}},"26":{"start":{"line":87,"column":2},"end":{"line":92,"column":5}},"27":{"start":{"line":89,"column":6},"end":{"line":89,"column":190}}},"branchMap":{}},"/Users/walter/dev/school/metrics/express/lib/application.js":{"path":"/Users/walter/dev/school/metrics/express/lib/application.js","s":{"1":1,"2":1,"3":1,"4":1,"5":1,"6":1,"7":1,"8":1,"9":1,"10":1,"11":1,"12":1,"13":1,"14":1,"15":1,"16":1,"17":1,"18":1,"19":1,"20":609,"21":609,"22":609,"23":609,"24":1,"25":609,"26":609,"27":609,"28":609,"29":609,"30":609,"31":609,"32":609,"33":609,"34":609,"35":25,"36":24,"37":24,"38":25,"39":25,"40":25,"41":25,"42":609,"43":609,"44":609,"45":609,"46":609,"47":609,"48":609,"49":1,"50":609,"51":1,"52":1,"53":705,"54":544,"55":544,"56":544,"57":1,"58":692,"59":692,"60":692,"61":2,"62":2,"63":2,"64":690,"65":1,"66":424,"67":424,"68":424,"69":46,"70":46,"71":6,"72":46,"73":43,"74":43,"75":424,"76":424,"77":1,"78":423,"79":423,"80":423,"81":444,"82":419,"83":25,"84":25,"85":25,"86":25,"87":49,"88":49,"89":30,"90":30,"91":30,"92":25,"93":419,"94":1,"95":4,"96":4,"97":1,"98":41,"99":1,"100":40,"101":3,"102":40,"103":40,"104":1,"105":22,"106":22,"107":2,"108":4,"109":2,"110":20,"111":19,"112":1,"113":11438,"114":3938,"115":7500,"116":7500,"117":622,"118":622,"119":621,"120":615,"121":615,"122":614,"123":636,"124":636,"125":636,"126":636,"127":7498,"128":1,"129":6,"130":1,"131":1858,"132":1,"133":2,"134":1,"135":641,"136":1,"137":3,"138":1,"139":26,"140":2328,"141":2078,"142":250,"143":250,"144":250,"145":224,"146":1,"147":6,"148":6,"149":6,"150":6,"151":156,"152":6,"153":1,"154":1,"155":78,"156":78,"157":78,"158":78,"159":78,"160":22,"161":78,"162":78,"163":51,"164":78,"165":78,"166":78,"167":4,"168":78,"169":76,"170":76,"171":3,"172":3,"173":3,"174":3,"175":73,"176":2,"177":75,"178":75,"179":1,"180":1,"181":2,"182":2,"183":1,"184":21,"185":0},"b":{"1":[609,1],"2":[24,1],"3":[25,24],"4":[1,608],"5":[544,161],"6":[692,639],"7":[2,690],"8":[46,378],"9":[52,6],"10":[43,3],"11":[1,423],"12":[419,25],"13":[444,443,38],"14":[1,40],"15":[3,37],"16":[2,20],"17":[3938,7500],"18":[622,615,636],"19":[3,3],"20":[2078,250],"21":[2328,2233],"22":[22,56],"23":[51,27],"24":[76,2],"25":[4,74],"26":[76,2],"27":[3,73],"28":[1,2],"29":[3,1],"30":[2,71],"31":[0,21],"32":[0,0]},"f":{"1":609,"2":609,"3":25,"4":1,"5":705,"6":692,"7":424,"8":444,"9":49,"10":30,"11":4,"12":41,"13":22,"14":4,"15":11438,"16":6,"17":1858,"18":2,"19":641,"20":3,"21":26,"22":2328,"23":6,"24":156,"25":78,"26":2,"27":21},"fnMap":{"1":{"name":"(anonymous_1)","line":54,"loc":{"start":{"line":54,"column":11},"end":{"line":54,"column":21}}},"2":{"name":"(anonymous_2)","line":67,"loc":{"start":{"line":67,"column":27},"end":{"line":67,"column":37}}},"3":{"name":"onmount","line":85,"loc":{"start":{"line":85,"column":19},"end":{"line":85,"column":44}}},"4":{"name":"(anonymous_4)","line":119,"loc":{"start":{"line":119,"column":9},"end":{"line":119,"column":20}}},"5":{"name":"(anonymous_5)","line":133,"loc":{"start":{"line":133,"column":17},"end":{"line":133,"column":28}}},"6":{"name":"(anonymous_6)","line":154,"loc":{"start":{"line":154,"column":13},"end":{"line":154,"column":38}}},"7":{"name":"use","line":183,"loc":{"start":{"line":183,"column":10},"end":{"line":183,"column":27}}},"8":{"name":"(anonymous_8)","line":213,"loc":{"start":{"line":213,"column":14},"end":{"line":213,"column":28}}},"9":{"name":"mounted_app","line":224,"loc":{"start":{"line":224,"column":21},"end":{"line":224,"column":58}}},"10":{"name":"(anonymous_10)","line":226,"loc":{"start":{"line":226,"column":26},"end":{"line":226,"column":41}}},"11":{"name":"(anonymous_11)","line":250,"loc":{"start":{"line":250,"column":12},"end":{"line":250,"column":26}}},"12":{"name":"(anonymous_12)","line":289,"loc":{"start":{"line":289,"column":13},"end":{"line":289,"column":30}}},"13":{"name":"(anonymous_13)","line":308,"loc":{"start":{"line":308,"column":12},"end":{"line":308,"column":30}}},"14":{"name":"(anonymous_14)","line":312,"loc":{"start":{"line":312,"column":17},"end":{"line":312,"column":31}}},"15":{"name":"(anonymous_15)","line":337,"loc":{"start":{"line":337,"column":10},"end":{"line":337,"column":32}}},"16":{"name":"(anonymous_16)","line":386,"loc":{"start":{"line":386,"column":11},"end":{"line":386,"column":21}}},"17":{"name":"(anonymous_17)","line":407,"loc":{"start":{"line":407,"column":14},"end":{"line":407,"column":31}}},"18":{"name":"(anonymous_18)","line":426,"loc":{"start":{"line":426,"column":15},"end":{"line":426,"column":32}}},"19":{"name":"(anonymous_19)","line":438,"loc":{"start":{"line":438,"column":13},"end":{"line":438,"column":30}}},"20":{"name":"(anonymous_20)","line":450,"loc":{"start":{"line":450,"column":14},"end":{"line":450,"column":31}}},"21":{"name":"(anonymous_21)","line":458,"loc":{"start":{"line":458,"column":16},"end":{"line":458,"column":32}}},"22":{"name":"(anonymous_22)","line":459,"loc":{"start":{"line":459,"column":16},"end":{"line":459,"column":30}}},"23":{"name":"(anonymous_23)","line":480,"loc":{"start":{"line":480,"column":10},"end":{"line":480,"column":24}}},"24":{"name":"(anonymous_24)","line":485,"loc":{"start":{"line":485,"column":18},"end":{"line":485,"column":34}}},"25":{"name":"(anonymous_25)","line":513,"loc":{"start":{"line":513,"column":13},"end":{"line":513,"column":40}}},"26":{"name":"(anonymous_26)","line":593,"loc":{"start":{"line":593,"column":13},"end":{"line":593,"column":23}}},"27":{"name":"logerror","line":605,"loc":{"start":{"line":605,"column":0},"end":{"line":605,"column":22}}}},"statementMap":{"1":{"start":{"line":14,"column":0},"end":{"line":14,"column":43}},"2":{"start":{"line":15,"column":0},"end":{"line":15,"column":41}},"3":{"start":{"line":16,"column":0},"end":{"line":16,"column":33}},"4":{"start":{"line":17,"column":0},"end":{"line":17,"column":33}},"5":{"start":{"line":18,"column":0},"end":{"line":18,"column":46}},"6":{"start":{"line":19,"column":0},"end":{"line":19,"column":42}},"7":{"start":{"line":20,"column":0},"end":{"line":20,"column":52}},"8":{"start":{"line":21,"column":0},"end":{"line":21,"column":29}},"9":{"start":{"line":22,"column":0},"end":{"line":22,"column":27}},"10":{"start":{"line":23,"column":0},"end":{"line":23,"column":49}},"11":{"start":{"line":24,"column":0},"end":{"line":24,"column":63}},"12":{"start":{"line":25,"column":0},"end":{"line":25,"column":51}},"13":{"start":{"line":26,"column":0},"end":{"line":26,"column":43}},"14":{"start":{"line":27,"column":0},"end":{"line":27,"column":35}},"15":{"start":{"line":28,"column":0},"end":{"line":28,"column":38}},"16":{"start":{"line":29,"column":0},"end":{"line":29,"column":34}},"17":{"start":{"line":35,"column":0},"end":{"line":35,"column":40}},"18":{"start":{"line":42,"column":0},"end":{"line":42,"column":61}},"19":{"start":{"line":54,"column":0},"end":{"line":59,"column":2}},"20":{"start":{"line":55,"column":2},"end":{"line":55,"column":18}},"21":{"start":{"line":56,"column":2},"end":{"line":56,"column":21}},"22":{"start":{"line":57,"column":2},"end":{"line":57,"column":20}},"23":{"start":{"line":58,"column":2},"end":{"line":58,"column":30}},"24":{"start":{"line":67,"column":0},"end":{"line":123,"column":2}},"25":{"start":{"line":69,"column":2},"end":{"line":69,"column":30}},"26":{"start":{"line":70,"column":2},"end":{"line":70,"column":27}},"27":{"start":{"line":71,"column":2},"end":{"line":71,"column":50}},"28":{"start":{"line":72,"column":2},"end":{"line":72,"column":23}},"29":{"start":{"line":73,"column":2},"end":{"line":73,"column":39}},"30":{"start":{"line":74,"column":2},"end":{"line":74,"column":34}},"31":{"start":{"line":75,"column":2},"end":{"line":75,"column":33}},"32":{"start":{"line":78,"column":2},"end":{"line":81,"column":5}},"33":{"start":{"line":83,"column":2},"end":{"line":83,"column":35}},"34":{"start":{"line":85,"column":2},"end":{"line":98,"column":5}},"35":{"start":{"line":87,"column":4},"end":{"line":91,"column":5}},"36":{"start":{"line":89,"column":6},"end":{"line":89,"column":42}},"37":{"start":{"line":90,"column":6},"end":{"line":90,"column":45}},"38":{"start":{"line":94,"column":4},"end":{"line":94,"column":44}},"39":{"start":{"line":95,"column":4},"end":{"line":95,"column":46}},"40":{"start":{"line":96,"column":4},"end":{"line":96,"column":44}},"41":{"start":{"line":97,"column":4},"end":{"line":97,"column":46}},"42":{"start":{"line":101,"column":2},"end":{"line":101,"column":36}},"43":{"start":{"line":104,"column":2},"end":{"line":104,"column":23}},"44":{"start":{"line":107,"column":2},"end":{"line":107,"column":39}},"45":{"start":{"line":110,"column":2},"end":{"line":110,"column":25}},"46":{"start":{"line":111,"column":2},"end":{"line":111,"column":38}},"47":{"start":{"line":112,"column":2},"end":{"line":112,"column":46}},"48":{"start":{"line":114,"column":2},"end":{"line":116,"column":3}},"49":{"start":{"line":115,"column":4},"end":{"line":115,"column":30}},"50":{"start":{"line":118,"column":2},"end":{"line":122,"column":5}},"51":{"start":{"line":120,"column":6},"end":{"line":120,"column":137}},"52":{"start":{"line":133,"column":0},"end":{"line":143,"column":2}},"53":{"start":{"line":134,"column":2},"end":{"line":142,"column":3}},"54":{"start":{"line":135,"column":4},"end":{"line":138,"column":7}},"55":{"start":{"line":140,"column":4},"end":{"line":140,"column":57}},"56":{"start":{"line":141,"column":4},"end":{"line":141,"column":44}},"57":{"start":{"line":154,"column":0},"end":{"line":171,"column":2}},"58":{"start":{"line":155,"column":2},"end":{"line":155,"column":28}},"59":{"start":{"line":158,"column":2},"end":{"line":161,"column":5}},"60":{"start":{"line":164,"column":2},"end":{"line":168,"column":3}},"61":{"start":{"line":165,"column":4},"end":{"line":165,"column":38}},"62":{"start":{"line":166,"column":4},"end":{"line":166,"column":11}},"63":{"start":{"line":167,"column":4},"end":{"line":167,"column":11}},"64":{"start":{"line":170,"column":2},"end":{"line":170,"column":32}},"65":{"start":{"line":183,"column":0},"end":{"line":238,"column":2}},"66":{"start":{"line":184,"column":2},"end":{"line":184,"column":17}},"67":{"start":{"line":185,"column":2},"end":{"line":185,"column":17}},"68":{"start":{"line":189,"column":2},"end":{"line":201,"column":3}},"69":{"start":{"line":190,"column":4},"end":{"line":190,"column":17}},"70":{"start":{"line":192,"column":4},"end":{"line":194,"column":5}},"71":{"start":{"line":193,"column":6},"end":{"line":193,"column":19}},"72":{"start":{"line":197,"column":4},"end":{"line":200,"column":5}},"73":{"start":{"line":198,"column":6},"end":{"line":198,"column":17}},"74":{"start":{"line":199,"column":6},"end":{"line":199,"column":16}},"75":{"start":{"line":203,"column":2},"end":{"line":203,"column":51}},"76":{"start":{"line":205,"column":2},"end":{"line":207,"column":3}},"77":{"start":{"line":206,"column":4},"end":{"line":206,"column":67}},"78":{"start":{"line":210,"column":2},"end":{"line":210,"column":20}},"79":{"start":{"line":211,"column":2},"end":{"line":211,"column":28}},"80":{"start":{"line":213,"column":2},"end":{"line":235,"column":11}},"81":{"start":{"line":215,"column":4},"end":{"line":217,"column":5}},"82":{"start":{"line":216,"column":6},"end":{"line":216,"column":34}},"83":{"start":{"line":219,"column":4},"end":{"line":219,"column":37}},"84":{"start":{"line":220,"column":4},"end":{"line":220,"column":24}},"85":{"start":{"line":221,"column":4},"end":{"line":221,"column":21}},"86":{"start":{"line":224,"column":4},"end":{"line":231,"column":7}},"87":{"start":{"line":225,"column":6},"end":{"line":225,"column":25}},"88":{"start":{"line":226,"column":6},"end":{"line":230,"column":9}},"89":{"start":{"line":227,"column":8},"end":{"line":227,"column":37}},"90":{"start":{"line":228,"column":8},"end":{"line":228,"column":38}},"91":{"start":{"line":229,"column":8},"end":{"line":229,"column":18}},"92":{"start":{"line":234,"column":4},"end":{"line":234,"column":27}},"93":{"start":{"line":237,"column":2},"end":{"line":237,"column":14}},"94":{"start":{"line":250,"column":0},"end":{"line":253,"column":2}},"95":{"start":{"line":251,"column":2},"end":{"line":251,"column":20}},"96":{"start":{"line":252,"column":2},"end":{"line":252,"column":34}},"97":{"start":{"line":289,"column":0},"end":{"line":294,"column":2}},"98":{"start":{"line":290,"column":2},"end":{"line":290,"column":77}},"99":{"start":{"line":290,"column":31},"end":{"line":290,"column":77}},"100":{"start":{"line":291,"column":2},"end":{"line":291,"column":37}},"101":{"start":{"line":291,"column":21},"end":{"line":291,"column":37}},"102":{"start":{"line":292,"column":2},"end":{"line":292,"column":25}},"103":{"start":{"line":293,"column":2},"end":{"line":293,"column":14}},"104":{"start":{"line":308,"column":0},"end":{"line":320,"column":2}},"105":{"start":{"line":309,"column":2},"end":{"line":309,"column":20}},"106":{"start":{"line":311,"column":2},"end":{"line":316,"column":3}},"107":{"start":{"line":312,"column":4},"end":{"line":314,"column":13}},"108":{"start":{"line":313,"column":6},"end":{"line":313,"column":26}},"109":{"start":{"line":315,"column":4},"end":{"line":315,"column":16}},"110":{"start":{"line":318,"column":2},"end":{"line":318,"column":31}},"111":{"start":{"line":319,"column":2},"end":{"line":319,"column":14}},"112":{"start":{"line":337,"column":0},"end":{"line":370,"column":2}},"113":{"start":{"line":338,"column":2},"end":{"line":341,"column":3}},"114":{"start":{"line":340,"column":4},"end":{"line":340,"column":34}},"115":{"start":{"line":344,"column":2},"end":{"line":344,"column":31}},"116":{"start":{"line":347,"column":2},"end":{"line":367,"column":3}},"117":{"start":{"line":349,"column":6},"end":{"line":349,"column":36}},"118":{"start":{"line":350,"column":6},"end":{"line":350,"column":44}},"119":{"start":{"line":351,"column":6},"end":{"line":351,"column":12}},"120":{"start":{"line":353,"column":6},"end":{"line":353,"column":44}},"121":{"start":{"line":354,"column":6},"end":{"line":354,"column":59}},"122":{"start":{"line":355,"column":6},"end":{"line":355,"column":12}},"123":{"start":{"line":357,"column":6},"end":{"line":357,"column":43}},"124":{"start":{"line":358,"column":6},"end":{"line":358,"column":52}},"125":{"start":{"line":361,"column":6},"end":{"line":364,"column":9}},"126":{"start":{"line":366,"column":6},"end":{"line":366,"column":12}},"127":{"start":{"line":369,"column":2},"end":{"line":369,"column":14}},"128":{"start":{"line":386,"column":0},"end":{"line":390,"column":2}},"129":{"start":{"line":387,"column":2},"end":{"line":389,"column":9}},"130":{"start":{"line":407,"column":0},"end":{"line":409,"column":2}},"131":{"start":{"line":408,"column":2},"end":{"line":408,"column":29}},"132":{"start":{"line":426,"column":0},"end":{"line":428,"column":2}},"133":{"start":{"line":427,"column":2},"end":{"line":427,"column":28}},"134":{"start":{"line":438,"column":0},"end":{"line":440,"column":2}},"135":{"start":{"line":439,"column":2},"end":{"line":439,"column":33}},"136":{"start":{"line":450,"column":0},"end":{"line":452,"column":2}},"137":{"start":{"line":451,"column":2},"end":{"line":451,"column":34}},"138":{"start":{"line":458,"column":0},"end":{"line":468,"column":3}},"139":{"start":{"line":459,"column":2},"end":{"line":467,"column":4}},"140":{"start":{"line":460,"column":4},"end":{"line":460,"column":72}},"141":{"start":{"line":460,"column":50},"end":{"line":460,"column":72}},"142":{"start":{"line":462,"column":4},"end":{"line":462,"column":22}},"143":{"start":{"line":464,"column":4},"end":{"line":464,"column":41}},"144":{"start":{"line":465,"column":4},"end":{"line":465,"column":57}},"145":{"start":{"line":466,"column":4},"end":{"line":466,"column":16}},"146":{"start":{"line":480,"column":0},"end":{"line":490,"column":2}},"147":{"start":{"line":481,"column":2},"end":{"line":481,"column":20}},"148":{"start":{"line":483,"column":2},"end":{"line":483,"column":39}},"149":{"start":{"line":484,"column":2},"end":{"line":484,"column":38}},"150":{"start":{"line":485,"column":2},"end":{"line":487,"column":5}},"151":{"start":{"line":486,"column":4},"end":{"line":486,"column":37}},"152":{"start":{"line":489,"column":2},"end":{"line":489,"column":14}},"153":{"start":{"line":494,"column":0},"end":{"line":494,"column":76}},"154":{"start":{"line":513,"column":0},"end":{"line":570,"column":2}},"155":{"start":{"line":514,"column":2},"end":{"line":514,"column":16}},"156":{"start":{"line":515,"column":2},"end":{"line":515,"column":25}},"157":{"start":{"line":516,"column":2},"end":{"line":516,"column":29}},"158":{"start":{"line":517,"column":2},"end":{"line":517,"column":11}},"159":{"start":{"line":520,"column":2},"end":{"line":522,"column":3}},"160":{"start":{"line":521,"column":4},"end":{"line":521,"column":31}},"161":{"start":{"line":525,"column":2},"end":{"line":525,"column":27}},"162":{"start":{"line":528,"column":2},"end":{"line":530,"column":3}},"163":{"start":{"line":529,"column":4},"end":{"line":529,"column":33}},"164":{"start":{"line":533,"column":2},"end":{"line":533,"column":23}},"165":{"start":{"line":536,"column":2},"end":{"line":538,"column":17}},"166":{"start":{"line":541,"column":2},"end":{"line":541,"column":37}},"167":{"start":{"line":541,"column":18},"end":{"line":541,"column":37}},"168":{"start":{"line":544,"column":2},"end":{"line":562,"column":3}},"169":{"start":{"line":545,"column":4},"end":{"line":549,"column":7}},"170":{"start":{"line":551,"column":4},"end":{"line":558,"column":5}},"171":{"start":{"line":552,"column":6},"end":{"line":554,"column":41}},"172":{"start":{"line":555,"column":6},"end":{"line":555,"column":83}},"173":{"start":{"line":556,"column":6},"end":{"line":556,"column":22}},"174":{"start":{"line":557,"column":6},"end":{"line":557,"column":21}},"175":{"start":{"line":561,"column":4},"end":{"line":561,"column":39}},"176":{"start":{"line":561,"column":20},"end":{"line":561,"column":39}},"177":{"start":{"line":565,"column":2},"end":{"line":569,"column":3}},"178":{"start":{"line":566,"column":4},"end":{"line":566,"column":26}},"179":{"start":{"line":568,"column":4},"end":{"line":568,"column":12}},"180":{"start":{"line":593,"column":0},"end":{"line":596,"column":2}},"181":{"start":{"line":594,"column":2},"end":{"line":594,"column":39}},"182":{"start":{"line":595,"column":2},"end":{"line":595,"column":48}},"183":{"start":{"line":605,"column":0},"end":{"line":607,"column":1}},"184":{"start":{"line":606,"column":2},"end":{"line":606,"column":77}},"185":{"start":{"line":606,"column":34},"end":{"line":606,"column":77}}},"branchMap":{"1":{"line":71,"type":"binary-expr","locations":[{"start":{"line":71,"column":12},"end":{"line":71,"column":32}},{"start":{"line":71,"column":36},"end":{"line":71,"column":49}}]},"2":{"line":87,"type":"if","locations":[{"start":{"line":87,"column":4},"end":{"line":87,"column":4}},{"start":{"line":87,"column":4},"end":{"line":87,"column":4}}]},"3":{"line":87,"type":"binary-expr","locations":[{"start":{"line":87,"column":8},"end":{"line":87,"column":55}},{"start":{"line":88,"column":9},"end":{"line":88,"column":64}}]},"4":{"line":114,"type":"if","locations":[{"start":{"line":114,"column":2},"end":{"line":114,"column":2}},{"start":{"line":114,"column":2},"end":{"line":114,"column":2}}]},"5":{"line":134,"type":"if","locations":[{"start":{"line":134,"column":2},"end":{"line":134,"column":2}},{"start":{"line":134,"column":2},"end":{"line":134,"column":2}}]},"6":{"line":158,"type":"binary-expr","locations":[{"start":{"line":158,"column":9},"end":{"line":158,"column":13}},{"start":{"line":158,"column":17},"end":{"line":161,"column":4}}]},"7":{"line":164,"type":"if","locations":[{"start":{"line":164,"column":2},"end":{"line":164,"column":2}},{"start":{"line":164,"column":2},"end":{"line":164,"column":2}}]},"8":{"line":189,"type":"if","locations":[{"start":{"line":189,"column":2},"end":{"line":189,"column":2}},{"start":{"line":189,"column":2},"end":{"line":189,"column":2}}]},"9":{"line":192,"type":"binary-expr","locations":[{"start":{"line":192,"column":11},"end":{"line":192,"column":29}},{"start":{"line":192,"column":33},"end":{"line":192,"column":49}}]},"10":{"line":197,"type":"if","locations":[{"start":{"line":197,"column":4},"end":{"line":197,"column":4}},{"start":{"line":197,"column":4},"end":{"line":197,"column":4}}]},"11":{"line":205,"type":"if","locations":[{"start":{"line":205,"column":2},"end":{"line":205,"column":2}},{"start":{"line":205,"column":2},"end":{"line":205,"column":2}}]},"12":{"line":215,"type":"if","locations":[{"start":{"line":215,"column":4},"end":{"line":215,"column":4}},{"start":{"line":215,"column":4},"end":{"line":215,"column":4}}]},"13":{"line":215,"type":"binary-expr","locations":[{"start":{"line":215,"column":8},"end":{"line":215,"column":11}},{"start":{"line":215,"column":15},"end":{"line":215,"column":25}},{"start":{"line":215,"column":29},"end":{"line":215,"column":36}}]},"14":{"line":290,"type":"if","locations":[{"start":{"line":290,"column":2},"end":{"line":290,"column":2}},{"start":{"line":290,"column":2},"end":{"line":290,"column":2}}]},"15":{"line":291,"type":"if","locations":[{"start":{"line":291,"column":2},"end":{"line":291,"column":2}},{"start":{"line":291,"column":2},"end":{"line":291,"column":2}}]},"16":{"line":311,"type":"if","locations":[{"start":{"line":311,"column":2},"end":{"line":311,"column":2}},{"start":{"line":311,"column":2},"end":{"line":311,"column":2}}]},"17":{"line":338,"type":"if","locations":[{"start":{"line":338,"column":2},"end":{"line":338,"column":2}},{"start":{"line":338,"column":2},"end":{"line":338,"column":2}}]},"18":{"line":347,"type":"switch","locations":[{"start":{"line":348,"column":4},"end":{"line":351,"column":12}},{"start":{"line":352,"column":4},"end":{"line":355,"column":12}},{"start":{"line":356,"column":4},"end":{"line":366,"column":12}}]},"19":{"line":387,"type":"cond-expr","locations":[{"start":{"line":388,"column":6},"end":{"line":388,"column":41}},{"start":{"line":389,"column":6},"end":{"line":389,"column":8}}]},"20":{"line":460,"type":"if","locations":[{"start":{"line":460,"column":4},"end":{"line":460,"column":4}},{"start":{"line":460,"column":4},"end":{"line":460,"column":4}}]},"21":{"line":460,"type":"binary-expr","locations":[{"start":{"line":460,"column":8},"end":{"line":460,"column":23}},{"start":{"line":460,"column":27},"end":{"line":460,"column":48}}]},"22":{"line":520,"type":"if","locations":[{"start":{"line":520,"column":2},"end":{"line":520,"column":2}},{"start":{"line":520,"column":2},"end":{"line":520,"column":2}}]},"23":{"line":528,"type":"if","locations":[{"start":{"line":528,"column":2},"end":{"line":528,"column":2}},{"start":{"line":528,"column":2},"end":{"line":528,"column":2}}]},"24":{"line":536,"type":"cond-expr","locations":[{"start":{"line":537,"column":6},"end":{"line":537,"column":32}},{"start":{"line":538,"column":6},"end":{"line":538,"column":16}}]},"25":{"line":541,"type":"if","locations":[{"start":{"line":541,"column":2},"end":{"line":541,"column":2}},{"start":{"line":541,"column":2},"end":{"line":541,"column":2}}]},"26":{"line":544,"type":"if","locations":[{"start":{"line":544,"column":2},"end":{"line":544,"column":2}},{"start":{"line":544,"column":2},"end":{"line":544,"column":2}}]},"27":{"line":551,"type":"if","locations":[{"start":{"line":551,"column":4},"end":{"line":551,"column":4}},{"start":{"line":551,"column":4},"end":{"line":551,"column":4}}]},"28":{"line":552,"type":"cond-expr","locations":[{"start":{"line":553,"column":10},"end":{"line":553,"column":114}},{"start":{"line":554,"column":10},"end":{"line":554,"column":41}}]},"29":{"line":552,"type":"binary-expr","locations":[{"start":{"line":552,"column":17},"end":{"line":552,"column":41}},{"start":{"line":552,"column":45},"end":{"line":552,"column":65}}]},"30":{"line":561,"type":"if","locations":[{"start":{"line":561,"column":4},"end":{"line":561,"column":4}},{"start":{"line":561,"column":4},"end":{"line":561,"column":4}}]},"31":{"line":606,"type":"if","locations":[{"start":{"line":606,"column":2},"end":{"line":606,"column":2}},{"start":{"line":606,"column":2},"end":{"line":606,"column":2}}]},"32":{"line":606,"type":"binary-expr","locations":[{"start":{"line":606,"column":48},"end":{"line":606,"column":57}},{"start":{"line":606,"column":61},"end":{"line":606,"column":75}}]}}},"/Users/walter/dev/school/metrics/express/lib/utils.js":{"path":"/Users/walter/dev/school/metrics/express/lib/utils.js","s":{"1":1,"2":1,"3":1,"4":1,"5":1,"6":1,"7":1,"8":1,"9":1,"10":1,"11":5,"12":5,"13":1,"14":319,"15":319,"16":1,"17":34,"18":29,"19":5,"20":1,"21":4,"22":1,"23":1,"24":8483,"25":8483,"26":8483,"27":8526,"28":18,"29":8508,"30":8483,"31":1,"32":77,"33":1,"34":5,"35":5,"36":15,"37":5,"38":1,"39":1,"40":16,"41":16,"42":16,"43":9,"44":9,"45":3,"46":6,"47":16,"48":1,"49":622,"50":622,"51":3,"52":619,"53":5,"54":5,"55":2,"56":1,"57":1,"58":610,"59":610,"60":1,"61":618,"62":1,"63":615,"64":615,"65":1,"66":614,"67":1,"68":1,"69":1,"70":1,"71":610,"72":610,"73":1,"74":1,"75":1,"76":613,"77":1,"78":636,"79":4,"80":632,"81":14,"82":15,"83":618,"84":6,"85":12,"86":612,"87":3,"88":612,"89":1,"90":327,"91":3,"92":324,"93":324,"94":324,"95":1,"96":1},"b":{"1":[3,2],"2":[3,316],"3":[29,5],"4":[1,4],"5":[5,1],"6":[1,3],"7":[8483,8465],"8":[18,8508],"9":[16,61],"10":[3,6],"11":[3,619],"12":[5,2,1,610,1],"13":[1,614],"14":[1,1,610,1,1],"15":[4,632],"16":[14,618],"17":[6,612],"18":[3,609],"19":[612,609],"20":[3,324],"21":[327,326]},"f":{"1":5,"2":319,"3":34,"4":8483,"5":77,"6":5,"7":16,"8":622,"9":615,"10":636,"11":15,"12":12,"13":327,"14":1},"fnMap":{"1":{"name":"(anonymous_1)","line":32,"loc":{"start":{"line":32,"column":15},"end":{"line":32,"column":41}}},"2":{"name":"wetag","line":49,"loc":{"start":{"line":49,"column":16},"end":{"line":49,"column":46}}},"3":{"name":"(anonymous_3)","line":65,"loc":{"start":{"line":65,"column":21},"end":{"line":65,"column":35}}},"4":{"name":"(anonymous_4)","line":79,"loc":{"start":{"line":79,"column":18},"end":{"line":79,"column":36}}},"5":{"name":"(anonymous_5)","line":100,"loc":{"start":{"line":100,"column":24},"end":{"line":100,"column":38}}},"6":{"name":"(anonymous_6)","line":114,"loc":{"start":{"line":114,"column":25},"end":{"line":114,"column":40}}},"7":{"name":"acceptParams","line":146,"loc":{"start":{"line":146,"column":0},"end":{"line":146,"column":34}}},"8":{"name":"(anonymous_8)","line":170,"loc":{"start":{"line":170,"column":22},"end":{"line":170,"column":36}}},"9":{"name":"compileQueryParser","line":204,"loc":{"start":{"line":204,"column":29},"end":{"line":204,"column":62}}},"10":{"name":"(anonymous_10)","line":239,"loc":{"start":{"line":239,"column":23},"end":{"line":239,"column":37}}},"11":{"name":"(anonymous_11)","line":244,"loc":{"start":{"line":244,"column":11},"end":{"line":244,"column":21}}},"12":{"name":"(anonymous_12)","line":249,"loc":{"start":{"line":249,"column":11},"end":{"line":249,"column":25}}},"13":{"name":"setCharset","line":269,"loc":{"start":{"line":269,"column":21},"end":{"line":269,"column":56}}},"14":{"name":"newObject","line":291,"loc":{"start":{"line":291,"column":0},"end":{"line":291,"column":21}}}},"statementMap":{"1":{"start":{"line":13,"column":0},"end":{"line":13,"column":56}},"2":{"start":{"line":14,"column":0},"end":{"line":14,"column":42}},"3":{"start":{"line":15,"column":0},"end":{"line":15,"column":43}},"4":{"start":{"line":16,"column":0},"end":{"line":16,"column":32}},"5":{"start":{"line":17,"column":0},"end":{"line":17,"column":40}},"6":{"start":{"line":18,"column":0},"end":{"line":18,"column":27}},"7":{"start":{"line":19,"column":0},"end":{"line":19,"column":38}},"8":{"start":{"line":20,"column":0},"end":{"line":20,"column":23}},"9":{"start":{"line":21,"column":0},"end":{"line":21,"column":41}},"10":{"start":{"line":32,"column":0},"end":{"line":38,"column":2}},"11":{"start":{"line":33,"column":2},"end":{"line":35,"column":11}},"12":{"start":{"line":37,"column":2},"end":{"line":37,"column":34}},"13":{"start":{"line":49,"column":0},"end":{"line":55,"column":2}},"14":{"start":{"line":50,"column":2},"end":{"line":52,"column":11}},"15":{"start":{"line":54,"column":2},"end":{"line":54,"column":33}},"16":{"start":{"line":65,"column":0},"end":{"line":69,"column":2}},"17":{"start":{"line":66,"column":2},"end":{"line":66,"column":34}},"18":{"start":{"line":66,"column":22},"end":{"line":66,"column":34}},"19":{"start":{"line":67,"column":2},"end":{"line":67,"column":53}},"20":{"start":{"line":67,"column":41},"end":{"line":67,"column":53}},"21":{"start":{"line":68,"column":2},"end":{"line":68,"column":50}},"22":{"start":{"line":68,"column":38},"end":{"line":68,"column":50}},"23":{"start":{"line":79,"column":0},"end":{"line":90,"column":2}},"24":{"start":{"line":80,"column":2},"end":{"line":80,"column":18}},"25":{"start":{"line":81,"column":2},"end":{"line":81,"column":23}},"26":{"start":{"line":82,"column":2},"end":{"line":88,"column":3}},"27":{"start":{"line":83,"column":4},"end":{"line":87,"column":5}},"28":{"start":{"line":84,"column":6},"end":{"line":84,"column":35}},"29":{"start":{"line":86,"column":6},"end":{"line":86,"column":23}},"30":{"start":{"line":89,"column":2},"end":{"line":89,"column":13}},"31":{"start":{"line":100,"column":0},"end":{"line":104,"column":2}},"32":{"start":{"line":101,"column":2},"end":{"line":103,"column":47}},"33":{"start":{"line":114,"column":0},"end":{"line":122,"column":2}},"34":{"start":{"line":115,"column":2},"end":{"line":115,"column":15}},"35":{"start":{"line":117,"column":2},"end":{"line":119,"column":3}},"36":{"start":{"line":118,"column":4},"end":{"line":118,"column":46}},"37":{"start":{"line":121,"column":2},"end":{"line":121,"column":13}},"38":{"start":{"line":133,"column":0},"end":{"line":134,"column":74}},"39":{"start":{"line":146,"column":0},"end":{"line":160,"column":1}},"40":{"start":{"line":147,"column":2},"end":{"line":147,"column":33}},"41":{"start":{"line":148,"column":2},"end":{"line":148,"column":78}},"42":{"start":{"line":150,"column":2},"end":{"line":157,"column":3}},"43":{"start":{"line":151,"column":4},"end":{"line":151,"column":38}},"44":{"start":{"line":152,"column":4},"end":{"line":156,"column":5}},"45":{"start":{"line":153,"column":6},"end":{"line":153,"column":39}},"46":{"start":{"line":155,"column":6},"end":{"line":155,"column":34}},"47":{"start":{"line":159,"column":2},"end":{"line":159,"column":13}},"48":{"start":{"line":170,"column":0},"end":{"line":194,"column":1}},"49":{"start":{"line":171,"column":2},"end":{"line":171,"column":9}},"50":{"start":{"line":173,"column":2},"end":{"line":175,"column":3}},"51":{"start":{"line":174,"column":4},"end":{"line":174,"column":15}},"52":{"start":{"line":177,"column":2},"end":{"line":191,"column":3}},"53":{"start":{"line":179,"column":6},"end":{"line":179,"column":25}},"54":{"start":{"line":180,"column":6},"end":{"line":180,"column":12}},"55":{"start":{"line":182,"column":6},"end":{"line":182,"column":12}},"56":{"start":{"line":184,"column":6},"end":{"line":184,"column":24}},"57":{"start":{"line":185,"column":6},"end":{"line":185,"column":12}},"58":{"start":{"line":187,"column":6},"end":{"line":187,"column":25}},"59":{"start":{"line":188,"column":6},"end":{"line":188,"column":12}},"60":{"start":{"line":190,"column":6},"end":{"line":190,"column":69}},"61":{"start":{"line":193,"column":2},"end":{"line":193,"column":12}},"62":{"start":{"line":204,"column":0},"end":{"line":229,"column":1}},"63":{"start":{"line":205,"column":2},"end":{"line":205,"column":9}},"64":{"start":{"line":207,"column":2},"end":{"line":209,"column":3}},"65":{"start":{"line":208,"column":4},"end":{"line":208,"column":15}},"66":{"start":{"line":211,"column":2},"end":{"line":226,"column":3}},"67":{"start":{"line":213,"column":6},"end":{"line":213,"column":29}},"68":{"start":{"line":214,"column":6},"end":{"line":214,"column":12}},"69":{"start":{"line":216,"column":6},"end":{"line":216,"column":21}},"70":{"start":{"line":217,"column":6},"end":{"line":217,"column":12}},"71":{"start":{"line":219,"column":6},"end":{"line":219,"column":20}},"72":{"start":{"line":220,"column":6},"end":{"line":220,"column":12}},"73":{"start":{"line":222,"column":6},"end":{"line":222,"column":29}},"74":{"start":{"line":223,"column":6},"end":{"line":223,"column":12}},"75":{"start":{"line":225,"column":6},"end":{"line":225,"column":77}},"76":{"start":{"line":228,"column":2},"end":{"line":228,"column":12}},"77":{"start":{"line":239,"column":0},"end":{"line":258,"column":1}},"78":{"start":{"line":240,"column":2},"end":{"line":240,"column":44}},"79":{"start":{"line":240,"column":33},"end":{"line":240,"column":44}},"80":{"start":{"line":242,"column":2},"end":{"line":245,"column":3}},"81":{"start":{"line":244,"column":4},"end":{"line":244,"column":37}},"82":{"start":{"line":244,"column":23},"end":{"line":244,"column":35}},"83":{"start":{"line":247,"column":2},"end":{"line":250,"column":3}},"84":{"start":{"line":249,"column":4},"end":{"line":249,"column":44}},"85":{"start":{"line":249,"column":27},"end":{"line":249,"column":42}},"86":{"start":{"line":252,"column":2},"end":{"line":255,"column":3}},"87":{"start":{"line":254,"column":4},"end":{"line":254,"column":29}},"88":{"start":{"line":257,"column":2},"end":{"line":257,"column":38}},"89":{"start":{"line":269,"column":0},"end":{"line":282,"column":2}},"90":{"start":{"line":270,"column":2},"end":{"line":272,"column":3}},"91":{"start":{"line":271,"column":4},"end":{"line":271,"column":16}},"92":{"start":{"line":275,"column":2},"end":{"line":275,"column":39}},"93":{"start":{"line":278,"column":2},"end":{"line":278,"column":38}},"94":{"start":{"line":281,"column":2},"end":{"line":281,"column":36}},"95":{"start":{"line":291,"column":0},"end":{"line":293,"column":1}},"96":{"start":{"line":292,"column":2},"end":{"line":292,"column":12}}},"branchMap":{"1":{"line":33,"type":"cond-expr","locations":[{"start":{"line":34,"column":6},"end":{"line":34,"column":32}},{"start":{"line":35,"column":6},"end":{"line":35,"column":10}}]},"2":{"line":50,"type":"cond-expr","locations":[{"start":{"line":51,"column":6},"end":{"line":51,"column":32}},{"start":{"line":52,"column":6},"end":{"line":52,"column":10}}]},"3":{"line":66,"type":"if","locations":[{"start":{"line":66,"column":2},"end":{"line":66,"column":2}},{"start":{"line":66,"column":2},"end":{"line":66,"column":2}}]},"4":{"line":67,"type":"if","locations":[{"start":{"line":67,"column":2},"end":{"line":67,"column":2}},{"start":{"line":67,"column":2},"end":{"line":67,"column":2}}]},"5":{"line":67,"type":"binary-expr","locations":[{"start":{"line":67,"column":6},"end":{"line":67,"column":20}},{"start":{"line":67,"column":24},"end":{"line":67,"column":39}}]},"6":{"line":68,"type":"if","locations":[{"start":{"line":68,"column":2},"end":{"line":68,"column":2}},{"start":{"line":68,"column":2},"end":{"line":68,"column":2}}]},"7":{"line":80,"type":"binary-expr","locations":[{"start":{"line":80,"column":8},"end":{"line":80,"column":11}},{"start":{"line":80,"column":15},"end":{"line":80,"column":17}}]},"8":{"line":83,"type":"if","locations":[{"start":{"line":83,"column":4},"end":{"line":83,"column":4}},{"start":{"line":83,"column":4},"end":{"line":83,"column":4}}]},"9":{"line":101,"type":"cond-expr","locations":[{"start":{"line":102,"column":6},"end":{"line":102,"column":24}},{"start":{"line":103,"column":6},"end":{"line":103,"column":46}}]},"10":{"line":152,"type":"if","locations":[{"start":{"line":152,"column":4},"end":{"line":152,"column":4}},{"start":{"line":152,"column":4},"end":{"line":152,"column":4}}]},"11":{"line":173,"type":"if","locations":[{"start":{"line":173,"column":2},"end":{"line":173,"column":2}},{"start":{"line":173,"column":2},"end":{"line":173,"column":2}}]},"12":{"line":177,"type":"switch","locations":[{"start":{"line":178,"column":4},"end":{"line":180,"column":12}},{"start":{"line":181,"column":4},"end":{"line":182,"column":12}},{"start":{"line":183,"column":4},"end":{"line":185,"column":12}},{"start":{"line":186,"column":4},"end":{"line":188,"column":12}},{"start":{"line":189,"column":4},"end":{"line":190,"column":69}}]},"13":{"line":207,"type":"if","locations":[{"start":{"line":207,"column":2},"end":{"line":207,"column":2}},{"start":{"line":207,"column":2},"end":{"line":207,"column":2}}]},"14":{"line":211,"type":"switch","locations":[{"start":{"line":212,"column":4},"end":{"line":214,"column":12}},{"start":{"line":215,"column":4},"end":{"line":217,"column":12}},{"start":{"line":218,"column":4},"end":{"line":220,"column":12}},{"start":{"line":221,"column":4},"end":{"line":223,"column":12}},{"start":{"line":224,"column":4},"end":{"line":225,"column":77}}]},"15":{"line":240,"type":"if","locations":[{"start":{"line":240,"column":2},"end":{"line":240,"column":2}},{"start":{"line":240,"column":2},"end":{"line":240,"column":2}}]},"16":{"line":242,"type":"if","locations":[{"start":{"line":242,"column":2},"end":{"line":242,"column":2}},{"start":{"line":242,"column":2},"end":{"line":242,"column":2}}]},"17":{"line":247,"type":"if","locations":[{"start":{"line":247,"column":2},"end":{"line":247,"column":2}},{"start":{"line":247,"column":2},"end":{"line":247,"column":2}}]},"18":{"line":252,"type":"if","locations":[{"start":{"line":252,"column":2},"end":{"line":252,"column":2}},{"start":{"line":252,"column":2},"end":{"line":252,"column":2}}]},"19":{"line":257,"type":"binary-expr","locations":[{"start":{"line":257,"column":27},"end":{"line":257,"column":30}},{"start":{"line":257,"column":34},"end":{"line":257,"column":36}}]},"20":{"line":270,"type":"if","locations":[{"start":{"line":270,"column":2},"end":{"line":270,"column":2}},{"start":{"line":270,"column":2},"end":{"line":270,"column":2}}]},"21":{"line":270,"type":"binary-expr","locations":[{"start":{"line":270,"column":6},"end":{"line":270,"column":11}},{"start":{"line":270,"column":15},"end":{"line":270,"column":23}}]}}},"/Users/walter/dev/school/metrics/express/lib/router/index.js":{"path":"/Users/walter/dev/school/metrics/express/lib/router/index.js","s":{"1":1,"2":1,"3":1,"4":1,"5":1,"6":1,"7":1,"8":1,"9":1,"10":1,"11":1,"12":1,"13":601,"14":1,"15":36,"16":601,"17":601,"18":601,"19":601,"20":601,"21":601,"22":601,"23":601,"24":1,"25":26,"26":1,"27":1,"28":1,"29":25,"30":25,"31":25,"32":25,"33":2,"34":2,"35":25,"36":1,"37":1,"38":25,"39":1,"40":24,"41":24,"42":1,"43":774,"44":774,"45":774,"46":774,"47":774,"48":774,"49":774,"50":774,"51":774,"52":774,"53":774,"54":774,"55":774,"56":774,"57":774,"58":774,"59":774,"60":12,"61":7,"62":2,"63":5,"64":774,"65":774,"66":774,"67":1,"68":2544,"69":2544,"70":17,"71":17,"72":2544,"73":47,"74":47,"75":47,"76":2544,"77":49,"78":49,"79":2495,"80":2495,"81":1,"82":2494,"83":2494,"84":2494,"85":2494,"86":8736,"87":8736,"88":8736,"89":8736,"90":1,"91":8736,"92":6254,"93":2482,"94":2124,"95":358,"96":9,"97":9,"98":349,"99":349,"100":349,"101":9,"102":349,"103":30,"104":30,"105":2494,"106":51,"107":2443,"108":319,"109":2443,"110":2443,"111":2443,"112":2443,"113":8,"114":2435,"115":311,"116":2124,"117":1,"118":2124,"119":2124,"120":0,"121":2124,"122":86,"123":86,"124":86,"125":86,"126":38,"127":38,"128":86,"129":2124,"130":2124,"131":41,"132":2083,"133":1,"134":2443,"135":2443,"136":2443,"137":2315,"138":128,"139":128,"140":128,"141":128,"142":128,"143":128,"144":128,"145":1,"146":281,"147":8,"148":273,"149":120,"150":153,"151":153,"152":153,"153":0,"154":153,"155":153,"156":153,"157":153,"158":153,"159":119,"160":34,"161":6,"162":6,"163":28,"164":28,"165":1,"166":57,"167":57,"168":57,"169":7,"170":7,"171":7,"172":50,"173":21,"174":29,"175":29,"176":2,"177":128,"178":1,"179":1574,"180":1574,"181":1574,"182":472,"183":472,"184":5,"185":472,"186":471,"187":471,"188":1574,"189":1574,"190":1,"191":1573,"192":1575,"193":8,"194":1567,"195":1567,"196":1567,"197":1567,"198":1565,"199":1,"200":6292,"201":6292,"202":6292,"203":6292,"204":6292,"205":1,"206":27,"207":6027,"208":6027,"209":6027,"210":1,"211":9,"212":15,"213":15,"214":13,"215":1,"216":2495,"217":2495,"218":0,"219":1,"220":8,"221":8,"222":4,"223":4,"224":1,"225":8736,"226":8736,"227":1,"228":1,"229":5,"230":1,"231":4,"232":4,"233":2,"234":2,"235":2,"236":2,"237":4,"238":3,"239":4,"240":3,"241":2,"242":3,"243":3,"244":2,"245":2,"246":1,"247":774,"248":774,"249":774,"250":2322,"251":2322,"252":774,"253":97,"254":291,"255":97,"256":1,"257":5,"258":5,"259":5,"260":4,"261":1,"262":1,"263":12,"264":7,"265":7,"266":7,"267":7,"268":7},"b":{"1":[601,52],"2":[1,25],"3":[2,23],"4":[1,0],"5":[1,24],"6":[24,23],"7":[57,717],"8":[774,5],"9":[4,770],"10":[774,743],"11":[12,762],"12":[2,5],"13":[7,7],"14":[774,686],"15":[4,2540],"16":[17,2527],"17":[47,2497],"18":[49,2495],"19":[1,2494],"20":[11230,8787],"21":[1,8735],"22":[1,1],"23":[6254,2482],"24":[2124,358],"25":[9,349],"26":[9,340],"27":[349,30],"28":[30,319],"29":[349,30],"30":[51,2443],"31":[319,2124],"32":[5,2438],"33":[8,2435],"34":[8,8],"35":[311,2124],"36":[0,2124],"37":[2124,2086,0],"38":[86,2038],"39":[38,48],"40":[86,82],"41":[4,82],"42":[41,2083],"43":[2315,128],"44":[2443,2443],"45":[8,273],"46":[120,153],"47":[0,153],"48":[119,34],"49":[153,144],"50":[6,28],"51":[34,8,7],"52":[7,50],"53":[21,29],"54":[472,1102],"55":[477,5],"56":[471,1],"57":[1,1573],"58":[8,1567],"59":[1567,377],"60":[13,2],"61":[4,4],"62":[1,4],"63":[5,4],"64":[2,2],"65":[4,2],"66":[6,2],"67":[3,1],"68":[3,1],"69":[2,1]},"f":{"1":601,"2":36,"3":26,"4":774,"5":7,"6":2544,"7":2443,"8":2124,"9":2443,"10":281,"11":57,"12":1574,"13":1575,"14":6292,"15":27,"16":6027,"17":9,"18":2495,"19":8,"20":8736,"21":5,"22":774,"23":97,"24":5,"25":12,"26":7},"fnMap":{"1":{"name":"(anonymous_1)","line":31,"loc":{"start":{"line":31,"column":29},"end":{"line":31,"column":47}}},"2":{"name":"router","line":34,"loc":{"start":{"line":34,"column":2},"end":{"line":34,"column":34}}},"3":{"name":"param","line":85,"loc":{"start":{"line":85,"column":14},"end":{"line":85,"column":39}}},"4":{"name":"(anonymous_4)","line":125,"loc":{"start":{"line":125,"column":15},"end":{"line":125,"column":40}}},"5":{"name":"(anonymous_5)","line":156,"loc":{"start":{"line":156,"column":22},"end":{"line":156,"column":41}}},"6":{"name":"next","line":168,"loc":{"start":{"line":168,"column":2},"end":{"line":168,"column":21}}},"7":{"name":"(anonymous_7)","line":261,"loc":{"start":{"line":261,"column":54},"end":{"line":261,"column":69}}},"8":{"name":"trim_prefix","line":274,"loc":{"start":{"line":274,"column":2},"end":{"line":274,"column":59}}},"9":{"name":"(anonymous_9)","line":313,"loc":{"start":{"line":313,"column":23},"end":{"line":313,"column":63}}},"10":{"name":"param","line":334,"loc":{"start":{"line":334,"column":2},"end":{"line":334,"column":22}}},"11":{"name":"paramCallback","line":378,"loc":{"start":{"line":378,"column":2},"end":{"line":378,"column":30}}},"12":{"name":"use","line":418,"loc":{"start":{"line":418,"column":12},"end":{"line":418,"column":29}}},"13":{"name":"(anonymous_13)","line":444,"loc":{"start":{"line":444,"column":20},"end":{"line":444,"column":34}}},"14":{"name":"(anonymous_14)","line":479,"loc":{"start":{"line":479,"column":14},"end":{"line":479,"column":28}}},"15":{"name":"(anonymous_15)","line":495,"loc":{"start":{"line":495,"column":30},"end":{"line":495,"column":46}}},"16":{"name":"(anonymous_16)","line":496,"loc":{"start":{"line":496,"column":18},"end":{"line":496,"column":32}}},"17":{"name":"appendMethods","line":504,"loc":{"start":{"line":504,"column":0},"end":{"line":504,"column":39}}},"18":{"name":"getPathname","line":514,"loc":{"start":{"line":514,"column":0},"end":{"line":514,"column":26}}},"19":{"name":"gettype","line":523,"loc":{"start":{"line":523,"column":0},"end":{"line":523,"column":22}}},"20":{"name":"matchLayer","line":543,"loc":{"start":{"line":543,"column":0},"end":{"line":543,"column":33}}},"21":{"name":"mergeParams","line":552,"loc":{"start":{"line":552,"column":0},"end":{"line":552,"column":37}}},"22":{"name":"restore","line":588,"loc":{"start":{"line":588,"column":0},"end":{"line":588,"column":26}}},"23":{"name":"(anonymous_23)","line":597,"loc":{"start":{"line":597,"column":9},"end":{"line":597,"column":22}}},"24":{"name":"sendOptionsResponse","line":608,"loc":{"start":{"line":608,"column":0},"end":{"line":608,"column":49}}},"25":{"name":"wrap","line":619,"loc":{"start":{"line":619,"column":0},"end":{"line":619,"column":23}}},"26":{"name":"proxy","line":620,"loc":{"start":{"line":620,"column":9},"end":{"line":620,"column":26}}}},"statementMap":{"1":{"start":{"line":6,"column":0},"end":{"line":6,"column":31}},"2":{"start":{"line":7,"column":0},"end":{"line":7,"column":31}},"3":{"start":{"line":8,"column":0},"end":{"line":8,"column":33}},"4":{"start":{"line":9,"column":0},"end":{"line":9,"column":35}},"5":{"start":{"line":10,"column":0},"end":{"line":10,"column":47}},"6":{"start":{"line":11,"column":0},"end":{"line":11,"column":43}},"7":{"start":{"line":12,"column":0},"end":{"line":12,"column":35}},"8":{"start":{"line":13,"column":0},"end":{"line":13,"column":32}},"9":{"start":{"line":19,"column":0},"end":{"line":19,"column":40}},"10":{"start":{"line":20,"column":0},"end":{"line":20,"column":34}},"11":{"start":{"line":21,"column":0},"end":{"line":21,"column":41}},"12":{"start":{"line":31,"column":0},"end":{"line":49,"column":2}},"13":{"start":{"line":32,"column":2},"end":{"line":32,"column":26}},"14":{"start":{"line":34,"column":2},"end":{"line":36,"column":3}},"15":{"start":{"line":35,"column":4},"end":{"line":35,"column":34}},"16":{"start":{"line":39,"column":2},"end":{"line":39,"column":27}},"17":{"start":{"line":41,"column":2},"end":{"line":41,"column":21}},"18":{"start":{"line":42,"column":2},"end":{"line":42,"column":22}},"19":{"start":{"line":43,"column":2},"end":{"line":43,"column":47}},"20":{"start":{"line":44,"column":2},"end":{"line":44,"column":43}},"21":{"start":{"line":45,"column":2},"end":{"line":45,"column":33}},"22":{"start":{"line":46,"column":2},"end":{"line":46,"column":20}},"23":{"start":{"line":48,"column":2},"end":{"line":48,"column":16}},"24":{"start":{"line":85,"column":0},"end":{"line":117,"column":2}},"25":{"start":{"line":87,"column":2},"end":{"line":91,"column":3}},"26":{"start":{"line":88,"column":4},"end":{"line":88,"column":63}},"27":{"start":{"line":89,"column":4},"end":{"line":89,"column":28}},"28":{"start":{"line":90,"column":4},"end":{"line":90,"column":11}},"29":{"start":{"line":94,"column":2},"end":{"line":94,"column":28}},"30":{"start":{"line":95,"column":2},"end":{"line":95,"column":26}},"31":{"start":{"line":96,"column":2},"end":{"line":96,"column":10}},"32":{"start":{"line":98,"column":2},"end":{"line":101,"column":3}},"33":{"start":{"line":99,"column":4},"end":{"line":99,"column":134}},"34":{"start":{"line":100,"column":4},"end":{"line":100,"column":26}},"35":{"start":{"line":103,"column":2},"end":{"line":107,"column":3}},"36":{"start":{"line":104,"column":4},"end":{"line":106,"column":5}},"37":{"start":{"line":105,"column":6},"end":{"line":105,"column":15}},"38":{"start":{"line":111,"column":2},"end":{"line":113,"column":3}},"39":{"start":{"line":112,"column":4},"end":{"line":112,"column":72}},"40":{"start":{"line":115,"column":2},"end":{"line":115,"column":57}},"41":{"start":{"line":116,"column":2},"end":{"line":116,"column":14}},"42":{"start":{"line":125,"column":0},"end":{"line":305,"column":2}},"43":{"start":{"line":126,"column":2},"end":{"line":126,"column":18}},"44":{"start":{"line":128,"column":2},"end":{"line":128,"column":50}},"45":{"start":{"line":130,"column":2},"end":{"line":130,"column":40}},"46":{"start":{"line":131,"column":2},"end":{"line":131,"column":56}},"47":{"start":{"line":132,"column":2},"end":{"line":132,"column":84}},"48":{"start":{"line":133,"column":2},"end":{"line":133,"column":80}},"49":{"start":{"line":134,"column":2},"end":{"line":134,"column":14}},"50":{"start":{"line":135,"column":2},"end":{"line":135,"column":19}},"51":{"start":{"line":136,"column":2},"end":{"line":136,"column":25}},"52":{"start":{"line":137,"column":2},"end":{"line":137,"column":23}},"53":{"start":{"line":141,"column":2},"end":{"line":141,"column":19}},"54":{"start":{"line":144,"column":2},"end":{"line":144,"column":25}},"55":{"start":{"line":147,"column":2},"end":{"line":147,"column":32}},"56":{"start":{"line":148,"column":2},"end":{"line":148,"column":36}},"57":{"start":{"line":149,"column":2},"end":{"line":149,"column":57}},"58":{"start":{"line":152,"column":2},"end":{"line":152,"column":18}},"59":{"start":{"line":155,"column":2},"end":{"line":160,"column":3}},"60":{"start":{"line":156,"column":4},"end":{"line":159,"column":7}},"61":{"start":{"line":157,"column":6},"end":{"line":157,"column":55}},"62":{"start":{"line":157,"column":39},"end":{"line":157,"column":55}},"63":{"start":{"line":158,"column":6},"end":{"line":158,"column":45}},"64":{"start":{"line":163,"column":2},"end":{"line":163,"column":26}},"65":{"start":{"line":164,"column":2},"end":{"line":164,"column":47}},"66":{"start":{"line":166,"column":2},"end":{"line":166,"column":9}},"67":{"start":{"line":168,"column":2},"end":{"line":272,"column":3}},"68":{"start":{"line":169,"column":4},"end":{"line":171,"column":12}},"69":{"start":{"line":174,"column":4},"end":{"line":177,"column":5}},"70":{"start":{"line":175,"column":6},"end":{"line":175,"column":34}},"71":{"start":{"line":176,"column":6},"end":{"line":176,"column":25}},"72":{"start":{"line":180,"column":4},"end":{"line":184,"column":5}},"73":{"start":{"line":181,"column":6},"end":{"line":181,"column":30}},"74":{"start":{"line":182,"column":6},"end":{"line":182,"column":71}},"75":{"start":{"line":183,"column":6},"end":{"line":183,"column":19}},"76":{"start":{"line":187,"column":4},"end":{"line":190,"column":5}},"77":{"start":{"line":188,"column":6},"end":{"line":188,"column":37}},"78":{"start":{"line":189,"column":6},"end":{"line":189,"column":13}},"79":{"start":{"line":193,"column":4},"end":{"line":193,"column":32}},"80":{"start":{"line":195,"column":4},"end":{"line":197,"column":5}},"81":{"start":{"line":196,"column":6},"end":{"line":196,"column":30}},"82":{"start":{"line":200,"column":4},"end":{"line":200,"column":14}},"83":{"start":{"line":201,"column":4},"end":{"line":201,"column":14}},"84":{"start":{"line":202,"column":4},"end":{"line":202,"column":14}},"85":{"start":{"line":204,"column":4},"end":{"line":242,"column":5}},"86":{"start":{"line":205,"column":6},"end":{"line":205,"column":27}},"87":{"start":{"line":206,"column":6},"end":{"line":206,"column":38}},"88":{"start":{"line":207,"column":6},"end":{"line":207,"column":26}},"89":{"start":{"line":209,"column":6},"end":{"line":212,"column":7}},"90":{"start":{"line":211,"column":8},"end":{"line":211,"column":41}},"91":{"start":{"line":214,"column":6},"end":{"line":216,"column":7}},"92":{"start":{"line":215,"column":8},"end":{"line":215,"column":17}},"93":{"start":{"line":218,"column":6},"end":{"line":221,"column":7}},"94":{"start":{"line":220,"column":8},"end":{"line":220,"column":17}},"95":{"start":{"line":223,"column":6},"end":{"line":227,"column":7}},"96":{"start":{"line":225,"column":8},"end":{"line":225,"column":22}},"97":{"start":{"line":226,"column":8},"end":{"line":226,"column":17}},"98":{"start":{"line":229,"column":6},"end":{"line":229,"column":30}},"99":{"start":{"line":230,"column":6},"end":{"line":230,"column":53}},"100":{"start":{"line":233,"column":6},"end":{"line":235,"column":7}},"101":{"start":{"line":234,"column":8},"end":{"line":234,"column":49}},"102":{"start":{"line":238,"column":6},"end":{"line":241,"column":7}},"103":{"start":{"line":239,"column":8},"end":{"line":239,"column":22}},"104":{"start":{"line":240,"column":8},"end":{"line":240,"column":17}},"105":{"start":{"line":245,"column":4},"end":{"line":247,"column":5}},"106":{"start":{"line":246,"column":6},"end":{"line":246,"column":30}},"107":{"start":{"line":250,"column":4},"end":{"line":252,"column":5}},"108":{"start":{"line":251,"column":6},"end":{"line":251,"column":24}},"109":{"start":{"line":255,"column":4},"end":{"line":257,"column":21}},"110":{"start":{"line":258,"column":4},"end":{"line":258,"column":31}},"111":{"start":{"line":261,"column":4},"end":{"line":271,"column":7}},"112":{"start":{"line":262,"column":6},"end":{"line":264,"column":7}},"113":{"start":{"line":263,"column":8},"end":{"line":263,"column":39}},"114":{"start":{"line":266,"column":6},"end":{"line":268,"column":7}},"115":{"start":{"line":267,"column":8},"end":{"line":267,"column":52}},"116":{"start":{"line":270,"column":6},"end":{"line":270,"column":54}},"117":{"start":{"line":274,"column":2},"end":{"line":304,"column":3}},"118":{"start":{"line":275,"column":4},"end":{"line":275,"column":35}},"119":{"start":{"line":276,"column":4},"end":{"line":276,"column":61}},"120":{"start":{"line":276,"column":37},"end":{"line":276,"column":61}},"121":{"start":{"line":280,"column":4},"end":{"line":295,"column":5}},"122":{"start":{"line":281,"column":6},"end":{"line":281,"column":64}},"123":{"start":{"line":282,"column":6},"end":{"line":282,"column":26}},"124":{"start":{"line":283,"column":6},"end":{"line":283,"column":78}},"125":{"start":{"line":286,"column":6},"end":{"line":289,"column":7}},"126":{"start":{"line":287,"column":8},"end":{"line":287,"column":32}},"127":{"start":{"line":288,"column":8},"end":{"line":288,"column":26}},"128":{"start":{"line":292,"column":6},"end":{"line":294,"column":19}},"129":{"start":{"line":297,"column":4},"end":{"line":297,"column":64}},"130":{"start":{"line":299,"column":4},"end":{"line":303,"column":5}},"131":{"start":{"line":300,"column":6},"end":{"line":300,"column":53}},"132":{"start":{"line":302,"column":6},"end":{"line":302,"column":43}},"133":{"start":{"line":313,"column":0},"end":{"line":401,"column":2}},"134":{"start":{"line":314,"column":2},"end":{"line":314,"column":27}},"135":{"start":{"line":317,"column":2},"end":{"line":317,"column":24}},"136":{"start":{"line":320,"column":2},"end":{"line":322,"column":3}},"137":{"start":{"line":321,"column":4},"end":{"line":321,"column":18}},"138":{"start":{"line":324,"column":2},"end":{"line":324,"column":12}},"139":{"start":{"line":325,"column":2},"end":{"line":325,"column":11}},"140":{"start":{"line":326,"column":2},"end":{"line":326,"column":21}},"141":{"start":{"line":327,"column":2},"end":{"line":327,"column":10}},"142":{"start":{"line":328,"column":2},"end":{"line":328,"column":15}},"143":{"start":{"line":329,"column":2},"end":{"line":329,"column":21}},"144":{"start":{"line":330,"column":2},"end":{"line":330,"column":18}},"145":{"start":{"line":334,"column":2},"end":{"line":375,"column":3}},"146":{"start":{"line":335,"column":4},"end":{"line":337,"column":5}},"147":{"start":{"line":336,"column":6},"end":{"line":336,"column":23}},"148":{"start":{"line":339,"column":4},"end":{"line":341,"column":5}},"149":{"start":{"line":340,"column":6},"end":{"line":340,"column":20}},"150":{"start":{"line":343,"column":4},"end":{"line":343,"column":19}},"151":{"start":{"line":344,"column":4},"end":{"line":344,"column":20}},"152":{"start":{"line":346,"column":4},"end":{"line":348,"column":5}},"153":{"start":{"line":347,"column":6},"end":{"line":347,"column":20}},"154":{"start":{"line":350,"column":4},"end":{"line":350,"column":20}},"155":{"start":{"line":351,"column":4},"end":{"line":351,"column":32}},"156":{"start":{"line":352,"column":4},"end":{"line":352,"column":34}},"157":{"start":{"line":353,"column":4},"end":{"line":353,"column":31}},"158":{"start":{"line":355,"column":4},"end":{"line":357,"column":5}},"159":{"start":{"line":356,"column":6},"end":{"line":356,"column":21}},"160":{"start":{"line":360,"column":4},"end":{"line":366,"column":5}},"161":{"start":{"line":362,"column":6},"end":{"line":362,"column":43}},"162":{"start":{"line":365,"column":6},"end":{"line":365,"column":38}},"163":{"start":{"line":368,"column":4},"end":{"line":372,"column":6}},"164":{"start":{"line":374,"column":4},"end":{"line":374,"column":20}},"165":{"start":{"line":378,"column":2},"end":{"line":398,"column":3}},"166":{"start":{"line":379,"column":4},"end":{"line":379,"column":42}},"167":{"start":{"line":382,"column":4},"end":{"line":382,"column":45}},"168":{"start":{"line":384,"column":4},"end":{"line":389,"column":5}},"169":{"start":{"line":386,"column":6},"end":{"line":386,"column":30}},"170":{"start":{"line":387,"column":6},"end":{"line":387,"column":17}},"171":{"start":{"line":388,"column":6},"end":{"line":388,"column":13}},"172":{"start":{"line":391,"column":4},"end":{"line":391,"column":28}},"173":{"start":{"line":391,"column":13},"end":{"line":391,"column":28}},"174":{"start":{"line":393,"column":4},"end":{"line":397,"column":5}},"175":{"start":{"line":394,"column":6},"end":{"line":394,"column":54}},"176":{"start":{"line":396,"column":6},"end":{"line":396,"column":23}},"177":{"start":{"line":400,"column":2},"end":{"line":400,"column":10}},"178":{"start":{"line":418,"column":0},"end":{"line":464,"column":2}},"179":{"start":{"line":419,"column":2},"end":{"line":419,"column":17}},"180":{"start":{"line":420,"column":2},"end":{"line":420,"column":17}},"181":{"start":{"line":424,"column":2},"end":{"line":436,"column":3}},"182":{"start":{"line":425,"column":4},"end":{"line":425,"column":17}},"183":{"start":{"line":427,"column":4},"end":{"line":429,"column":5}},"184":{"start":{"line":428,"column":6},"end":{"line":428,"column":19}},"185":{"start":{"line":432,"column":4},"end":{"line":435,"column":5}},"186":{"start":{"line":433,"column":6},"end":{"line":433,"column":17}},"187":{"start":{"line":434,"column":6},"end":{"line":434,"column":16}},"188":{"start":{"line":438,"column":2},"end":{"line":438,"column":63}},"189":{"start":{"line":440,"column":2},"end":{"line":442,"column":3}},"190":{"start":{"line":441,"column":4},"end":{"line":441,"column":70}},"191":{"start":{"line":444,"column":2},"end":{"line":461,"column":11}},"192":{"start":{"line":445,"column":4},"end":{"line":447,"column":5}},"193":{"start":{"line":446,"column":6},"end":{"line":446,"column":96}},"194":{"start":{"line":450,"column":4},"end":{"line":450,"column":55}},"195":{"start":{"line":452,"column":4},"end":{"line":456,"column":11}},"196":{"start":{"line":458,"column":4},"end":{"line":458,"column":28}},"197":{"start":{"line":460,"column":4},"end":{"line":460,"column":27}},"198":{"start":{"line":463,"column":2},"end":{"line":463,"column":14}},"199":{"start":{"line":479,"column":0},"end":{"line":492,"column":2}},"200":{"start":{"line":480,"column":2},"end":{"line":480,"column":30}},"201":{"start":{"line":482,"column":2},"end":{"line":486,"column":33}},"202":{"start":{"line":488,"column":2},"end":{"line":488,"column":22}},"203":{"start":{"line":490,"column":2},"end":{"line":490,"column":25}},"204":{"start":{"line":491,"column":2},"end":{"line":491,"column":15}},"205":{"start":{"line":495,"column":0},"end":{"line":501,"column":3}},"206":{"start":{"line":496,"column":2},"end":{"line":500,"column":4}},"207":{"start":{"line":497,"column":4},"end":{"line":497,"column":32}},"208":{"start":{"line":498,"column":4},"end":{"line":498,"column":57}},"209":{"start":{"line":499,"column":4},"end":{"line":499,"column":16}},"210":{"start":{"line":504,"column":0},"end":{"line":511,"column":1}},"211":{"start":{"line":505,"column":2},"end":{"line":510,"column":3}},"212":{"start":{"line":506,"column":4},"end":{"line":506,"column":29}},"213":{"start":{"line":507,"column":4},"end":{"line":509,"column":5}},"214":{"start":{"line":508,"column":6},"end":{"line":508,"column":24}},"215":{"start":{"line":514,"column":0},"end":{"line":520,"column":1}},"216":{"start":{"line":515,"column":2},"end":{"line":519,"column":3}},"217":{"start":{"line":516,"column":4},"end":{"line":516,"column":34}},"218":{"start":{"line":518,"column":4},"end":{"line":518,"column":21}},"219":{"start":{"line":523,"column":0},"end":{"line":533,"column":1}},"220":{"start":{"line":524,"column":2},"end":{"line":524,"column":24}},"221":{"start":{"line":526,"column":2},"end":{"line":528,"column":3}},"222":{"start":{"line":527,"column":4},"end":{"line":527,"column":16}},"223":{"start":{"line":531,"column":2},"end":{"line":532,"column":33}},"224":{"start":{"line":543,"column":0},"end":{"line":549,"column":1}},"225":{"start":{"line":544,"column":2},"end":{"line":548,"column":3}},"226":{"start":{"line":545,"column":4},"end":{"line":545,"column":29}},"227":{"start":{"line":547,"column":4},"end":{"line":547,"column":15}},"228":{"start":{"line":552,"column":0},"end":{"line":585,"column":1}},"229":{"start":{"line":553,"column":2},"end":{"line":555,"column":3}},"230":{"start":{"line":554,"column":4},"end":{"line":554,"column":18}},"231":{"start":{"line":558,"column":2},"end":{"line":558,"column":30}},"232":{"start":{"line":561,"column":2},"end":{"line":563,"column":3}},"233":{"start":{"line":562,"column":4},"end":{"line":562,"column":30}},"234":{"start":{"line":565,"column":2},"end":{"line":565,"column":12}},"235":{"start":{"line":566,"column":2},"end":{"line":566,"column":12}},"236":{"start":{"line":569,"column":2},"end":{"line":572,"column":3}},"237":{"start":{"line":570,"column":4},"end":{"line":570,"column":25}},"238":{"start":{"line":570,"column":21},"end":{"line":570,"column":25}},"239":{"start":{"line":571,"column":4},"end":{"line":571,"column":25}},"240":{"start":{"line":571,"column":21},"end":{"line":571,"column":25}},"241":{"start":{"line":575,"column":2},"end":{"line":582,"column":3}},"242":{"start":{"line":576,"column":4},"end":{"line":576,"column":30}},"243":{"start":{"line":579,"column":4},"end":{"line":581,"column":5}},"244":{"start":{"line":580,"column":6},"end":{"line":580,"column":23}},"245":{"start":{"line":584,"column":2},"end":{"line":584,"column":31}},"246":{"start":{"line":588,"column":0},"end":{"line":605,"column":1}},"247":{"start":{"line":589,"column":2},"end":{"line":589,"column":46}},"248":{"start":{"line":590,"column":2},"end":{"line":590,"column":45}},"249":{"start":{"line":592,"column":2},"end":{"line":595,"column":3}},"250":{"start":{"line":593,"column":4},"end":{"line":593,"column":32}},"251":{"start":{"line":594,"column":4},"end":{"line":594,"column":28}},"252":{"start":{"line":597,"column":2},"end":{"line":604,"column":4}},"253":{"start":{"line":599,"column":4},"end":{"line":601,"column":5}},"254":{"start":{"line":600,"column":6},"end":{"line":600,"column":30}},"255":{"start":{"line":603,"column":4},"end":{"line":603,"column":37}},"256":{"start":{"line":608,"column":0},"end":{"line":616,"column":1}},"257":{"start":{"line":609,"column":2},"end":{"line":615,"column":3}},"258":{"start":{"line":610,"column":4},"end":{"line":610,"column":33}},"259":{"start":{"line":611,"column":4},"end":{"line":611,"column":27}},"260":{"start":{"line":612,"column":4},"end":{"line":612,"column":19}},"261":{"start":{"line":614,"column":4},"end":{"line":614,"column":14}},"262":{"start":{"line":619,"column":0},"end":{"line":630,"column":1}},"263":{"start":{"line":620,"column":2},"end":{"line":629,"column":4}},"264":{"start":{"line":621,"column":4},"end":{"line":621,"column":47}},"265":{"start":{"line":623,"column":4},"end":{"line":623,"column":18}},"266":{"start":{"line":624,"column":4},"end":{"line":626,"column":5}},"267":{"start":{"line":625,"column":6},"end":{"line":625,"column":33}},"268":{"start":{"line":628,"column":4},"end":{"line":628,"column":25}}},"branchMap":{"1":{"line":32,"type":"binary-expr","locations":[{"start":{"line":32,"column":12},"end":{"line":32,"column":19}},{"start":{"line":32,"column":23},"end":{"line":32,"column":25}}]},"2":{"line":87,"type":"if","locations":[{"start":{"line":87,"column":2},"end":{"line":87,"column":2}},{"start":{"line":87,"column":2},"end":{"line":87,"column":2}}]},"3":{"line":98,"type":"if","locations":[{"start":{"line":98,"column":2},"end":{"line":98,"column":2}},{"start":{"line":98,"column":2},"end":{"line":98,"column":2}}]},"4":{"line":104,"type":"if","locations":[{"start":{"line":104,"column":4},"end":{"line":104,"column":4}},{"start":{"line":104,"column":4},"end":{"line":104,"column":4}}]},"5":{"line":111,"type":"if","locations":[{"start":{"line":111,"column":2},"end":{"line":111,"column":2}},{"start":{"line":111,"column":2},"end":{"line":111,"column":2}}]},"6":{"line":115,"type":"binary-expr","locations":[{"start":{"line":115,"column":23},"end":{"line":115,"column":40}},{"start":{"line":115,"column":44},"end":{"line":115,"column":46}}]},"7":{"line":131,"type":"cond-expr","locations":[{"start":{"line":131,"column":28},"end":{"line":131,"column":38}},{"start":{"line":131,"column":41},"end":{"line":131,"column":55}}]},"8":{"line":132,"type":"binary-expr","locations":[{"start":{"line":132,"column":13},"end":{"line":132,"column":31}},{"start":{"line":132,"column":35},"end":{"line":132,"column":83}}]},"9":{"line":133,"type":"cond-expr","locations":[{"start":{"line":133,"column":25},"end":{"line":133,"column":74}},{"start":{"line":133,"column":77},"end":{"line":133,"column":79}}]},"10":{"line":148,"type":"binary-expr","locations":[{"start":{"line":148,"column":18},"end":{"line":148,"column":29}},{"start":{"line":148,"column":33},"end":{"line":148,"column":35}}]},"11":{"line":155,"type":"if","locations":[{"start":{"line":155,"column":2},"end":{"line":155,"column":2}},{"start":{"line":155,"column":2},"end":{"line":155,"column":2}}]},"12":{"line":157,"type":"if","locations":[{"start":{"line":157,"column":6},"end":{"line":157,"column":6}},{"start":{"line":157,"column":6},"end":{"line":157,"column":6}}]},"13":{"line":157,"type":"binary-expr","locations":[{"start":{"line":157,"column":10},"end":{"line":157,"column":13}},{"start":{"line":157,"column":17},"end":{"line":157,"column":37}}]},"14":{"line":164,"type":"binary-expr","locations":[{"start":{"line":164,"column":20},"end":{"line":164,"column":35}},{"start":{"line":164,"column":39},"end":{"line":164,"column":46}}]},"15":{"line":169,"type":"cond-expr","locations":[{"start":{"line":170,"column":8},"end":{"line":170,"column":12}},{"start":{"line":171,"column":8},"end":{"line":171,"column":11}}]},"16":{"line":174,"type":"if","locations":[{"start":{"line":174,"column":4},"end":{"line":174,"column":4}},{"start":{"line":174,"column":4},"end":{"line":174,"column":4}}]},"17":{"line":180,"type":"if","locations":[{"start":{"line":180,"column":4},"end":{"line":180,"column":4}},{"start":{"line":180,"column":4},"end":{"line":180,"column":4}}]},"18":{"line":187,"type":"if","locations":[{"start":{"line":187,"column":4},"end":{"line":187,"column":4}},{"start":{"line":187,"column":4},"end":{"line":187,"column":4}}]},"19":{"line":195,"type":"if","locations":[{"start":{"line":195,"column":4},"end":{"line":195,"column":4}},{"start":{"line":195,"column":4},"end":{"line":195,"column":4}}]},"20":{"line":204,"type":"binary-expr","locations":[{"start":{"line":204,"column":11},"end":{"line":204,"column":25}},{"start":{"line":204,"column":29},"end":{"line":204,"column":47}}]},"21":{"line":209,"type":"if","locations":[{"start":{"line":209,"column":6},"end":{"line":209,"column":6}},{"start":{"line":209,"column":6},"end":{"line":209,"column":6}}]},"22":{"line":211,"type":"binary-expr","locations":[{"start":{"line":211,"column":21},"end":{"line":211,"column":31}},{"start":{"line":211,"column":35},"end":{"line":211,"column":40}}]},"23":{"line":214,"type":"if","locations":[{"start":{"line":214,"column":6},"end":{"line":214,"column":6}},{"start":{"line":214,"column":6},"end":{"line":214,"column":6}}]},"24":{"line":218,"type":"if","locations":[{"start":{"line":218,"column":6},"end":{"line":218,"column":6}},{"start":{"line":218,"column":6},"end":{"line":218,"column":6}}]},"25":{"line":223,"type":"if","locations":[{"start":{"line":223,"column":6},"end":{"line":223,"column":6}},{"start":{"line":223,"column":6},"end":{"line":223,"column":6}}]},"26":{"line":233,"type":"if","locations":[{"start":{"line":233,"column":6},"end":{"line":233,"column":6}},{"start":{"line":233,"column":6},"end":{"line":233,"column":6}}]},"27":{"line":233,"type":"binary-expr","locations":[{"start":{"line":233,"column":10},"end":{"line":233,"column":21}},{"start":{"line":233,"column":25},"end":{"line":233,"column":45}}]},"28":{"line":238,"type":"if","locations":[{"start":{"line":238,"column":6},"end":{"line":238,"column":6}},{"start":{"line":238,"column":6},"end":{"line":238,"column":6}}]},"29":{"line":238,"type":"binary-expr","locations":[{"start":{"line":238,"column":10},"end":{"line":238,"column":21}},{"start":{"line":238,"column":25},"end":{"line":238,"column":42}}]},"30":{"line":245,"type":"if","locations":[{"start":{"line":245,"column":4},"end":{"line":245,"column":4}},{"start":{"line":245,"column":4},"end":{"line":245,"column":4}}]},"31":{"line":250,"type":"if","locations":[{"start":{"line":250,"column":4},"end":{"line":250,"column":4}},{"start":{"line":250,"column":4},"end":{"line":250,"column":4}}]},"32":{"line":255,"type":"cond-expr","locations":[{"start":{"line":256,"column":8},"end":{"line":256,"column":47}},{"start":{"line":257,"column":8},"end":{"line":257,"column":20}}]},"33":{"line":262,"type":"if","locations":[{"start":{"line":262,"column":6},"end":{"line":262,"column":6}},{"start":{"line":262,"column":6},"end":{"line":262,"column":6}}]},"34":{"line":263,"type":"binary-expr","locations":[{"start":{"line":263,"column":20},"end":{"line":263,"column":30}},{"start":{"line":263,"column":34},"end":{"line":263,"column":37}}]},"35":{"line":266,"type":"if","locations":[{"start":{"line":266,"column":6},"end":{"line":266,"column":6}},{"start":{"line":266,"column":6},"end":{"line":266,"column":6}}]},"36":{"line":276,"type":"if","locations":[{"start":{"line":276,"column":4},"end":{"line":276,"column":4}},{"start":{"line":276,"column":4},"end":{"line":276,"column":4}}]},"37":{"line":276,"type":"binary-expr","locations":[{"start":{"line":276,"column":8},"end":{"line":276,"column":9}},{"start":{"line":276,"column":13},"end":{"line":276,"column":22}},{"start":{"line":276,"column":26},"end":{"line":276,"column":35}}]},"38":{"line":280,"type":"if","locations":[{"start":{"line":280,"column":4},"end":{"line":280,"column":4}},{"start":{"line":280,"column":4},"end":{"line":280,"column":4}}]},"39":{"line":286,"type":"if","locations":[{"start":{"line":286,"column":6},"end":{"line":286,"column":6}},{"start":{"line":286,"column":6},"end":{"line":286,"column":6}}]},"40":{"line":286,"type":"binary-expr","locations":[{"start":{"line":286,"column":10},"end":{"line":286,"column":15}},{"start":{"line":286,"column":19},"end":{"line":286,"column":37}}]},"41":{"line":292,"type":"cond-expr","locations":[{"start":{"line":293,"column":10},"end":{"line":293,"column":50}},{"start":{"line":294,"column":10},"end":{"line":294,"column":17}}]},"42":{"line":299,"type":"if","locations":[{"start":{"line":299,"column":4},"end":{"line":299,"column":4}},{"start":{"line":299,"column":4},"end":{"line":299,"column":4}}]},"43":{"line":320,"type":"if","locations":[{"start":{"line":320,"column":2},"end":{"line":320,"column":2}},{"start":{"line":320,"column":2},"end":{"line":320,"column":2}}]},"44":{"line":320,"type":"binary-expr","locations":[{"start":{"line":320,"column":6},"end":{"line":320,"column":11}},{"start":{"line":320,"column":15},"end":{"line":320,"column":32}}]},"45":{"line":335,"type":"if","locations":[{"start":{"line":335,"column":4},"end":{"line":335,"column":4}},{"start":{"line":335,"column":4},"end":{"line":335,"column":4}}]},"46":{"line":339,"type":"if","locations":[{"start":{"line":339,"column":4},"end":{"line":339,"column":4}},{"start":{"line":339,"column":4},"end":{"line":339,"column":4}}]},"47":{"line":346,"type":"if","locations":[{"start":{"line":346,"column":4},"end":{"line":346,"column":4}},{"start":{"line":346,"column":4},"end":{"line":346,"column":4}}]},"48":{"line":355,"type":"if","locations":[{"start":{"line":355,"column":4},"end":{"line":355,"column":4}},{"start":{"line":355,"column":4},"end":{"line":355,"column":4}}]},"49":{"line":355,"type":"binary-expr","locations":[{"start":{"line":355,"column":8},"end":{"line":355,"column":30}},{"start":{"line":355,"column":34},"end":{"line":355,"column":49}}]},"50":{"line":360,"type":"if","locations":[{"start":{"line":360,"column":4},"end":{"line":360,"column":4}},{"start":{"line":360,"column":4},"end":{"line":360,"column":4}}]},"51":{"line":360,"type":"binary-expr","locations":[{"start":{"line":360,"column":8},"end":{"line":360,"column":19}},{"start":{"line":360,"column":24},"end":{"line":360,"column":41}},{"start":{"line":360,"column":45},"end":{"line":360,"column":75}}]},"52":{"line":384,"type":"if","locations":[{"start":{"line":384,"column":4},"end":{"line":384,"column":4}},{"start":{"line":384,"column":4},"end":{"line":384,"column":4}}]},"53":{"line":391,"type":"if","locations":[{"start":{"line":391,"column":4},"end":{"line":391,"column":4}},{"start":{"line":391,"column":4},"end":{"line":391,"column":4}}]},"54":{"line":424,"type":"if","locations":[{"start":{"line":424,"column":2},"end":{"line":424,"column":2}},{"start":{"line":424,"column":2},"end":{"line":424,"column":2}}]},"55":{"line":427,"type":"binary-expr","locations":[{"start":{"line":427,"column":11},"end":{"line":427,"column":29}},{"start":{"line":427,"column":33},"end":{"line":427,"column":49}}]},"56":{"line":432,"type":"if","locations":[{"start":{"line":432,"column":4},"end":{"line":432,"column":4}},{"start":{"line":432,"column":4},"end":{"line":432,"column":4}}]},"57":{"line":440,"type":"if","locations":[{"start":{"line":440,"column":2},"end":{"line":440,"column":2}},{"start":{"line":440,"column":2},"end":{"line":440,"column":2}}]},"58":{"line":445,"type":"if","locations":[{"start":{"line":445,"column":4},"end":{"line":445,"column":4}},{"start":{"line":445,"column":4},"end":{"line":445,"column":4}}]},"59":{"line":450,"type":"binary-expr","locations":[{"start":{"line":450,"column":29},"end":{"line":450,"column":36}},{"start":{"line":450,"column":40},"end":{"line":450,"column":53}}]},"60":{"line":507,"type":"if","locations":[{"start":{"line":507,"column":4},"end":{"line":507,"column":4}},{"start":{"line":507,"column":4},"end":{"line":507,"column":4}}]},"61":{"line":526,"type":"if","locations":[{"start":{"line":526,"column":2},"end":{"line":526,"column":2}},{"start":{"line":526,"column":2},"end":{"line":526,"column":2}}]},"62":{"line":553,"type":"if","locations":[{"start":{"line":553,"column":2},"end":{"line":553,"column":2}},{"start":{"line":553,"column":2},"end":{"line":553,"column":2}}]},"63":{"line":553,"type":"binary-expr","locations":[{"start":{"line":553,"column":6},"end":{"line":553,"column":32}},{"start":{"line":553,"column":36},"end":{"line":553,"column":43}}]},"64":{"line":561,"type":"if","locations":[{"start":{"line":561,"column":2},"end":{"line":561,"column":2}},{"start":{"line":561,"column":2},"end":{"line":561,"column":2}}]},"65":{"line":561,"type":"binary-expr","locations":[{"start":{"line":561,"column":6},"end":{"line":561,"column":20}},{"start":{"line":561,"column":24},"end":{"line":561,"column":38}}]},"66":{"line":569,"type":"binary-expr","locations":[{"start":{"line":569,"column":9},"end":{"line":569,"column":16}},{"start":{"line":569,"column":20},"end":{"line":569,"column":31}}]},"67":{"line":570,"type":"if","locations":[{"start":{"line":570,"column":4},"end":{"line":570,"column":4}},{"start":{"line":570,"column":4},"end":{"line":570,"column":4}}]},"68":{"line":571,"type":"if","locations":[{"start":{"line":571,"column":4},"end":{"line":571,"column":4}},{"start":{"line":571,"column":4},"end":{"line":571,"column":4}}]},"69":{"line":579,"type":"if","locations":[{"start":{"line":579,"column":4},"end":{"line":579,"column":4}},{"start":{"line":579,"column":4},"end":{"line":579,"column":4}}]}}},"/Users/walter/dev/school/metrics/express/lib/router/route.js":{"path":"/Users/walter/dev/school/metrics/express/lib/router/route.js","s":{"1":1,"2":1,"3":1,"4":1,"5":1,"6":1,"7":6303,"8":6303,"9":6303,"10":6303,"11":1,"12":349,"13":27,"14":322,"15":322,"16":1,"17":322,"18":1,"19":9,"20":9,"21":6,"22":9,"23":15,"24":9,"25":1,"26":347,"27":347,"28":347,"29":0,"30":347,"31":347,"32":3,"33":347,"34":347,"35":1,"36":771,"37":3,"38":768,"39":768,"40":84,"41":684,"42":305,"43":379,"44":11,"45":368,"46":1,"47":20,"48":20,"49":20,"50":3,"51":3,"52":3,"53":17,"54":17,"55":17,"56":17,"57":17,"58":1,"59":26,"60":6446,"61":6446,"62":6464,"63":26,"64":26,"65":26,"66":6438,"67":6438,"68":6438,"69":6438,"70":6438,"71":6420},"b":{"1":[27,322],"2":[1,321],"3":[322,4],"4":[6,3],"5":[9,6],"6":[0,347],"7":[3,344],"8":[347,6],"9":[3,768],"10":[771,82],"11":[84,684],"12":[305,379],"13":[684,619],"14":[11,368],"15":[3,17],"16":[26,6438]},"f":{"1":6303,"2":349,"3":9,"4":347,"5":771,"6":20,"7":20,"8":26,"9":6446,"10":6464},"fnMap":{"1":{"name":"Route","line":23,"loc":{"start":{"line":23,"column":0},"end":{"line":23,"column":21}}},"2":{"name":"_handles_method","line":36,"loc":{"start":{"line":36,"column":34},"end":{"line":36,"column":67}}},"3":{"name":"_options","line":55,"loc":{"start":{"line":55,"column":27},"end":{"line":55,"column":47}}},"4":{"name":"(anonymous_4)","line":77,"loc":{"start":{"line":77,"column":27},"end":{"line":77,"column":51}}},"5":{"name":"next","line":93,"loc":{"start":{"line":93,"column":2},"end":{"line":93,"column":21}}},"6":{"name":"(anonymous_6)","line":143,"loc":{"start":{"line":143,"column":22},"end":{"line":143,"column":32}}},"7":{"name":"(anonymous_7)","line":145,"loc":{"start":{"line":145,"column":20},"end":{"line":145,"column":33}}},"8":{"name":"(anonymous_8)","line":162,"loc":{"start":{"line":162,"column":16},"end":{"line":162,
[...]
:13,"column":2},"end":{"line":18,"column":5}},"6":{"start":{"line":14,"column":4},"end":{"line":14,"column":39}},"7":{"start":{"line":15,"column":4},"end":{"line":15,"column":39}},"8":{"start":{"line":16,"column":4},"end":{"line":16,"column":35}},"9":{"start":{"line":17,"column":4},"end":{"line":17,"column":38}},"10":{"start":{"line":19,"column":2},"end":{"line":19,"column":36}},"11":{"start":{"line":20,"column":2},"end":{"line":23,"column":5}},"12":{"start":{"line":21,"column":4},"end":{"line":21,"column":41}},"13":{"start":{"line":22,"column":4},"end":{"line":22,"column":30}},"14":{"start":{"line":28,"column":0},"end":{"line":35,"column":2}},"15":{"start":{"line":39,"column":0},"end":{"line":66,"column":2}},"16":{"start":{"line":41,"column":4},"end":{"line":41,"column":20}},"17":{"start":{"line":44,"column":4},"end":{"line":44,"column":68}},"18":{"start":{"line":47,"column":4},"end":{"line":47,"column":32}},"19":{"start":{"line":48,"column":4},"end":{"line":48,"column":21}},"20":{"start":{"line":49,"column":4},"end":{"line":49,"column":59}},"21":{"start":{"line":52,"column":4},"end":{"line":52,"column":38}},"22":{"start":{"line":53,"column":4},"end":{"line":64,"column":5}},"23":{"start":{"line":55,"column":8},"end":{"line":55,"column":24}},"24":{"start":{"line":56,"column":8},"end":{"line":56,"column":14}},"25":{"start":{"line":59,"column":8},"end":{"line":61,"column":32}},"26":{"start":{"line":60,"column":10},"end":{"line":60,"column":46}},"27":{"start":{"line":62,"column":8},"end":{"line":62,"column":23}},"28":{"start":{"line":63,"column":8},"end":{"line":63,"column":14}},"29":{"start":{"line":74,"column":0},"end":{"line":74,"column":29}},"30":{"start":{"line":76,"column":0},"end":{"line":87,"column":3}},"31":{"start":{"line":77,"column":2},"end":{"line":86,"column":16}},"32":{"start":{"line":90,"column":0},"end":{"line":93,"column":1},"skip":true},"33":{"start":{"line":91,"column":2},"end":{"line":91,"column":19},"skip":true},"34":{"start":{"line":92,"column":2},"end":{"line":92,"column":46},"skip":true}},"branchMap":{"1":{"line":44,"type":"binary-expr","locations":[{"start":{"line":44,"column":13},"end":{"line":44,"column":33}},{"start":{"line":44,"column":37},"end":{"line":44,"column":66}}]},"2":{"line":49,"type":"cond-expr","locations":[{"start":{"line":49,"column":25},"end":{"line":49,"column":36}},{"start":{"line":49,"column":39},"end":{"line":49,"column":57}}]},"3":{"line":53,"type":"switch","locations":[{"start":{"line":54,"column":6},"end":{"line":56,"column":14}},{"start":{"line":57,"column":6},"end":{"line":57,"column":18}},{"start":{"line":58,"column":6},"end":{"line":63,"column":14}}]},"4":{"line":90,"type":"if","locations":[{"start":{"line":90,"column":0},"end":{"line":90,"column":0},"skip":true},{"start":{"line":90,"column":0},"end":{"line":90,"column":0},"skip":true}]}}},"/Users/walter/dev/school/metrics/express/examples/route-map/index.js":{"path":"/Users/walter/dev/school/metrics/express/examples/route-map/index.js","s":{"1":1,"2":1,"3":1,"4":1,"5":5,"6":5,"7":9,"8":4,"9":4,"10":5,"11":0,"12":5,"13":5,"14":1,"15":1,"16":1,"17":1,"18":1,"19":1,"20":1,"21":1,"22":1,"23":0,"24":0},"b":{"1":[5,1],"2":[4,5],"3":[0,5],"4":[0,1]},"f":{"1":5,"2":1,"3":1,"4":1,"5":1,"6":1},"fnMap":{"1":{"name":"(anonymous_1)","line":11,"loc":{"start":{"line":11,"column":10},"end":{"line":11,"column":28}}},"2":{"name":"(anonymous_2)","line":29,"loc":{"start":{"line":29,"column":8},"end":{"line":29,"column":26}}},"3":{"name":"(anonymous_3)","line":33,"loc":{"start":{"line":33,"column":7},"end":{"line":33,"column":25}}},"4":{"name":"(anonymous_4)","line":37,"loc":{"start":{"line":37,"column":10},"end":{"line":37,"column":28}}},"5":{"name":"(anonymous_5)","line":43,"loc":{"start":{"line":43,"column":8},"end":{"line":43,"column":26}}},"6":{"name":"(anonymous_6)","line":47,"loc":{"start":{"line":47,"column":10},"end":{"line":47,"column":28}}}},"statementMap":{"1":{"start":{"line":5,"column":0},"end":{"line":5,"column":43}},"2":{"start":{"line":7,"column":0},"end":{"line":7,"column":45}},"3":{"start":{"line":9,"column":0},"end":{"line":9,"column":37}},"4":{"start":{"line":11,"column":0},"end":{"line":26,"column":2}},"5":{"start":{"line":12,"column":2},"end":{"line":12,"column":22}},"6":{"start":{"line":13,"column":2},"end":{"line":25,"column":3}},"7":{"start":{"line":14,"column":4},"end":{"line":24,"column":5}},"8":{"start":{"line":17,"column":8},"end":{"line":17,"column":37}},"9":{"start":{"line":18,"column":8},"end":{"line":18,"column":14}},"10":{"start":{"line":21,"column":8},"end":{"line":21,"column":54}},"11":{"start":{"line":21,"column":21},"end":{"line":21,"column":54}},"12":{"start":{"line":22,"column":8},"end":{"line":22,"column":32}},"13":{"start":{"line":23,"column":8},"end":{"line":23,"column":14}},"14":{"start":{"line":28,"column":0},"end":{"line":40,"column":2}},"15":{"start":{"line":30,"column":4},"end":{"line":30,"column":26}},"16":{"start":{"line":34,"column":4},"end":{"line":34,"column":39}},"17":{"start":{"line":38,"column":4},"end":{"line":38,"column":29}},"18":{"start":{"line":42,"column":0},"end":{"line":50,"column":2}},"19":{"start":{"line":44,"column":4},"end":{"line":44,"column":52}},"20":{"start":{"line":48,"column":4},"end":{"line":48,"column":71}},"21":{"start":{"line":52,"column":0},"end":{"line":66,"column":3}},"22":{"start":{"line":69,"column":0},"end":{"line":72,"column":1},"skip":true},"23":{"start":{"line":70,"column":2},"end":{"line":70,"column":19},"skip":true},"24":{"start":{"line":71,"column":2},"end":{"line":71,"column":46},"skip":true}},"branchMap":{"1":{"line":12,"type":"binary-expr","locations":[{"start":{"line":12,"column":10},"end":{"line":12,"column":15}},{"start":{"line":12,"column":19},"end":{"line":12,"column":21}}]},"2":{"line":14,"type":"switch","locations":[{"start":{"line":16,"column":6},"end":{"line":18,"column":14}},{"start":{"line":20,"column":6},"end":{"line":23,"column":14}}]},"3":{"line":21,"type":"if","locations":[{"start":{"line":21,"column":8},"end":{"line":21,"column":8}},{"start":{"line":21,"column":8},"end":{"line":21,"column":8}}]},"4":{"line":69,"type":"if","locations":[{"start":{"line":69,"column":0},"end":{"line":69,"column":0},"skip":true},{"start":{"line":69,"column":0},"end":{"line":69,"column":0},"skip":true}]}}},"/Users/walter/dev/school/metrics/express/examples/route-separation/index.js":{"path":"/Users/walter/dev/school/metrics/express/examples/route-separation/index.js","s":{"1":1,"2":1,"3":1,"4":1,"5":1,"6":1,"7":1,"8":1,"9":1,"10":1,"11":1,"12":1,"13":1,"14":0,"15":1,"16":1,"17":1,"18":1,"19":1,"20":1,"21":1,"22":1,"23":1,"24":1,"25":1,"26":1,"27":1,"28":0,"29":0},"b":{"1":[0,1],"2":[0,1]},"f":{},"fnMap":{},"statementMap":{"1":{"start":{"line":5,"column":0},"end":{"line":5,"column":31}},"2":{"start":{"line":6,"column":0},"end":{"line":6,"column":20}},"3":{"start":{"line":7,"column":0},"end":{"line":7,"column":31}},"4":{"start":{"line":8,"column":0},"end":{"line":8,"column":44}},"5":{"start":{"line":9,"column":0},"end":{"line":9,"column":40}},"6":{"start":{"line":10,"column":0},"end":{"line":10,"column":48}},"7":{"start":{"line":11,"column":0},"end":{"line":11,"column":29}},"8":{"start":{"line":12,"column":0},"end":{"line":12,"column":29}},"9":{"start":{"line":13,"column":0},"end":{"line":13,"column":29}},"10":{"start":{"line":15,"column":0},"end":{"line":15,"column":21}},"11":{"start":{"line":19,"column":0},"end":{"line":19,"column":31}},"12":{"start":{"line":20,"column":0},"end":{"line":20,"column":39}},"13":{"start":{"line":23,"column":0},"end":{"line":25,"column":1},"skip":true},"14":{"start":{"line":24,"column":2},"end":{"line":24,"column":33},"skip":true},"15":{"start":{"line":27,"column":0},"end":{"line":27,"column":35}},"16":{"start":{"line":28,"column":0},"end":{"line":28,"column":24}},"17":{"start":{"line":29,"column":0},"end":{"line":29,"column":51}},"18":{"start":{"line":30,"column":0},"end":{"line":30,"column":47}},"19":{"start":{"line":34,"column":0},"end":{"line":34,"column":25}},"20":{"start":{"line":38,"column":0},"end":{"line":38,"column":29}},"21":{"start":{"line":39,"column":0},"end":{"line":39,"column":37}},"22":{"start":{"line":40,"column":0},"end":{"line":40,"column":32}},"23":{"start":{"line":41,"column":0},"end":{"line":41,"column":37}},"24":{"start":{"line":42,"column":0},"end":{"line":42,"column":37}},"25":{"start":{"line":43,"column":0},"end":{"line":43,"column":39}},"26":{"start":{"line":47,"column":0},"end":{"line":47,"column":29}},"27":{"start":{"line":50,"column":0},"end":{"line":53,"column":1},"skip":true},"28":{"start":{"line":51,"column":2},"end":{"line":51,"column":19},"skip":true},"29":{"start":{"line":52,"column":2},"end":{"line":52,"column":46},"skip":true}},"branchMap":{"1":{"line":23,"type":"if","locations":[{"start":{"line":23,"column":0},"end":{"line":23,"column":0},"skip":true},{"start":{"line":23,"column":0},"end":{"line":23,"column":0},"skip":true}]},"2":{"line":50,"type":"if","locations":[{"start":{"line":50,"column":0},"end":{"line":50,"column":0},"skip":true},{"start":{"line":50,"column":0},"end":{"line":50,"column":0},"skip":true}]}}},"/Users/walter/dev/school/metrics/express/examples/route-separation/site.js":{"path":"/Users/walter/dev/school/metrics/express/examples/route-separation/site.js","s":{"1":1,"2":1},"b":{},"f":{"1":1},"fnMap":{"1":{"name":"(anonymous_1)","line":1,"loc":{"start":{"line":1,"column":16},"end":{"line":1,"column":34}}}},"statementMap":{"1":{"start":{"line":1,"column":0},"end":{"line":3,"column":2}},"2":{"start":{"line":2,"column":2},"end":{"line":2,"column":61}}},"branchMap":{}},"/Users/walter/dev/school/metrics/express/examples/route-separation/post.js":{"path":"/Users/walter/dev/school/metrics/express/examples/route-separation/post.js","s":{"1":1,"2":1,"3":1},"b":{},"f":{"1":1},"fnMap":{"1":{"name":"(anonymous_1)","line":9,"loc":{"start":{"line":9,"column":15},"end":{"line":9,"column":33}}}},"statementMap":{"1":{"start":{"line":3,"column":0},"end":{"line":7,"column":2}},"2":{"start":{"line":9,"column":0},"end":{"line":11,"column":2}},"3":{"start":{"line":10,"column":2},"end":{"line":10,"column":56}}},"branchMap":{}},"/Users/walter/dev/school/metrics/express/examples/route-separation/user.js":{"path":"/Users/walter/dev/school/metrics/express/examples/route-separation/user.js","s":{"1":1,"2":1,"3":1,"4":1,"5":9,"6":9,"7":9,"8":7,"9":2,"10":2,"11":2,"12":1,"13":4,"14":1,"15":1,"16":1,"17":2,"18":2,"19":2,"20":2},"b":{"1":[7,2]},"f":{"1":1,"2":9,"3":4,"4":1,"5":2},"fnMap":{"1":{"name":"(anonymous_1)","line":8,"loc":{"start":{"line":8,"column":15},"end":{"line":8,"column":33}}},"2":{"name":"(anonymous_2)","line":12,"loc":{"start":{"line":12,"column":15},"end":{"line":12,"column":39}}},"3":{"name":"(anonymous_3)","line":24,"loc":{"start":{"line":24,"column":15},"end":{"line":24,"column":33}}},"4":{"name":"(anonymous_4)","line":31,"loc":{"start":{"line":31,"column":15},"end":{"line":31,"column":33}}},"5":{"name":"(anonymous_5)","line":38,"loc":{"start":{"line":38,"column":17},"end":{"line":38,"column":35}}}},"statementMap":{"1":{"start":{"line":3,"column":0},"end":{"line":6,"column":2}},"2":{"start":{"line":8,"column":0},"end":{"line":10,"column":2}},"3":{"start":{"line":9,"column":2},"end":{"line":9,"column":56}},"4":{"start":{"line":12,"column":0},"end":{"line":22,"column":2}},"5":{"start":{"line":13,"column":2},"end":{"line":13,"column":25}},"6":{"start":{"line":14,"column":2},"end":{"line":14,"column":23}},"7":{"start":{"line":15,"column":2},"end":{"line":21,"column":3}},"8":{"start":{"line":16,"column":4},"end":{"line":16,"column":11}},"9":{"start":{"line":18,"column":4},"end":{"line":18,"column":50}},"10":{"start":{"line":19,"column":4},"end":{"line":19,"column":21}},"11":{"start":{"line":20,"column":4},"end":{"line":20,"column":14}},"12":{"start":{"line":24,"column":0},"end":{"line":29,"column":2}},"13":{"start":{"line":25,"column":2},"end":{"line":28,"column":5}},"14":{"start":{"line":31,"column":0},"end":{"line":36,"column":2}},"15":{"start":{"line":32,"column":2},"end":{"line":35,"column":5}},"16":{"start":{"line":38,"column":0},"end":{"line":45,"column":2}},"17":{"start":{"line":41,"column":2},"end":{"line":41,"column":27}},"18":{"start":{"line":42,"column":2},"end":{"line":42,"column":28}},"19":{"start":{"line":43,"column":2},"end":{"line":43,"column":30}},"20":{"start":{"line":44,"column":2},"end":{"line":44,"column":23}}},"branchMap":{"1":{"line":15,"type":"if","locations":[{"start":{"line":15,"column":2},"end":{"line":15,"column":2}},{"start":{"line":15,"column":2},"end":{"line":15,"column":2}}]}}},"/Users/walter/dev/school/metrics/express/examples/vhost/index.js":{"path":"/Users/walter/dev/school/metrics/express/examples/vhost/index.js","s":{"1":1,"2":1,"3":1,"4":1,"5":1,"6":0,"7":1,"8":1,"9":1,"10":1,"11":1,"12":1,"13":2,"14":0,"15":2,"16":1,"17":1,"18":1,"19":1,"20":0,"21":0},"b":{"1":[0,1],"2":[0,2],"3":[0,1]},"f":{"1":1,"2":1,"3":2},"fnMap":{"1":{"name":"(anonymous_1)","line":23,"loc":{"start":{"line":23,"column":14},"end":{"line":23,"column":32}}},"2":{"name":"(anonymous_2)","line":27,"loc":{"start":{"line":27,"column":18},"end":{"line":27,"column":36}}},"3":{"name":"(anonymous_3)","line":35,"loc":{"start":{"line":35,"column":13},"end":{"line":35,"column":31}}}},"statementMap":{"1":{"start":{"line":5,"column":0},"end":{"line":5,"column":31}},"2":{"start":{"line":6,"column":0},"end":{"line":6,"column":31}},"3":{"start":{"line":7,"column":0},"end":{"line":7,"column":29}},"4":{"start":{"line":19,"column":0},"end":{"line":19,"column":21}},"5":{"start":{"line":21,"column":0},"end":{"line":21,"column":44}},"6":{"start":{"line":21,"column":20},"end":{"line":21,"column":44}},"7":{"start":{"line":23,"column":0},"end":{"line":25,"column":3}},"8":{"start":{"line":24,"column":2},"end":{"line":24,"column":35}},"9":{"start":{"line":27,"column":0},"end":{"line":29,"column":3}},"10":{"start":{"line":28,"column":2},"end":{"line":28,"column":42}},"11":{"start":{"line":33,"column":0},"end":{"line":33,"column":25}},"12":{"start":{"line":35,"column":0},"end":{"line":38,"column":3}},"13":{"start":{"line":36,"column":2},"end":{"line":36,"column":45}},"14":{"start":{"line":36,"column":22},"end":{"line":36,"column":45}},"15":{"start":{"line":37,"column":2},"end":{"line":37,"column":58}},"16":{"start":{"line":42,"column":0},"end":{"line":42,"column":37}},"17":{"start":{"line":44,"column":0},"end":{"line":44,"column":42}},"18":{"start":{"line":45,"column":0},"end":{"line":45,"column":36}},"19":{"start":{"line":48,"column":0},"end":{"line":51,"column":1},"skip":true},"20":{"start":{"line":49,"column":2},"end":{"line":49,"column":19},"skip":true},"21":{"start":{"line":50,"column":2},"end":{"line":50,"column":46},"skip":true}},"branchMap":{"1":{"line":21,"type":"if","locations":[{"start":{"line":21,"column":0},"end":{"line":21,"column":0}},{"start":{"line":21,"column":0},"end":{"line":21,"column":0}}]},"2":{"line":36,"type":"if","locations":[{"start":{"line":36,"column":2},"end":{"line":36,"column":2}},{"start":{"line":36,"column":2},"end":{"line":36,"column":2}}]},"3":{"line":48,"type":"if","locations":[{"start":{"line":48,"column":0},"end":{"line":48,"column":0},"skip":true},{"start":{"line":48,"column":0},"end":{"line":48,"column":0},"skip":true}]}}},"/Users/walter/dev/school/metrics/express/examples/web-service/index.js":{"path":"/Users/walter/dev/school/metrics/express/examples/web-service/index.js","s":{"1":1,"2":1,"3":1,"4":6,"5":6,"6":6,"7":1,"8":11,"9":11,"10":3,"11":8,"12":3,"13":5,"14":5,"15":1,"16":1,"17":1,"18":1,"19":1,"20":1,"21":1,"22":1,"23":1,"24":2,"25":2,"26":2,"27":1,"28":1,"29":1,"30":6,"31":6,"32":1,"33":2,"34":2,"35":1,"36":0,"37":0},"b":{"1":[3,8],"2":[3,5],"3":[1,1],"4":[6,0],"5":[0,1]},"f":{"1":6,"2":11,"3":1,"4":1,"5":2,"6":6,"7":2},"fnMap":{"1":{"name":"error","line":13,"loc":{"start":{"line":13,"column":0},"end":{"line":13,"column":28}}},"2":{"name":"(anonymous_2)","line":28,"loc":{"start":{"line":28,"column":16},"end":{"line":28,"column":40}}},"3":{"name":"(anonymous_3)","line":72,"loc":{"start":{"line":72,"column":22},"end":{"line":72,"column":46}}},"4":{"name":"(anonymous_4)","line":76,"loc":{"start":{"line":76,"column":22},"end":{"line":76,"column":46}}},"5":{"name":"(anonymous_5)","line":80,"loc":{"start":{"line":80,"column":33},"end":{"line":80,"column":57}}},"6":{"name":"(anonymous_6)","line":93,"loc":{"start":{"line":93,"column":8},"end":{"line":93,"column":37}}},"7":{"name":"(anonymous_7)","line":103,"loc":{"start":{"line":103,"column":8},"end":{"line":103,"column":26}}}},"statementMap":{"1":{"start":{"line":5,"column":0},"end":{"line":5,"column":32}},"2":{"start":{"line":7,"column":0},"end":{"line":7,"column":37}},"3":{"start":{"line":13,"column":0},"end":{"line":17,"column":1}},"4":{"start":{"line":14,"column":2},"end":{"line":14,"column":27}},"5":{"start":{"line":15,"column":2},"end":{"line":15,"column":22}},"6":{"start":{"line":16,"column":2},"end":{"line":16,"column":13}},"7":{"start":{"line":28,"column":0},"end":{"line":40,"column":3}},"8":{"start":{"line":29,"column":2},"end":{"line":29,"column":33}},"9":{"start":{"line":32,"column":2},"end":{"line":32,"column":56}},"10":{"start":{"line":32,"column":12},"end":{"line":32,"column":56}},"11":{"start":{"line":35,"column":2},"end":{"line":35,"column":73}},"12":{"start":{"line":35,"column":30},"end":{"line":35,"column":73}},"13":{"start":{"line":38,"column":2},"end":{"line":38,"column":16}},"14":{"start":{"line":39,"column":2},"end":{"line":39,"column":9}},"15":{"start":{"line":47,"column":0},"end":{"line":47,"column":36}},"16":{"start":{"line":51,"column":0},"end":{"line":55,"column":2}},"17":{"start":{"line":57,"column":0},"end":{"line":61,"column":2}},"18":{"start":{"line":63,"column":0},"end":{"line":67,"column":2}},"19":{"start":{"line":72,"column":0},"end":{"line":74,"column":3}},"20":{"start":{"line":73,"column":2},"end":{"line":73,"column":18}},"21":{"start":{"line":76,"column":0},"end":{"line":78,"column":3}},"22":{"start":{"line":77,"column":2},"end":{"line":77,"column":18}},"23":{"start":{"line":80,"column":0},"end":{"line":86,"column":3}},"24":{"start":{"line":81,"column":2},"end":{"line":81,"column":29}},"25":{"start":{"line":82,"column":2},"end":{"line":82,"column":29}},"26":{"start":{"line":84,"column":2},"end":{"line":85,"column":14}},"27":{"start":{"line":84,"column":12},"end":{"line":84,"column":27}},"28":{"start":{"line":85,"column":7},"end":{"line":85,"column":14}},"29":{"start":{"line":93,"column":0},"end":{"line":98,"column":3}},"30":{"start":{"line":96,"column":2},"end":{"line":96,"column":32}},"31":{"start":{"line":97,"column":2},"end":{"line":97,"column":35}},"32":{"start":{"line":103,"column":0},"end":{"line":106,"column":3}},"33":{"start":{"line":104,"column":2},"end":{"line":104,"column":18}},"34":{"start":{"line":105,"column":2},"end":{"line":105,"column":47}},"35":{"start":{"line":109,"column":0},"end":{"line":112,"column":1},"skip":true},"36":{"start":{"line":110,"column":2},"end":{"line":110,"column":19},"skip":true},"37":{"start":{"line":111,"column":2},"end":{"line":111,"column":46},"skip":true}},"branchMap":{"1":{"line":32,"type":"if","locations":[{"start":{"line":32,"column":2},"end":{"line":32,"column":2}},{"start":{"line":32,"column":2},"end":{"line":32,"column":2}}]},"2":{"line":35,"type":"if","locations":[{"start":{"line":35,"column":2},"end":{"line":35,"column":2}},{"start":{"line":35,"column":2},"end":{"line":35,"column":2}}]},"3":{"line":84,"type":"if","locations":[{"start":{"line":84,"column":2},"end":{"line":84,"column":2}},{"start":{"line":84,"column":2},"end":{"line":84,"column":2}}]},"4":{"line":96,"type":"binary-expr","locations":[{"start":{"line":96,"column":13},"end":{"line":96,"column":23}},{"start":{"line":96,"column":27},"end":{"line":96,"column":30}}]},"5":{"line":109,"type":"if","locations":[{"start":{"line":109,"column":0},"end":{"line":109,"column":0},"skip":true},{"start":{"line":109,"column":0},"end":{"line":109,"column":0},"skip":true}]}}}}