TN:
SF:/Users/walter/dev/school/metrics/express/index.js
FNF:0
FNH:0
DA:2,1
LF:1
LH:1
BRF:0
BRH:0
end_of_record
TN:
SF:/Users/walter/dev/school/metrics/express/lib/express.js
FN:26,createApplication
FN:27,(anonymous_2)
FN:86,(anonymous_3)
FN:88,(anonymous_4)
FNF:4
FNH:4
FNDA:609,createApplication
FNDA:643,(anonymous_2)
FNDA:19,(anonymous_3)
FNDA:1,(anonymous_4)
DA:5,1
DA:6,1
DA:7,1
DA:8,1
DA:9,1
DA:10,1
DA:11,1
DA:17,1
DA:26,1
DA:27,609
DA:28,643
DA:31,609
DA:32,609
DA:34,609
DA:35,609
DA:36,609
DA:37,609
DA:44,1
DA:45,1
DA:46,1
DA:52,1
DA:53,1
DA:59,1
DA:60,1
DA:66,1
DA:87,19
DA:89,1
LF:27
LH:27
BRF:0
BRH:0
end_of_record
TN:
SF:/Users/walter/dev/school/metrics/express/lib/application.js
FN:54,(anonymous_1)
FN:67,(anonymous_2)
FN:85,onmount
FN:119,(anonymous_4)
FN:133,(anonymous_5)
FN:154,(anonymous_6)
FN:183,use
FN:213,(anonymous_8)
FN:224,mounted_app
FN:226,(anonymous_10)
FN:250,(anonymous_11)
FN:289,(anonymous_12)
FN:308,(anonymous_13)
FN:312,(anonymous_14)
FN:337,(anonymous_15)
FN:386,(anonymous_16)
FN:407,(anonymous_17)
FN:426,(anonymous_18)
FN:438,(anonymous_19)
FN:450,(anonymous_20)
FN:458,(anonymous_21)
FN:459,(anonymous_22)
FN:480,(anonymous_23)
FN:485,(anonymous_24)
FN:513,(anonymous_25)
FN:593,(anonymous_26)
FN:605,logerror
FNF:27
FNH:27
FNDA:609,(anonymous_1)
FNDA:609,(anonymous_2)
FNDA:25,onmount
FNDA:1,(anonymous_4)
FNDA:705,(anonymous_5)
FNDA:692,(anonymous_6)
FNDA:424,use
FNDA:444,(anonymous_8)
FNDA:49,mounted_app
FNDA:30,(anonymous_10)
FNDA:4,(anonymous_11)
FNDA:41,(anonymous_12)
FNDA:22,(anonymous_13)
FNDA:4,(anonymous_14)
FNDA:11438,(anonymous_15)
FNDA:6,(anonymous_16)
FNDA:1858,(anonymous_17)
FNDA:2,(anonymous_18)
FNDA:641,(anonymous_19)
FNDA:3,(anonymous_20)
FNDA:26,(anonymous_21)
FNDA:2328,(anonymous_22)
FNDA:6,(anonymous_23)
FNDA:156,(anonymous_24)
FNDA:78,(anonymous_25)
FNDA:2,(anonymous_26)
FNDA:21,logerror
DA:14,1
DA:15,1
DA:16,1
DA:17,1
DA:18,1
DA:19,1
DA:20,1
DA:21,1
DA:22,1
DA:23,1
DA:24,1
DA:25,1
DA:26,1
DA:27,1
DA:28,1
DA:29,1
DA:35,1
DA:42,1
DA:54,1
DA:55,609
DA:56,609
DA:57,609
DA:58,609
DA:67,1
DA:69,609
DA:70,609
DA:71,609
DA:72,609
DA:73,609
DA:74,609
DA:75,609
DA:78,609
DA:83,609
DA:85,609
DA:87,25
DA:89,24
DA:90,24
DA:94,25
DA:95,25
DA:96,25
DA:97,25
DA:101,609
DA:104,609
DA:107,609
DA:110,609
DA:111,609
DA:112,609
DA:114,609
DA:115,1
DA:118,609
DA:120,1
DA:133,1
DA:134,705
DA:135,544
DA:140,544
DA:141,544
DA:154,1
DA:155,692
DA:158,692
DA:164,692
DA:165,2
DA:166,2
DA:167,2
DA:170,690
DA:183,1
DA:184,424
DA:185,424
DA:189,424
DA:190,46
DA:192,46
DA:193,6
DA:197,46
DA:198,43
DA:199,43
DA:203,424
DA:205,424
DA:206,1
DA:210,423
DA:211,423
DA:213,423
DA:215,444
DA:216,419
DA:219,25
DA:220,25
DA:221,25
DA:224,25
DA:225,49
DA:226,49
DA:227,30
DA:228,30
DA:229,30
DA:234,25
DA:237,419
DA:250,1
DA:251,4
DA:252,4
DA:289,1
DA:290,41
DA:291,40
DA:292,40
DA:293,40
DA:308,1
DA:309,22
DA:311,22
DA:312,2
DA:313,4
DA:315,2
DA:318,20
DA:319,19
DA:337,1
DA:338,11438
DA:340,3938
DA:344,7500
DA:347,7500
DA:349,622
DA:350,622
DA:351,621
DA:353,615
DA:354,615
DA:355,614
DA:357,636
DA:358,636
DA:361,636
DA:366,636
DA:369,7498
DA:386,1
DA:387,6
DA:407,1
DA:408,1858
DA:426,1
DA:427,2
DA:438,1
DA:439,641
DA:450,1
DA:451,3
DA:458,1
DA:459,26
DA:460,2328
DA:462,250
DA:464,250
DA:465,250
DA:466,224
DA:480,1
DA:481,6
DA:483,6
DA:484,6
DA:485,6
DA:486,156
DA:489,6
DA:494,1
DA:513,1
DA:514,78
DA:515,78
DA:516,78
DA:517,78
DA:520,78
DA:521,22
DA:525,78
DA:528,78
DA:529,51
DA:533,78
DA:536,78
DA:541,78
DA:544,78
DA:545,76
DA:551,76
DA:552,3
DA:555,3
DA:556,3
DA:557,3
DA:561,73
DA:565,75
DA:566,75
DA:568,1
DA:593,1
DA:594,2
DA:595,2
DA:605,1
DA:606,21
LF:179
LH:179
BRDA:71,1,0,609
BRDA:71,1,1,1
BRDA:87,2,0,24
BRDA:87,2,1,1
BRDA:87,3,0,25
BRDA:87,3,1,24
BRDA:114,4,0,1
BRDA:114,4,1,608
BRDA:134,5,0,544
BRDA:134,5,1,161
BRDA:158,6,0,692
BRDA:158,6,1,639
BRDA:164,7,0,2
BRDA:164,7,1,690
BRDA:189,8,0,46
BRDA:189,8,1,378
BRDA:192,9,0,52
BRDA:192,9,1,6
BRDA:197,10,0,43
BRDA:197,10,1,3
BRDA:205,11,0,1
BRDA:205,11,1,423
BRDA:215,12,0,419
BRDA:215,12,1,25
BRDA:215,13,0,444
BRDA:215,13,1,443
BRDA:215,13,2,38
BRDA:290,14,0,1
BRDA:290,14,1,40
BRDA:291,15,0,3
BRDA:291,15,1,37
BRDA:311,16,0,2
BRDA:311,16,1,20
BRDA:338,17,0,3938
BRDA:338,17,1,7500
BRDA:347,18,0,622
BRDA:347,18,1,615
BRDA:347,18,2,636
BRDA:387,19,0,3
BRDA:387,19,1,3
BRDA:460,20,0,2078
BRDA:460,20,1,250
BRDA:460,21,0,2328
BRDA:460,21,1,2233
BRDA:520,22,0,22
BRDA:520,22,1,56
BRDA:528,23,0,51
BRDA:528,23,1,27
BRDA:536,24,0,76
BRDA:536,24,1,2
BRDA:541,25,0,4
BRDA:541,25,1,74
BRDA:544,26,0,76
BRDA:544,26,1,2
BRDA:551,27,0,3
BRDA:551,27,1,73
BRDA:552,28,0,1
BRDA:552,28,1,2
BRDA:552,29,0,3
BRDA:552,29,1,1
BRDA:561,30,0,2
BRDA:561,30,1,71
BRDA:606,31,0,0
BRDA:606,31,1,21
BRDA:606,32,0,0
BRDA:606,32,1,0
BRF:66
BRH:63
end_of_record
TN:
SF:/Users/walter/dev/school/metrics/express/lib/utils.js
FN:32,(anonymous_1)
FN:49,wetag
FN:65,(anonymous_3)
FN:79,(anonymous_4)
FN:100,(anonymous_5)
FN:114,(anonymous_6)
FN:146,acceptParams
FN:170,(anonymous_8)
FN:204,compileQueryParser
FN:239,(anonymous_10)
FN:244,(anonymous_11)
FN:249,(anonymous_12)
FN:269,setCharset
FN:291,newObject
FNF:14
FNH:14
FNDA:5,(anonymous_1)
FNDA:319,wetag
FNDA:34,(anonymous_3)
FNDA:8483,(anonymous_4)
FNDA:77,(anonymous_5)
FNDA:5,(anonymous_6)
FNDA:16,acceptParams
FNDA:622,(anonymous_8)
FNDA:615,compileQueryParser
FNDA:636,(anonymous_10)
FNDA:15,(anonymous_11)
FNDA:12,(anonymous_12)
FNDA:327,setCharset
FNDA:1,newObject
DA:13,1
DA:14,1
DA:15,1
DA:16,1
DA:17,1
DA:18,1
DA:19,1
DA:20,1
DA:21,1
DA:32,1
DA:33,5
DA:37,5
DA:49,1
DA:50,319
DA:54,319
DA:65,1
DA:66,34
DA:67,5
DA:68,4
DA:79,1
DA:80,8483
DA:81,8483
DA:82,8483
DA:83,8526
DA:84,18
DA:86,8508
DA:89,8483
DA:100,1
DA:101,77
DA:114,1
DA:115,5
DA:117,5
DA:118,15
DA:121,5
DA:133,1
DA:146,1
DA:147,16
DA:148,16
DA:150,16
DA:151,9
DA:152,9
DA:153,3
DA:155,6
DA:159,16
DA:170,1
DA:171,622
DA:173,622
DA:174,3
DA:177,619
DA:179,5
DA:180,5
DA:182,2
DA:184,1
DA:185,1
DA:187,610
DA:188,610
DA:190,1
DA:193,618
DA:204,1
DA:205,615
DA:207,615
DA:208,1
DA:211,614
DA:213,1
DA:214,1
DA:216,1
DA:217,1
DA:219,610
DA:220,610
DA:222,1
DA:223,1
DA:225,1
DA:228,613
DA:239,1
DA:240,636
DA:242,632
DA:244,15
DA:247,618
DA:249,12
DA:252,612
DA:254,3
DA:257,612
DA:269,1
DA:270,327
DA:271,3
DA:275,324
DA:278,324
DA:281,324
DA:291,1
DA:292,1
LF:90
LH:90
BRDA:33,1,0,3
BRDA:33,1,1,2
BRDA:50,2,0,3
BRDA:50,2,1,316
BRDA:66,3,0,29
BRDA:66,3,1,5
BRDA:67,4,0,1
BRDA:67,4,1,4
BRDA:67,5,0,5
BRDA:67,5,1,1
BRDA:68,6,0,1
BRDA:68,6,1,3
BRDA:80,7,0,8483
BRDA:80,7,1,8465
BRDA:83,8,0,18
BRDA:83,8,1,8508
BRDA:101,9,0,16
BRDA:101,9,1,61
BRDA:152,10,0,3
BRDA:152,10,1,6
BRDA:173,11,0,3
BRDA:173,11,1,619
BRDA:177,12,0,5
BRDA:177,12,1,2
BRDA:177,12,2,1
BRDA:177,12,3,610
BRDA:177,12,4,1
BRDA:207,13,0,1
BRDA:207,13,1,614
BRDA:211,14,0,1
BRDA:211,14,1,1
BRDA:211,14,2,610
BRDA:211,14,3,1
BRDA:211,14,4,1
BRDA:240,15,0,4
BRDA:240,15,1,632
BRDA:242,16,0,14
BRDA:242,16,1,618
BRDA:247,17,0,6
BRDA:247,17,1,612
BRDA:252,18,0,3
BRDA:252,18,1,609
BRDA:257,19,0,612
BRDA:257,19,1,609
BRDA:270,20,0,3
BRDA:270,20,1,324
BRDA:270,21,0,327
BRDA:270,21,1,326
BRF:48
BRH:48
end_of_record
TN:
SF:/Users/walter/dev/school/metrics/express/lib/router/index.js
FN:31,(anonymous_1)
FN:34,router
FN:85,param
FN:125,(anonymous_4)
FN:156,(anonymous_5)
FN:168,next
FN:261,(anonymous_7)
FN:274,trim_prefix
FN:313,(anonymous_9)
FN:334,param
FN:378,paramCallback
FN:418,use
FN:444,(anonymous_13)
FN:479,(anonymous_14)
FN:495,(anonymous_15)
FN:496,(anonymous_16)
FN:504,appendMethods
FN:514,getPathname
FN:523,gettype
FN:543,matchLayer
FN:552,mergeParams
FN:588,restore
FN:597,(anonymous_23)
FN:608,sendOptionsResponse
FN:619,wrap
FN:620,proxy
FNF:26
FNH:26
FNDA:601,(anonymous_1)
FNDA:36,router
FNDA:26,param
FNDA:774,(anonymous_4)
FNDA:7,(anonymous_5)
FNDA:2544,next
FNDA:2443,(anonymous_7)
FNDA:2124,trim_prefix
FNDA:2443,(anonymous_9)
FNDA:281,param
FNDA:57,paramCallback
FNDA:1574,use
FNDA:1575,(anonymous_13)
FNDA:6292,(anonymous_14)
FNDA:27,(anonymous_15)
FNDA:6027,(anonymous_16)
FNDA:9,appendMethods
FNDA:2495,getPathname
FNDA:8,gettype
FNDA:8736,matchLayer
FNDA:5,mergeParams
FNDA:774,restore
FNDA:97,(anonymous_23)
FNDA:5,sendOptionsResponse
FNDA:12,wrap
FNDA:7,proxy
DA:6,1
DA:7,1
DA:8,1
DA:9,1
DA:10,1
DA:11,1
DA:12,1
DA:13,1
DA:19,1
DA:20,1
DA:21,1
DA:31,1
DA:32,601
DA:34,1
DA:35,36
DA:39,601
DA:41,601
DA:42,601
DA:43,601
DA:44,601
DA:45,601
DA:46,601
DA:48,601
DA:85,1
DA:87,26
DA:88,1
DA:89,1
DA:90,1
DA:94,25
DA:95,25
DA:96,25
DA:98,25
DA:99,2
DA:100,2
DA:103,25
DA:104,1
DA:105,1
DA:111,25
DA:112,1
DA:115,24
DA:116,24
DA:125,1
DA:126,774
DA:128,774
DA:130,774
DA:131,774
DA:132,774
DA:133,774
DA:134,774
DA:135,774
DA:136,774
DA:137,774
DA:141,774
DA:144,774
DA:147,774
DA:148,774
DA:149,774
DA:152,774
DA:155,774
DA:156,12
DA:157,7
DA:158,5
DA:163,774
DA:164,774
DA:166,774
DA:168,1
DA:169,2544
DA:174,2544
DA:175,17
DA:176,17
DA:180,2544
DA:181,47
DA:182,47
DA:183,47
DA:187,2544
DA:188,49
DA:189,49
DA:193,2495
DA:195,2495
DA:196,1
DA:200,2494
DA:201,2494
DA:202,2494
DA:204,2494
DA:205,8736
DA:206,8736
DA:207,8736
DA:209,8736
DA:211,1
DA:214,8736
DA:215,6254
DA:218,2482
DA:220,2124
DA:223,358
DA:225,9
DA:226,9
DA:229,349
DA:230,349
DA:233,349
DA:234,9
DA:238,349
DA:239,30
DA:240,30
DA:245,2494
DA:246,51
DA:250,2443
DA:251,319
DA:255,2443
DA:258,2443
DA:261,2443
DA:262,2443
DA:263,8
DA:266,2435
DA:267,311
DA:270,2124
DA:274,1
DA:275,2124
DA:276,2124
DA:280,2124
DA:281,86
DA:282,86
DA:283,86
DA:286,86
DA:287,38
DA:288,38
DA:292,86
DA:297,2124
DA:299,2124
DA:300,41
DA:302,2083
DA:313,1
DA:314,2443
DA:317,2443
DA:320,2443
DA:321,2315
DA:324,128
DA:325,128
DA:326,128
DA:327,128
DA:328,128
DA:329,128
DA:330,128
DA:334,1
DA:335,281
DA:336,8
DA:339,273
DA:340,120
DA:343,153
DA:344,153
DA:346,153
DA:347,0
DA:350,153
DA:351,153
DA:352,153
DA:353,153
DA:355,153
DA:356,119
DA:360,34
DA:362,6
DA:365,6
DA:368,28
DA:374,28
DA:378,1
DA:379,57
DA:382,57
DA:384,57
DA:386,7
DA:387,7
DA:388,7
DA:391,50
DA:393,29
DA:394,29
DA:396,2
DA:400,128
DA:418,1
DA:419,1574
DA:420,1574
DA:424,1574
DA:425,472
DA:427,472
DA:428,5
DA:432,472
DA:433,471
DA:434,471
DA:438,1574
DA:440,1574
DA:441,1
DA:444,1573
DA:445,1575
DA:446,8
DA:450,1567
DA:452,1567
DA:458,1567
DA:460,1567
DA:463,1565
DA:479,1
DA:480,6292
DA:482,6292
DA:488,6292
DA:490,6292
DA:491,6292
DA:495,1
DA:496,27
DA:497,6027
DA:498,6027
DA:499,6027
DA:504,1
DA:505,9
DA:506,15
DA:507,15
DA:508,13
DA:514,1
DA:515,2495
DA:516,2495
DA:518,0
DA:523,1
DA:524,8
DA:526,8
DA:527,4
DA:531,4
DA:543,1
DA:544,8736
DA:545,8736
DA:547,1
DA:552,1
DA:553,5
DA:554,1
DA:558,4
DA:561,4
DA:562,2
DA:565,2
DA:566,2
DA:569,2
DA:570,4
DA:571,4
DA:575,2
DA:576,3
DA:579,3
DA:580,2
DA:584,2
DA:588,1
DA:589,774
DA:590,774
DA:592,774
DA:593,2322
DA:594,2322
DA:597,774
DA:599,97
DA:600,291
DA:603,97
DA:608,1
DA:609,5
DA:610,5
DA:611,5
DA:612,4
DA:614,1
DA:619,1
DA:620,12
DA:621,7
DA:623,7
DA:624,7
DA:625,7
DA:628,7
LF:263
LH:261
BRDA:32,1,0,601
BRDA:32,1,1,52
BRDA:87,2,0,1
BRDA:87,2,1,25
BRDA:98,3,0,2
BRDA:98,3,1,23
BRDA:104,4,0,1
BRDA:104,4,1,0
BRDA:111,5,0,1
BRDA:111,5,1,24
BRDA:115,6,0,24
BRDA:115,6,1,23
BRDA:131,7,0,57
BRDA:131,7,1,717
BRDA:132,8,0,774
BRDA:132,8,1,5
BRDA:133,9,0,4
BRDA:133,9,1,770
BRDA:148,10,0,774
BRDA:148,10,1,743
BRDA:155,11,0,12
BRDA:155,11,1,762
BRDA:157,12,0,2
BRDA:157,12,1,5
BRDA:157,13,0,7
BRDA:157,13,1,7
BRDA:164,14,0,774
BRDA:164,14,1,686
BRDA:169,15,0,4
BRDA:169,15,1,2540
BRDA:174,16,0,17
BRDA:174,16,1,2527
BRDA:180,17,0,47
BRDA:180,17,1,2497
BRDA:187,18,0,49
BRDA:187,18,1,2495
BRDA:195,19,0,1
BRDA:195,19,1,2494
BRDA:204,20,0,11230
BRDA:204,20,1,8787
BRDA:209,21,0,1
BRDA:209,21,1,8735
BRDA:211,22,0,1
BRDA:211,22,1,1
BRDA:214,23,0,6254
BRDA:214,23,1,2482
BRDA:218,24,0,2124
BRDA:218,24,1,358
BRDA:223,25,0,9
BRDA:223,25,1,349
BRDA:233,26,0,9
BRDA:233,26,1,340
BRDA:233,27,0,349
BRDA:233,27,1,30
BRDA:238,28,0,30
BRDA:238,28,1,319
BRDA:238,29,0,349
BRDA:238,29,1,30
BRDA:245,30,0,51
BRDA:245,30,1,2443
BRDA:250,31,0,319
BRDA:250,31,1,2124
BRDA:255,32,0,5
BRDA:255,32,1,2438
BRDA:262,33,0,8
BRDA:262,33,1,2435
BRDA:263,34,0,8
BRDA:263,34,1,8
BRDA:266,35,0,311
BRDA:266,35,1,2124
BRDA:276,36,0,0
BRDA:276,36,1,2124
BRDA:276,37,0,2124
BRDA:276,37,1,2086
BRDA:276,37,2,0
BRDA:280,38,0,86
BRDA:280,38,1,2038
BRDA:286,39,0,38
BRDA:286,39,1,48
BRDA:286,40,0,86
BRDA:286,40,1,82
BRDA:292,41,0,4
BRDA:292,41,1,82
BRDA:299,42,0,41
BRDA:299,42,1,2083
BRDA:320,43,0,2315
BRDA:320,43,1,128
BRDA:320,44,0,2443
BRDA:320,44,1,2443
BRDA:335,45,0,8
BRDA:335,45,1,273
BRDA:339,46,0,120
BRDA:339,46,1,153
BRDA:346,47,0,0
BRDA:346,47,1,153
BRDA:355,48,0,119
BRDA:355,48,1,34
BRDA:355,49,0,153
BRDA:355,49,1,144
BRDA:360,50,0,6
BRDA:360,50,1,28
BRDA:360,51,0,34
BRDA:360,51,1,8
BRDA:360,51,2,7
BRDA:384,52,0,7
BRDA:384,52,1,50
BRDA:391,53,0,21
BRDA:391,53,1,29
BRDA:424,54,0,472
BRDA:424,54,1,1102
BRDA:427,55,0,477
BRDA:427,55,1,5
BRDA:432,56,0,471
BRDA:432,56,1,1
BRDA:440,57,0,1
BRDA:440,57,1,1573
BRDA:445,58,0,8
BRDA:445,58,1,1567
BRDA:450,59,0,1567
BRDA:450,59,1,377
BRDA:507,60,0,13
BRDA:507,60,1,2
BRDA:526,61,0,4
BRDA:526,61,1,4
BRDA:553,62,0,1
BRDA:553,62,1,4
BRDA:553,63,0,5
BRDA:553,63,1,4
BRDA:561,64,0,2
BRDA:561,64,1,2
BRDA:561,65,0,4
BRDA:561,65,1,2
BRDA:569,66,0,6
BRDA:569,66,1,2
BRDA:570,67,0,3
BRDA:570,67,1,1
BRDA:571,68,0,3
BRDA:571,68,1,1
BRDA:579,69,0,2
BRDA:579,69,1,1
BRF:140
BRH:136
end_of_record
TN:
SF:/Users/walter/dev/school/metrics/express/lib/router/route.js
FN:23,Route
FN:36,_handles_method
FN:55,_options
FN:77,(anonymous_4)
FN:93,next
FN:143,(anonymous_6)
FN:145,(anonymous_7)
FN:162,(anonymous_8)
FN:163,(anonymous_9)
FN:166,(anonymous_10)
FNF:10
FNH:10
FNDA:6303,Route
FNDA:349,_handles_method
FNDA:9,_options
FNDA:347,(anonymous_4)
FNDA:771,next
FNDA:20,(anonymous_6)
FNDA:20,(anonymous_7)
FNDA:26,(anonymous_8)
FNDA:6446,(anonymous_9)
FNDA:6464,(anonymous_10)
DA:5,1
DA:6,1
DA:7,1
DA:8,1
DA:14,1
DA:23,1
DA:24,6303
DA:25,6303
DA:26,6303
DA:29,6303
DA:36,1
DA:37,349
DA:38,27
DA:41,322
DA:43,322
DA:44,1
DA:47,322
DA:55,1
DA:56,9
DA:59,9
DA:60,6
DA:63,9
DA:65,15
DA:68,9
DA:77,1
DA:78,347
DA:79,347
DA:80,347
DA:81,0
DA:84,347
DA:85,347
DA:86,3
DA:89,347
DA:91,347
DA:93,1
DA:94,771
DA:95,3
DA:98,768
DA:99,768
DA:100,84
DA:103,684
DA:104,305
DA:107,379
DA:108,11
DA:110,368
DA:143,1
DA:144,20
DA:145,20
DA:146,20
DA:147,3
DA:148,3
DA:149,3
DA:152,17
DA:153,17
DA:155,17
DA:156,17
DA:159,17
DA:162,1
DA:163,26
DA:164,6446
DA:166,6446
DA:167,6464
DA:168,26
DA:169,26
DA:170,26
DA:173,6438
DA:175,6438
DA:176,6438
DA:178,6438
DA:179,6438
DA:181,6420
LF:71
LH:70
BRDA:37,1,0,27
BRDA:37,1,1,322
BRDA:43,2,0,1
BRDA:43,2,1,321
BRDA:43,3,0,322
BRDA:43,3,1,4
BRDA:59,4,0,6
BRDA:59,4,1,3
BRDA:59,5,0,9
BRDA:59,5,1,6
BRDA:80,6,0,0
BRDA:80,6,1,347
BRDA:85,7,0,3
BRDA:85,7,1,344
BRDA:85,8,0,347
BRDA:85,8,1,6
BRDA:94,9,0,3
BRDA:94,9,1,768
BRDA:94,10,0,771
BRDA:94,10,1,82
BRDA:99,11,0,84
BRDA:99,11,1,684
BRDA:103,12,0,305
BRDA:103,12,1,379
BRDA:103,13,0,684
BRDA:103,13,1,619
BRDA:107,14,0,11
BRDA:107,14,1,368
BRDA:146,15,0,3
BRDA:146,15,1,17
BRDA:167,16,0,26
BRDA:167,16,1,6438
BRF:32
BRH:31
end_of_record
TN:
SF:/Users/walter/dev/school/metrics/express/lib/router/layer.js
FN:20,Layer
FN:49,handle_error
FN:73,handle
FN:97,match
FN:154,decode_param
FNF:5
FNH:5
FNDA:20769,Layer
FNDA:52,handle_error
FNDA:2762,handle
FNDA:8736,match
FNDA:192,decode_param
DA:5,1
DA:6,1
DA:12,1
DA:18,1
DA:20,1
DA:21,20769
DA:22,6455
DA:25,14314
DA:26,14314
DA:28,14314
DA:29,14314
DA:30,14314
DA:31,14314
DA:32,14314
DA:34,14314
DA:35,1495
DA:49,1
DA:50,52
DA:52,52
DA:54,15
DA:57,37
DA:58,37
DA:60,3
DA:73,1
DA:74,2762
DA:76,2762
DA:78,6
DA:81,2756
DA:82,2756
DA:84,11
DA:97,1
DA:98,8736
DA:100,0
DA:101,0
DA:102,0
DA:105,8736
DA:107,2038
DA:108,2038
DA:109,2038
DA:112,6698
DA:114,6698
DA:115,6253
DA:116,6253
DA:117,6253
DA:121,445
DA:122,445
DA:124,445
DA:125,445
DA:126,445
DA:127,445
DA:128,445
DA:129,445
DA:131,445
DA:132,192
DA:133,192
DA:136,192
DA:138,191
DA:139,190
DA:143,444
DA:154,1
DA:155,192
DA:156,11
DA:159,181
DA:160,181
DA:162,1
DA:163,1
DA:164,1
LF:67
LH:64
BRDA:21,1,0,6455
BRDA:21,1,1,14314
BRDA:26,2,0,14314
BRDA:26,2,1,0
BRDA:29,3,0,14314
BRDA:29,3,1,13116
BRDA:34,4,0,1495
BRDA:34,4,1,12819
BRDA:34,5,0,14314
BRDA:34,5,1,8043
BRDA:52,6,0,15
BRDA:52,6,1,37
BRDA:76,7,0,6
BRDA:76,7,1,2756
BRDA:98,8,0,0
BRDA:98,8,1,8736
BRDA:105,9,0,2038
BRDA:105,9,1,6698
BRDA:114,10,0,6253
BRDA:114,10,1,445
BRDA:133,11,0,169
BRDA:133,11,1,23
BRDA:138,12,0,190
BRDA:138,12,1,1
BRDA:138,13,0,191
BRDA:138,13,1,11
BRDA:155,14,0,11
BRDA:155,14,1,181
BRF:28
BRH:26
end_of_record
TN:
SF:/Users/walter/dev/school/metrics/express/lib/middleware/init.js
FN:11,(anonymous_1)
FN:12,expressInit
FNF:2
FNH:2
FNDA:544,(anonymous_1)
FNDA:690,expressInit
DA:11,1
DA:12,544
DA:13,690
DA:14,690
DA:15,690
DA:16,690
DA:18,690
DA:19,690
DA:21,690
DA:23,690
LF:10
LH:10
BRDA:13,1,0,690
BRDA:13,1,1,0
BRDA:21,2,0,690
BRDA:21,2,1,638
BRF:4
BRH:3
end_of_record
TN:
SF:/Users/walter/dev/school/metrics/express/lib/middleware/query.js
FN:14,query
FN:22,query
FNF:2
FNH:2
FNDA:544,query
FNDA:690,query
DA:5,1
DA:6,1
DA:14,1
DA:15,544
DA:17,544
DA:18,544
DA:19,544
DA:22,544
DA:23,690
DA:24,638
DA:25,638
DA:28,690
LF:12
LH:12
BRDA:17,1,0,544
BRDA:17,1,1,0
BRDA:23,2,0,638
BRDA:23,2,1,52
BRF:4
BRH:3
end_of_record
TN:
SF:/Users/walter/dev/school/metrics/express/lib/view.js
FN:41,View
FN:62,lookup
FN:91,render
FN:104,resolve
FN:134,tryStat
FNF:5
FNH:5
FNDA:70,View
FNDA:70,lookup
FNDA:67,render
FNDA:73,resolve
FNDA:83,tryStat
DA:5,1
DA:6,1
DA:7,1
DA:8,1
DA:15,1
DA:16,1
DA:17,1
DA:18,1
DA:19,1
DA:25,1
DA:41,1
DA:42,70
DA:43,70
DA:44,70
DA:45,70
DA:46,70
DA:47,70
DA:48,70
DA:49,70
DA:50,70
DA:51,70
DA:62,1
DA:63,70
DA:64,70
DA:66,70
DA:68,70
DA:69,73
DA:72,73
DA:73,73
DA:74,73
DA:77,73
DA:80,70
DA:91,1
DA:92,67
DA:93,67
DA:104,1
DA:105,73
DA:106,73
DA:107,73
DA:110,73
DA:111,73
DA:113,73
DA:114,63
DA:118,10
DA:119,10
DA:121,10
DA:122,4
DA:134,1
DA:135,83
DA:137,83
DA:138,83
DA:140,16
LF:52
LH:52
BRDA:42,1,0,70
BRDA:42,1,1,0
BRDA:48,2,0,0
BRDA:48,2,1,70
BRDA:48,3,0,70
BRDA:48,3,1,39
BRDA:49,4,0,39
BRDA:49,4,1,31
BRDA:49,5,0,38
BRDA:49,5,1,1
BRDA:50,6,0,70
BRDA:50,6,1,6
BRDA:68,7,0,143
BRDA:68,7,1,75
BRDA:113,8,0,63
BRDA:113,8,1,10
BRDA:113,9,0,73
BRDA:113,9,1,63
BRDA:121,10,0,4
BRDA:121,10,1,6
BRDA:121,11,0,10
BRDA:121,11,1,4
BRF:22
BRH:20
end_of_record
TN:
SF:/Users/walter/dev/school/metrics/express/lib/request.js
FN:48,(anonymous_1)
FN:105,(anonymous_2)
FN:118,(anonymous_3)
FN:135,(anonymous_4)
FN:152,(anonymous_5)
FN:180,(anonymous_6)
FN:203,param
FN:246,(anonymous_8)
FN:265,protocol
FN:290,secure
FN:304,ip
FN:321,ips
FN:342,subdomains
FN:362,path
FN:377,hostname
FN:400,host
FN:413,(anonymous_17)
FN:437,stale
FN:448,xhr
FN:461,defineGetter
FNF:20
FNH:20
FNDA:80,(anonymous_1)
FNDA:83,(anonymous_2)
FNDA:6,(anonymous_3)
FNDA:6,(anonymous_4)
FNDA:12,(anonymous_5)
FNDA:4,(anonymous_6)
FNDA:5,param
FNDA:14,(anonymous_8)
FNDA:17,protocol
FNDA:6,secure
FNDA:5,ip
FNDA:4,ips
FNDA:11,subdomains
FNDA:3,path
FNDA:30,hostname
FNDA:10,host
FNDA:336,(anonymous_17)
FNDA:3,stale
FNDA:4,xhr
FNDA:11,defineGetter
DA:5,1
DA:6,1
DA:7,1
DA:8,1
DA:9,1
DA:10,1
DA:11,1
DA:12,1
DA:13,1
DA:19,1
DA:47,1
DA:49,80
DA:52,10
DA:55,70
DA:105,1
DA:106,83
DA:107,83
DA:118,1
DA:119,6
DA:120,6
DA:123,1
DA:135,1
DA:136,6
DA:137,6
DA:140,1
DA:152,1
DA:153,12
DA:154,12
DA:157,1
DA:180,1
DA:181,4
DA:182,4
DA:183,3
DA:203,1
DA:204,5
DA:205,5
DA:206,5
DA:208,5
DA:211,5
DA:213,5
DA:214,4
DA:215,3
DA:217,2
DA:246,1
DA:247,14
DA:248,14
DA:265,1
DA:266,17
DA:269,17
DA:271,17
DA:272,9
DA:277,8
DA:278,8
DA:290,1
DA:291,6
DA:304,1
DA:305,5
DA:306,5
DA:321,1
DA:322,4
DA:323,4
DA:324,4
DA:342,1
DA:343,11
DA:345,11
DA:347,10
DA:348,10
DA:352,10
DA:362,1
DA:363,3
DA:377,1
DA:378,30
DA:379,30
DA:381,30
DA:382,26
DA:385,30
DA:388,27
DA:391,27
DA:393,27
DA:400,1
DA:401,10
DA:413,1
DA:414,336
DA:415,336
DA:418,336
DA:421,295
DA:422,266
DA:425,29
DA:437,1
DA:438,3
DA:448,1
DA:449,4
DA:450,4
DA:461,1
DA:462,11
LF:95
LH:95
BRDA:49,1,0,1
BRDA:49,1,1,10
BRDA:49,1,2,70
BRDA:52,2,0,10
BRDA:52,2,1,9
BRDA:182,3,0,1
BRDA:182,3,1,3
BRDA:204,4,0,5
BRDA:204,4,1,0
BRDA:205,5,0,5
BRDA:205,5,1,4
BRDA:206,6,0,5
BRDA:206,6,1,0
BRDA:208,7,0,4
BRDA:208,7,1,1
BRDA:213,8,0,1
BRDA:213,8,1,4
BRDA:213,9,0,5
BRDA:213,9,1,1
BRDA:214,10,0,1
BRDA:214,10,1,3
BRDA:215,11,0,1
BRDA:215,11,1,2
BRDA:247,12,0,14
BRDA:247,12,1,0
BRDA:266,13,0,1
BRDA:266,13,1,16
BRDA:271,14,0,9
BRDA:271,14,1,8
BRDA:277,15,0,8
BRDA:277,15,1,2
BRDA:345,16,0,1
BRDA:345,16,1,10
BRDA:348,17,0,8
BRDA:348,17,1,2
BRDA:381,18,0,26
BRDA:381,18,1,4
BRDA:381,19,0,30
BRDA:381,19,1,8
BRDA:385,20,0,3
BRDA:385,20,1,27
BRDA:388,21,0,6
BRDA:388,21,1,21
BRDA:393,22,0,5
BRDA:393,22,1,22
BRDA:418,23,0,41
BRDA:418,23,1,295
BRDA:418,24,0,336
BRDA:418,24,1,44
BRDA:421,25,0,266
BRDA:421,25,1,29
BRDA:421,26,0,295
BRDA:421,26,1,295
BRDA:421,26,2,30
BRDA:422,27,0,266
BRDA:422,27,1,2
BRDA:449,28,0,4
BRDA:449,28,1,1
BRF:58
BRH:55
end_of_record
TN:
SF:/Users/walter/dev/school/metrics/express/lib/response.js
FN:49,(anonymous_1)
FN:69,(anonymous_2)
FN:72,(anonymous_3)
FN:90,send
FN:213,json
FN:255,jsonp
FN:326,sendStatus
FN:376,sendFile
FN:402,(anonymous_9)
FN:454,(anonymous_10)
FN:471,(anonymous_11)
FN:498,download
FN:536,(anonymous_13)
FN:599,(anonymous_14)
FN:619,(anonymous_15)
FN:634,attachment
FN:659,append
FN:692,header
FN:717,(anonymous_19)
FN:730,(anonymous_20)
FN:761,(anonymous_21)
FN:807,(anonymous_22)
FN:836,redirect
FN:858,(anonymous_24)
FN:862,(anonymous_25)
FN:867,(anonymous_26)
FN:892,(anonymous_27)
FN:917,(anonymous_28)
FN:932,(anonymous_29)
FN:942,sendfile
FN:947,onaborted
FN:957,ondirectory
FN:967,onerror
FN:974,onend
FN:981,onfile
FN:986,onfinish
FN:991,(anonymous_37)
FN:1004,onstream
FN:1017,headers
FNF:39
FNH:39
FNDA:25,(anonymous_1)
FNDA:3,(anonymous_2)
FNDA:5,(anonymous_3)
FNDA:395,send
FNDA:79,json
FNDA:23,jsonp
FNDA:2,sendStatus
FNDA:32,sendFile
FNDA:30,(anonymous_9)
FNDA:28,(anonymous_10)
FNDA:28,(anonymous_11)
FNDA:8,download
FNDA:210,(anonymous_13)
FNDA:69,(anonymous_14)
FNDA:15,(anonymous_15)
FNDA:5,attachment
FNDA:7,append
FNDA:1494,header
FNDA:1148,(anonymous_19)
FNDA:3,(anonymous_20)
FNDA:19,(anonymous_21)
FNDA:33,(anonymous_22)
FNDA:32,redirect
FNDA:28,(anonymous_24)
FNDA:3,(anonymous_25)
FNDA:1,(anonymous_26)
FNDA:78,(anonymous_27)
FNDA:51,(anonymous_28)
FNDA:48,(anonymous_29)
FNDA:58,sendfile
FNDA:6,onaborted
FNDA:2,ondirectory
FNDA:16,onerror
FNDA:29,onend
FNDA:41,onfile
FNDA:58,onfinish
FNDA:40,(anonymous_37)
FNDA:36,onstream
FNDA:7,headers
DA:13,1
DA:14,1
DA:15,1
DA:16,1
DA:17,1
DA:18,1
DA:19,1
DA:20,1
DA:21,1
DA:22,1
DA:23,1
DA:24,1
DA:25,1
DA:26,1
DA:27,1
DA:28,1
DA:29,1
DA:30,1
DA:31,1
DA:37,1
DA:49,1
DA:50,25
DA:51,25
DA:69,1
DA:70,3
DA:71,3
DA:72,3
DA:73,5
DA:90,1
DA:91,395
DA:92,395
DA:93,395
DA:94,395
DA:95,395
DA:98,395
DA:101,395
DA:103,8
DA:104,1
DA:105,1
DA:107,7
DA:108,7
DA:109,7
DA:114,395
DA:116,4
DA:117,4
DA:120,4
DA:121,4
DA:122,4
DA:125,395
DA:128,322
DA:129,188
DA:131,322
DA:135,71
DA:136,1
DA:137,70
DA:138,5
DA:139,2
DA:142,65
DA:144,6
DA:148,330
DA:149,323
DA:150,323
DA:153,323
DA:154,322
DA:159,330
DA:160,328
DA:162,323
DA:163,323
DA:166,328
DA:167,328
DA:171,330
DA:172,330
DA:173,330
DA:174,318
DA:175,317
DA:180,330
DA:183,330
DA:184,7
DA:185,7
DA:186,7
DA:187,7
DA:190,330
DA:192,3
DA:195,327
DA:198,330
DA:213,1
DA:214,79
DA:217,79
DA:219,3
DA:220,2
DA:221,2
DA:223,1
DA:224,1
DA:225,1
DA:230,79
DA:231,79
DA:232,79
DA:233,79
DA:236,79
DA:237,66
DA:240,79
DA:255,1
DA:256,23
DA:259,23
DA:261,3
DA:262,2
DA:263,2
DA:265,1
DA:266,1
DA:267,1
DA:272,23
DA:273,23
DA:274,23
DA:275,23
DA:276,23
DA:279,23
DA:280,20
DA:281,20
DA:285,23
DA:286,1
DA:290,23
DA:291,8
DA:292,8
DA:293,8
DA:296,8
DA:299,8
DA:305,8
DA:308,23
DA:326,1
DA:327,2
DA:329,2
DA:330,2
DA:332,2
DA:376,1
DA:377,32
DA:378,32
DA:379,32
DA:381,32
DA:382,1
DA:386,31
DA:387,7
DA:388,7
DA:391,31
DA:393,31
DA:394,1
DA:398,30
DA:399,30
DA:402,30
DA:403,30
DA:404,17
DA:407,16
DA:408,4
DA:454,1
DA:455,28
DA:456,28
DA:457,28
DA:460,28
DA:461,9
DA:462,9
DA:465,28
DA:468,28
DA:471,28
DA:472,28
DA:473,19
DA:476,18
DA:477,6
DA:482,1
DA:498,1
DA:500,8
DA:501,5
DA:502,5
DA:505,8
DA:508,8
DA:513,8
DA:515,8
DA:535,1
DA:537,210
DA:599,1
DA:600,69
DA:601,69
DA:603,69
DA:604,69
DA:605,69
DA:607,69
DA:609,69
DA:611,69
DA:612,62
DA:613,62
DA:614,7
DA:615,2
DA:617,5
DA:618,5
DA:619,15
DA:620,5
DA:623,69
DA:634,1
DA:635,5
DA:636,4
DA:639,5
DA:641,5
DA:659,1
DA:660,7
DA:661,7
DA:663,7
DA:665,4
DA:670,7
DA:691,1
DA:693,1494
DA:694,1492
DA:695,1483
DA:696,1492
DA:697,368
DA:698,368
DA:700,1492
DA:702,2
DA:703,3
DA:706,1493
DA:717,1
DA:718,1148
DA:730,1
DA:731,3
DA:732,3
DA:761,1
DA:762,19
DA:763,19
DA:764,19
DA:765,19
DA:766,19
DA:767,19
DA:768,19
DA:769,19
DA:770,6
DA:771,6
DA:773,19
DA:774,19
DA:777,19
DA:778,19
DA:779,2
DA:780,1
DA:782,1
DA:785,19
DA:786,19
DA:807,1
DA:808,33
DA:811,33
DA:814,33
DA:815,33
DA:836,1
DA:837,32
DA:838,32
DA:839,32
DA:842,32
DA:843,4
DA:844,3
DA:845,3
DA:847,1
DA:848,1
DA:853,32
DA:854,32
DA:857,32
DA:859,28
DA:863,3
DA:864,3
DA:868,1
DA:873,32
DA:874,32
DA:876,32
DA:877,1
DA:879,31
DA:892,1
DA:894,78
DA:895,2
DA:896,2
DA:899,76
DA:901,76
DA:917,1
DA:918,51
DA:919,51
DA:920,51
DA:921,51
DA:924,51
DA:925,2
DA:929,51
DA:932,51
DA:933,48
DA:934,46
DA:938,51
DA:942,1
DA:943,58
DA:944,58
DA:947,1
DA:948,6
DA:949,6
DA:951,6
DA:952,6
DA:953,6
DA:957,1
DA:958,2
DA:959,2
DA:961,2
DA:962,2
DA:963,2
DA:967,1
DA:968,16
DA:969,16
DA:970,16
DA:974,1
DA:975,29
DA:976,29
DA:977,29
DA:981,1
DA:982,41
DA:986,1
DA:987,58
DA:988,58
DA:989,57
DA:991,40
DA:992,40
DA:993,6
DA:994,6
DA:997,34
DA:998,5
DA:999,5
DA:1004,1
DA:1005,36
DA:1008,58
DA:1009,58
DA:1010,58
DA:1011,58
DA:1012,58
DA:1013,58
DA:1015,58
DA:1017,12
DA:1018,7
DA:1019,7
DA:1021,7
DA:1022,9
DA:1023,9
DA:1029,58
LF:339
LH:339
BRDA:70,1,0,3
BRDA:70,1,1,2
BRDA:71,2,0,1
BRDA:71,2,1,2
BRDA:101,3,0,8
BRDA:101,3,1,387
BRDA:103,4,0,1
BRDA:103,4,1,7
BRDA:103,5,0,8
BRDA:103,5,1,1
BRDA:114,6,0,4
BRDA:114,6,1,391
BRDA:114,7,0,395
BRDA:114,7,1,5
BRDA:116,8,0,4
BRDA:116,8,1,0
BRDA:125,9,0,322
BRDA:125,9,1,6
BRDA:125,9,2,7
BRDA:125,9,3,71
BRDA:128,10,0,188
BRDA:128,10,1,134
BRDA:135,11,0,1
BRDA:135,11,1,70
BRDA:137,12,0,5
BRDA:137,12,1,65
BRDA:138,13,0,2
BRDA:138,13,1,3
BRDA:148,14,0,323
BRDA:148,14,1,7
BRDA:153,15,0,322
BRDA:153,15,1,1
BRDA:159,16,0,328
BRDA:159,16,1,2
BRDA:160,17,0,323
BRDA:160,17,1,5
BRDA:172,18,0,330
BRDA:172,18,1,328
BRDA:173,19,0,318
BRDA:173,19,1,12
BRDA:173,20,0,330
BRDA:173,20,1,326
BRDA:174,21,0,317
BRDA:174,21,1,1
BRDA:180,22,0,4
BRDA:180,22,1,326
BRDA:183,23,0,7
BRDA:183,23,1,323
BRDA:183,24,0,330
BRDA:183,24,1,328
BRDA:190,25,0,3
BRDA:190,25,1,327
BRDA:217,26,0,3
BRDA:217,26,1,76
BRDA:219,27,0,2
BRDA:219,27,1,1
BRDA:236,28,0,66
BRDA:236,28,1,13
BRDA:259,29,0,3
BRDA:259,29,1,20
BRDA:261,30,0,2
BRDA:261,30,1,1
BRDA:279,31,0,20
BRDA:279,31,1,3
BRDA:285,32,0,1
BRDA:285,32,1,22
BRDA:290,33,0,8
BRDA:290,33,1,15
BRDA:290,34,0,23
BRDA:290,34,1,8
BRDA:327,35,0,2
BRDA:327,35,1,1
BRDA:381,36,0,1
BRDA:381,36,1,31
BRDA:386,37,0,7
BRDA:386,37,1,24
BRDA:391,38,0,31
BRDA:391,38,1,11
BRDA:393,39,0,1
BRDA:393,39,1,30
BRDA:393,40,0,31
BRDA:393,40,1,29
BRDA:403,41,0,13
BRDA:403,41,1,17
BRDA:404,42,0,1
BRDA:404,42,1,16
BRDA:404,43,0,17
BRDA:404,43,1,6
BRDA:407,44,0,4
BRDA:407,44,1,12
BRDA:407,45,0,16
BRDA:407,45,1,5
BRDA:407,45,2,4
BRDA:460,46,0,9
BRDA:460,46,1,19
BRDA:465,47,0,28
BRDA:465,47,1,12
BRDA:472,48,0,9
BRDA:472,48,1,19
BRDA:473,49,0,1
BRDA:473,49,1,18
BRDA:473,50,0,19
BRDA:473,50,1,7
BRDA:476,51,0,6
BRDA:476,51,1,12
BRDA:476,52,0,18
BRDA:476,52,1,6
BRDA:476,52,2,6
BRDA:500,53,0,5
BRDA:500,53,1,3
BRDA:505,54,0,8
BRDA:505,54,1,6
BRDA:537,55,0,6
BRDA:537,55,1,204
BRDA:604,56,0,33
BRDA:604,56,1,36
BRDA:611,57,0,62
BRDA:611,57,1,7
BRDA:614,58,0,2
BRDA:614,58,1,5
BRDA:635,59,0,4
BRDA:635,59,1,1
BRDA:663,60,0,4
BRDA:663,60,1,3
BRDA:665,61,0,0
BRDA:665,61,1,4
BRDA:666,62,0,0
BRDA:666,62,1,4
BRDA:693,63,0,1492
BRDA:693,63,1,2
BRDA:694,64,0,9
BRDA:694,64,1,1483
BRDA:696,65,0,368
BRDA:696,65,1,1124
BRDA:696,66,0,1492
BRDA:696,66,1,694
BRDA:698,67,0,258
BRDA:698,67,1,110
BRDA:732,68,0,1
BRDA:732,68,1,2
BRDA:765,69,0,0
BRDA:765,69,1,19
BRDA:765,70,0,19
BRDA:765,70,1,3
BRDA:766,71,0,4
BRDA:766,71,1,15
BRDA:767,72,0,3
BRDA:767,72,1,16
BRDA:768,73,0,3
BRDA:768,73,1,16
BRDA:769,74,0,6
BRDA:769,74,1,13
BRDA:773,75,0,16
BRDA:773,75,1,3
BRDA:778,76,0,2
BRDA:778,76,1,17
BRDA:779,77,0,1
BRDA:779,77,1,1
BRDA:811,78,0,9
BRDA:811,78,1,24
BRDA:811,79,0,9
BRDA:811,79,1,9
BRDA:842,80,0,4
BRDA:842,80,1,28
BRDA:843,81,0,3
BRDA:843,81,1,1
BRDA:876,82,0,1
BRDA:876,82,1,31
BRDA:894,83,0,2
BRDA:894,83,1,76
BRDA:894,84,0,78
BRDA:894,84,1,77
BRDA:894,84,2,2
BRDA:918,85,0,51
BRDA:918,85,1,13
BRDA:924,86,0,2
BRDA:924,86,1,49
BRDA:932,87,0,51
BRDA:932,87,1,48
BRDA:933,88,0,2
BRDA:933,88,1,46
BRDA:948,89,0,0
BRDA:948,89,1,6
BRDA:958,90,0,0
BRDA:958,90,1,2
BRDA:968,91,0,0
BRDA:968,91,1,16
BRDA:975,92,0,0
BRDA:975,92,1,29
BRDA:987,93,0,0
BRDA:987,93,1,58
BRDA:987,94,0,58
BRDA:987,94,1,1
BRDA:988,95,0,1
BRDA:988,95,1,57
BRDA:989,96,0,17
BRDA:989,96,1,40
BRDA:992,97,0,6
BRDA:992,97,1,34
BRDA:992,98,0,40
BRDA:992,98,1,35
BRDA:997,99,0,29
BRDA:997,99,1,5
BRDA:1015,100,0,12
BRDA:1015,100,1,46
BRF:205
BRH:196
end_of_record
TN:
SF:/Users/walter/dev/school/metrics/express/examples/auth/index.js
FN:28,(anonymous_1)
FN:48,(anonymous_2)
FN:58,authenticate
FN:66,(anonymous_4)
FN:73,restrict
FN:82,(anonymous_6)
FN:86,(anonymous_7)
FN:90,(anonymous_8)
FN:93,(anonymous_9)
FN:98,(anonymous_10)
FN:102,(anonymous_11)
FN:103,(anonymous_12)
FN:107,(anonymous_13)
FNF:13
FNH:13
FNDA:11,(anonymous_1)
FNDA:1,(anonymous_2)
FNDA:5,authenticate
FNDA:3,(anonymous_4)
FNDA:2,restrict
FNDA:1,(anonymous_6)
FNDA:1,(anonymous_7)
FNDA:1,(anonymous_8)
FNDA:1,(anonymous_9)
FNDA:2,(anonymous_10)
FNDA:5,(anonymous_11)
FNDA:5,(anonymous_12)
FNDA:2,(anonymous_13)
DA:5,1
DA:6,1
DA:7,1
DA:8,1
DA:10,1
DA:14,1
DA:15,1
DA:19,1
DA:20,1
DA:28,1
DA:29,11
DA:30,11
DA:31,11
DA:32,11
DA:33,11
DA:34,11
DA:35,11
DA:36,11
DA:41,1
DA:48,1
DA:49,1
DA:51,1
DA:52,1
DA:58,1
DA:59,5
DA:60,5
DA:62,5
DA:66,3
DA:67,3
DA:68,3
DA:69,1
DA:73,1
DA:74,2
DA:75,1
DA:77,1
DA:78,1
DA:82,1
DA:83,1
DA:86,1
DA:87,1
DA:90,1
DA:93,1
DA:94,1
DA:98,1
DA:99,2
DA:102,1
DA:103,5
DA:104,5
DA:107,2
DA:111,2
DA:112,2
DA:115,2
DA:118,3
DA:121,3
DA:127,1
DA:128,1
DA:129,1
LF:57
LH:57
BRDA:34,1,0,1
BRDA:34,1,1,10
BRDA:35,2,0,1
BRDA:35,2,1,10
BRDA:49,3,0,0
BRDA:49,3,1,1
BRDA:59,4,0,0
BRDA:59,4,1,5
BRDA:62,5,0,2
BRDA:62,5,1,3
BRDA:67,6,0,0
BRDA:67,6,1,3
BRDA:68,7,0,2
BRDA:68,7,1,1
BRDA:74,8,0,1
BRDA:74,8,1,1
BRDA:104,9,0,2
BRDA:104,9,1,3
BRDA:127,10,0,0
BRDA:127,10,1,1
BRF:20
BRH:17
end_of_record
TN:
SF:/Users/walter/dev/school/metrics/express/examples/auth/pass.js
FN:32,(anonymous_1)
FN:34,(anonymous_2)
FN:39,(anonymous_3)
FN:42,(anonymous_4)
FNF:4
FNH:4
FNDA:4,(anonymous_1)
FNDA:3,(anonymous_2)
FNDA:1,(anonymous_3)
FNDA:1,(anonymous_4)
DA:8,1
DA:14,1
DA:20,1
DA:32,1
DA:33,4
DA:34,3
DA:35,3
DA:38,1
DA:39,1
DA:40,1
DA:41,1
DA:42,1
DA:43,1
DA:44,1
LF:14
LH:14
BRDA:33,1,0,3
BRDA:33,1,1,1
BRDA:40,2,0,0
BRDA:40,2,1,1
BRDA:43,3,0,0
BRDA:43,3,1,1
BRF:6
BRH:4
end_of_record
TN:
SF:/Users/walter/dev/school/metrics/express/examples/content-negotiation/index.js
FN:7,(anonymous_1)
FN:9,(anonymous_2)
FN:10,(anonymous_3)
FN:15,(anonymous_4)
FN:16,(anonymous_5)
FN:21,(anonymous_6)
FN:31,format
FN:33,(anonymous_8)
FNF:8
FNH:8
FNDA:3,(anonymous_1)
FNDA:1,(anonymous_2)
FNDA:3,(anonymous_3)
FNDA:1,(anonymous_4)
FNDA:3,(anonymous_5)
FNDA:1,(anonymous_6)
FNDA:1,format
FNDA:3,(anonymous_8)
DA:1,1
DA:2,1
DA:3,1
DA:7,1
DA:8,3
DA:10,1
DA:11,3
DA:16,1
DA:17,3
DA:22,1
DA:31,1
DA:32,1
DA:33,1
DA:34,3
DA:38,1
DA:41,1
DA:42,1
DA:43,1
LF:18
LH:18
BRDA:41,1,0,0
BRDA:41,1,1,1
BRF:2
BRH:2
end_of_record
TN:
SF:/Users/walter/dev/school/metrics/express/examples/content-negotiation/db.js
FNF:0
FNH:0
DA:1,1
DA:3,1
DA:4,1
DA:5,1
DA:7,1
LF:5
LH:5
BRF:0
BRH:0
end_of_record
TN:
SF:/Users/walter/dev/school/metrics/express/examples/content-negotiation/users.js
FN:4,(anonymous_1)
FN:5,(anonymous_2)
FN:10,(anonymous_3)
FN:11,(anonymous_4)
FN:16,(anonymous_5)
FNF:5
FNH:5
FNDA:1,(anonymous_1)
FNDA:3,(anonymous_2)
FNDA:1,(anonymous_3)
FNDA:3,(anonymous_4)
FNDA:1,(anonymous_5)
DA:2,1
DA:4,1
DA:5,1
DA:6,3
DA:10,1
DA:11,1
DA:12,3
DA:16,1
DA:17,1
LF:9
LH:9
BRF:0
BRH:0
end_of_record
TN:
SF:/Users/walter/dev/school/metrics/express/examples/cookie-sessions/index.js
FN:17,count
FNF:1
FNH:1
FNDA:4,count
DA:5,1
DA:6,1
DA:8,1
DA:11,1
DA:14,1
DA:17,1
DA:18,4
DA:19,4
DA:20,4
DA:24,1
DA:25,1
DA:26,1
LF:12
LH:12
BRDA:18,1,0,4
BRDA:18,1,1,3
BRDA:24,2,0,0
BRDA:24,2,1,1
BRF:4
BRH:4
end_of_record
TN:
SF:/Users/walter/dev/school/metrics/express/examples/cookies/index.js
FN:23,(anonymous_1)
FN:33,(anonymous_2)
FN:38,(anonymous_3)
FNF:3
FNH:3
FNDA:3,(anonymous_1)
FNDA:1,(anonymous_2)
FNDA:4,(anonymous_3)
DA:5,1
DA:6,1
DA:7,1
DA:8,1
DA:9,1
DA:12,1
DA:18,1
DA:21,1
DA:23,1
DA:24,3
DA:25,1
DA:27,2
DA:33,1
DA:34,1
DA:35,1
DA:38,1
DA:39,4
DA:40,4
DA:41,4
DA:45,1
DA:46,1
DA:47,1
LF:22
LH:22
BRDA:12,1,0,0
BRDA:12,1,1,1
BRDA:24,2,0,1
BRDA:24,2,1,2
BRDA:40,3,0,3
BRDA:40,3,1,1
BRDA:45,4,0,0
BRDA:45,4,1,1
BRF:8
BRH:7
end_of_record
TN:
SF:/Users/walter/dev/school/metrics/express/examples/downloads/index.js
FN:8,(anonymous_1)
FN:19,(anonymous_2)
FN:23,(anonymous_3)
FNF:3
FNH:3
FNDA:1,(anonymous_1)
FNDA:2,(anonymous_2)
FNDA:2,(anonymous_3)
DA:5,1
DA:6,1
DA:8,1
DA:9,1
DA:19,1
DA:20,2
DA:21,2
DA:23,2
DA:24,2
DA:25,1
DA:27,1
DA:28,1
DA:33,1
DA:34,1
DA:35,1
LF:15
LH:15
BRDA:24,1,0,1
BRDA:24,1,1,1
BRDA:25,2,0,0
BRDA:25,2,1,1
BRDA:25,3,0,1
BRDA:25,3,1,1
BRDA:33,4,0,0
BRDA:33,4,1,1
BRF:8
BRH:7
end_of_record
TN:
SF:/Users/walter/dev/school/metrics/express/examples/ejs/index.js
FN:38,(anonymous_1)
FNF:1
FNH:1
FNDA:1,(anonymous_1)
DA:5,1
DA:7,1
DA:20,1
DA:24,1
DA:29,1
DA:32,1
DA:38,1
DA:39,1
DA:47,1
DA:48,1
DA:49,1
LF:11
LH:11
BRDA:47,1,0,0
BRDA:47,1,1,1
BRF:2
BRH:2
end_of_record
TN:
SF:/Users/walter/dev/school/metrics/express/examples/error-pages/index.js
FN:27,(anonymous_1)
FN:31,(anonymous_2)
FN:38,(anonymous_3)
FN:45,(anonymous_4)
FN:60,(anonymous_5)
FN:91,(anonymous_6)
FNF:6
FNH:6
FNDA:1,(anonymous_1)
FNDA:3,(anonymous_2)
FNDA:3,(anonymous_3)
FNDA:3,(anonymous_4)
FNDA:3,(anonymous_5)
FNDA:6,(anonymous_6)
DA:5,1
DA:6,1
DA:7,1
DA:8,1
DA:11,1
DA:12,1
DA:17,1
DA:21,1
DA:23,1
DA:27,1
DA:28,1
DA:31,1
DA:35,3
DA:38,1
DA:40,3
DA:41,3
DA:42,3
DA:45,1
DA:47,3
DA:60,1
DA:61,3
DA:64,3
DA:65,1
DA:66,1
DA:70,2
DA:71,1
DA:72,1
DA:76,1
DA:91,1
DA:95,6
DA:96,6
DA:100,1
DA:101,1
DA:102,1
LF:34
LH:34
BRDA:21,1,0,0
BRDA:21,1,1,1
BRDA:23,2,0,1
BRDA:23,2,1,0
BRDA:64,3,0,1
BRDA:64,3,1,2
BRDA:70,4,0,1
BRDA:70,4,1,1
BRDA:95,5,0,6
BRDA:95,5,1,3
BRDA:100,6,0,0
BRDA:100,6,1,1
BRF:12
BRH:10
end_of_record
TN:
SF:/Users/walter/dev/school/metrics/express/examples/error/index.js
FN:18,error
FN:27,(anonymous_2)
FN:32,(anonymous_3)
FN:34,(anonymous_4)
FNF:4
FNH:4
FNDA:2,error
FNDA:1,(anonymous_2)
FNDA:1,(anonymous_3)
FNDA:1,(anonymous_4)
DA:5,1
DA:6,1
DA:7,1
DA:8,1
DA:10,1
DA:18,1
DA:20,2
DA:23,2
DA:24,2
DA:27,1
DA:29,1
DA:32,1
DA:34,1
DA:35,1
DA:42,1
DA:45,1
DA:46,1
DA:47,1
LF:18
LH:18
BRDA:10,1,0,0
BRDA:10,1,1,1
BRDA:20,2,0,0
BRDA:20,2,1,2
BRDA:45,3,0,0
BRDA:45,3,1,1
BRF:6
BRH:4
end_of_record
TN:
SF:/Users/walter/dev/school/metrics/express/examples/markdown/index.js
FN:13,(anonymous_1)
FN:14,(anonymous_2)
FN:18,(anonymous_3)
FN:33,(anonymous_4)
FN:37,(anonymous_5)
FNF:5
FNH:5
FNDA:1,(anonymous_1)
FNDA:1,(anonymous_2)
FNDA:1,(anonymous_3)
FNDA:1,(anonymous_4)
FNDA:1,(anonymous_5)
DA:5,1
DA:6,1
DA:7,1
DA:9,1
DA:13,1
DA:14,1
DA:15,1
DA:16,1
DA:17,1
DA:18,1
DA:19,1
DA:21,1
DA:23,0
DA:28,1
DA:31,1
DA:33,1
DA:34,1
DA:37,1
DA:38,1
DA:42,1
DA:43,1
DA:44,1
LF:22
LH:21
BRDA:15,1,0,0
BRDA:15,1,1,1
BRDA:19,2,0,1
BRDA:19,2,1,0
BRDA:42,3,0,0
BRDA:42,3,1,1
BRF:6
BRH:4
end_of_record
TN:
SF:/Users/walter/dev/school/metrics/express/examples/multi-router/index.js
FN:8,(anonymous_1)
FNF:1
FNH:1
FNDA:1,(anonymous_1)
DA:1,1
DA:3,1
DA:5,1
DA:6,1
DA:8,1
DA:9,1
DA:13,1
DA:14,1
DA:15,1
LF:9
LH:9
BRDA:13,1,0,0
BRDA:13,1,1,1
BRF:2
BRH:2
end_of_record
TN:
SF:/Users/walter/dev/school/metrics/express/examples/multi-router/controllers/api_v1.js
FN:5,(anonymous_1)
FN:9,(anonymous_2)
FNF:2
FNH:2
FNDA:1,(anonymous_1)
FNDA:1,(anonymous_2)
DA:1,1
DA:3,1
DA:5,1
DA:6,1
DA:9,1
DA:10,1
DA:13,1
LF:7
LH:7
BRF:0
BRH:0
end_of_record
TN:
SF:/Users/walter/dev/school/metrics/express/examples/multi-router/controllers/api_v2.js
FN:5,(anonymous_1)
FN:9,(anonymous_2)
FNF:2
FNH:2
FNDA:1,(anonymous_1)
FNDA:1,(anonymous_2)
DA:1,1
DA:3,1
DA:5,1
DA:6,1
DA:9,1
DA:10,1
DA:13,1
LF:7
LH:7
BRF:0
BRH:0
end_of_record
TN:
SF:/Users/walter/dev/school/metrics/express/examples/mvc/index.js
FN:24,(anonymous_1)
FN:53,(anonymous_2)
FN:78,(anonymous_3)
FN:87,(anonymous_4)
FNF:4
FNH:4
FNDA:3,(anonymous_1)
FNDA:15,(anonymous_2)
FNDA:1,(anonymous_3)
FNDA:1,(anonymous_4)
DA:5,1
DA:6,1
DA:7,1
DA:8,1
DA:9,1
DA:11,1
DA:17,1
DA:20,1
DA:24,1
DA:26,3
DA:28,3
DA:29,3
DA:30,3
DA:34,1
DA:37,1
DA:40,1
DA:47,1
DA:50,1
DA:53,1
DA:54,15
DA:57,15
DA:60,15
DA:69,15
DA:72,15
DA:76,1
DA:78,1
DA:80,1
DA:83,1
DA:87,1
DA:88,1
DA:92,1
DA:93,1
DA:94,1
LF:33
LH:33
BRDA:28,1,0,3
BRDA:28,1,1,2
BRDA:34,2,0,0
BRDA:34,2,1,1
BRDA:54,3,0,15
BRDA:54,3,1,15
BRDA:80,4,0,0
BRDA:80,4,1,1
BRDA:92,5,0,0
BRDA:92,5,1,1
BRF:10
BRH:8
end_of_record
TN:
SF:/Users/walter/dev/school/metrics/express/examples/mvc/lib/boot.js
FN:8,(anonymous_1)
FN:10,(anonymous_2)
FNF:2
FNH:2
FNDA:1,(anonymous_1)
FNDA:4,(anonymous_2)
DA:5,1
DA:6,1
DA:8,1
DA:9,1
DA:10,1
DA:11,4
DA:12,4
DA:13,4
DA:14,4
DA:15,4
DA:16,4
DA:17,4
DA:18,4
DA:21,4
DA:22,4
DA:26,4
DA:28,14
DA:30,9
DA:32,2
DA:33,2
DA:34,2
DA:36,1
DA:37,1
DA:38,1
DA:40,2
DA:41,2
DA:42,2
DA:44,2
DA:45,2
DA:46,2
DA:48,1
DA:49,1
DA:50,1
DA:52,1
DA:53,1
DA:54,1
DA:57,1
DA:61,9
DA:62,9
DA:65,9
DA:66,7
DA:67,7
DA:69,2
DA:70,2
DA:75,4
LF:45
LH:45
BRDA:11,1,0,4
BRDA:11,1,1,0
BRDA:13,2,0,4
BRDA:13,2,1,3
BRDA:14,3,0,4
BRDA:14,3,1,3
BRDA:21,4,0,1
BRDA:21,4,1,3
BRDA:28,5,0,5
BRDA:28,5,1,9
BRDA:30,6,0,2
BRDA:30,6,1,1
BRDA:30,6,2,2
BRDA:30,6,3,2
BRDA:30,6,4,1
BRDA:30,6,5,1
BRDA:30,6,6,0
BRDA:65,7,0,7
BRDA:65,7,1,2
BRDA:67,8,0,7
BRDA:67,8,1,0
BRDA:70,9,0,2
BRDA:70,9,1,0
BRF:23
BRH:19
end_of_record
TN:
SF:/Users/walter/dev/school/metrics/express/examples/mvc/controllers/main/index.js
FN:1,(anonymous_1)
FNF:1
FNH:1
FNDA:1,(anonymous_1)
DA:1,1
DA:2,1
LF:2
LH:2
BRF:0
BRH:0
end_of_record
TN:
SF:/Users/walter/dev/school/metrics/express/examples/mvc/controllers/pet/index.js
FN:9,(anonymous_1)
FN:16,(anonymous_2)
FN:20,(anonymous_3)
FN:24,(anonymous_4)
FNF:4
FNH:4
FNDA:4,(anonymous_1)
FNDA:1,(anonymous_2)
FNDA:2,(anonymous_3)
FNDA:1,(anonymous_4)
DA:5,1
DA:7,1
DA:9,1
DA:10,4
DA:11,4
DA:12,4
DA:13,4
DA:16,1
DA:17,1
DA:20,1
DA:21,2
DA:24,1
DA:25,1
DA:26,1
DA:27,1
DA:28,1
LF:16
LH:16
BRDA:11,1,0,0
BRDA:11,1,1,4
BRF:2
BRH:1
end_of_record
TN:
SF:/Users/walter/dev/school/metrics/express/examples/mvc/db.js
FNF:0
FNH:0
DA:3,1
DA:5,1
DA:6,1
DA:7,1
DA:8,1
DA:10,1
DA:12,1
DA:13,1
DA:14,1
LF:9
LH:9
BRF:0
BRH:0
end_of_record
TN:
SF:/Users/walter/dev/school/metrics/express/examples/mvc/controllers/user/index.js
FN:7,(anonymous_1)
FN:11,(anonymous_2)
FN:20,(anonymous_3)
FN:24,(anonymous_4)
FN:28,(anonymous_5)
FN:32,(anonymous_6)
FNF:6
FNH:6
FNDA:9,(anonymous_1)
FNDA:8,(anonymous_2)
FNDA:1,(anonymous_3)
FNDA:2,(anonymous_4)
FNDA:3,(anonymous_5)
FNDA:2,(anonymous_6)
DA:5,1
DA:7,1
DA:8,9
DA:9,9
DA:11,8
DA:12,8
DA:14,8
DA:16,7
DA:20,1
DA:21,1
DA:24,1
DA:25,2
DA:28,1
DA:29,3
DA:32,1
DA:33,2
DA:34,2
DA:35,1
DA:36,1
LF:19
LH:19
BRDA:9,1,0,1
BRDA:9,1,1,8
BRDA:14,2,0,1
BRDA:14,2,1,7
BRF:4
BRH:4
end_of_record
TN:
SF:/Users/walter/dev/school/metrics/express/examples/mvc/controllers/user-pet/index.js
FN:10,(anonymous_1)
FNF:1
FNH:1
FNDA:1,(anonymous_1)
DA:5,1
DA:7,1
DA:8,1
DA:10,1
DA:11,1
DA:12,1
DA:13,1
DA:14,1
DA:15,1
DA:16,1
DA:17,1
DA:18,1
DA:19,1
LF:13
LH:13
BRDA:14,1,0,0
BRDA:14,1,1,1
BRF:2
BRH:1
end_of_record
TN:
SF:/Users/walter/dev/school/metrics/express/examples/params/index.js
FN:20,(anonymous_1)
FN:31,(anonymous_2)
FN:43,(anonymous_3)
FN:51,(anonymous_4)
FN:59,(anonymous_5)
FN:62,(anonymous_6)
FNF:6
FNH:6
FNDA:3,(anonymous_1)
FNDA:2,(anonymous_2)
FNDA:1,(anonymous_3)
FNDA:1,(anonymous_4)
FNDA:1,(anonymous_5)
FNDA:5,(anonymous_6)
DA:5,1
DA:6,1
DA:10,1
DA:20,1
DA:21,3
DA:22,3
DA:23,1
DA:25,2
DA:31,1
DA:32,2
DA:33,1
DA:35,1
DA:43,1
DA:44,1
DA:51,1
DA:52,1
DA:59,1
DA:60,1
DA:61,1
DA:62,5
DA:63,1
DA:67,1
DA:68,1
DA:69,1
LF:24
LH:24
BRDA:22,1,0,1
BRDA:22,1,1,2
BRDA:32,2,0,1
BRDA:32,2,1,1
BRDA:67,3,0,0
BRDA:67,3,1,1
BRF:6
BRH:6
end_of_record
TN:
SF:/Users/walter/dev/school/metrics/express/examples/resource/index.js
FN:11,(anonymous_1)
FN:13,(anonymous_2)
FN:20,(anonymous_3)
FN:40,(anonymous_4)
FN:43,(anonymous_5)
FN:46,(anonymous_6)
FN:51,(anonymous_7)
FN:59,(anonymous_8)
FN:76,(anonymous_9)
FNF:9
FNH:9
FNDA:1,(anonymous_1)
FNDA:2,(anonymous_2)
FNDA:2,(anonymous_3)
FNDA:1,(anonymous_4)
FNDA:2,(anonymous_5)
FNDA:2,(anonymous_6)
FNDA:2,(anonymous_7)
FNDA:3,(anonymous_8)
FNDA:1,(anonymous_9)
DA:5,1
DA:7,1
DA:11,1
DA:12,1
DA:13,1
DA:14,2
DA:15,2
DA:16,2
DA:17,2
DA:19,1
DA:20,1
DA:21,2
DA:22,2
DA:28,1
DA:39,1
DA:41,1
DA:44,2
DA:47,2
DA:48,2
DA:49,2
DA:52,2
DA:53,2
DA:55,1
DA:56,1
DA:59,1
DA:60,3
DA:62,1
DA:63,1
DA:74,1
DA:76,1
DA:77,1
DA:90,1
DA:91,1
DA:92,1
LF:34
LH:34
BRDA:44,1,0,2
BRDA:44,1,1,1
BRDA:49,2,0,1
BRDA:49,2,1,1
BRDA:53,3,0,1
BRDA:53,3,1,0
BRDA:53,3,2,1
BRDA:90,4,0,0
BRDA:90,4,1,1
BRF:9
BRH:8
end_of_record
TN:
SF:/Users/walter/dev/school/metrics/express/examples/route-map/index.js
FN:11,(anonymous_1)
FN:29,(anonymous_2)
FN:33,(anonymous_3)
FN:37,(anonymous_4)
FN:43,(anonymous_5)
FN:47,(anonymous_6)
FNF:6
FNH:6
FNDA:5,(anonymous_1)
FNDA:1,(anonymous_2)
FNDA:1,(anonymous_3)
FNDA:1,(anonymous_4)
FNDA:1,(anonymous_5)
FNDA:1,(anonymous_6)
DA:5,1
DA:7,1
DA:9,1
DA:11,1
DA:12,5
DA:13,5
DA:14,9
DA:17,4
DA:18,4
DA:21,5
DA:22,5
DA:23,5
DA:28,1
DA:30,1
DA:34,1
DA:38,1
DA:42,1
DA:44,1
DA:48,1
DA:52,1
DA:69,1
DA:70,1
DA:71,1
LF:23
LH:23
BRDA:12,1,0,5
BRDA:12,1,1,1
BRDA:14,2,0,4
BRDA:14,2,1,5
BRDA:21,3,0,0
BRDA:21,3,1,5
BRDA:69,4,0,0
BRDA:69,4,1,1
BRF:8
BRH:7
end_of_record
TN:
SF:/Users/walter/dev/school/metrics/express/examples/route-separation/index.js
FNF:0
FNH:0
DA:5,1
DA:6,1
DA:7,1
DA:8,1
DA:9,1
DA:10,1
DA:11,1
DA:12,1
DA:13,1
DA:15,1
DA:19,1
DA:20,1
DA:23,1
DA:24,1
DA:27,1
DA:28,1
DA:29,1
DA:30,1
DA:34,1
DA:38,1
DA:39,1
DA:40,1
DA:41,1
DA:42,1
DA:43,1
DA:47,1
DA:50,1
DA:51,1
DA:52,1
LF:29
LH:29
BRDA:23,1,0,0
BRDA:23,1,1,1
BRDA:50,2,0,0
BRDA:50,2,1,1
BRF:4
BRH:4
end_of_record
TN:
SF:/Users/walter/dev/school/metrics/express/examples/route-separation/site.js
FN:1,(anonymous_1)
FNF:1
FNH:1
FNDA:1,(anonymous_1)
DA:1,1
DA:2,1
LF:2
LH:2
BRF:0
BRH:0
end_of_record
TN:
SF:/Users/walter/dev/school/metrics/express/examples/route-separation/post.js
FN:9,(anonymous_1)
FNF:1
FNH:1
FNDA:1,(anonymous_1)
DA:3,1
DA:9,1
DA:10,1
LF:3
LH:3
BRF:0
BRH:0
end_of_record
TN:
SF:/Users/walter/dev/school/metrics/express/examples/route-separation/user.js
FN:8,(anonymous_1)
FN:12,(anonymous_2)
FN:24,(anonymous_3)
FN:31,(anonymous_4)
FN:38,(anonymous_5)
FNF:5
FNH:5
FNDA:1,(anonymous_1)
FNDA:9,(anonymous_2)
FNDA:4,(anonymous_3)
FNDA:1,(anonymous_4)
FNDA:2,(anonymous_5)
DA:3,1
DA:8,1
DA:9,1
DA:12,1
DA:13,9
DA:14,9
DA:15,9
DA:16,7
DA:18,2
DA:19,2
DA:20,2
DA:24,1
DA:25,4
DA:31,1
DA:32,1
DA:38,1
DA:41,2
DA:42,2
DA:43,2
DA:44,2
LF:20
LH:20
BRDA:15,1,0,7
BRDA:15,1,1,2
BRF:2
BRH:2
end_of_record
TN:
SF:/Users/walter/dev/school/metrics/express/examples/vhost/index.js
FN:23,(anonymous_1)
FN:27,(anonymous_2)
FN:35,(anonymous_3)
FNF:3
FNH:3
FNDA:1,(anonymous_1)
FNDA:1,(anonymous_2)
FNDA:2,(anonymous_3)
DA:5,1
DA:6,1
DA:7,1
DA:19,1
DA:21,1
DA:23,1
DA:24,1
DA:27,1
DA:28,1
DA:33,1
DA:35,1
DA:36,2
DA:37,2
DA:42,1
DA:44,1
DA:45,1
DA:48,1
DA:49,1
DA:50,1
LF:19
LH:19
BRDA:21,1,0,0
BRDA:21,1,1,1
BRDA:36,2,0,0
BRDA:36,2,1,2
BRDA:48,3,0,0
BRDA:48,3,1,1
BRF:6
BRH:4
end_of_record
TN:
SF:/Users/walter/dev/school/metrics/express/examples/web-service/index.js
FN:13,error
FN:28,(anonymous_2)
FN:72,(anonymous_3)
FN:76,(anonymous_4)
FN:80,(anonymous_5)
FN:93,(anonymous_6)
FN:103,(anonymous_7)
FNF:7
FNH:7
FNDA:6,error
FNDA:11,(anonymous_2)
FNDA:1,(anonymous_3)
FNDA:1,(anonymous_4)
FNDA:2,(anonymous_5)
FNDA:6,(anonymous_6)
FNDA:2,(anonymous_7)
DA:5,1
DA:7,1
DA:13,1
DA:14,6
DA:15,6
DA:16,6
DA:28,1
DA:29,11
DA:32,11
DA:35,8
DA:38,5
DA:39,5
DA:47,1
DA:51,1
DA:57,1
DA:63,1
DA:72,1
DA:73,1
DA:76,1
DA:77,1
DA:80,1
DA:81,2
DA:82,2
DA:84,2
DA:85,1
DA:93,1
DA:96,6
DA:97,6
DA:103,1
DA:104,2
DA:105,2
DA:109,1
DA:110,1
DA:111,1
LF:34
LH:34
BRDA:32,1,0,3
BRDA:32,1,1,8
BRDA:35,2,0,3
BRDA:35,2,1,5
BRDA:84,3,0,1
BRDA:84,3,1,1
BRDA:96,4,0,6
BRDA:96,4,1,0
BRDA:109,5,0,0
BRDA:109,5,1,1
BRF:10
BRH:9
end_of_record
