{"/Users/walter/dev/school/metrics/express/index.js":{"path":"/Users/walter/dev/school/metrics/express/index.js","s":{"1":1},"b":{},"f":{},"fnMap":{},"statementMap":{"1":{"start":{"line":2,"column":0},"end":{"line":2,"column":42}}},"branchMap":{}},"/Users/walter/dev/school/metrics/express/lib/express.js":{"path":"/Users/walter/dev/school/metrics/express/lib/express.js","s":{"1":1,"2":1,"3":1,"4":1,"5":1,"6":1,"7":1,"8":1,"9":1,"10":557,"11":594,"12":557,"13":557,"14":557,"15":557,"16":557,"17":557,"18":1,"19":1,"20":1,"21":1,"22":1,"23":1,"24":1,"25":1,"26":19,"27":1},"b":{},"f":{"1":557,"2":594,"3":19,"4":1},"fnMap":{"1":{"name":"createApplication","line":26,"loc":{"start":{"line":26,"column":0},"end":{"line":26,"column":29}}},"2":{"name":"(anonymous_2)","line":27,"loc":{"start":{"line":27,"column":12},"end":{"line":27,"column":37}}},"3":{"name":"(anonymous_3)","line":86,"loc":{"start":{"line":86,"column":10},"end":{"line":86,"column":26}}},"4":{"name":"(anonymous_4)","line":88,"loc":{"start":{"line":88,"column":9},"end":{"line":88,"column":21}}}},"statementMap":{"1":{"start":{"line":5,"column":0},"end":{"line":5,"column":50}},"2":{"start":{"line":6,"column":0},"end":{"line":6,"column":41}},"3":{"start":{"line":7,"column":0},"end":{"line":7,"column":37}},"4":{"start":{"line":8,"column":0},"end":{"line":8,"column":38}},"5":{"start":{"line":9,"column":0},"end":{"line":9,"column":33}},"6":{"start":{"line":10,"column":0},"end":{"line":10,"column":31}},"7":{"start":{"line":11,"column":0},"end":{"line":11,"column":32}},"8":{"start":{"line":17,"column":0},"end":{"line":17,"column":45}},"9":{"start":{"line":26,"column":0},"end":{"line":38,"column":1}},"10":{"start":{"line":27,"column":2},"end":{"line":29,"column":4}},"11":{"start":{"line":28,"column":4},"end":{"line":28,"column":31}},"12":{"start":{"line":31,"column":2},"end":{"line":31,"column":20}},"13":{"start":{"line":32,"column":2},"end":{"line":32,"column":37}},"14":{"start":{"line":34,"column":2},"end":{"line":34,"column":45}},"15":{"start":{"line":35,"column":2},"end":{"line":35,"column":46}},"16":{"start":{"line":36,"column":2},"end":{"line":36,"column":13}},"17":{"start":{"line":37,"column":2},"end":{"line":37,"column":13}},"18":{"start":{"line":44,"column":0},"end":{"line":44,"column":28}},"19":{"start":{"line":45,"column":0},"end":{"line":45,"column":22}},"20":{"start":{"line":46,"column":0},"end":{"line":46,"column":23}},"21":{"start":{"line":52,"column":0},"end":{"line":52,"column":22}},"22":{"start":{"line":53,"column":0},"end":{"line":53,"column":24}},"23":{"start":{"line":59,"column":0},"end":{"line":59,"column":46}},"24":{"start":{"line":60,"column":0},"end":{"line":60,"column":41}},"25":{"start":{"line":66,"column":0},"end":{"line":93,"column":3}},"26":{"start":{"line":87,"column":2},"end":{"line":92,"column":5}},"27":{"start":{"line":89,"column":6},"end":{"line":89,"column":190}}},"branchMap":{}},"/Users/walter/dev/school/metrics/express/lib/application.js":{"path":"/Users/walter/dev/school/metrics/express/lib/application.js","s":{"1":1,"2":1,"3":1,"4":1,"5":1,"6":1,"7":1,"8":1,"9":1,"10":1,"11":1,"12":1,"13":1,"14":1,"15":1,"16":1,"17":1,"18":1,"19":557,"20":557,"21":557,"22":557,"23":1,"24":557,"25":557,"26":557,"27":557,"28":557,"29":557,"30":557,"31":557,"32":557,"33":22,"34":22,"35":22,"36":22,"37":557,"38":557,"39":557,"40":557,"41":557,"42":557,"43":557,"44":1,"45":557,"46":1,"47":1,"48":651,"49":495,"50":495,"51":495,"52":1,"53":642,"54":642,"55":642,"56":2,"57":2,"58":2,"59":640,"60":1,"61":396,"62":396,"63":396,"64":46,"65":46,"66":6,"67":46,"68":43,"69":43,"70":396,"71":396,"72":1,"73":395,"74":395,"75":395,"76":416,"77":394,"78":22,"79":22,"80":22,"81":22,"82":48,"83":48,"84":30,"85":30,"86":30,"87":22,"88":391,"89":1,"90":4,"91":4,"92":1,"93":41,"94":1,"95":40,"96":3,"97":40,"98":40,"99":1,"100":22,"101":22,"102":2,"103":4,"104":2,"105":20,"106":19,"107":1,"108":10480,"109":3619,"110":6861,"111":6861,"112":570,"113":570,"114":569,"115":563,"116":563,"117":562,"118":577,"119":577,"120":577,"121":6859,"122":1,"123":6,"124":1,"125":1710,"126":1,"127":2,"128":1,"129":589,"130":1,"131":3,"132":1,"133":26,"134":2131,"135":1907,"136":224,"137":224,"138":224,"139":198,"140":1,"141":6,"142":6,"143":6,"144":6,"145":156,"146":6,"147":1,"148":1,"149":78,"150":78,"151":78,"152":78,"153":78,"154":22,"155":78,"156":78,"157":51,"158":78,"159":78,"160":78,"161":4,"162":78,"163":76,"164":76,"165":3,"166":3,"167":3,"168":3,"169":73,"170":2,"171":75,"172":75,"173":1,"174":1,"175":2,"176":2,"177":1,"178":20,"179":0},"b":{"1":[557,1],"2":[1,556],"3":[495,156],"4":[642,590],"5":[2,640],"6":[46,350],"7":[52,6],"8":[43,3],"9":[1,395],"10":[394,22],"11":[416,415,35],"12":[1,40],"13":[3,37],"14":[2,20],"15":[3619,6861],"16":[570,563,577],"17":[3,3],"18":[1907,224],"19":[2131,2060],"20":[22,56],"21":[51,27],"22":[76,2],"23":[4,74],"24":[76,2],"25":[3,73],"26":[1,2],"27":[3,1],"28":[2,71],"29":[0,20],"30":[0,0]},"f":{"1":557,"2":557,"3":22,"4":1,"5":651,"6":642,"7":396,"8":416,"9":48,"10":30,"11":4,"12":41,"13":22,"14":4,"15":10480,"16":6,"17":1710,"18":2,"19":589,"20":3,"21":26,"22":2131,"23":6,"24":156,"25":78,"26":2,"27":20},"fnMap":{"1":{"name":"(anonymous_1)","line":38,"loc":{"start":{"line":38,"column":11},"end":{"line":38,"column":21}}},"2":{"name":"(anonymous_2)","line":51,"loc":{"start":{"line":51,"column":27},"end":{"line":51,"column":37}}},"3":{"name":"(anonymous_3)","line":64,"loc":{"start":{"line":64,"column":19},"end":{"line":64,"column":35}}},"4":{"name":"(anonymous_4)","line":90,"loc":{"start":{"line":90,"column":9},"end":{"line":90,"column":20}}},"5":{"name":"(anonymous_5)","line":104,"loc":{"start":{"line":104,"column":17},"end":{"line":104,"column":28}}},"6":{"name":"(anonymous_6)","line":125,"loc":{"start":{"line":125,"column":13},"end":{"line":125,"column":38}}},"7":{"name":"use","line":154,"loc":{"start":{"line":154,"column":10},"end":{"line":154,"column":27}}},"8":{"name":"(anonymous_8)","line":184,"loc":{"start":{"line":184,"column":14},"end":{"line":184,"column":28}}},"9":{"name":"mounted_app","line":195,"loc":{"start":{"line":195,"column":21},"end":{"line":195,"column":58}}},"10":{"name":"(anonymous_10)","line":197,"loc":{"start":{"line":197,"column":26},"end":{"line":197,"column":41}}},"11":{"name":"(anonymous_11)","line":221,"loc":{"start":{"line":221,"column":12},"end":{"line":221,"column":26}}},"12":{"name":"(anonymous_12)","line":260,"loc":{"start":{"line":260,"column":13},"end":{"line":260,"column":30}}},"13":{"name":"(anonymous_13)","line":279,"loc":{"start":{"line":279,"column":12},"end":{"line":279,"column":30}}},"14":{"name":"(anonymous_14)","line":283,"loc":{"start":{"line":283,"column":17},"end":{"line":283,"column":31}}},"15":{"name":"(anonymous_15)","line":308,"loc":{"start":{"line":308,"column":10},"end":{"line":308,"column":32}}},"16":{"name":"(anonymous_16)","line":350,"loc":{"start":{"line":350,"column":11},"end":{"line":350,"column":21}}},"17":{"name":"(anonymous_17)","line":371,"loc":{"start":{"line":371,"column":14},"end":{"line":371,"column":31}}},"18":{"name":"(anonymous_18)","line":390,"loc":{"start":{"line":390,"column":15},"end":{"line":390,"column":32}}},"19":{"name":"(anonymous_19)","line":402,"loc":{"start":{"line":402,"column":13},"end":{"line":402,"column":30}}},"20":{"name":"(anonymous_20)","line":414,"loc":{"start":{"line":414,"column":14},"end":{"line":414,"column":31}}},"21":{"name":"(anonymous_21)","line":422,"loc":{"start":{"line":422,"column":16},"end":{"line":422,"column":32}}},"22":{"name":"(anonymous_22)","line":423,"loc":{"start":{"line":423,"column":16},"end":{"line":423,"column":30}}},"23":{"name":"(anonymous_23)","line":444,"loc":{"start":{"line":444,"column":10},"end":{"line":444,"column":24}}},"24":{"name":"(anonymous_24)","line":449,"loc":{"start":{"line":449,"column":18},"end":{"line":449,"column":34}}},"25":{"name":"(anonymous_25)","line":477,"loc":{"start":{"line":477,"column":13},"end":{"line":477,"column":40}}},"26":{"name":"(anonymous_26)","line":557,"loc":{"start":{"line":557,"column":13},"end":{"line":557,"column":23}}},"27":{"name":"logerror","line":569,"loc":{"start":{"line":569,"column":0},"end":{"line":569,"column":22}}}},"statementMap":{"1":{"start":{"line":5,"column":0},"end":{"line":5,"column":43}},"2":{"start":{"line":6,"column":0},"end":{"line":6,"column":41}},"3":{"start":{"line":7,"column":0},"end":{"line":7,"column":33}},"4":{"start":{"line":8,"column":0},"end":{"line":8,"column":33}},"5":{"start":{"line":9,"column":0},"end":{"line":9,"column":46}},"6":{"start":{"line":10,"column":0},"end":{"line":10,"column":42}},"7":{"start":{"line":11,"column":0},"end":{"line":11,"column":52}},"8":{"start":{"line":12,"column":0},"end":{"line":12,"column":29}},"9":{"start":{"line":13,"column":0},"end":{"line":13,"column":27}},"10":{"start":{"line":14,"column":0},"end":{"line":14,"column":49}},"11":{"start":{"line":15,"column":0},"end":{"line":15,"column":63}},"12":{"start":{"line":16,"column":0},"end":{"line":16,"column":51}},"13":{"start":{"line":17,"column":0},"end":{"line":17,"column":43}},"14":{"start":{"line":18,"column":0},"end":{"line":18,"column":35}},"15":{"start":{"line":19,"column":0},"end":{"line":19,"column":38}},"16":{"start":{"line":20,"column":0},"end":{"line":20,"column":34}},"17":{"start":{"line":26,"column":0},"end":{"line":26,"column":40}},"18":{"start":{"line":38,"column":0},"end":{"line":43,"column":2}},"19":{"start":{"line":39,"column":2},"end":{"line":39,"column":18}},"20":{"start":{"line":40,"column":2},"end":{"line":40,"column":21}},"21":{"start":{"line":41,"column":2},"end":{"line":41,"column":20}},"22":{"start":{"line":42,"column":2},"end":{"line":42,"column":30}},"23":{"start":{"line":51,"column":0},"end":{"line":94,"column":2}},"24":{"start":{"line":53,"column":2},"end":{"line":53,"column":30}},"25":{"start":{"line":54,"column":2},"end":{"line":54,"column":27}},"26":{"start":{"line":55,"column":2},"end":{"line":55,"column":50}},"27":{"start":{"line":56,"column":2},"end":{"line":56,"column":23}},"28":{"start":{"line":57,"column":2},"end":{"line":57,"column":39}},"29":{"start":{"line":58,"column":2},"end":{"line":58,"column":34}},"30":{"start":{"line":59,"column":2},"end":{"line":59,"column":33}},"31":{"start":{"line":61,"column":2},"end":{"line":61,"column":35}},"32":{"start":{"line":64,"column":2},"end":{"line":69,"column":5}},"33":{"start":{"line":65,"column":4},"end":{"line":65,"column":44}},"34":{"start":{"line":66,"column":4},"end":{"line":66,"column":46}},"35":{"start":{"line":67,"column":4},"end":{"line":67,"column":44}},"36":{"start":{"line":68,"column":4},"end":{"line":68,"column":46}},"37":{"start":{"line":72,"column":2},"end":{"line":72,"column":36}},"38":{"start":{"line":75,"column":2},"end":{"line":75,"column":23}},"39":{"start":{"line":78,"column":2},"end":{"line":78,"column":39}},"40":{"start":{"line":81,"column":2},"end":{"line":81,"column":25}},"41":{"start":{"line":82,"column":2},"end":{"line":82,"column":38}},"42":{"start":{"line":83,"column":2},"end":{"line":83,"column":46}},"43":{"start":{"line":85,"column":2},"end":{"line":87,"column":3}},"44":{"start":{"line":86,"column":4},"end":{"line":86,"column":30}},"45":{"start":{"line":89,"column":2},"end":{"line":93,"column":5}},"46":{"start":{"line":91,"column":6},"end":{"line":91,"column":137}},"47":{"start":{"line":104,"column":0},"end":{"line":114,"column":2}},"48":{"start":{"line":105,"column":2},"end":{"line":113,"column":3}},"49":{"start":{"line":106,"column":4},"end":{"line":109,"column":7}},"50":{"start":{"line":111,"column":4},"end":{"line":111,"column":57}},"51":{"start":{"line":112,"column":4},"end":{"line":112,"column":44}},"52":{"start":{"line":125,"column":0},"end":{"line":142,"column":2}},"53":{"start":{"line":126,"column":2},"end":{"line":126,"column":28}},"54":{"start":{"line":129,"column":2},"end":{"line":132,"column":5}},"55":{"start":{"line":135,"column":2},"end":{"line":139,"column":3}},"56":{"start":{"line":136,"column":4},"end":{"line":136,"column":38}},"57":{"start":{"line":137,"column":4},"end":{"line":137,"column":11}},"58":{"start":{"line":138,"column":4},"end":{"line":138,"column":11}},"59":{"start":{"line":141,"column":2},"end":{"line":141,"column":32}},"60":{"start":{"line":154,"column":0},"end":{"line":209,"column":2}},"61":{"start":{"line":155,"column":2},"end":{"line":155,"column":17}},"62":{"start":{"line":156,"column":2},"end":{"line":156,"column":17}},"63":{"start":{"line":160,"column":2},"end":{"line":172,"column":3}},"64":{"start":{"line":161,"column":4},"end":{"line":161,"column":17}},"65":{"start":{"line":163,"column":4},"end":{"line":165,"column":5}},"66":{"start":{"line":164,"column":6},"end":{"line":164,"column":19}},"67":{"start":{"line":168,"column":4},"end":{"line":171,"column":5}},"68":{"start":{"line":169,"column":6},"end":{"line":169,"column":17}},"69":{"start":{"line":170,"column":6},"end":{"line":170,"column":16}},"70":{"start":{"line":174,"column":2},"end":{"line":174,"column":51}},"71":{"start":{"line":176,"column":2},"end":{"line":178,"column":3}},"72":{"start":{"line":177,"column":4},"end":{"line":177,"column":67}},"73":{"start":{"line":181,"column":2},"end":{"line":181,"column":20}},"74":{"start":{"line":182,"column":2},"end":{"line":182,"column":28}},"75":{"start":{"line":184,"column":2},"end":{"line":206,"column":11}},"76":{"start":{"line":186,"column":4},"end":{"line":188,"column":5}},"77":{"start":{"line":187,"column":6},"end":{"line":187,"column":34}},"78":{"start":{"line":190,"column":4},"end":{"line":190,"column":37}},"79":{"start":{"line":191,"column":4},"end":{"line":191,"column":24}},"80":{"start":{"line":192,"column":4},"end":{"line":192,"column":21}},"81":{"start":{"line":195,"column":4},"end":{"line":202,"column":7}},"82":{"start":{"line":196,"column":6},"end":{"line":196,"column":25}},"83":{"start":{"line":197,"column":6},"end":{"line":201,"column":9}},"84":{"start":{"line":198,"column":8},"end":{"line":198,"column":37}},"85":{"start":{"line":199,"column":8},"end":{"line":199,"column":38}},"86":{"start":{"line":200,"column":8},"end":{"line":200,"column":18}},"87":{"start":{"line":205,"column":4},"end":{"line":205,"column":27}},"88":{"start":{"line":208,"column":2},"end":{"line":208,"column":14}},"89":{"start":{"line":221,"column":0},"end":{"line":224,"column":2}},"90":{"start":{"line":222,"column":2},"end":{"line":222,"column":20}},"91":{"start":{"line":223,"column":2},"end":{"line":223,"column":34}},"92":{"start":{"line":260,"column":0},"end":{"line":265,"column":2}},"93":{"start":{"line":261,"column":2},"end":{"line":261,"column":77}},"94":{"start":{"line":261,"column":31},"end":{"line":261,"column":77}},"95":{"start":{"line":262,"column":2},"end":{"line":262,"column":37}},"96":{"start":{"line":262,"column":21},"end":{"line":262,"column":37}},"97":{"start":{"line":263,"column":2},"end":{"line":263,"column":25}},"98":{"start":{"line":264,"column":2},"end":{"line":264,"column":14}},"99":{"start":{"line":279,"column":0},"end":{"line":291,"column":2}},"100":{"start":{"line":280,"column":2},"end":{"line":280,"column":20}},"101":{"start":{"line":282,"column":2},"end":{"line":287,"column":3}},"102":{"start":{"line":283,"column":4},"end":{"line":285,"column":13}},"103":{"start":{"line":284,"column":6},"end":{"line":284,"column":26}},"104":{"start":{"line":286,"column":4},"end":{"line":286,"column":16}},"105":{"start":{"line":289,"column":2},"end":{"line":289,"column":31}},"106":{"start":{"line":290,"column":2},"end":{"line":290,"column":14}},"107":{"start":{"line":308,"column":0},"end":{"line":334,"column":2}},"108":{"start":{"line":309,"column":2},"end":{"line":312,"column":3}},"109":{"start":{"line":311,"column":4},"end":{"line":311,"column":34}},"110":{"start":{"line":315,"column":2},"end":{"line":315,"column":31}},"111":{"start":{"line":318,"column":2},"end":{"line":331,"column":3}},"112":{"start":{"line":320,"column":6},"end":{"line":320,"column":36}},"113":{"start":{"line":321,"column":6},"end":{"line":321,"column":44}},"114":{"start":{"line":322,"column":6},"end":{"line":322,"column":12}},"115":{"start":{"line":324,"column":6},"end":{"line":324,"column":44}},"116":{"start":{"line":325,"column":6},"end":{"line":325,"column":59}},"117":{"start":{"line":326,"column":6},"end":{"line":326,"column":12}},"118":{"start":{"line":328,"column":6},"end":{"line":328,"column":43}},"119":{"start":{"line":329,"column":6},"end":{"line":329,"column":52}},"120":{"start":{"line":330,"column":6},"end":{"line":330,"column":12}},"121":{"start":{"line":333,"column":2},"end":{"line":333,"column":14}},"122":{"start":{"line":350,"column":0},"end":{"line":354,"column":2}},"123":{"start":{"line":351,"column":2},"end":{"line":353,"column":9}},"124":{"start":{"line":371,"column":0},"end":{"line":373,"column":2}},"125":{"start":{"line":372,"column":2},"end":{"line":372,"column":29}},"126":{"start":{"line":390,"column":0},"end":{"line":392,"column":2}},"127":{"start":{"line":391,"column":2},"end":{"line":391,"column":28}},"128":{"start":{"line":402,"column":0},"end":{"line":404,"column":2}},"129":{"start":{"line":403,"column":2},"end":{"line":403,"column":33}},"130":{"start":{"line":414,"column":0},"end":{"line":416,"column":2}},"131":{"start":{"line":415,"column":2},"end":{"line":415,"column":34}},"132":{"start":{"line":422,"column":0},"end":{"line":432,"column":3}},"133":{"start":{"line":423,"column":2},"end":{"line":431,"column":4}},"134":{"start":{"line":424,"column":4},"end":{"line":424,"column":72}},"135":{"start":{"line":424,"column":50},"end":{"line":424,"column":72}},"136":{"start":{"line":426,"column":4},"end":{"line":426,"column":22}},"137":{"start":{"line":428,"column":4},"end":{"line":428,"column":41}},"138":{"start":{"line":429,"column":4},"end":{"line":429,"column":57}},"139":{"start":{"line":430,"column":4},"end":{"line":430,"column":16}},"140":{"start":{"line":444,"column":0},"end":{"line":454,"column":2}},"141":{"start":{"line":445,"column":2},"end":{"line":445,"column":20}},"142":{"start":{"line":447,"column":2},"end":{"line":447,"column":39}},"143":{"start":{"line":448,"column":2},"end":{"line":448,"column":38}},"144":{"start":{"line":449,"column":2},"end":{"line":451,"column":5}},"145":{"start":{"line":450,"column":4},"end":{"line":450,"column":37}},"146":{"start":{"line":453,"column":2},"end":{"line":453,"column":14}},"147":{"start":{"line":458,"column":0},"end":{"line":458,"column":76}},"148":{"start":{"line":477,"column":0},"end":{"line":534,"column":2}},"149":{"start":{"line":478,"column":2},"end":{"line":478,"column":16}},"150":{"start":{"line":479,"column":2},"end":{"line":479,"column":25}},"151":{"start":{"line":480,"column":2},"end":{"line":480,"column":29}},"152":{"start":{"line":481,"column":2},"end":{"line":481,"column":11}},"153":{"start":{"line":484,"column":2},"end":{"line":486,"column":3}},"154":{"start":{"line":485,"column":4},"end":{"line":485,"column":31}},"155":{"start":{"line":489,"column":2},"end":{"line":489,"column":27}},"156":{"start":{"line":492,"column":2},"end":{"line":494,"column":3}},"157":{"start":{"line":493,"column":4},"end":{"line":493,"column":33}},"158":{"start":{"line":497,"column":2},"end":{"line":497,"column":23}},"159":{"start":{"line":500,"column":2},"end":{"line":502,"column":17}},"160":{"start":{"line":505,"column":2},"end":{"line":505,"column":37}},"161":{"start":{"line":505,"column":18},"end":{"line":505,"column":37}},"162":{"start":{"line":508,"column":2},"end":{"line":526,"column":3}},"163":{"start":{"line":509,"column":4},"end":{"line":513,"column":7}},"164":{"start":{"line":515,"column":4},"end":{"line":522,"column":5}},"165":{"start":{"line":516,"column":6},"end":{"line":518,"column":41}},"166":{"start":{"line":519,"column":6},"end":{"line":519,"column":83}},"167":{"start":{"line":520,"column":6},"end":{"line":520,"column":22}},"168":{"start":{"line":521,"column":6},"end":{"line":521,"column":21}},"169":{"start":{"line":525,"column":4},"end":{"line":525,"column":39}},"170":{"start":{"line":525,"column":20},"end":{"line":525,"column":39}},"171":{"start":{"line":529,"column":2},"end":{"line":533,"column":3}},"172":{"start":{"line":530,"column":4},"end":{"line":530,"column":26}},"173":{"start":{"line":532,"column":4},"end":{"line":532,"column":12}},"174":{"start":{"line":557,"column":0},"end":{"line":560,"column":2}},"175":{"start":{"line":558,"column":2},"end":{"line":558,"column":39}},"176":{"start":{"line":559,"column":2},"end":{"line":559,"column":48}},"177":{"start":{"line":569,"column":0},"end":{"line":571,"column":1}},"178":{"start":{"line":570,"column":2},"end":{"line":570,"column":77}},"179":{"start":{"line":570,"column":34},"end":{"line":570,"column":77}}},"branchMap":{"1":{"line":55,"type":"binary-expr","locations":[{"start":{"line":55,"column":12},"end":{"line":55,"column":32}},{"start":{"line":55,"column":36},"end":{"line":55,"column":49}}]},"2":{"line":85,"type":"if","locations":[{"start":{"line":85,"column":2},"end":{"line":85,"column":2}},{"start":{"line":85,"column":2},"end":{"line":85,"column":2}}]},"3":{"line":105,"type":"if","locations":[{"start":{"line":105,"column":2},"end":{"line":105,"column":2}},{"start":{"line":105,"column":2},"end":{"line":105,"column":2}}]},"4":{"line":129,"type":"binary-expr","locations":[{"start":{"line":129,"column":9},"end":{"line":129,"column":13}},{"start":{"line":129,"column":17},"end":{"line":132,"column":4}}]},"5":{"line":135,"type":"if","locations":[{"start":{"line":135,"column":2},"end":{"line":135,"column":2}},{"start":{"line":135,"column":2},"end":{"line":135,"column":2}}]},"6":{"line":160,"type":"if","locations":[{"start":{"line":160,"column":2},"end":{"line":160,"column":2}},{"start":{"line":160,"column":2},"end":{"line":160,"column":2}}]},"7":{"line":163,"type":"binary-expr","locations":[{"start":{"line":163,"column":11},"end":{"line":163,"column":29}},{"start":{"line":163,"column":33},"end":{"line":163,"column":49}}]},"8":{"line":168,"type":"if","locations":[{"start":{"line":168,"column":4},"end":{"line":168,"column":4}},{"start":{"line":168,"column":4},"end":{"line":168,"column":4}}]},"9":{"line":176,"type":"if","locations":[{"start":{"line":176,"column":2},"end":{"line":176,"column":2}},{"start":{"line":176,"column":2},"end":{"line":176,"column":2}}]},"10":{"line":186,"type":"if","locations":[{"start":{"line":186,"column":4},"end":{"line":186,"column":4}},{"start":{"line":186,"column":4},"end":{"line":186,"column":4}}]},"11":{"line":186,"type":"binary-expr","locations":[{"start":{"line":186,"column":8},"end":{"line":186,"column":11}},{"start":{"line":186,"column":15},"end":{"line":186,"column":25}},{"start":{"line":186,"column":29},"end":{"line":186,"column":36}}]},"12":{"line":261,"type":"if","locations":[{"start":{"line":261,"column":2},"end":{"line":261,"column":2}},{"start":{"line":261,"column":2},"end":{"line":261,"column":2}}]},"13":{"line":262,"type":"if","locations":[{"start":{"line":262,"column":2},"end":{"line":262,"column":2}},{"start":{"line":262,"column":2},"end":{"line":262,"column":2}}]},"14":{"line":282,"type":"if","locations":[{"start":{"line":282,"column":2},"end":{"line":282,"column":2}},{"start":{"line":282,"column":2},"end":{"line":282,"column":2}}]},"15":{"line":309,"type":"if","locations":[{"start":{"line":309,"column":2},"end":{"line":309,"column":2}},{"start":{"line":309,"column":2},"end":{"line":309,"column":2}}]},"16":{"line":318,"type":"switch","locations":[{"start":{"line":319,"column":4},"end":{"line":322,"column":12}},{"start":{"line":323,"column":4},"end":{"line":326,"column":12}},{"start":{"line":327,"column":4},"end":{"line":330,"column":12}}]},"17":{"line":351,"type":"cond-expr","locations":[{"start":{"line":352,"column":6},"end":{"line":352,"column":41}},{"start":{"line":353,"column":6},"end":{"line":353,"column":8}}]},"18":{"line":424,"type":"if","locations":[{"start":{"line":424,"column":4},"end":{"line":424,"column":4}},{"start":{"line":424,"column":4},"end":{"line":424,"column":4}}]},"19":{"line":424,"type":"binary-expr","locations":[{"start":{"line":424,"column":8},"end":{"line":424,"column":23}},{"start":{"line":424,"column":27},"end":{"line":424,"column":48}}]},"20":{"line":484,"type":"if","locations":[{"start":{"line":484,"column":2},"end":{"line":484,"column":2}},{"start":{"line":484,"column":2},"end":{"line":484,"column":2}}]},"21":{"line":492,"type":"if","locations":[{"start":{"line":492,"column":2},"end":{"line":492,"column":2}},{"start":{"line":492,"column":2},"end":{"line":492,"column":2}}]},"22":{"line":500,"type":"cond-expr","locations":[{"start":{"line":501,"column":6},"end":{"line":501,"column":32}},{"start":{"line":502,"column":6},"end":{"line":502,"column":16}}]},"23":{"line":505,"type":"if","locations":[{"start":{"line":505,"column":2},"end":{"line":505,"column":2}},{"start":{"line":505,"column":2},"end":{"line":505,"column":2}}]},"24":{"line":508,"type":"if","locations":[{"start":{"line":508,"column":2},"end":{"line":508,"column":2}},{"start":{"line":508,"column":2},"end":{"line":508,"column":2}}]},"25":{"line":515,"type":"if","locations":[{"start":{"line":515,"column":4},"end":{"line":515,"column":4}},{"start":{"line":515,"column":4},"end":{"line":515,"column":4}}]},"26":{"line":516,"type":"cond-expr","locations":[{"start":{"line":517,"column":10},"end":{"line":517,"column":114}},{"start":{"line":518,"column":10},"end":{"line":518,"column":41}}]},"27":{"line":516,"type":"binary-expr","locations":[{"start":{"line":516,"column":17},"end":{"line":516,"column":41}},{"start":{"line":516,"column":45},"end":{"line":516,"column":65}}]},"28":{"line":525,"type":"if","locations":[{"start":{"line":525,"column":4},"end":{"line":525,"column":4}},{"start":{"line":525,"column":4},"end":{"line":525,"column":4}}]},"29":{"line":570,"type":"if","locations":[{"start":{"line":570,"column":2},"end":{"line":570,"column":2}},{"start":{"line":570,"column":2},"end":{"line":570,"column":2}}]},"30":{"line":570,"type":"binary-expr","locations":[{"start":{"line":570,"column":48},"end":{"line":570,"column":57}},{"start":{"line":570,"column":61},"end":{"line":570,"column":75}}]}}},"/Users/walter/dev/school/metrics/express/lib/utils.js":{"path":"/Users/walter/dev/school/metrics/express/lib/utils.js","s":{"1":1,"2":1,"3":1,"4":1,"5":1,"6":1,"7":1,"8":1,"9":1,"10":1,"11":5,"12":5,"13":1,"14":268,"15":268,"16":1,"17":34,"18":29,"19":5,"20":1,"21":4,"22":1,"23":1,"24":2302,"25":2302,"26":2302,"27":2345,"28":18,"29":2327,"30":2302,"31":1,"32":77,"33":1,"34":5,"35":5,"36":15,"37":5,"38":1,"39":1,"40":16,"41":16,"42":16,"43":9,"44":9,"45":3,"46":6,"47":16,"48":1,"49":570,"50":570,"51":3,"52":567,"53":5,"54":5,"55":2,"56":1,"57":1,"58":558,"59":558,"60":1,"61":566,"62":1,"63":563,"64":563,"65":1,"66":562,"67":1,"68":1,"69":1,"70":1,"71":558,"72":558,"73":1,"74":1,"75":1,"76":561,"77":1,"78":577,"79":1,"80":576,"81":14,"82":15,"83":562,"84":2,"85":6,"86":560,"87":3,"88":560,"89":1,"90":290,"91":0,"92":290,"93":290,"94":290,"95":1,"96":1},"b":{"1":[3,2],"2":[3,265],"3":[29,5],"4":[1,4],"5":[5,1],"6":[1,3],"7":[2302,2284],"8":[18,2327],"9":[16,61],"10":[3,6],"11":[3,567],"12":[5,2,1,558,1],"13":[1,562],"14":[1,1,558,1,1],"15":[1,576],"16":[14,562],"17":[2,560],"18":[3,557],"19":[560,557],"20":[0,290],"21":[290,290]},"f":{"1":5,"2":268,"3":34,"4":2302,"5":77,"6":5,"7":16,"8":570,"9":563,"10":577,"11":15,"12":6,"13":290,"14":1},"fnMap":{"1":{"name":"(anonymous_1)","line":24,"loc":{"start":{"line":24,"column":15},"end":{"line":24,"column":41}}},"2":{"name":"wetag","line":41,"loc":{"start":{"line":41,"column":16},"end":{"line":41,"column":46}}},"3":{"name":"(anonymous_3)","line":57,"loc":{"start":{"line":57,"column":21},"end":{"line":57,"column":35}}},"4":{"name":"(anonymous_4)","line":71,"loc":{"start":{"line":71,"column":18},"end":{"line":71,"column":36}}},"5":{"name":"(anonymous_5)","line":92,"loc":{"start":{"line":92,"column":24},"end":{"line":92,"column":38}}},"6":{"name":"(anonymous_6)","line":106,"loc":{"start":{"line":106,"column":25},"end":{"line":106,"column":40}}},"7":{"name":"acceptParams","line":138,"loc":{"start":{"line":138,"column":0},"end":{"line":138,"column":34}}},"8":{"name":"(anonymous_8)","line":162,"loc":{"start":{"line":162,"column":22},"end":{"line":162,"column":36}}},"9":{"name":"compileQueryParser","line":196,"loc":{"start":{"line":196,"column":29},"end":{"line":196,"column":62}}},"10":{"name":"(anonymous_10)","line":231,"loc":{"start":{"line":231,"column":23},"end":{"line":231,"column":37}}},"11":{"name":"(anonymous_11)","line":236,"loc":{"start":{"line":236,"column":11},"end":{"line":236,"column":21}}},"12":{"name":"(anonymous_12)","line":241,"loc":{"start":{"line":241,"column":11},"end":{"line":241,"column":25}}},"13":{"name":"(anonymous_13)","line":261,"loc":{"start":{"line":261,"column":21},"end":{"line":261,"column":44}}},"14":{"name":"newObject","line":281,"loc":{"start":{"line":281,"column":0},"end":{"line":281,"column":21}}}},"statementMap":{"1":{"start":{"line":5,"column":0},"end":{"line":5,"column":56}},"2":{"start":{"line":6,"column":0},"end":{"line":6,"column":43}},"3":{"start":{"line":7,"column":0},"end":{"line":7,"column":32}},"4":{"start":{"line":8,"column":0},"end":{"line":8,"column":40}},"5":{"start":{"line":9,"column":0},"end":{"line":9,"column":27}},"6":{"start":{"line":10,"column":0},"end":{"line":10,"column":38}},"7":{"start":{"line":11,"column":0},"end":{"line":11,"column":23}},"8":{"start":{"line":12,"column":0},"end":{"line":12,"column":41}},"9":{"start":{"line":13,"column":0},"end":{"line":13,"column":35}},"10":{"start":{"line":24,"column":0},"end":{"line":30,"column":2}},"11":{"start":{"line":25,"column":2},"end":{"line":27,"column":11}},"12":{"start":{"line":29,"column":2},"end":{"line":29,"column":34}},"13":{"start":{"line":41,"column":0},"end":{"line":47,"column":2}},"14":{"start":{"line":42,"column":2},"end":{"line":44,"column":11}},"15":{"start":{"line":46,"column":2},"end":{"line":46,"column":33}},"16":{"start":{"line":57,"column":0},"end":{"line":61,"column":2}},"17":{"start":{"line":58,"column":2},"end":{"line":58,"column":34}},"18":{"start":{"line":58,"column":22},"end":{"line":58,"column":34}},"19":{"start":{"line":59,"column":2},"end":{"line":59,"column":53}},"20":{"start":{"line":59,"column":41},"end":{"line":59,"column":53}},"21":{"start":{"line":60,"column":2},"end":{"line":60,"column":50}},"22":{"start":{"line":60,"column":38},"end":{"line":60,"column":50}},"23":{"start":{"line":71,"column":0},"end":{"line":82,"column":2}},"24":{"start":{"line":72,"column":2},"end":{"line":72,"column":18}},"25":{"start":{"line":73,"column":2},"end":{"line":73,"column":23}},"26":{"start":{"line":74,"column":2},"end":{"line":80,"column":3}},"27":{"start":{"line":75,"column":4},"end":{"line":79,"column":5}},"28":{"start":{"line":76,"column":6},"end":{"line":76,"column":35}},"29":{"start":{"line":78,"column":6},"end":{"line":78,"column":23}},"30":{"start":{"line":81,"column":2},"end":{"line":81,"column":13}},"31":{"start":{"line":92,"column":0},"end":{"line":96,"column":2}},"32":{"start":{"line":93,"column":2},"end":{"line":95,"column":47}},"33":{"start":{"line":106,"column":0},"end":{"line":114,"column":2}},"34":{"start":{"line":107,"column":2},"end":{"line":107,"column":15}},"35":{"start":{"line":109,"column":2},"end":{"line":111,"column":3}},"36":{"start":{"line":110,"column":4},"end":{"line":110,"column":46}},"37":{"start":{"line":113,"column":2},"end":{"line":113,"column":13}},"38":{"start":{"line":125,"column":0},"end":{"line":126,"column":74}},"39":{"start":{"line":138,"column":0},"end":{"line":152,"column":1}},"40":{"start":{"line":139,"column":2},"end":{"line":139,"column":33}},"41":{"start":{"line":140,"column":2},"end":{"line":140,"column":78}},"42":{"start":{"line":142,"column":2},"end":{"line":149,"column":3}},"43":{"start":{"line":143,"column":4},"end":{"line":143,"column":38}},"44":{"start":{"line":144,"column":4},"end":{"line":148,"column":5}},"45":{"start":{"line":145,"column":6},"end":{"line":145,"column":39}},"46":{"start":{"line":147,"column":6},"end":{"line":147,"column":34}},"47":{"start":{"line":151,"column":2},"end":{"line":151,"column":13}},"48":{"start":{"line":162,"column":0},"end":{"line":186,"column":1}},"49":{"start":{"line":163,"column":2},"end":{"line":163,"column":9}},"50":{"start":{"line":165,"column":2},"end":{"line":167,"column":3}},"51":{"start":{"line":166,"column":4},"end":{"line":166,"column":15}},"52":{"start":{"line":169,"column":2},"end":{"line":183,"column":3}},"53":{"start":{"line":171,"column":6},"end":{"line":171,"column":25}},"54":{"start":{"line":172,"column":6},"end":{"line":172,"column":12}},"55":{"start":{"line":174,"column":6},"end":{"line":174,"column":12}},"56":{"start":{"line":176,"column":6},"end":{"line":176,"column":24}},"57":{"start":{"line":177,"column":6},"end":{"line":177,"column":12}},"58":{"start":{"line":179,"column":6},"end":{"line":179,"column":25}},"59":{"start":{"line":180,"column":6},"end":{"line":180,"column":12}},"60":{"start":{"line":182,"column":6},"end":{"line":182,"column":69}},"61":{"start":{"line":185,"column":2},"end":{"line":185,"column":12}},"62":{"start":{"line":196,"column":0},"end":{"line":221,"column":1}},"63":{"start":{"line":197,"column":2},"end":{"line":197,"column":9}},"64":{"start":{"line":199,"column":2},"end":{"line":201,"column":3}},"65":{"start":{"line":200,"column":4},"end":{"line":200,"column":15}},"66":{"start":{"line":203,"column":2},"end":{"line":218,"column":3}},"67":{"start":{"line":205,"column":6},"end":{"line":205,"column":29}},"68":{"start":{"line":206,"column":6},"end":{"line":206,"column":12}},"69":{"start":{"line":208,"column":6},"end":{"line":208,"column":21}},"70":{"start":{"line":209,"column":6},"end":{"line":209,"column":12}},"71":{"start":{"line":211,"column":6},"end":{"line":211,"column":20}},"72":{"start":{"line":212,"column":6},"end":{"line":212,"column":12}},"73":{"start":{"line":214,"column":6},"end":{"line":214,"column":29}},"74":{"start":{"line":215,"column":6},"end":{"line":215,"column":12}},"75":{"start":{"line":217,"column":6},"end":{"line":217,"column":77}},"76":{"start":{"line":220,"column":2},"end":{"line":220,"column":12}},"77":{"start":{"line":231,"column":0},"end":{"line":250,"column":1}},"78":{"start":{"line":232,"column":2},"end":{"line":232,"column":44}},"79":{"start":{"line":232,"column":33},"end":{"line":232,"column":44}},"80":{"start":{"line":234,"column":2},"end":{"line":237,"column":3}},"81":{"start":{"line":236,"column":4},"end":{"line":236,"column":37}},"82":{"start":{"line":236,"column":23},"end":{"line":236,"column":35}},"83":{"start":{"line":239,"column":2},"end":{"line":242,"column":3}},"84":{"start":{"line":241,"column":4},"end":{"line":241,"column":44}},"85":{"start":{"line":241,"column":27},"end":{"line":241,"column":42}},"86":{"start":{"line":244,"column":2},"end":{"line":247,"column":3}},"87":{"start":{"line":246,"column":4},"end":{"line":246,"column":29}},"88":{"start":{"line":249,"column":2},"end":{"line":249,"column":38}},"89":{"start":{"line":261,"column":0},"end":{"line":272,"column":2}},"90":{"start":{"line":262,"column":2},"end":{"line":262,"column":37}},"91":{"start":{"line":262,"column":25},"end":{"line":262,"column":37}},"92":{"start":{"line":265,"column":2},"end":{"line":265,"column":33}},"93":{"start":{"line":268,"column":2},"end":{"line":268,"column":38}},"94":{"start":{"line":271,"column":2},"end":{"line":271,"column":30}},"95":{"start":{"line":281,"column":0},"end":{"line":283,"column":1}},"96":{"start":{"line":282,"column":2},"end":{"line":282,"column":12}}},"branchMap":{"1":{"line":25,"type":"cond-expr","locations":[{"start":{"line":26,"column":6},"end":{"line":26,"column":32}},{"start":{"line":27,"column":6},"end":{"line":27,"column":10}}]},"2":{"line":42,"type":"cond-expr","locations":[{"start":{"line":43,"column":6},"end":{"line":43,"column":32}},{"start":{"line":44,"column":6},"end":{"line":44,"column":10}}]},"3":{"line":58,"type":"if","locations":[{"start":{"line":58,"column":2},"end":{"line":58,"column":2}},{"start":{"line":58,"column":2},"end":{"line":58,"column":2}}]},"4":{"line":59,"type":"if","locations":[{"start":{"line":59,"column":2},"end":{"line":59,"column":2}},{"start":{"line":59,"column":2},"end":{"line":59,"column":2}}]},"5":{"line":59,"type":"binary-expr","locations":[{"start":{"line":59,"column":6},"end":{"line":59,"column":20}},{"start":{"line":59,"column":24},"end":{"line":59,"column":39}}]},"6":{"line":60,"type":"if","locations":[{"start":{"line":60,"column":2},"end":{"line":60,"column":2}},{"start":{"line":60,"column":2},"end":{"line":60,"column":2}}]},"7":{"line":72,"type":"binary-expr","locations":[{"start":{"line":72,"column":8},"end":{"line":72,"column":11}},{"start":{"line":72,"column":15},"end":{"line":72,"column":17}}]},"8":{"line":75,"type":"if","locations":[{"start":{"line":75,"column":4},"end":{"line":75,"column":4}},{"start":{"line":75,"column":4},"end":{"line":75,"column":4}}]},"9":{"line":93,"type":"cond-expr","locations":[{"start":{"line":94,"column":6},"end":{"line":94,"column":24}},{"start":{"line":95,"column":6},"end":{"line":95,"column":46}}]},"10":{"line":144,"type":"if","locations":[{"start":{"line":144,"column":4},"end":{"line":144,"column":4}},{"start":{"line":144,"column":4},"end":{"line":144,"column":4}}]},"11":{"line":165,"type":"if","locations":[{"start":{"line":165,"column":2},"end":{"line":165,"column":2}},{"start":{"line":165,"column":2},"end":{"line":165,"column":2}}]},"12":{"line":169,"type":"switch","locations":[{"start":{"line":170,"column":4},"end":{"line":172,"column":12}},{"start":{"line":173,"column":4},"end":{"line":174,"column":12}},{"start":{"line":175,"column":4},"end":{"line":177,"column":12}},{"start":{"line":178,"column":4},"end":{"line":180,"column":12}},{"start":{"line":181,"column":4},"end":{"line":182,"column":69}}]},"13":{"line":199,"type":"if","locations":[{"start":{"line":199,"column":2},"end":{"line":199,"column":2}},{"start":{"line":199,"column":2},"end":{"line":199,"column":2}}]},"14":{"line":203,"type":"switch","locations":[{"start":{"line":204,"column":4},"end":{"line":206,"column":12}},{"start":{"line":207,"column":4},"end":{"line":209,"column":12}},{"start":{"line":210,"column":4},"end":{"line":212,"column":12}},{"start":{"line":213,"column":4},"end":{"line":215,"column":12}},{"start":{"line":216,"column":4},"end":{"line":217,"column":77}}]},"15":{"line":232,"type":"if","locations":[{"start":{"line":232,"column":2},"end":{"line":232,"column":2}},{"start":{"line":232,"column":2},"end":{"line":232,"column":2}}]},"16":{"line":234,"type":"if","locations":[{"start":{"line":234,"column":2},"end":{"line":234,"column":2}},{"start":{"line":234,"column":2},"end":{"line":234,"column":2}}]},"17":{"line":239,"type":"if","locations":[{"start":{"line":239,"column":2},"end":{"line":239,"column":2}},{"start":{"line":239,"column":2},"end":{"line":239,"column":2}}]},"18":{"line":244,"type":"if","locations":[{"start":{"line":244,"column":2},"end":{"line":244,"column":2}},{"start":{"line":244,"column":2},"end":{"line":244,"column":2}}]},"19":{"line":249,"type":"binary-expr","locations":[{"start":{"line":249,"column":27},"end":{"line":249,"column":30}},{"start":{"line":249,"column":34},"end":{"line":249,"column":36}}]},"20":{"line":262,"type":"if","locations":[{"start":{"line":262,"column":2},"end":{"line":262,"column":2}},{"start":{"line":262,"column":2},"end":{"line":262,"column":2}}]},"21":{"line":262,"type":"binary-expr","locations":[{"start":{"line":262,"column":6},"end":{"line":262,"column":11}},{"start":{"line":262,"column":15},"end":{"line":262,"column":23}}]}}},"/Users/walter/dev/school/metrics/express/lib/router/index.js":{"path":"/Users/walter/dev/school/metrics/express/lib/router/index.js","s":{"1":1,"2":1,"3":1,"4":1,"5":1,"6":1,"7":1,"8":1,"9":1,"10":1,"11":1,"12":551,"13":1,"14":36,"15":551,"16":551,"17":551,"18":551,"19":551,"20":551,"21":551,"22":551,"23":1,"24":26,"25":1,"26":1,"27":25,"28":25,"29":25,"30":25,"31":2,"32":25,"33":1,"34":1,"35":25,"36":1,"37":24,"38":24,"39":1,"40":723,"41":723,"42":723,"43":723,"44":723,"45":723,"46":723,"47":723,"48":723,"49":723,"50":723,"51":723,"52":723,"53":723,"54":723,"55":723,"56":723,"57":11,"58":7,"59":2,"60":5,"61":723,"62":723,"63":723,"64":1,"65":2677,"66":2677,"67":2677,"68":17,"69":17,"70":2677,"71":47,"72":47,"73":47,"74":2677,"75":100,"76":100,"77":2577,"78":2577,"79":255,"80":2322,"81":2322,"82":331,"83":9,"84":322,"85":322,"86":322,"87":9,"88":322,"89":30,"90":292,"91":2283,"92":2283,"93":2283,"94":2283,"95":8,"96":2275,"97":284,"98":1991,"99":1,"100":1991,"101":1991,"102":0,"103":1991,"104":86,"105":86,"106":86,"107":86,"108":38,"109":38,"110":86,"111":1991,"112":1991,"113":40,"114":1951,"115":1,"116":2577,"117":2577,"118":2577,"119":2577,"120":2577,"121":254,"122":1,"123":2577,"124":1,"125":2283,"126":2283,"127":2283,"128":2155,"129":128,"130":128,"131":128,"132":128,"133":128,"134":128,"135":128,"136":1,"137":281,"138":8,"139":273,"140":120,"141":153,"142":153,"143":153,"144":0,"145":153,"146":153,"147":153,"148":153,"149":153,"150":119,"151":34,"152":6,"153":6,"154":28,"155":28,"156":1,"157":57,"158":57,"159":57,"160":7,"161":7,"162":7,"163":50,"164":21,"165":29,"166":29,"167":2,"168":128,"169":1,"170":1448,"171":1448,"172":1448,"173":444,"174":444,"175":5,"176":444,"177":443,"178":443,"179":1448,"180":1448,"181":1,"182":1447,"183":1449,"184":8,"185":1441,"186":1441,"187":1441,"188":1441,"189":1439,"190":1,"191":265,"192":265,"193":265,"194":265,"195":265,"196":1,"197":27,"198":26,"199":26,"200":26,"201":1,"202":9,"203":9,"204":9,"205":8,"206":1,"207":8,"208":8,"209":4,"210":4,"211":1,"212":5,"213":1,"214":4,"215":4,"216":2,"217":2,"218":2,"219":2,"220":4,"221":3,"222":4,"223":3,"224":2,"225":3,"226":3,"227":2,"228":2,"229":1,"230":723,"231":723,"232":723,"233":2169,"234":2169,"235":723,"236":96,"237":288,"238":96,"239":1,"240":5,"241":5,"242":5,"243":4,"244":1,"245":1,"246":11,"247":7,"248":7,"249":7,"250":7,"251":7},"b":{"1":[551,51],"2":[1,25],"3":[2,23],"4":[1,0],"5":[1,24],"6":[24,23],"7":[57,666],"8":[723,5],"9":[4,719],"10":[723,692],"11":[11,712],"12":[2,5],"13":[7,7],"14":[723,636],"15":[4,2673],"16":[17,2660],"17":[47,2630],"18":[100,2577],"19":[255,2322],"20":[2577,2576],"21":[255,229],"22":[331,1991],"23":[9,322],"24":[9,313],"25":[322,30],"26":[30,292],"27":[322,30],"28":[5,2278],"29":[8,2275],"30":[8,8],"31":[284,1991],"32":[0,1991],"33":[1991,1953,0],"34":[86,1905],"35":[38,48],"36":[86,82],"37":[4,82],"38":[40,1951],"39":[254,2322],"40":[2155,128],"41":[2283,2283],"42":[8,273],"43":[120,153],"44":[0,153],"45":[119,34],"46":[153,144],"47":[6,28],"48":[34,8,7],"49":[7,50],"50":[21,29],"51":[444,1004],"52":[449,5],"53":[443,1],"54":[1,1447],"55":[8,1441],"56":[1441,354],"57":[8,1],"58":[4,4],"59":[1,4],"60":[5,4],"61":[2,2],"62":[4,2],"63":[6,2],"64":[3,1],"65":[3,1],"66":[2,1]},"f":{"1":551,"2":36,"3":26,"4":723,"5":7,"6":2677,"7":2577,"8":2283,"9":1991,"10":2577,"11":2283,"12":281,"13":57,"14":1448,"15":1449,"16":265,"17":27,"18":26,"19":9,"20":8,"21":5,"22":723,"23":96,"24":5,"25":11,"26":7},"fnMap":{"1":{"name":"(anonymous_1)","line":30,"loc":{"start":{"line":30,"column":29},"end":{"line":30,"column":47}}},"2":{"name":"router","line":33,"loc":{"start":{"line":33,"column":2},"end":{"line":33,"column":34}}},"3":{"name":"(anonymous_3)","line":84,"loc":{"start":{"line":84,"column":14},"end":{"line":84,"column":32}}},"4":{"name":"(anonymous_4)","line":122,"loc":{"start":{"line":122,"column":15},"end":{"line":122,"column":40}}},"5":{"name":"(anonymous_5)","line":153,"loc":{"start":{"line":153,"column":22},"end":{"line":153,"column":41}}},"6":{"name":"next","line":165,"loc":{"start":{"line":165,"column":2},"end":{"line":165,"column":21}}},"7":{"name":"(anonymous_7)","line":188,"loc":{"start":{"line":188,"column":38},"end":{"line":188,"column":59}}},"8":{"name":"(anonymous_8)","line":227,"loc":{"start":{"line":227,"column":56},"end":{"line":227,"column":71}}},"9":{"name":"trim_prefix","line":241,"loc":{"start":{"line":241,"column":2},"end":{"line":241,"column":59}}},"10":{"name":"match_layer","line":280,"loc":{"start":{"line":280,"column":20},"end":{"line":280,"column":64}}},"11":{"name":"(anonymous_11)","line":303,"loc":{"start":{"line":303,"column":23},"end":{"line":303,"column":63}}},"12":{"name":"param","line":324,"loc":{"start":{"line":324,"column":2},"end":{"line":324,"column":22}}},"13":{"name":"paramCallback","line":368,"loc":{"start":{"line":368,"column":2},"end":{"line":368,"column":30}}},"14":{"name":"use","line":408,"loc":{"start":{"line":408,"column":12},"end":{"line":408,"column":29}}},"15":{"name":"(anonymous_15)","line":434,"loc":{"start":{"line":434,"column":20},"end":{"line":434,"column":34}}},"16":{"name":"(anonymous_16)","line":469,"loc":{"start":{"line":469,"column":14},"end":{"line":469,"column":28}}},"17":{"name":"(anonymous_17)","line":485,"loc":{"start":{"line":485,"column":30},"end":{"line":485,"column":46}}},"18":{"name":"(anonymous_18)","line":486,"loc":{"start":{"line":486,"column":18},"end":{"line":486,"column":32}}},"19":{"name":"appendMethods","line":494,"loc":{"start":{"line":494,"column":0},"end":{"line":494,"column":39}}},"20":{"name":"gettype","line":504,"loc":{"start":{"line":504,"column":0},"end":{"line":504,"column":22}}},"21":{"name":"mergeParams","line":517,"loc":{"start":{"line":517,"column":0},"end":{"line":517,"column":37}}},"22":{"name":"restore","line":553,"loc":{"start":{"line":553,"column":0},"end":{"line":553,"column":26}}},"23":{"name":"(anonymous_23)","line":562,"loc":{"start":{"line":562,"column":9},"end":{"line":562,"column":22}}},"24":{"name":"sendOptionsResponse","line":573,"loc":{"start":{"line":573,"column":0},"end":{"line":573,"column":49}}},"25":{"name":"wrap","line":584,"loc":{"start":{"line":584,"column":0},"end":{"line":584,"column":23}}},"26":{"name":"proxy","line":585,"loc":{"start":{"line":585,"column":9},"end":{"line":585,"column":26}}}},"statementMap":{"1":{"start":{"line":6,"column":0},"end":{"line":6,"column":31}},"2":{"start":{"line":7,"column":0},"end":{"line":7,"column":31}},"3":{"start":{"line":8,"column":0},"end":{"line":8,"column":33}},"4":{"start":{"line":9,"column":0},"end":{"line":9,"column":35}},"5":{"start":{"line":10,"column":0},"end":{"line":10,"column":47}},"6":{"start":{"line":11,"column":0},"end":{"line":11,"column":35}},"7":{"start":{"line":12,"column":0},"end":{"line":12,"column":32}},"8":{"start":{"line":18,"column":0},"end":{"line":18,"column":40}},"9":{"start":{"line":19,"column":0},"end":{"line":19,"column":34}},"10":{"start":{"line":20,"column":0},"end":{"line":20,"column":41}},"11":{"start":{"line":30,"column":0},"end":{"line":48,"column":2}},"12":{"start":{"line":31,"column":2},"end":{"line":31,"column":26}},"13":{"start":{"line":33,"column":2},"end":{"line":35,"column":3}},"14":{"start":{"line":34,"column":4},"end":{"line":34,"column":34}},"15":{"start":{"line":38,"column":2},"end":{"line":38,"column":27}},"16":{"start":{"line":40,"column":2},"end":{"line":40,"column":21}},"17":{"start":{"line":41,"column":2},"end":{"line":41,"column":22}},"18":{"start":{"line":42,"column":2},"end":{"line":42,"column":47}},"19":{"start":{"line":43,"column":2},"end":{"line":43,"column":43}},"20":{"start":{"line":44,"column":2},"end":{"line":44,"column":33}},"21":{"start":{"line":45,"column":2},"end":{"line":45,"column":20}},"22":{"start":{"line":47,"column":2},"end":{"line":47,"column":16}},"23":{"start":{"line":84,"column":0},"end":{"line":114,"column":2}},"24":{"start":{"line":86,"column":2},"end":{"line":89,"column":3}},"25":{"start":{"line":87,"column":4},"end":{"line":87,"column":28}},"26":{"start":{"line":88,"column":4},"end":{"line":88,"column":11}},"27":{"start":{"line":92,"column":2},"end":{"line":92,"column":28}},"28":{"start":{"line":93,"column":2},"end":{"line":93,"column":26}},"29":{"start":{"line":94,"column":2},"end":{"line":94,"column":10}},"30":{"start":{"line":96,"column":2},"end":{"line":98,"column":3}},"31":{"start":{"line":97,"column":4},"end":{"line":97,"column":26}},"32":{"start":{"line":100,"column":2},"end":{"line":104,"column":3}},"33":{"start":{"line":101,"column":4},"end":{"line":103,"column":5}},"34":{"start":{"line":102,"column":6},"end":{"line":102,"column":15}},"35":{"start":{"line":108,"column":2},"end":{"line":110,"column":3}},"36":{"start":{"line":109,"column":4},"end":{"line":109,"column":72}},"37":{"start":{"line":112,"column":2},"end":{"line":112,"column":57}},"38":{"start":{"line":113,"column":2},"end":{"line":113,"column":14}},"39":{"start":{"line":122,"column":0},"end":{"line":272,"column":2}},"40":{"start":{"line":123,"column":2},"end":{"line":123,"column":18}},"41":{"start":{"line":125,"column":2},"end":{"line":125,"column":50}},"42":{"start":{"line":127,"column":2},"end":{"line":127,"column":40}},"43":{"start":{"line":128,"column":2},"end":{"line":128,"column":56}},"44":{"start":{"line":129,"column":2},"end":{"line":129,"column":84}},"45":{"start":{"line":130,"column":2},"end":{"line":130,"column":80}},"46":{"start":{"line":131,"column":2},"end":{"line":131,"column":14}},"47":{"start":{"line":132,"column":2},"end":{"line":132,"column":19}},"48":{"start":{"line":133,"column":2},"end":{"line":133,"column":25}},"49":{"start":{"line":134,"column":2},"end":{"line":134,"column":23}},"50":{"start":{"line":138,"column":2},"end":{"line":138,"column":19}},"51":{"start":{"line":141,"column":2},"end":{"line":141,"column":25}},"52":{"start":{"line":144,"column":2},"end":{"line":144,"column":32}},"53":{"start":{"line":145,"column":2},"end":{"line":145,"column":36}},"54":{"start":{"line":146,"column":2},"end":{"line":146,"column":57}},"55":{"start":{"line":149,"column":2},"end":{"line":149,"column":18}},"56":{"start":{"line":152,"column":2},"end":{"line":157,"column":3}},"57":{"start":{"line":153,"column":4},"end":{"line":156,"column":7}},"58":{"start":{"line":154,"column":6},"end":{"line":154,"column":55}},"59":{"start":{"line":154,"column":39},"end":{"line":154,"column":55}},"60":{"start":{"line":155,"column":6},"end":{"line":155,"column":45}},"61":{"start":{"line":160,"column":2},"end":{"line":160,"column":26}},"62":{"start":{"line":161,"column":2},"end":{"line":161,"column":47}},"63":{"start":{"line":163,"column":2},"end":{"line":163,"column":9}},"64":{"start":{"line":165,"column":2},"end":{"line":239,"column":3}},"65":{"start":{"line":166,"column":4},"end":{"line":168,"column":12}},"66":{"start":{"line":170,"column":4},"end":{"line":170,"column":29}},"67":{"start":{"line":172,"column":4},"end":{"line":175,"column":5}},"68":{"start":{"line":173,"column":6},"end":{"line":173,"column":34}},"69":{"start":{"line":174,"column":6},"end":{"line":174,"column":25}},"70":{"start":{"line":177,"column":4},"end":{"line":181,"column":5}},"71":{"start":{"line":178,"column":6},"end":{"line":178,"column":30}},"72":{"start":{"line":179,"column":6},"end":{"line":179,"column":71}},"73":{"start":{"line":180,"column":6},"end":{"line":180,"column":19}},"74":{"start":{"line":183,"column":4},"end":{"line":186,"column":5}},"75":{"start":{"line":184,"column":6},"end":{"line":184,"column":37}},"76":{"start":{"line":185,"column":6},"end":{"line":185,"column":13}},"77":{"start":{"line":188,"column":4},"end":{"line":238,"column":7}},"78":{"start":{"line":189,"column":6},"end":{"line":191,"column":7}},"79":{"start":{"line":190,"column":8},"end":{"line":190,"column":39}},"80":{"start":{"line":194,"column":6},"end":{"line":194,"column":30}},"81":{"start":{"line":197,"column":6},"end":{"line":218,"column":7}},"82":{"start":{"line":199,"column":8},"end":{"line":201,"column":9}},"83":{"start":{"line":200,"column":10},"end":{"line":200,"column":34}},"84":{"start":{"line":203,"column":8},"end":{"line":203,"column":32}},"85":{"start":{"line":204,"column":8},"end":{"line":204,"column":55}},"86":{"start":{"line":207,"column":8},"end":{"line":209,"column":9}},"87":{"start":{"line":208,"column":10},"end":{"line":208,"column":51}},"88":{"start":{"line":212,"column":8},"end":{"line":214,"column":9}},"89":{"start":{"line":213,"column":10},"end":{"line":213,"column":24}},"90":{"start":{"line":217,"column":8},"end":{"line":217,"column":26}},"91":{"start":{"line":221,"column":6},"end":{"line":223,"column":23}},"92":{"start":{"line":224,"column":6},"end":{"line":224,"column":33}},"93":{"start":{"line":227,"column":6},"end":{"line":237,"column":9}},"94":{"start":{"line":228,"column":8},"end":{"line":230,"column":9}},"95":{"start":{"line":229,"column":10},"end":{"line":229,"column":41}},"96":{"start":{"line":232,"column":8},"end":{"line":234,"column":9}},"97":{"start":{"line":233,"column":10},"end":{"line":233,"column":54}},"98":{"start":{"line":236,"column":8},"end":{"line":236,"column":56}},"99":{"start":{"line":241,"column":2},"end":{"line":271,"column":3}},"100":{"start":{"line":242,"column":4},"end":{"line":242,"column":35}},"101":{"start":{"line":243,"column":4},"end":{"line":243,"column":61}},"102":{"start":{"line":243,"column":37},"end":{"line":243,"column":61}},"103":{"start":{"line":247,"column":4},"end":{"line":262,"column":5}},"104":{"start":{"line":248,"column":6},"end":{"line":248,"column":64}},"105":{"start":{"line":249,"column":6},"end":{"line":249,"column":26}},"106":{"start":{"line":250,"column":6},"end":{"line":250,"column":78}},"107":{"start":{"line":253,"column":6},"end":{"line":256,"column":7}},"108":{"start":{"line":254,"column":8},"end":{"line":254,"column":32}},"109":{"start":{"line":255,"column":8},"end":{"line":255,"column":26}},"110":{"start":{"line":259,"column":6},"end":{"line":261,"column":19}},"111":{"start":{"line":264,"column":4},"end":{"line":264,"column":64}},"112":{"start":{"line":266,"column":4},"end":{"line":270,"column":5}},"113":{"start":{"line":267,"column":6},"end":{"line":267,"column":53}},"114":{"start":{"line":269,"column":6},"end":{"line":269,"column":43}},"115":{"start":{"line":280,"column":0},"end":{"line":295,"column":2}},"116":{"start":{"line":281,"column":2},"end":{"line":281,"column":19}},"117":{"start":{"line":282,"column":2},"end":{"line":282,"column":11}},"118":{"start":{"line":284,"column":2},"end":{"line":292,"column":3}},"119":{"start":{"line":285,"column":4},"end":{"line":285,"column":34}},"120":{"start":{"line":287,"column":4},"end":{"line":289,"column":5}},"121":{"start":{"line":288,"column":6},"end":{"line":288,"column":23}},"122":{"start":{"line":291,"column":4},"end":{"line":291,"column":16}},"123":{"start":{"line":294,"column":2},"end":{"line":294,"column":20}},"124":{"start":{"line":303,"column":0},"end":{"line":391,"column":2}},"125":{"start":{"line":304,"column":2},"end":{"line":304,"column":27}},"126":{"start":{"line":307,"column":2},"end":{"line":307,"column":24}},"127":{"start":{"line":310,"column":2},"end":{"line":312,"column":3}},"128":{"start":{"line":311,"column":4},"end":{"line":311,"column":18}},"129":{"start":{"line":314,"column":2},"end":{"line":314,"column":12}},"130":{"start":{"line":315,"column":2},"end":{"line":315,"column":11}},"131":{"start":{"line":316,"column":2},"end":{"line":316,"column":21}},"132":{"start":{"line":317,"column":2},"end":{"line":317,"column":10}},"133":{"start":{"line":318,"column":2},"end":{"line":318,"column":15}},"134":{"start":{"line":319,"column":2},"end":{"line":319,"column":21}},"135":{"start":{"line":320,"column":2},"end":{"line":320,"column":18}},"136":{"start":{"line":324,"column":2},"end":{"line":365,"column":3}},"137":{"start":{"line":325,"column":4},"end":{"line":327,"column":5}},"138":{"start":{"line":326,"column":6},"end":{"line":326,"column":23}},"139":{"start":{"line":329,"column":4},"end":{"line":331,"column":5}},"140":{"start":{"line":330,"column":6},"end":{"line":330,"column":20}},"141":{"start":{"line":333,"column":4},"end":{"line":333,"column":19}},"142":{"start":{"line":334,"column":4},"end":{"line":334,"column":20}},"143":{"start":{"line":336,"column":4},"end":{"line":338,"column":5}},"144":{"start":{"line":337,"column":6},"end":{"line":337,"column":20}},"145":{"start":{"line":340,"column":4},"end":{"line":340,"column":20}},"146":{"start":{"line":341,"column":4},"end":{"line":341,"column":32}},"147":{"start":{"line":342,"column":4},"end":{"line":342,"column":34}},"148":{"start":{"line":343,"column":4},"end":{"line":343,"column":31}},"149":{"start":{"line":345,"column":4},"end":{"line":347,"column":5}},"150":{"start":{"line":346,"column":6},"end":{"line":346,"column":21}},"151":{"start":{"line":350,"column":4},"end":{"line":356,"column":5}},"152":{"start":{"line":352,"column":6},"end":{"line":352,"column":43}},"153":{"start":{"line":355,"column":6},"end":{"line":355,"column":38}},"154":{"start":{"line":358,"column":4},"end":{"line":362,"column":6}},"155":{"start":{"line":364,"column":4},"end":{"line":364,"column":20}},"156":{"start":{"line":368,"column":2},"end":{"line":388,"column":3}},"157":{"start":{"line":369,"column":4},"end":{"line":369,"column":42}},"158":{"start":{"line":372,"column":4},"end":{"line":372,"column":45}},"159":{"start":{"line":374,"column":4},"end":{"line":379,"column":5}},"160":{"start":{"line":376,"column":6},"end":{"line":376,"column":30}},"161":{"start":{"line":377,"column":6},"end":{"line":377,"column":17}},"162":{"start":{"line":378,"column":6},"end":{"line":378,"column":13}},"163":{"start":{"line":381,"column":4},"end":{"line":381,"column":28}},"164":{"start":{"line":381,"column":13},"end":{"line":381,"column":28}},"165":{"start":{"line":383,"column":4},"end":{"line":387,"column":5}},"166":{"start":{"line":384,"column":6},"end":{"line":384,"column":54}},"167":{"start":{"line":386,"column":6},"end":{"line":386,"column":23}},"168":{"start":{"line":390,"column":2},"end":{"line":390,"column":10}},"169":{"start":{"line":408,"column":0},"end":{"line":454,"column":2}},"170":{"start":{"line":409,"column":2},"end":{"line":409,"column":17}},"171":{"start":{"line":410,"column":2},"end":{"line":410,"column":17}},"172":{"start":{"line":414,"column":2},"end":{"line":426,"column":3}},"173":{"start":{"line":415,"column":4},"end":{"line":415,"column":17}},"174":{"start":{"line":417,"column":4},"end":{"line":419,"column":5}},"175":{"start":{"line":418,"column":6},"end":{"line":418,"column":19}},"176":{"start":{"line":422,"column":4},"end":{"line":425,"column":5}},"177":{"start":{"line":423,"column":6},"end":{"line":423,"column":17}},"178":{"start":{"line":424,"column":6},"end":{"line":424,"column":16}},"179":{"start":{"line":428,"column":2},"end":{"line":428,"column":63}},"180":{"start":{"line":430,"column":2},"end":{"line":432,"column":3}},"181":{"start":{"line":431,"column":4},"end":{"line":431,"column":70}},"182":{"start":{"line":434,"column":2},"end":{"line":451,"column":11}},"183":{"start":{"line":435,"column":4},"end":{"line":437,"column":5}},"184":{"start":{"line":436,"column":6},"end":{"line":436,"column":96}},"185":{"start":{"line":440,"column":4},"end":{"line":440,"column":55}},"186":{"start":{"line":442,"column":4},"end":{"line":446,"column":11}},"187":{"start":{"line":448,"column":4},"end":{"line":448,"column":28}},"188":{"start":{"line":450,"column":4},"end":{"line":450,"column":27}},"189":{"start":{"line":453,"column":2},"end":{"line":453,"column":14}},"190":{"start":{"line":469,"column":0},"end":{"line":482,"column":2}},"191":{"start":{"line":470,"column":2},"end":{"line":470,"column":30}},"192":{"start":{"line":472,"column":2},"end":{"line":476,"column":33}},"193":{"start":{"line":478,"column":2},"end":{"line":478,"column":22}},"194":{"start":{"line":480,"column":2},"end":{"line":480,"column":25}},"195":{"start":{"line":481,"column":2},"end":{"line":481,"column":15}},"196":{"start":{"line":485,"column":0},"end":{"line":491,"column":3}},"197":{"start":{"line":486,"column":2},"end":{"line":490,"column":4}},"198":{"start":{"line":487,"column":4},"end":{"line":487,"column":32}},"199":{"start":{"line":488,"column":4},"end":{"line":488,"column":57}},"200":{"start":{"line":489,"column":4},"end":{"line":489,"column":16}},"201":{"start":{"line":494,"column":0},"end":{"line":501,"column":1}},"202":{"start":{"line":495,"column":2},"end":{"line":500,"column":3}},"203":{"start":{"line":496,"column":4},"end":{"line":496,"column":29}},"204":{"start":{"line":497,"column":4},"end":{"line":499,"column":5}},"205":{"start":{"line":498,"column":6},"end":{"line":498,"column":24}},"206":{"start":{"line":504,"column":0},"end":{"line":514,"column":1}},"207":{"start":{"line":505,"column":2},"end":{"line":505,"column":24}},"208":{"start":{"line":507,"column":2},"end":{"line":509,"column":3}},"209":{"start":{"line":508,"column":4},"end":{"line":508,"column":16}},"210":{"start":{"line":512,"column":2},"end":{"line":513,"column":33}},"211":{"start":{"line":517,"column":0},"end":{"line":550,"column":1}},"212":{"start":{"line":518,"column":2},"end":{"line":520,"column":3}},"213":{"start":{"line":519,"column":4},"end":{"line":519,"column":18}},"214":{"start":{"line":523,"column":2},"end":{"line":523,"column":30}},"215":{"start":{"line":526,"column":2},"end":{"line":528,"column":3}},"216":{"start":{"line":527,"column":4},"end":{"line":527,"column":30}},"217":{"start":{"line":530,"column":2},"end":{"line":530,"column":12}},"218":{"start":{"line":531,"column":2},"end":{"line":531,"column":12}},"219":{"start":{"line":534,"column":2},"end":{"line":537,"column":3}},"220":{"start":{"line":535,"column":4},"end":{"line":535,"column":25}},"221":{"start":{"line":535,"column":21},"end":{"line":535,"column":25}},"222":{"start":{"line":536,"column":4},"end":{"line":536,"column":25}},"223":{"start":{"line":536,"column":21},"end":{"line":536,"column":25}},"224":{"start":{"line":540,"column":2},"end":{"line":547,"column":3}},"225":{"start":{"line":541,"column":4},"end":{"line":541,"column":30}},"226":{"start":{"line":544,"column":4},"end":{"line":546,"column":5}},"227":{"start":{"line":545,"column":6},"end":{"line":545,"column":23}},"228":{"start":{"line":549,"column":2},"end":{"line":549,"column":31}},"229":{"start":{"line":553,"column":0},"end":{"line":570,"column":1}},"230":{"start":{"line":554,"column":2},"end":{"line":554,"column":46}},"231":{"start":{"line":555,"column":2},"end":{"line":555,"column":45}},"232":{"start":{"line":557,"column":2},"end":{"line":560,"column":3}},"233":{"start":{"line":558,"column":4},"end":{"line":558,"column":32}},"234":{"start":{"line":559,"column":4},"end":{"line":559,"column":28}},"235":{"start":{"line":562,"column":2},"end":{"line":569,"column":4}},"236":{"start":{"line":564,"column":4},"end":{"line":566,"column":5}},"237":{"start":{"line":565,"column":6},"end":{"line":565,"column":30}},"238":{"start":{"line":568,"column":4},"end":{"line":568,"column":37}},"239":{"start":{"line":573,"column":0},"end":{"line":581,"column":1}},"240":{"start":{"line":574,"column":2},"end":{"line":580,"column":3}},"241":{"start":{"line":575,"column":4},"end":{"line":575,"column":33}},"242":{"start":{"line":576,"column":4},"end":{"line":576,"column":27}},"243":{"start":{"line":577,"column":4},"end":{"line":577,"column":19}},"244":{"start":{"line":579,"column":4},"end":{"line":579,"column":14}},"245":{"start":{"line":584,"column":0},"end":{"line":595,"column":1}},"246":{"start":{"line":585,"column":2},"end":{"line":594,"column":4}},"247":{"start":{"line":586,"column":4},"end":{"line":586,"column":47}},"248":{"start":{"line":588,"column":4},"end":{"line":588,"column":18}},"249":{"start":{"line":589,"column":4},"end":{"line":591,"column":5}},"250":{"start":{"line":590,"column":6},"end":{"line":590,"column":33}},"251":{"start":{"line":593,"column":4},"end":{"line":593,"column":25}}},"branchMap":{"1":{"line":31,"type":"binary-expr","locations":[{"start":{"line":31,"column":12},"end":{"line":31,"column":19}},{"start":{"line":31,"column":23},"end":{"line":31,"column":25}}]},"2":{"line":86,"type":"if","locations":[{"start":{"line":86,"column":2},"end":{"line":86,"column":2}},{"start":{"line":86,"column":2},"end":{"line":86,"column":2}}]},"3":{"line":96,"type":"if","locations":[{"start":{"line":96,"column":2},"end":{"line":96,"column":2}},{"start":{"line":96,"column":2},"end":{"line":96,"column":2}}]},"4":{"line":101,"type":"if","locations":[{"start":{"line":101,"column":4},"end":{"line":101,"column":4}},{"start":{"line":101,"column":4},"end":{"line":101,"column":4}}]},"5":{"line":108,"type":"if","locations":[{"start":{"line":108,"column":2},"end":{"line":108,"column":2}},{"start":{"line":108,"column":2},"end":{"line":108,"column":2}}]},"6":{"line":112,"type":"binary-expr","locations":[{"start":{"line":112,"column":23},"end":{"line":112,"column":40}},{"start":{"line":112,"column":44},"end":{"line":112,"column":46}}]},"7":{"line":128,"type":"cond-expr","locations":[{"start":{"line":128,"column":28},"end":{"line":128,"column":38}},{"start":{"line":128,"column":41},"end":{"line":128,"column":55}}]},"8":{"line":129,"type":"binary-expr","locations":[{"start":{"line":129,"column":13},"end":{"line":129,"column":31}},{"start":{"line":129,"column":35},"end":{"line":129,"column":83}}]},"9":{"line":130,"type":"cond-expr","locations":[{"start":{"line":130,"column":25},"end":{"line":130,"column":74}},{"start":{"line":130,"column":77},"end":{"line":130,"column":79}}]},"10":{"line":145,"type":"binary-expr","locations":[{"start":{"line":145,"column":18},"end":{"line":145,"column":29}},{"start":{"line":145,"column":33},"end":{"line":145,"column":35}}]},"11":{"line":152,"type":"if","locations":[{"start":{"line":152,"column":2},"end":{"line":152,"column":2}},{"start":{"line":152,"column":2},"end":{"line":152,"column":2}}]},"12":{"line":154,"type":"if","locations":[{"start":{"line":154,"column":6},"end":{"line":154,"column":6}},{"start":{"line":154,"column":6},"end":{"line":154,"column":6}}]},"13":{"line":154,"type":"binary-expr","locations":[{"start":{"line":154,"column":10},"end":{"line":154,"column":13}},{"start":{"line":154,"column":17},"end":{"line":154,"column":37}}]},"14":{"line":161,"type":"binary-expr","locations":[{"start":{"line":161,"column":20},"end":{"line":161,"column":35}},{"start":{"line":161,"column":39},"end":{"line":161,"column":46}}]},"15":{"line":166,"type":"cond-expr","locations":[{"start":{"line":167,"column":8},"end":{"line":167,"column":12}},{"start":{"line":168,"column":8},"end":{"line":168,"column":11}}]},"16":{"line":172,"type":"if","locations":[{"start":{"line":172,"column":4},"end":{"line":172,"column":4}},{"start":{"line":172,"column":4},"end":{"line":172,"column":4}}]},"17":{"line":177,"type":"if","locations":[{"start":{"line":177,"column":4},"end":{"line":177,"column":4}},{"start":{"line":177,"column":4},"end":{"line":177,"column":4}}]},"18":{"line":183,"type":"if","locations":[{"start":{"line":183,"column":4},"end":{"line":183,"column":4}},{"start":{"line":183,"column":4},"end":{"line":183,"column":4}}]},"19":{"line":189,"type":"if","locations":[{"start":{"line":189,"column":6},"end":{"line":189,"column":6}},{"start":{"line":189,"column":6},"end":{"line":189,"column":6}}]},"20":{"line":189,"type":"binary-expr","locations":[{"start":{"line":189,"column":10},"end":{"line":189,"column":13}},{"start":{"line":189,"column":17},"end":{"line":189,"column":35}}]},"21":{"line":190,"type":"binary-expr","locations":[{"start":{"line":190,"column":20},"end":{"line":190,"column":30}},{"start":{"line":190,"column":34},"end":{"line":190,"column":37}}]},"22":{"line":197,"type":"if","locations":[{"start":{"line":197,"column":6},"end":{"line":197,"column":6}},{"start":{"line":197,"column":6},"end":{"line":197,"column":6}}]},"23":{"line":199,"type":"if","locations":[{"start":{"line":199,"column":8},"end":{"line":199,"column":8}},{"start":{"line":199,"column":8},"end":{"line":199,"column":8}}]},"24":{"line":207,"type":"if","locations":[{"start":{"line":207,"column":8},"end":{"line":207,"column":8}},{"start":{"line":207,"column":8},"end":{"line":207,"column":8}}]},"25":{"line":207,"type":"binary-expr","locations":[{"start":{"line":207,"column":12},"end":{"line":207,"column":23}},{"start":{"line":207,"column":27},"end":{"line":207,"column":47}}]},"26":{"line":212,"type":"if","locations":[{"start":{"line":212,"column":8},"end":{"line":212,"column":8}},{"start":{"line":212,"column":8},"end":{"line":212,"column":8}}]},"27":{"line":212,"type":"binary-expr","locations":[{"start":{"line":212,"column":12},"end":{"line":212,"column":23}},{"start":{"line":212,"column":27},"end":{"line":212,"column":44}}]},"28":{"line":221,"type":"cond-expr","locations":[{"start":{"line":222,"column":10},"end":{"line":222,"column":49}},{"start":{"line":223,"column":10},"end":{"line":223,"column":22}}]},"29":{"line":228,"type":"if","locations":[{"start":{"line":228,"column":8},"end":{"line":228,"column":8}},{"start":{"line":228,"column":8},"end":{"line":228,"column":8}}]},"30":{"line":229,"type":"binary-expr","locations":[{"start":{"line":229,"column":22},"end":{"line":229,"column":32}},{"start":{"line":229,"column":36},"end":{"line":229,"column":39}}]},"31":{"line":232,"type":"if","locations":[{"start":{"line":232,"column":8},"end":{"line":232,"column":8}},{"start":{"line":232,"column":8},"end":{"line":232,"column":8}}]},"32":{"line":243,"type":"if","locations":[{"start":{"line":243,"column":4},"end":{"line":243,"column":4}},{"start":{"line":243,"column":4},"end":{"line":243,"column":4}}]},"33":{"line":243,"type":"binary-expr","locations":[{"start":{"line":243,"column":8},"end":{"line":243,"column":9}},{"start":{"line":243,"column":13},"end":{"line":243,"column":22}},{"start":{"line":243,"column":26},"end":{"line":243,"column":35}}]},"34":{"line":247,"type":"if","locations":[{"start":{"line":247,"column":4},"end":{"line":247,"column":4}},{"start":{"line":247,"column":4},"end":{"line":247,"column":4}}]},"35":{"line":253,"type":"if","locations":[{"start":{"line":253,"column":6},"end":{"line":253,"column":6}},{"start":{"line":253,"column":6},"end":{"line":253,"column":6}}]},"36":{"line":253,"type":"binary-expr","locations":[{"start":{"line":253,"column":10},"end":{"line":253,"column":15}},{"start":{"line":253,"column":19},"end":{"line":253,"column":37}}]},"37":{"line":259,"type":"cond-expr","locations":[{"start":{"line":260,"column":10},"end":{"line":260,"column":50}},{"start":{"line":261,"column":10},"end":{"line":261,"column":17}}]},"38":{"line":266,"type":"if","locations":[{"start":{"line":266,"column":4},"end":{"line":266,"column":4}},{"start":{"line":266,"column":4},"end":{"line":266,"column":4}}]},"39":{"line":287,"type":"if","locations":[{"start":{"line":287,"column":4},"end":{"line":287,"column":4}},{"start":{"line":287,"column":4},"end":{"line":287,"column":4}}]},"40":{"line":310,"type":"if","locations":[{"start":{"line":310,"column":2},"end":{"line":310,"column":2}},{"start":{"line":310,"column":2},"end":{"line":310,"column":2}}]},"41":{"line":310,"type":"binary-expr","locations":[{"start":{"line":310,"column":6},"end":{"line":310,"column":11}},{"start":{"line":310,"column":15},"end":{"line":310,"column":32}}]},"42":{"line":325,"type":"if","locations":[{"start":{"line":325,"column":4},"end":{"line":325,"column":4}},{"start":{"line":325,"column":4},"end":{"line":325,"column":4}}]},"43":{"line":329,"type":"if","locations":[{"start":{"line":329,"column":4},"end":{"line":329,"column":4}},{"start":{"line":329,"column":4},"end":{"line":329,"column":4}}]},"44":{"line":336,"type":"if","locations":[{"start":{"line":336,"column":4},"end":{"line":336,"column":4}},{"start":{"line":336,"column":4},"end":{"line":336,"column":4}}]},"45":{"line":345,"type":"if","locations":[{"start":{"line":345,"column":4},"end":{"line":345,"column":4}},{"start":{"line":345,"column":4},"end":{"line":345,"column":4}}]},"46":{"line":345,"type":"binary-expr","locations":[{"start":{"line":345,"column":8},"end":{"line":345,"column":30}},{"start":{"line":345,"column":34},"end":{"line":345,"column":49}}]},"47":{"line":350,"type":"if","locations":[{"start":{"line":350,"column":4},"end":{"line":350,"column":4}},{"start":{"line":350,"column":4},"end":{"line":350,"column":4}}]},"48":{"line":350,"type":"binary-expr","locations":[{"start":{"line":350,"column":8},"end":{"line":350,"column":19}},{"start":{"line":350,"column":24},"end":{"line":350,"column":41}},{"start":{"line":350,"column":45},"end":{"line":350,"column":75}}]},"49":{"line":374,"type":"if","locations":[{"start":{"line":374,"column":4},"end":{"line":374,"column":4}},{"start":{"line":374,"column":4},"end":{"line":374,"column":4}}]},"50":{"line":381,"type":"if","locations":[{"start":{"line":381,"column":4},"end":{"line":381,"column":4}},{"start":{"line":381,"column":4},"end":{"line":381,"column":4}}]},"51":{"line":414,"type":"if","locations":[{"start":{"line":414,"column":2},"end":{"line":414,"column":2}},{"start":{"line":414,"column":2},"end":{"line":414,"column":2}}]},"52":{"line":417,"type":"binary-expr","locations":[{"start":{"line":417,"column":11},"end":{"line":417,"column":29}},{"start":{"line":417,"column":33},"end":{"line":417,"column":49}}]},"53":{"line":422,"type":"if","locations":[{"start":{"line":422,"column":4},"end":{"line":422,"column":4}},{"start":{"line":422,"column":4},"end":{"line":422,"column":4}}]},"54":{"line":430,"type":"if","locations":[{"start":{"line":430,"column":2},"end":{"line":430,"column":2}},{"start":{"line":430,"column":2},"end":{"line":430,"column":2}}]},"55":{"line":435,"type":"if","locations":[{"start":{"line":435,"column":4},"end":{"line":435,"column":4}},{"start":{"line":435,"column":4},"end":{"line":435,"column":4}}]},"56":{"line":440,"type":"binary-expr","locations":[{"start":{"line":440,"column":29},"end":{"line":440,"column":36}},{"start":{"line":440,"column":40},"end":{"line":440,"column":53}}]},"57":{"line":497,"type":"if","locations":[{"start":{"line":497,"column":4},"end":{"line":497,"column":4}},{"start":{"line":497,"column":4},"end":{"line":497,"column":4}}]},"58":{"line":507,"type":"if","locations":[{"start":{"line":507,"column":2},"end":{"line":507,"column":2}},{"start":{"line":507,"column":2},"end":{"line":507,"column":2}}]},"59":{"line":518,"type":"if","locations":[{"start":{"line":518,"column":2},"end":{"line":518,"column":2}},{"start":{"line":518,"column":2},"end":{"line":518,"column":2}}]},"60":{"line":518,"type":"binary-expr","locations":[{"start":{"line":518,"column":6},"end":{"line":518,"column":32}},{"start":{"line":518,"column":36},"end":{"line":518,"column":43}}]},"61":{"line":526,"type":"if","locations":[{"start":{"line":526,"column":2},"end":{"line":526,"column":2}},{"start":{"line":526,"column":2},"end":{"line":526,"column":2}}]},"62":{"line":526,"type":"binary-expr","locations":[{"start":{"line":526,"column":6},"end":{"line":526,"column":20}},{"start":{"line":526,"column":24},"end":{"line":526,"column":38}}]},"63":{"line":534,"type":"binary-expr","locations":[{"start":{"line":534,"column":9},"end":{"line":534,"column":16}},{"start":{"line":534,"column":20},"end":{"line":534,"column":31}}]},"64":{"line":535,"type":"if","locations":[{"start":{"line":535,"column":4},"end":{"line":535,"column":4}},{"start":{"line":535,"column":4},"end":{"line":535,"column":4}}]},"65":{"line":536,"type":"if","locations":[{"start":{"line":536,"column":4},"end":{"line":536,"column":4}},{"start":{"line":536,"column":4},"end":{"line":536,"column":4}}]},"66":{"line":544,"type":"if","locations":[{"start":{"line":544,"column":4},"end":{"line":544,"column":4}},{"start":{"line":544,"column":4},"end":{"line":544,"column":4}}]}}},"/Users/walter/dev/school/metrics/express/lib/router/route.js":{"path":"/Users/walter/dev/school/metrics/express/lib/router/route.js","s":{"1":1,"2":1,"3":1,"4":1,"5":1,"6":1,"7":276,"8":276,"9":276,"10":276,"11":1,"12":322,"13":27,"14":295,"15":295,"16":1,"17":295,"18":1,"19":9,"20":9,"21":1,"22":320,"23":320,"24":320,"25":0,"26":320,"27":320,"28":3,"29":320,"30":320,"31":1,"32":744,"33":3,"34":741,"35":741,"36":84,"37":657,"38":305,"39":352,"40":11,"41":341,"42":1,"43":20,"44":20,"45":20,"46":3,"47":3,"48":3,"49":17,"50":17,"51":17,"52":17,"53":17,"54":1,"55":26,"56":419,"57":419,"58":437,"59":26,"60":26,"61":26,"62":411,"63":411,"64":411,"65":411,"66":411,"67":393},"b":{"1":[27,295],"2":[1,294],"3":[295,3],"4":[0,320],"5":[3,317],"6":[320,5],"7":[3,741],"8":[744,82],"9":[84,657],"10":[305,352],"11":[657,592],"12":[11,341],"13":[3,17],"14":[26,411]},"f":{"1":276,"2":322,"3":9,"4":9,"5":320,"6":744,"7":20,"8":20,"9":26,"10":419,"11":437},"fnMap":{"1":{"name":"Route","line":23,"loc":{"start":{"line":23,"column":0},"end":{"line":23,"column":21}}},"2":{"name":"_handles_method","line":36,"loc":{"start":{"line":36,"column":34},"end":{"line":36,"column":67}}},"3":{"name":"(anonymous_3)","line":55,"loc":{"start":{"line":55,"column":27},"end":{"line":55,"column":37}}},"4":{"name":"(anonymous_4)","line":56,"loc":{"start":{"line":56,"column":39},"end":{"line":56,"column":56}}},"5":{"name":"(anonymous_5)","line":67,"loc":{"start":{"line":67,"column":27},"end":{"line":67,"column":51}}},"6":{"name":"next","line":83,"loc":{"start":{"line":83,"column":2},"end":{"line":83,"column":21}}},"7":{"name":"(anonymous_7)","line":133,"loc":{"start":{"line":133,"column":22},"end":{"line":133,"column":32}}},"8":{"name":"(anonymous_8)","line":135,"loc":{"start":{"line":135,"column":20},"end":{"line":135,"column":33}}},"9":{"name":"(anonymous_9)","line":152,"loc":{"start":{"line":152,"column":16},"end":{"line":152,"column":32}}},"10":{"name":"(anonymous_10)","line":153,"loc":{"start":{"line":153,"column":28},"end":{"line":153,"column":38}}},"11":{"name":"(anonymous_11)","line":156,"loc":{"start":{"line":156,"column":22},"end":{"line":156,"column":35}}}},"statementMap":{"1":{"start":{"line":5,"column":0},"end":{"line":5,"column":53}},"2":{"start":{"line":6,"column":0},"end":{"line":6,"column":31}},"3":{"start":{"line":7,"column":0},"end":{"line":7,"column":33}},"4":{"start":{"line":8,"column":0},"end":{"line":8,"column":32}},"5":{"start":{"line":14,"column":0},"end":{"line":14,"column":23}},"6":{"start":{"line":23,"column":0},"end":{"line":30,"column":1}},"7":{"start":{"line":24,"column":2},"end":{"line":24,"column":24}},"8":{"start":{"line":25,"column":2},"end":{"line":25,"column":19}},"9":{"start":{"line":26,"column":2},"end":{"line":26,"column":18}},"10":{"start":{"line":29,"column":2},"end":{"line":29,"column":20}},"11":{"start":{"line":36,"column":0},"end":{"line":48,"column":2}},"12":{"start":{"line":37,"column":2},"end":{"line":39,"column":3}},"13":{"start":{"line":38,"column":4},"end":{"line":38,"column":16}},"14":{"start":{"line":41,"column":2},"end":{"line":41,"column":32}},"15":{"start":{"line":43,"column":2},"end":{"line":45,"column":3}},"16":{"start":{"line":44,"column":4},"end":{"line":44,"column":19}},"17":{"start":{"line":47,"column":2},"end":{"line":47,"column":39}},"18":{"start":{"line":55,"column":0},"end":{"line":59,"column":2}},"19":{"start":{"line":56,"column":2},"end":{"line":58,"column":5}},"20":{"start":{"line":57,"column":4},"end":{"line":57,"column":32}},"21":{"start":{"line":67,"column":0},"end":{"line":103,"column":2}},"22":{"start":{"line":68,"column":2},"end":{"line":68,"column":14}},"23":{"start":{"line":69,"column":2},"end":{"line":69,"column":25}},"24":{"start":{"line":70,"column":2},"end":{"line":72,"column":3}},"25":{"start":{"line":71,"column":4},"end":{"line":71,"column":18}},"26":{"start":{"line":74,"column":2},"end":{"line":74,"column":40}},"27":{"start":{"line":75,"column":2},"end":{"line":77,"column":3}},"28":{"start":{"line":76,"column":4},"end":{"line":76,"column":19}},"29":{"start":{"line":79,"column":2},"end":{"line":79,"column":19}},"30":{"start":{"line":81,"column":2},"end":{"line":81,"column":9}},"31":{"start":{"line":83,"column":2},"end":{"line":102,"column":3}},"32":{"start":{"line":84,"column":4},"end":{"line":86,"column":5}},"33":{"start":{"line":85,"column":6},"end":{"line":85,"column":20}},"34":{"start":{"line":88,"column":4},"end":{"line":88,"column":29}},"35":{"start":{"line":89,"column":4},"end":{"line":91,"column":5}},"36":{"start":{"line":90,"column":6},"end":{"line":90,"column":23}},"37":{"start":{"line":93,"column":4},"end":{"line":95,"column":5}},"
[...]
:13,"column":2},"end":{"line":18,"column":5}},"6":{"start":{"line":14,"column":4},"end":{"line":14,"column":39}},"7":{"start":{"line":15,"column":4},"end":{"line":15,"column":39}},"8":{"start":{"line":16,"column":4},"end":{"line":16,"column":35}},"9":{"start":{"line":17,"column":4},"end":{"line":17,"column":38}},"10":{"start":{"line":19,"column":2},"end":{"line":19,"column":36}},"11":{"start":{"line":20,"column":2},"end":{"line":23,"column":5}},"12":{"start":{"line":21,"column":4},"end":{"line":21,"column":41}},"13":{"start":{"line":22,"column":4},"end":{"line":22,"column":30}},"14":{"start":{"line":28,"column":0},"end":{"line":35,"column":2}},"15":{"start":{"line":39,"column":0},"end":{"line":66,"column":2}},"16":{"start":{"line":41,"column":4},"end":{"line":41,"column":20}},"17":{"start":{"line":44,"column":4},"end":{"line":44,"column":68}},"18":{"start":{"line":47,"column":4},"end":{"line":47,"column":32}},"19":{"start":{"line":48,"column":4},"end":{"line":48,"column":21}},"20":{"start":{"line":49,"column":4},"end":{"line":49,"column":59}},"21":{"start":{"line":52,"column":4},"end":{"line":52,"column":38}},"22":{"start":{"line":53,"column":4},"end":{"line":64,"column":5}},"23":{"start":{"line":55,"column":8},"end":{"line":55,"column":24}},"24":{"start":{"line":56,"column":8},"end":{"line":56,"column":14}},"25":{"start":{"line":59,"column":8},"end":{"line":61,"column":32}},"26":{"start":{"line":60,"column":10},"end":{"line":60,"column":46}},"27":{"start":{"line":62,"column":8},"end":{"line":62,"column":23}},"28":{"start":{"line":63,"column":8},"end":{"line":63,"column":14}},"29":{"start":{"line":74,"column":0},"end":{"line":74,"column":29}},"30":{"start":{"line":76,"column":0},"end":{"line":87,"column":3}},"31":{"start":{"line":77,"column":2},"end":{"line":86,"column":16}},"32":{"start":{"line":90,"column":0},"end":{"line":93,"column":1},"skip":true},"33":{"start":{"line":91,"column":2},"end":{"line":91,"column":19},"skip":true},"34":{"start":{"line":92,"column":2},"end":{"line":92,"column":46},"skip":true}},"branchMap":{"1":{"line":44,"type":"binary-expr","locations":[{"start":{"line":44,"column":13},"end":{"line":44,"column":33}},{"start":{"line":44,"column":37},"end":{"line":44,"column":66}}]},"2":{"line":49,"type":"cond-expr","locations":[{"start":{"line":49,"column":25},"end":{"line":49,"column":36}},{"start":{"line":49,"column":39},"end":{"line":49,"column":57}}]},"3":{"line":53,"type":"switch","locations":[{"start":{"line":54,"column":6},"end":{"line":56,"column":14}},{"start":{"line":57,"column":6},"end":{"line":57,"column":18}},{"start":{"line":58,"column":6},"end":{"line":63,"column":14}}]},"4":{"line":90,"type":"if","locations":[{"start":{"line":90,"column":0},"end":{"line":90,"column":0},"skip":true},{"start":{"line":90,"column":0},"end":{"line":90,"column":0},"skip":true}]}}},"/Users/walter/dev/school/metrics/express/examples/route-map/index.js":{"path":"/Users/walter/dev/school/metrics/express/examples/route-map/index.js","s":{"1":1,"2":1,"3":1,"4":1,"5":5,"6":5,"7":9,"8":4,"9":4,"10":5,"11":0,"12":5,"13":5,"14":1,"15":1,"16":1,"17":1,"18":1,"19":1,"20":1,"21":1,"22":1,"23":0,"24":0},"b":{"1":[5,1],"2":[4,5],"3":[0,5],"4":[0,1]},"f":{"1":5,"2":1,"3":1,"4":1,"5":1,"6":1},"fnMap":{"1":{"name":"(anonymous_1)","line":11,"loc":{"start":{"line":11,"column":10},"end":{"line":11,"column":28}}},"2":{"name":"(anonymous_2)","line":29,"loc":{"start":{"line":29,"column":8},"end":{"line":29,"column":26}}},"3":{"name":"(anonymous_3)","line":33,"loc":{"start":{"line":33,"column":7},"end":{"line":33,"column":25}}},"4":{"name":"(anonymous_4)","line":37,"loc":{"start":{"line":37,"column":10},"end":{"line":37,"column":28}}},"5":{"name":"(anonymous_5)","line":43,"loc":{"start":{"line":43,"column":8},"end":{"line":43,"column":26}}},"6":{"name":"(anonymous_6)","line":47,"loc":{"start":{"line":47,"column":10},"end":{"line":47,"column":28}}}},"statementMap":{"1":{"start":{"line":5,"column":0},"end":{"line":5,"column":43}},"2":{"start":{"line":7,"column":0},"end":{"line":7,"column":45}},"3":{"start":{"line":9,"column":0},"end":{"line":9,"column":37}},"4":{"start":{"line":11,"column":0},"end":{"line":26,"column":2}},"5":{"start":{"line":12,"column":2},"end":{"line":12,"column":22}},"6":{"start":{"line":13,"column":2},"end":{"line":25,"column":3}},"7":{"start":{"line":14,"column":4},"end":{"line":24,"column":5}},"8":{"start":{"line":17,"column":8},"end":{"line":17,"column":37}},"9":{"start":{"line":18,"column":8},"end":{"line":18,"column":14}},"10":{"start":{"line":21,"column":8},"end":{"line":21,"column":54}},"11":{"start":{"line":21,"column":21},"end":{"line":21,"column":54}},"12":{"start":{"line":22,"column":8},"end":{"line":22,"column":32}},"13":{"start":{"line":23,"column":8},"end":{"line":23,"column":14}},"14":{"start":{"line":28,"column":0},"end":{"line":40,"column":2}},"15":{"start":{"line":30,"column":4},"end":{"line":30,"column":26}},"16":{"start":{"line":34,"column":4},"end":{"line":34,"column":39}},"17":{"start":{"line":38,"column":4},"end":{"line":38,"column":29}},"18":{"start":{"line":42,"column":0},"end":{"line":50,"column":2}},"19":{"start":{"line":44,"column":4},"end":{"line":44,"column":52}},"20":{"start":{"line":48,"column":4},"end":{"line":48,"column":71}},"21":{"start":{"line":52,"column":0},"end":{"line":66,"column":3}},"22":{"start":{"line":69,"column":0},"end":{"line":72,"column":1},"skip":true},"23":{"start":{"line":70,"column":2},"end":{"line":70,"column":19},"skip":true},"24":{"start":{"line":71,"column":2},"end":{"line":71,"column":46},"skip":true}},"branchMap":{"1":{"line":12,"type":"binary-expr","locations":[{"start":{"line":12,"column":10},"end":{"line":12,"column":15}},{"start":{"line":12,"column":19},"end":{"line":12,"column":21}}]},"2":{"line":14,"type":"switch","locations":[{"start":{"line":16,"column":6},"end":{"line":18,"column":14}},{"start":{"line":20,"column":6},"end":{"line":23,"column":14}}]},"3":{"line":21,"type":"if","locations":[{"start":{"line":21,"column":8},"end":{"line":21,"column":8}},{"start":{"line":21,"column":8},"end":{"line":21,"column":8}}]},"4":{"line":69,"type":"if","locations":[{"start":{"line":69,"column":0},"end":{"line":69,"column":0},"skip":true},{"start":{"line":69,"column":0},"end":{"line":69,"column":0},"skip":true}]}}},"/Users/walter/dev/school/metrics/express/examples/route-separation/index.js":{"path":"/Users/walter/dev/school/metrics/express/examples/route-separation/index.js","s":{"1":1,"2":1,"3":1,"4":1,"5":1,"6":1,"7":1,"8":1,"9":1,"10":1,"11":1,"12":1,"13":1,"14":0,"15":1,"16":1,"17":1,"18":1,"19":1,"20":1,"21":1,"22":1,"23":1,"24":1,"25":1,"26":1,"27":1,"28":0,"29":0},"b":{"1":[0,1],"2":[0,1]},"f":{},"fnMap":{},"statementMap":{"1":{"start":{"line":5,"column":0},"end":{"line":5,"column":31}},"2":{"start":{"line":6,"column":0},"end":{"line":6,"column":20}},"3":{"start":{"line":7,"column":0},"end":{"line":7,"column":31}},"4":{"start":{"line":8,"column":0},"end":{"line":8,"column":44}},"5":{"start":{"line":9,"column":0},"end":{"line":9,"column":40}},"6":{"start":{"line":10,"column":0},"end":{"line":10,"column":48}},"7":{"start":{"line":11,"column":0},"end":{"line":11,"column":29}},"8":{"start":{"line":12,"column":0},"end":{"line":12,"column":29}},"9":{"start":{"line":13,"column":0},"end":{"line":13,"column":29}},"10":{"start":{"line":15,"column":0},"end":{"line":15,"column":21}},"11":{"start":{"line":19,"column":0},"end":{"line":19,"column":31}},"12":{"start":{"line":20,"column":0},"end":{"line":20,"column":39}},"13":{"start":{"line":23,"column":0},"end":{"line":25,"column":1},"skip":true},"14":{"start":{"line":24,"column":2},"end":{"line":24,"column":33},"skip":true},"15":{"start":{"line":27,"column":0},"end":{"line":27,"column":35}},"16":{"start":{"line":28,"column":0},"end":{"line":28,"column":24}},"17":{"start":{"line":29,"column":0},"end":{"line":29,"column":51}},"18":{"start":{"line":30,"column":0},"end":{"line":30,"column":47}},"19":{"start":{"line":34,"column":0},"end":{"line":34,"column":25}},"20":{"start":{"line":38,"column":0},"end":{"line":38,"column":29}},"21":{"start":{"line":39,"column":0},"end":{"line":39,"column":37}},"22":{"start":{"line":40,"column":0},"end":{"line":40,"column":32}},"23":{"start":{"line":41,"column":0},"end":{"line":41,"column":37}},"24":{"start":{"line":42,"column":0},"end":{"line":42,"column":37}},"25":{"start":{"line":43,"column":0},"end":{"line":43,"column":39}},"26":{"start":{"line":47,"column":0},"end":{"line":47,"column":29}},"27":{"start":{"line":50,"column":0},"end":{"line":53,"column":1},"skip":true},"28":{"start":{"line":51,"column":2},"end":{"line":51,"column":19},"skip":true},"29":{"start":{"line":52,"column":2},"end":{"line":52,"column":46},"skip":true}},"branchMap":{"1":{"line":23,"type":"if","locations":[{"start":{"line":23,"column":0},"end":{"line":23,"column":0},"skip":true},{"start":{"line":23,"column":0},"end":{"line":23,"column":0},"skip":true}]},"2":{"line":50,"type":"if","locations":[{"start":{"line":50,"column":0},"end":{"line":50,"column":0},"skip":true},{"start":{"line":50,"column":0},"end":{"line":50,"column":0},"skip":true}]}}},"/Users/walter/dev/school/metrics/express/examples/route-separation/site.js":{"path":"/Users/walter/dev/school/metrics/express/examples/route-separation/site.js","s":{"1":1,"2":1},"b":{},"f":{"1":1},"fnMap":{"1":{"name":"(anonymous_1)","line":1,"loc":{"start":{"line":1,"column":16},"end":{"line":1,"column":34}}}},"statementMap":{"1":{"start":{"line":1,"column":0},"end":{"line":3,"column":2}},"2":{"start":{"line":2,"column":2},"end":{"line":2,"column":61}}},"branchMap":{}},"/Users/walter/dev/school/metrics/express/examples/route-separation/post.js":{"path":"/Users/walter/dev/school/metrics/express/examples/route-separation/post.js","s":{"1":1,"2":1,"3":1},"b":{},"f":{"1":1},"fnMap":{"1":{"name":"(anonymous_1)","line":9,"loc":{"start":{"line":9,"column":15},"end":{"line":9,"column":33}}}},"statementMap":{"1":{"start":{"line":3,"column":0},"end":{"line":7,"column":2}},"2":{"start":{"line":9,"column":0},"end":{"line":11,"column":2}},"3":{"start":{"line":10,"column":2},"end":{"line":10,"column":56}}},"branchMap":{}},"/Users/walter/dev/school/metrics/express/examples/route-separation/user.js":{"path":"/Users/walter/dev/school/metrics/express/examples/route-separation/user.js","s":{"1":1,"2":1,"3":1,"4":1,"5":9,"6":9,"7":9,"8":7,"9":2,"10":2,"11":2,"12":1,"13":4,"14":1,"15":1,"16":1,"17":2,"18":2,"19":2,"20":2},"b":{"1":[7,2]},"f":{"1":1,"2":9,"3":4,"4":1,"5":2},"fnMap":{"1":{"name":"(anonymous_1)","line":8,"loc":{"start":{"line":8,"column":15},"end":{"line":8,"column":33}}},"2":{"name":"(anonymous_2)","line":12,"loc":{"start":{"line":12,"column":15},"end":{"line":12,"column":39}}},"3":{"name":"(anonymous_3)","line":24,"loc":{"start":{"line":24,"column":15},"end":{"line":24,"column":33}}},"4":{"name":"(anonymous_4)","line":31,"loc":{"start":{"line":31,"column":15},"end":{"line":31,"column":33}}},"5":{"name":"(anonymous_5)","line":38,"loc":{"start":{"line":38,"column":17},"end":{"line":38,"column":35}}}},"statementMap":{"1":{"start":{"line":3,"column":0},"end":{"line":6,"column":2}},"2":{"start":{"line":8,"column":0},"end":{"line":10,"column":2}},"3":{"start":{"line":9,"column":2},"end":{"line":9,"column":56}},"4":{"start":{"line":12,"column":0},"end":{"line":22,"column":2}},"5":{"start":{"line":13,"column":2},"end":{"line":13,"column":25}},"6":{"start":{"line":14,"column":2},"end":{"line":14,"column":23}},"7":{"start":{"line":15,"column":2},"end":{"line":21,"column":3}},"8":{"start":{"line":16,"column":4},"end":{"line":16,"column":11}},"9":{"start":{"line":18,"column":4},"end":{"line":18,"column":50}},"10":{"start":{"line":19,"column":4},"end":{"line":19,"column":21}},"11":{"start":{"line":20,"column":4},"end":{"line":20,"column":14}},"12":{"start":{"line":24,"column":0},"end":{"line":29,"column":2}},"13":{"start":{"line":25,"column":2},"end":{"line":28,"column":5}},"14":{"start":{"line":31,"column":0},"end":{"line":36,"column":2}},"15":{"start":{"line":32,"column":2},"end":{"line":35,"column":5}},"16":{"start":{"line":38,"column":0},"end":{"line":45,"column":2}},"17":{"start":{"line":41,"column":2},"end":{"line":41,"column":27}},"18":{"start":{"line":42,"column":2},"end":{"line":42,"column":28}},"19":{"start":{"line":43,"column":2},"end":{"line":43,"column":30}},"20":{"start":{"line":44,"column":2},"end":{"line":44,"column":23}}},"branchMap":{"1":{"line":15,"type":"if","locations":[{"start":{"line":15,"column":2},"end":{"line":15,"column":2}},{"start":{"line":15,"column":2},"end":{"line":15,"column":2}}]}}},"/Users/walter/dev/school/metrics/express/examples/vhost/index.js":{"path":"/Users/walter/dev/school/metrics/express/examples/vhost/index.js","s":{"1":1,"2":1,"3":1,"4":1,"5":1,"6":0,"7":1,"8":1,"9":1,"10":1,"11":1,"12":1,"13":2,"14":0,"15":2,"16":1,"17":1,"18":1,"19":1,"20":0,"21":0},"b":{"1":[0,1],"2":[0,2],"3":[0,1]},"f":{"1":1,"2":1,"3":2},"fnMap":{"1":{"name":"(anonymous_1)","line":23,"loc":{"start":{"line":23,"column":14},"end":{"line":23,"column":32}}},"2":{"name":"(anonymous_2)","line":27,"loc":{"start":{"line":27,"column":18},"end":{"line":27,"column":36}}},"3":{"name":"(anonymous_3)","line":35,"loc":{"start":{"line":35,"column":13},"end":{"line":35,"column":31}}}},"statementMap":{"1":{"start":{"line":5,"column":0},"end":{"line":5,"column":31}},"2":{"start":{"line":6,"column":0},"end":{"line":6,"column":31}},"3":{"start":{"line":7,"column":0},"end":{"line":7,"column":29}},"4":{"start":{"line":19,"column":0},"end":{"line":19,"column":21}},"5":{"start":{"line":21,"column":0},"end":{"line":21,"column":44}},"6":{"start":{"line":21,"column":20},"end":{"line":21,"column":44}},"7":{"start":{"line":23,"column":0},"end":{"line":25,"column":3}},"8":{"start":{"line":24,"column":2},"end":{"line":24,"column":35}},"9":{"start":{"line":27,"column":0},"end":{"line":29,"column":3}},"10":{"start":{"line":28,"column":2},"end":{"line":28,"column":42}},"11":{"start":{"line":33,"column":0},"end":{"line":33,"column":25}},"12":{"start":{"line":35,"column":0},"end":{"line":38,"column":3}},"13":{"start":{"line":36,"column":2},"end":{"line":36,"column":45}},"14":{"start":{"line":36,"column":22},"end":{"line":36,"column":45}},"15":{"start":{"line":37,"column":2},"end":{"line":37,"column":58}},"16":{"start":{"line":42,"column":0},"end":{"line":42,"column":37}},"17":{"start":{"line":44,"column":0},"end":{"line":44,"column":42}},"18":{"start":{"line":45,"column":0},"end":{"line":45,"column":36}},"19":{"start":{"line":48,"column":0},"end":{"line":51,"column":1},"skip":true},"20":{"start":{"line":49,"column":2},"end":{"line":49,"column":19},"skip":true},"21":{"start":{"line":50,"column":2},"end":{"line":50,"column":46},"skip":true}},"branchMap":{"1":{"line":21,"type":"if","locations":[{"start":{"line":21,"column":0},"end":{"line":21,"column":0}},{"start":{"line":21,"column":0},"end":{"line":21,"column":0}}]},"2":{"line":36,"type":"if","locations":[{"start":{"line":36,"column":2},"end":{"line":36,"column":2}},{"start":{"line":36,"column":2},"end":{"line":36,"column":2}}]},"3":{"line":48,"type":"if","locations":[{"start":{"line":48,"column":0},"end":{"line":48,"column":0},"skip":true},{"start":{"line":48,"column":0},"end":{"line":48,"column":0},"skip":true}]}}},"/Users/walter/dev/school/metrics/express/examples/web-service/index.js":{"path":"/Users/walter/dev/school/metrics/express/examples/web-service/index.js","s":{"1":1,"2":1,"3":1,"4":6,"5":6,"6":6,"7":1,"8":11,"9":11,"10":3,"11":8,"12":3,"13":5,"14":5,"15":1,"16":1,"17":1,"18":1,"19":1,"20":1,"21":1,"22":1,"23":1,"24":2,"25":2,"26":2,"27":1,"28":1,"29":1,"30":6,"31":6,"32":1,"33":2,"34":2,"35":1,"36":0,"37":0},"b":{"1":[3,8],"2":[3,5],"3":[1,1],"4":[6,0],"5":[0,1]},"f":{"1":6,"2":11,"3":1,"4":1,"5":2,"6":6,"7":2},"fnMap":{"1":{"name":"error","line":13,"loc":{"start":{"line":13,"column":0},"end":{"line":13,"column":28}}},"2":{"name":"(anonymous_2)","line":28,"loc":{"start":{"line":28,"column":16},"end":{"line":28,"column":40}}},"3":{"name":"(anonymous_3)","line":72,"loc":{"start":{"line":72,"column":22},"end":{"line":72,"column":46}}},"4":{"name":"(anonymous_4)","line":76,"loc":{"start":{"line":76,"column":22},"end":{"line":76,"column":46}}},"5":{"name":"(anonymous_5)","line":80,"loc":{"start":{"line":80,"column":33},"end":{"line":80,"column":57}}},"6":{"name":"(anonymous_6)","line":93,"loc":{"start":{"line":93,"column":8},"end":{"line":93,"column":37}}},"7":{"name":"(anonymous_7)","line":103,"loc":{"start":{"line":103,"column":8},"end":{"line":103,"column":26}}}},"statementMap":{"1":{"start":{"line":5,"column":0},"end":{"line":5,"column":32}},"2":{"start":{"line":7,"column":0},"end":{"line":7,"column":37}},"3":{"start":{"line":13,"column":0},"end":{"line":17,"column":1}},"4":{"start":{"line":14,"column":2},"end":{"line":14,"column":27}},"5":{"start":{"line":15,"column":2},"end":{"line":15,"column":22}},"6":{"start":{"line":16,"column":2},"end":{"line":16,"column":13}},"7":{"start":{"line":28,"column":0},"end":{"line":40,"column":3}},"8":{"start":{"line":29,"column":2},"end":{"line":29,"column":33}},"9":{"start":{"line":32,"column":2},"end":{"line":32,"column":56}},"10":{"start":{"line":32,"column":12},"end":{"line":32,"column":56}},"11":{"start":{"line":35,"column":2},"end":{"line":35,"column":73}},"12":{"start":{"line":35,"column":30},"end":{"line":35,"column":73}},"13":{"start":{"line":38,"column":2},"end":{"line":38,"column":16}},"14":{"start":{"line":39,"column":2},"end":{"line":39,"column":9}},"15":{"start":{"line":47,"column":0},"end":{"line":47,"column":36}},"16":{"start":{"line":51,"column":0},"end":{"line":55,"column":2}},"17":{"start":{"line":57,"column":0},"end":{"line":61,"column":2}},"18":{"start":{"line":63,"column":0},"end":{"line":67,"column":2}},"19":{"start":{"line":72,"column":0},"end":{"line":74,"column":3}},"20":{"start":{"line":73,"column":2},"end":{"line":73,"column":18}},"21":{"start":{"line":76,"column":0},"end":{"line":78,"column":3}},"22":{"start":{"line":77,"column":2},"end":{"line":77,"column":18}},"23":{"start":{"line":80,"column":0},"end":{"line":86,"column":3}},"24":{"start":{"line":81,"column":2},"end":{"line":81,"column":29}},"25":{"start":{"line":82,"column":2},"end":{"line":82,"column":29}},"26":{"start":{"line":84,"column":2},"end":{"line":85,"column":14}},"27":{"start":{"line":84,"column":12},"end":{"line":84,"column":27}},"28":{"start":{"line":85,"column":7},"end":{"line":85,"column":14}},"29":{"start":{"line":93,"column":0},"end":{"line":98,"column":3}},"30":{"start":{"line":96,"column":2},"end":{"line":96,"column":32}},"31":{"start":{"line":97,"column":2},"end":{"line":97,"column":35}},"32":{"start":{"line":103,"column":0},"end":{"line":106,"column":3}},"33":{"start":{"line":104,"column":2},"end":{"line":104,"column":18}},"34":{"start":{"line":105,"column":2},"end":{"line":105,"column":47}},"35":{"start":{"line":109,"column":0},"end":{"line":112,"column":1},"skip":true},"36":{"start":{"line":110,"column":2},"end":{"line":110,"column":19},"skip":true},"37":{"start":{"line":111,"column":2},"end":{"line":111,"column":46},"skip":true}},"branchMap":{"1":{"line":32,"type":"if","locations":[{"start":{"line":32,"column":2},"end":{"line":32,"column":2}},{"start":{"line":32,"column":2},"end":{"line":32,"column":2}}]},"2":{"line":35,"type":"if","locations":[{"start":{"line":35,"column":2},"end":{"line":35,"column":2}},{"start":{"line":35,"column":2},"end":{"line":35,"column":2}}]},"3":{"line":84,"type":"if","locations":[{"start":{"line":84,"column":2},"end":{"line":84,"column":2}},{"start":{"line":84,"column":2},"end":{"line":84,"column":2}}]},"4":{"line":96,"type":"binary-expr","locations":[{"start":{"line":96,"column":13},"end":{"line":96,"column":23}},{"start":{"line":96,"column":27},"end":{"line":96,"column":30}}]},"5":{"line":109,"type":"if","locations":[{"start":{"line":109,"column":0},"end":{"line":109,"column":0},"skip":true},{"start":{"line":109,"column":0},"end":{"line":109,"column":0},"skip":true}]}}}}