TN:
SF:/Users/walter/dev/school/metrics/express/index.js
FNF:0
FNH:0
DA:2,1
LF:1
LH:1
BRF:0
BRH:0
end_of_record
TN:
SF:/Users/walter/dev/school/metrics/express/lib/express.js
FN:26,createApplication
FN:27,(anonymous_2)
FN:86,(anonymous_3)
FN:88,(anonymous_4)
FNF:4
FNH:4
FNDA:557,createApplication
FNDA:594,(anonymous_2)
FNDA:19,(anonymous_3)
FNDA:1,(anonymous_4)
DA:5,1
DA:6,1
DA:7,1
DA:8,1
DA:9,1
DA:10,1
DA:11,1
DA:17,1
DA:26,1
DA:27,557
DA:28,594
DA:31,557
DA:32,557
DA:34,557
DA:35,557
DA:36,557
DA:37,557
DA:44,1
DA:45,1
DA:46,1
DA:52,1
DA:53,1
DA:59,1
DA:60,1
DA:66,1
DA:87,19
DA:89,1
LF:27
LH:27
BRF:0
BRH:0
end_of_record
TN:
SF:/Users/walter/dev/school/metrics/express/lib/application.js
FN:38,(anonymous_1)
FN:51,(anonymous_2)
FN:64,(anonymous_3)
FN:90,(anonymous_4)
FN:104,(anonymous_5)
FN:125,(anonymous_6)
FN:154,use
FN:184,(anonymous_8)
FN:195,mounted_app
FN:197,(anonymous_10)
FN:221,(anonymous_11)
FN:260,(anonymous_12)
FN:279,(anonymous_13)
FN:283,(anonymous_14)
FN:308,(anonymous_15)
FN:350,(anonymous_16)
FN:371,(anonymous_17)
FN:390,(anonymous_18)
FN:402,(anonymous_19)
FN:414,(anonymous_20)
FN:422,(anonymous_21)
FN:423,(anonymous_22)
FN:444,(anonymous_23)
FN:449,(anonymous_24)
FN:477,(anonymous_25)
FN:557,(anonymous_26)
FN:569,logerror
FNF:27
FNH:27
FNDA:557,(anonymous_1)
FNDA:557,(anonymous_2)
FNDA:22,(anonymous_3)
FNDA:1,(anonymous_4)
FNDA:651,(anonymous_5)
FNDA:642,(anonymous_6)
FNDA:396,use
FNDA:416,(anonymous_8)
FNDA:48,mounted_app
FNDA:30,(anonymous_10)
FNDA:4,(anonymous_11)
FNDA:41,(anonymous_12)
FNDA:22,(anonymous_13)
FNDA:4,(anonymous_14)
FNDA:10480,(anonymous_15)
FNDA:6,(anonymous_16)
FNDA:1710,(anonymous_17)
FNDA:2,(anonymous_18)
FNDA:589,(anonymous_19)
FNDA:3,(anonymous_20)
FNDA:26,(anonymous_21)
FNDA:2131,(anonymous_22)
FNDA:6,(anonymous_23)
FNDA:156,(anonymous_24)
FNDA:78,(anonymous_25)
FNDA:2,(anonymous_26)
FNDA:20,logerror
DA:5,1
DA:6,1
DA:7,1
DA:8,1
DA:9,1
DA:10,1
DA:11,1
DA:12,1
DA:13,1
DA:14,1
DA:15,1
DA:16,1
DA:17,1
DA:18,1
DA:19,1
DA:20,1
DA:26,1
DA:38,1
DA:39,557
DA:40,557
DA:41,557
DA:42,557
DA:51,1
DA:53,557
DA:54,557
DA:55,557
DA:56,557
DA:57,557
DA:58,557
DA:59,557
DA:61,557
DA:64,557
DA:65,22
DA:66,22
DA:67,22
DA:68,22
DA:72,557
DA:75,557
DA:78,557
DA:81,557
DA:82,557
DA:83,557
DA:85,557
DA:86,1
DA:89,557
DA:91,1
DA:104,1
DA:105,651
DA:106,495
DA:111,495
DA:112,495
DA:125,1
DA:126,642
DA:129,642
DA:135,642
DA:136,2
DA:137,2
DA:138,2
DA:141,640
DA:154,1
DA:155,396
DA:156,396
DA:160,396
DA:161,46
DA:163,46
DA:164,6
DA:168,46
DA:169,43
DA:170,43
DA:174,396
DA:176,396
DA:177,1
DA:181,395
DA:182,395
DA:184,395
DA:186,416
DA:187,394
DA:190,22
DA:191,22
DA:192,22
DA:195,22
DA:196,48
DA:197,48
DA:198,30
DA:199,30
DA:200,30
DA:205,22
DA:208,391
DA:221,1
DA:222,4
DA:223,4
DA:260,1
DA:261,41
DA:262,40
DA:263,40
DA:264,40
DA:279,1
DA:280,22
DA:282,22
DA:283,2
DA:284,4
DA:286,2
DA:289,20
DA:290,19
DA:308,1
DA:309,10480
DA:311,3619
DA:315,6861
DA:318,6861
DA:320,570
DA:321,570
DA:322,569
DA:324,563
DA:325,563
DA:326,562
DA:328,577
DA:329,577
DA:330,577
DA:333,6859
DA:350,1
DA:351,6
DA:371,1
DA:372,1710
DA:390,1
DA:391,2
DA:402,1
DA:403,589
DA:414,1
DA:415,3
DA:422,1
DA:423,26
DA:424,2131
DA:426,224
DA:428,224
DA:429,224
DA:430,198
DA:444,1
DA:445,6
DA:447,6
DA:448,6
DA:449,6
DA:450,156
DA:453,6
DA:458,1
DA:477,1
DA:478,78
DA:479,78
DA:480,78
DA:481,78
DA:484,78
DA:485,22
DA:489,78
DA:492,78
DA:493,51
DA:497,78
DA:500,78
DA:505,78
DA:508,78
DA:509,76
DA:515,76
DA:516,3
DA:519,3
DA:520,3
DA:521,3
DA:525,73
DA:529,75
DA:530,75
DA:532,1
DA:557,1
DA:558,2
DA:559,2
DA:569,1
DA:570,20
LF:173
LH:173
BRDA:55,1,0,557
BRDA:55,1,1,1
BRDA:85,2,0,1
BRDA:85,2,1,556
BRDA:105,3,0,495
BRDA:105,3,1,156
BRDA:129,4,0,642
BRDA:129,4,1,590
BRDA:135,5,0,2
BRDA:135,5,1,640
BRDA:160,6,0,46
BRDA:160,6,1,350
BRDA:163,7,0,52
BRDA:163,7,1,6
BRDA:168,8,0,43
BRDA:168,8,1,3
BRDA:176,9,0,1
BRDA:176,9,1,395
BRDA:186,10,0,394
BRDA:186,10,1,22
BRDA:186,11,0,416
BRDA:186,11,1,415
BRDA:186,11,2,35
BRDA:261,12,0,1
BRDA:261,12,1,40
BRDA:262,13,0,3
BRDA:262,13,1,37
BRDA:282,14,0,2
BRDA:282,14,1,20
BRDA:309,15,0,3619
BRDA:309,15,1,6861
BRDA:318,16,0,570
BRDA:318,16,1,563
BRDA:318,16,2,577
BRDA:351,17,0,3
BRDA:351,17,1,3
BRDA:424,18,0,1907
BRDA:424,18,1,224
BRDA:424,19,0,2131
BRDA:424,19,1,2060
BRDA:484,20,0,22
BRDA:484,20,1,56
BRDA:492,21,0,51
BRDA:492,21,1,27
BRDA:500,22,0,76
BRDA:500,22,1,2
BRDA:505,23,0,4
BRDA:505,23,1,74
BRDA:508,24,0,76
BRDA:508,24,1,2
BRDA:515,25,0,3
BRDA:515,25,1,73
BRDA:516,26,0,1
BRDA:516,26,1,2
BRDA:516,27,0,3
BRDA:516,27,1,1
BRDA:525,28,0,2
BRDA:525,28,1,71
BRDA:570,29,0,0
BRDA:570,29,1,20
BRDA:570,30,0,0
BRDA:570,30,1,0
BRF:62
BRH:59
end_of_record
TN:
SF:/Users/walter/dev/school/metrics/express/lib/utils.js
FN:24,(anonymous_1)
FN:41,wetag
FN:57,(anonymous_3)
FN:71,(anonymous_4)
FN:92,(anonymous_5)
FN:106,(anonymous_6)
FN:138,acceptParams
FN:162,(anonymous_8)
FN:196,compileQueryParser
FN:231,(anonymous_10)
FN:236,(anonymous_11)
FN:241,(anonymous_12)
FN:261,(anonymous_13)
FN:281,newObject
FNF:14
FNH:14
FNDA:5,(anonymous_1)
FNDA:268,wetag
FNDA:34,(anonymous_3)
FNDA:2302,(anonymous_4)
FNDA:77,(anonymous_5)
FNDA:5,(anonymous_6)
FNDA:16,acceptParams
FNDA:570,(anonymous_8)
FNDA:563,compileQueryParser
FNDA:577,(anonymous_10)
FNDA:15,(anonymous_11)
FNDA:6,(anonymous_12)
FNDA:290,(anonymous_13)
FNDA:1,newObject
DA:5,1
DA:6,1
DA:7,1
DA:8,1
DA:9,1
DA:10,1
DA:11,1
DA:12,1
DA:13,1
DA:24,1
DA:25,5
DA:29,5
DA:41,1
DA:42,268
DA:46,268
DA:57,1
DA:58,34
DA:59,5
DA:60,4
DA:71,1
DA:72,2302
DA:73,2302
DA:74,2302
DA:75,2345
DA:76,18
DA:78,2327
DA:81,2302
DA:92,1
DA:93,77
DA:106,1
DA:107,5
DA:109,5
DA:110,15
DA:113,5
DA:125,1
DA:138,1
DA:139,16
DA:140,16
DA:142,16
DA:143,9
DA:144,9
DA:145,3
DA:147,6
DA:151,16
DA:162,1
DA:163,570
DA:165,570
DA:166,3
DA:169,567
DA:171,5
DA:172,5
DA:174,2
DA:176,1
DA:177,1
DA:179,558
DA:180,558
DA:182,1
DA:185,566
DA:196,1
DA:197,563
DA:199,563
DA:200,1
DA:203,562
DA:205,1
DA:206,1
DA:208,1
DA:209,1
DA:211,558
DA:212,558
DA:214,1
DA:215,1
DA:217,1
DA:220,561
DA:231,1
DA:232,577
DA:234,576
DA:236,15
DA:239,562
DA:241,6
DA:244,560
DA:246,3
DA:249,560
DA:261,1
DA:262,290
DA:265,290
DA:268,290
DA:271,290
DA:281,1
DA:282,1
LF:89
LH:89
BRDA:25,1,0,3
BRDA:25,1,1,2
BRDA:42,2,0,3
BRDA:42,2,1,265
BRDA:58,3,0,29
BRDA:58,3,1,5
BRDA:59,4,0,1
BRDA:59,4,1,4
BRDA:59,5,0,5
BRDA:59,5,1,1
BRDA:60,6,0,1
BRDA:60,6,1,3
BRDA:72,7,0,2302
BRDA:72,7,1,2284
BRDA:75,8,0,18
BRDA:75,8,1,2327
BRDA:93,9,0,16
BRDA:93,9,1,61
BRDA:144,10,0,3
BRDA:144,10,1,6
BRDA:165,11,0,3
BRDA:165,11,1,567
BRDA:169,12,0,5
BRDA:169,12,1,2
BRDA:169,12,2,1
BRDA:169,12,3,558
BRDA:169,12,4,1
BRDA:199,13,0,1
BRDA:199,13,1,562
BRDA:203,14,0,1
BRDA:203,14,1,1
BRDA:203,14,2,558
BRDA:203,14,3,1
BRDA:203,14,4,1
BRDA:232,15,0,1
BRDA:232,15,1,576
BRDA:234,16,0,14
BRDA:234,16,1,562
BRDA:239,17,0,2
BRDA:239,17,1,560
BRDA:244,18,0,3
BRDA:244,18,1,557
BRDA:249,19,0,560
BRDA:249,19,1,557
BRDA:262,20,0,0
BRDA:262,20,1,290
BRDA:262,21,0,290
BRDA:262,21,1,290
BRF:48
BRH:47
end_of_record
TN:
SF:/Users/walter/dev/school/metrics/express/lib/router/index.js
FN:30,(anonymous_1)
FN:33,router
FN:84,(anonymous_3)
FN:122,(anonymous_4)
FN:153,(anonymous_5)
FN:165,next
FN:188,(anonymous_7)
FN:227,(anonymous_8)
FN:241,trim_prefix
FN:280,match_layer
FN:303,(anonymous_11)
FN:324,param
FN:368,paramCallback
FN:408,use
FN:434,(anonymous_15)
FN:469,(anonymous_16)
FN:485,(anonymous_17)
FN:486,(anonymous_18)
FN:494,appendMethods
FN:504,gettype
FN:517,mergeParams
FN:553,restore
FN:562,(anonymous_23)
FN:573,sendOptionsResponse
FN:584,wrap
FN:585,proxy
FNF:26
FNH:26
FNDA:551,(anonymous_1)
FNDA:36,router
FNDA:26,(anonymous_3)
FNDA:723,(anonymous_4)
FNDA:7,(anonymous_5)
FNDA:2677,next
FNDA:2577,(anonymous_7)
FNDA:2283,(anonymous_8)
FNDA:1991,trim_prefix
FNDA:2577,match_layer
FNDA:2283,(anonymous_11)
FNDA:281,param
FNDA:57,paramCallback
FNDA:1448,use
FNDA:1449,(anonymous_15)
FNDA:265,(anonymous_16)
FNDA:27,(anonymous_17)
FNDA:26,(anonymous_18)
FNDA:9,appendMethods
FNDA:8,gettype
FNDA:5,mergeParams
FNDA:723,restore
FNDA:96,(anonymous_23)
FNDA:5,sendOptionsResponse
FNDA:11,wrap
FNDA:7,proxy
DA:6,1
DA:7,1
DA:8,1
DA:9,1
DA:10,1
DA:11,1
DA:12,1
DA:18,1
DA:19,1
DA:20,1
DA:30,1
DA:31,551
DA:33,1
DA:34,36
DA:38,551
DA:40,551
DA:41,551
DA:42,551
DA:43,551
DA:44,551
DA:45,551
DA:47,551
DA:84,1
DA:86,26
DA:87,1
DA:88,1
DA:92,25
DA:93,25
DA:94,25
DA:96,25
DA:97,2
DA:100,25
DA:101,1
DA:102,1
DA:108,25
DA:109,1
DA:112,24
DA:113,24
DA:122,1
DA:123,723
DA:125,723
DA:127,723
DA:128,723
DA:129,723
DA:130,723
DA:131,723
DA:132,723
DA:133,723
DA:134,723
DA:138,723
DA:141,723
DA:144,723
DA:145,723
DA:146,723
DA:149,723
DA:152,723
DA:153,11
DA:154,7
DA:155,5
DA:160,723
DA:161,723
DA:163,723
DA:165,1
DA:166,2677
DA:170,2677
DA:172,2677
DA:173,17
DA:174,17
DA:177,2677
DA:178,47
DA:179,47
DA:180,47
DA:183,2677
DA:184,100
DA:185,100
DA:188,2577
DA:189,2577
DA:190,255
DA:194,2322
DA:197,2322
DA:199,331
DA:200,9
DA:203,322
DA:204,322
DA:207,322
DA:208,9
DA:212,322
DA:213,30
DA:217,292
DA:221,2283
DA:224,2283
DA:227,2283
DA:228,2283
DA:229,8
DA:232,2275
DA:233,284
DA:236,1991
DA:241,1
DA:242,1991
DA:243,1991
DA:247,1991
DA:248,86
DA:249,86
DA:250,86
DA:253,86
DA:254,38
DA:255,38
DA:259,86
DA:264,1991
DA:266,1991
DA:267,40
DA:269,1951
DA:280,1
DA:281,2577
DA:282,2577
DA:284,2577
DA:285,2577
DA:287,2577
DA:288,254
DA:291,1
DA:294,2577
DA:303,1
DA:304,2283
DA:307,2283
DA:310,2283
DA:311,2155
DA:314,128
DA:315,128
DA:316,128
DA:317,128
DA:318,128
DA:319,128
DA:320,128
DA:324,1
DA:325,281
DA:326,8
DA:329,273
DA:330,120
DA:333,153
DA:334,153
DA:336,153
DA:337,0
DA:340,153
DA:341,153
DA:342,153
DA:343,153
DA:345,153
DA:346,119
DA:350,34
DA:352,6
DA:355,6
DA:358,28
DA:364,28
DA:368,1
DA:369,57
DA:372,57
DA:374,57
DA:376,7
DA:377,7
DA:378,7
DA:381,50
DA:383,29
DA:384,29
DA:386,2
DA:390,128
DA:408,1
DA:409,1448
DA:410,1448
DA:414,1448
DA:415,444
DA:417,444
DA:418,5
DA:422,444
DA:423,443
DA:424,443
DA:428,1448
DA:430,1448
DA:431,1
DA:434,1447
DA:435,1449
DA:436,8
DA:440,1441
DA:442,1441
DA:448,1441
DA:450,1441
DA:453,1439
DA:469,1
DA:470,265
DA:472,265
DA:478,265
DA:480,265
DA:481,265
DA:485,1
DA:486,27
DA:487,26
DA:488,26
DA:489,26
DA:494,1
DA:495,9
DA:496,9
DA:497,9
DA:498,8
DA:504,1
DA:505,8
DA:507,8
DA:508,4
DA:512,4
DA:517,1
DA:518,5
DA:519,1
DA:523,4
DA:526,4
DA:527,2
DA:530,2
DA:531,2
DA:534,2
DA:535,4
DA:536,4
DA:540,2
DA:541,3
DA:544,3
DA:545,2
DA:549,2
DA:553,1
DA:554,723
DA:555,723
DA:557,723
DA:558,2169
DA:559,2169
DA:562,723
DA:564,96
DA:565,288
DA:568,96
DA:573,1
DA:574,5
DA:575,5
DA:576,5
DA:577,4
DA:579,1
DA:584,1
DA:585,11
DA:586,7
DA:588,7
DA:589,7
DA:590,7
DA:593,7
LF:246
LH:245
BRDA:31,1,0,551
BRDA:31,1,1,51
BRDA:86,2,0,1
BRDA:86,2,1,25
BRDA:96,3,0,2
BRDA:96,3,1,23
BRDA:101,4,0,1
BRDA:101,4,1,0
BRDA:108,5,0,1
BRDA:108,5,1,24
BRDA:112,6,0,24
BRDA:112,6,1,23
BRDA:128,7,0,57
BRDA:128,7,1,666
BRDA:129,8,0,723
BRDA:129,8,1,5
BRDA:130,9,0,4
BRDA:130,9,1,719
BRDA:145,10,0,723
BRDA:145,10,1,692
BRDA:152,11,0,11
BRDA:152,11,1,712
BRDA:154,12,0,2
BRDA:154,12,1,5
BRDA:154,13,0,7
BRDA:154,13,1,7
BRDA:161,14,0,723
BRDA:161,14,1,636
BRDA:166,15,0,4
BRDA:166,15,1,2673
BRDA:172,16,0,17
BRDA:172,16,1,2660
BRDA:177,17,0,47
BRDA:177,17,1,2630
BRDA:183,18,0,100
BRDA:183,18,1,2577
BRDA:189,19,0,255
BRDA:189,19,1,2322
BRDA:189,20,0,2577
BRDA:189,20,1,2576
BRDA:190,21,0,255
BRDA:190,21,1,229
BRDA:197,22,0,331
BRDA:197,22,1,1991
BRDA:199,23,0,9
BRDA:199,23,1,322
BRDA:207,24,0,9
BRDA:207,24,1,313
BRDA:207,25,0,322
BRDA:207,25,1,30
BRDA:212,26,0,30
BRDA:212,26,1,292
BRDA:212,27,0,322
BRDA:212,27,1,30
BRDA:221,28,0,5
BRDA:221,28,1,2278
BRDA:228,29,0,8
BRDA:228,29,1,2275
BRDA:229,30,0,8
BRDA:229,30,1,8
BRDA:232,31,0,284
BRDA:232,31,1,1991
BRDA:243,32,0,0
BRDA:243,32,1,1991
BRDA:243,33,0,1991
BRDA:243,33,1,1953
BRDA:243,33,2,0
BRDA:247,34,0,86
BRDA:247,34,1,1905
BRDA:253,35,0,38
BRDA:253,35,1,48
BRDA:253,36,0,86
BRDA:253,36,1,82
BRDA:259,37,0,4
BRDA:259,37,1,82
BRDA:266,38,0,40
BRDA:266,38,1,1951
BRDA:287,39,0,254
BRDA:287,39,1,2322
BRDA:310,40,0,2155
BRDA:310,40,1,128
BRDA:310,41,0,2283
BRDA:310,41,1,2283
BRDA:325,42,0,8
BRDA:325,42,1,273
BRDA:329,43,0,120
BRDA:329,43,1,153
BRDA:336,44,0,0
BRDA:336,44,1,153
BRDA:345,45,0,119
BRDA:345,45,1,34
BRDA:345,46,0,153
BRDA:345,46,1,144
BRDA:350,47,0,6
BRDA:350,47,1,28
BRDA:350,48,0,34
BRDA:350,48,1,8
BRDA:350,48,2,7
BRDA:374,49,0,7
BRDA:374,49,1,50
BRDA:381,50,0,21
BRDA:381,50,1,29
BRDA:414,51,0,444
BRDA:414,51,1,1004
BRDA:417,52,0,449
BRDA:417,52,1,5
BRDA:422,53,0,443
BRDA:422,53,1,1
BRDA:430,54,0,1
BRDA:430,54,1,1447
BRDA:435,55,0,8
BRDA:435,55,1,1441
BRDA:440,56,0,1441
BRDA:440,56,1,354
BRDA:497,57,0,8
BRDA:497,57,1,1
BRDA:507,58,0,4
BRDA:507,58,1,4
BRDA:518,59,0,1
BRDA:518,59,1,4
BRDA:518,60,0,5
BRDA:518,60,1,4
BRDA:526,61,0,2
BRDA:526,61,1,2
BRDA:526,62,0,4
BRDA:526,62,1,2
BRDA:534,63,0,6
BRDA:534,63,1,2
BRDA:535,64,0,3
BRDA:535,64,1,1
BRDA:536,65,0,3
BRDA:536,65,1,1
BRDA:544,66,0,2
BRDA:544,66,1,1
BRF:134
BRH:130
end_of_record
TN:
SF:/Users/walter/dev/school/metrics/express/lib/router/route.js
FN:23,Route
FN:36,_handles_method
FN:55,(anonymous_3)
FN:56,(anonymous_4)
FN:67,(anonymous_5)
FN:83,next
FN:133,(anonymous_7)
FN:135,(anonymous_8)
FN:152,(anonymous_9)
FN:153,(anonymous_10)
FN:156,(anonymous_11)
FNF:11
FNH:11
FNDA:276,Route
FNDA:322,_handles_method
FNDA:9,(anonymous_3)
FNDA:9,(anonymous_4)
FNDA:320,(anonymous_5)
FNDA:744,next
FNDA:20,(anonymous_7)
FNDA:20,(anonymous_8)
FNDA:26,(anonymous_9)
FNDA:419,(anonymous_10)
FNDA:437,(anonymous_11)
DA:5,1
DA:6,1
DA:7,1
DA:8,1
DA:14,1
DA:23,1
DA:24,276
DA:25,276
DA:26,276
DA:29,276
DA:36,1
DA:37,322
DA:38,27
DA:41,295
DA:43,295
DA:44,1
DA:47,295
DA:55,1
DA:56,9
DA:57,9
DA:67,1
DA:68,320
DA:69,320
DA:70,320
DA:71,0
DA:74,320
DA:75,320
DA:76,3
DA:79,320
DA:81,320
DA:83,1
DA:84,744
DA:85,3
DA:88,741
DA:89,741
DA:90,84
DA:93,657
DA:94,305
DA:97,352
DA:98,11
DA:100,341
DA:133,1
DA:134,20
DA:135,20
DA:136,20
DA:137,3
DA:138,3
DA:139,3
DA:142,17
DA:143,17
DA:145,17
DA:146,17
DA:149,17
DA:152,1
DA:153,26
DA:154,419
DA:156,419
DA:157,437
DA:158,26
DA:159,26
DA:160,26
DA:163,411
DA:165,411
DA:166,411
DA:168,411
DA:169,411
DA:171,393
LF:67
LH:66
BRDA:37,1,0,27
BRDA:37,1,1,295
BRDA:43,2,0,1
BRDA:43,2,1,294
BRDA:43,3,0,295
BRDA:43,3,1,3
BRDA:70,4,0,0
BRDA:70,4,1,320
BRDA:75,5,0,3
BRDA:75,5,1,317
BRDA:75,6,0,320
BRDA:75,6,1,5
BRDA:84,7,0,3
BRDA:84,7,1,741
BRDA:84,8,0,744
BRDA:84,8,1,82
BRDA:89,9,0,84
BRDA:89,9,1,657
BRDA:93,10,0,305
BRDA:93,10,1,352
BRDA:93,11,0,657
BRDA:93,11,1,592
BRDA:97,12,0,11
BRDA:97,12,1,341
BRDA:136,13,0,3
BRDA:136,13,1,17
BRDA:157,14,0,26
BRDA:157,14,1,411
BRF:28
BRH:27
end_of_record
TN:
SF:/Users/walter/dev/school/metrics/express/lib/router/layer.js
FN:20,Layer
FN:49,handle_error
FN:73,handle
FN:97,match
FN:154,decode_param
FNF:5
FNH:5
FNDA:2562,Layer
FNDA:51,handle_error
FNDA:2576,handle
FNDA:2577,match
FNDA:192,decode_param
DA:5,1
DA:6,1
DA:12,1
DA:18,1
DA:20,1
DA:21,2562
DA:22,428
DA:25,2134
DA:26,2134
DA:28,2134
DA:29,2134
DA:30,2134
DA:31,2134
DA:32,2134
DA:34,2134
DA:35,1369
DA:49,1
DA:50,51
DA:52,51
DA:54,15
DA:57,36
DA:58,36
DA:60,2
DA:73,1
DA:74,2576
DA:76,2576
DA:78,6
DA:81,2570
DA:82,2570
DA:84,11
DA:97,1
DA:98,2577
DA:100,1
DA:101,1
DA:102,1
DA:105,2576
DA:107,1905
DA:108,1905
DA:109,1905
DA:112,671
DA:114,671
DA:115,253
DA:116,253
DA:117,253
DA:121,418
DA:122,418
DA:124,418
DA:125,418
DA:126,418
DA:127,418
DA:128,418
DA:129,418
DA:131,418
DA:132,192
DA:133,192
DA:136,192
DA:138,191
DA:139,190
DA:143,417
DA:154,1
DA:155,192
DA:156,11
DA:159,181
DA:160,181
DA:162,1
DA:163,1
DA:164,1
LF:67
LH:67
BRDA:21,1,0,428
BRDA:21,1,1,2134
BRDA:26,2,0,2134
BRDA:26,2,1,0
BRDA:29,3,0,2134
BRDA:29,3,1,1039
BRDA:34,4,0,1369
BRDA:34,4,1,765
BRDA:34,5,0,2134
BRDA:34,5,1,1863
BRDA:52,6,0,15
BRDA:52,6,1,36
BRDA:76,7,0,6
BRDA:76,7,1,2570
BRDA:98,8,0,1
BRDA:98,8,1,2576
BRDA:105,9,0,1905
BRDA:105,9,1,671
BRDA:114,10,0,253
BRDA:114,10,1,418
BRDA:133,11,0,169
BRDA:133,11,1,23
BRDA:138,12,0,190
BRDA:138,12,1,1
BRDA:138,13,0,191
BRDA:138,13,1,11
BRDA:155,14,0,11
BRDA:155,14,1,181
BRF:28
BRH:27
end_of_record
TN:
SF:/Users/walter/dev/school/metrics/express/lib/middleware/init.js
FN:11,(anonymous_1)
FN:12,expressInit
FNF:2
FNH:2
FNDA:495,(anonymous_1)
FNDA:640,expressInit
DA:11,1
DA:12,495
DA:13,640
DA:14,640
DA:15,640
DA:16,640
DA:18,640
DA:19,640
DA:21,640
DA:23,640
LF:10
LH:10
BRDA:13,1,0,640
BRDA:13,1,1,0
BRDA:21,2,0,640
BRDA:21,2,1,589
BRF:4
BRH:3
end_of_record
TN:
SF:/Users/walter/dev/school/metrics/express/lib/middleware/query.js
FN:14,query
FN:22,query
FNF:2
FNH:2
FNDA:495,query
FNDA:640,query
DA:5,1
DA:6,1
DA:14,1
DA:15,495
DA:17,495
DA:18,495
DA:19,495
DA:22,495
DA:23,640
DA:24,589
DA:25,589
DA:28,640
LF:12
LH:12
BRDA:17,1,0,495
BRDA:17,1,1,0
BRDA:23,2,0,589
BRDA:23,2,1,51
BRF:4
BRH:3
end_of_record
TN:
SF:/Users/walter/dev/school/metrics/express/lib/view.js
FN:41,View
FN:62,lookup
FN:91,render
FN:104,resolve
FN:134,tryStat
FNF:5
FNH:5
FNDA:70,View
FNDA:70,lookup
FNDA:67,render
FNDA:73,resolve
FNDA:83,tryStat
DA:5,1
DA:6,1
DA:7,1
DA:8,1
DA:15,1
DA:16,1
DA:17,1
DA:18,1
DA:19,1
DA:25,1
DA:41,1
DA:42,70
DA:43,70
DA:44,70
DA:45,70
DA:46,70
DA:47,70
DA:48,70
DA:49,70
DA:50,70
DA:51,70
DA:62,1
DA:63,70
DA:64,70
DA:66,70
DA:68,70
DA:69,73
DA:72,73
DA:73,73
DA:74,73
DA:77,73
DA:80,70
DA:91,1
DA:92,67
DA:93,67
DA:104,1
DA:105,73
DA:106,73
DA:107,73
DA:110,73
DA:111,73
DA:113,73
DA:114,63
DA:118,10
DA:119,10
DA:121,10
DA:122,4
DA:134,1
DA:135,83
DA:137,83
DA:138,83
DA:140,16
LF:52
LH:52
BRDA:42,1,0,70
BRDA:42,1,1,0
BRDA:48,2,0,0
BRDA:48,2,1,70
BRDA:48,3,0,70
BRDA:48,3,1,39
BRDA:49,4,0,39
BRDA:49,4,1,31
BRDA:49,5,0,38
BRDA:49,5,1,1
BRDA:50,6,0,70
BRDA:50,6,1,6
BRDA:68,7,0,143
BRDA:68,7,1,75
BRDA:113,8,0,63
BRDA:113,8,1,10
BRDA:113,9,0,73
BRDA:113,9,1,63
BRDA:121,10,0,4
BRDA:121,10,1,6
BRDA:121,11,0,10
BRDA:121,11,1,4
BRF:22
BRH:20
end_of_record
TN:
SF:/Users/walter/dev/school/metrics/express/lib/request.js
FN:48,(anonymous_1)
FN:105,(anonymous_2)
FN:118,(anonymous_3)
FN:135,(anonymous_4)
FN:152,(anonymous_5)
FN:180,(anonymous_6)
FN:203,(anonymous_7)
FN:239,(anonymous_8)
FN:258,protocol
FN:283,secure
FN:297,ip
FN:314,ips
FN:335,subdomains
FN:355,path
FN:370,hostname
FN:393,host
FN:406,(anonymous_17)
FN:430,stale
FN:441,xhr
FN:454,defineGetter
FNF:20
FNH:20
FNDA:77,(anonymous_1)
FNDA:83,(anonymous_2)
FNDA:6,(anonymous_3)
FNDA:6,(anonymous_4)
FNDA:12,(anonymous_5)
FNDA:4,(anonymous_6)
FNDA:5,(anonymous_7)
FNDA:14,(anonymous_8)
FNDA:11,protocol
FNDA:5,secure
FNDA:4,ip
FNDA:4,ips
FNDA:11,subdomains
FNDA:3,path
FNDA:29,hostname
FNDA:9,host
FNDA:304,(anonymous_17)
FNDA:3,stale
FNDA:4,xhr
FNDA:11,defineGetter
DA:5,1
DA:6,1
DA:7,1
DA:8,1
DA:9,1
DA:10,1
DA:11,1
DA:12,1
DA:13,1
DA:19,1
DA:47,1
DA:49,77
DA:52,10
DA:55,67
DA:105,1
DA:106,83
DA:107,83
DA:118,1
DA:119,6
DA:120,6
DA:123,1
DA:135,1
DA:136,6
DA:137,6
DA:140,1
DA:152,1
DA:153,12
DA:154,12
DA:157,1
DA:180,1
DA:181,4
DA:182,4
DA:183,3
DA:203,1
DA:204,5
DA:205,5
DA:206,5
DA:207,5
DA:208,4
DA:209,3
DA:210,2
DA:239,1
DA:240,14
DA:241,14
DA:258,1
DA:259,11
DA:262,11
DA:264,11
DA:265,5
DA:270,6
DA:271,6
DA:283,1
DA:284,5
DA:297,1
DA:298,4
DA:299,4
DA:314,1
DA:315,4
DA:316,4
DA:317,4
DA:335,1
DA:336,11
DA:338,11
DA:340,10
DA:341,10
DA:345,10
DA:355,1
DA:356,3
DA:370,1
DA:371,29
DA:372,29
DA:374,29
DA:375,26
DA:378,29
DA:381,26
DA:384,26
DA:386,26
DA:393,1
DA:394,9
DA:406,1
DA:407,304
DA:408,304
DA:411,304
DA:414,285
DA:415,256
DA:418,29
DA:430,1
DA:431,3
DA:441,1
DA:442,4
DA:443,4
DA:454,1
DA:455,11
LF:93
LH:93
BRDA:49,1,0,1
BRDA:49,1,1,10
BRDA:49,1,2,67
BRDA:52,2,0,10
BRDA:52,2,1,9
BRDA:182,3,0,1
BRDA:182,3,1,3
BRDA:204,4,0,5
BRDA:204,4,1,0
BRDA:205,5,0,5
BRDA:205,5,1,4
BRDA:206,6,0,5
BRDA:206,6,1,0
BRDA:207,7,0,1
BRDA:207,7,1,4
BRDA:207,8,0,5
BRDA:207,8,1,1
BRDA:208,9,0,1
BRDA:208,9,1,3
BRDA:209,10,0,1
BRDA:209,10,1,2
BRDA:240,11,0,14
BRDA:240,11,1,0
BRDA:259,12,0,1
BRDA:259,12,1,10
BRDA:264,13,0,5
BRDA:264,13,1,6
BRDA:270,14,0,6
BRDA:270,14,1,2
BRDA:338,15,0,1
BRDA:338,15,1,10
BRDA:341,16,0,8
BRDA:341,16,1,2
BRDA:374,17,0,26
BRDA:374,17,1,3
BRDA:374,18,0,29
BRDA:374,18,1,7
BRDA:378,19,0,3
BRDA:378,19,1,26
BRDA:381,20,0,6
BRDA:381,20,1,20
BRDA:386,21,0,5
BRDA:386,21,1,21
BRDA:411,22,0,19
BRDA:411,22,1,285
BRDA:411,23,0,304
BRDA:411,23,1,21
BRDA:414,24,0,256
BRDA:414,24,1,29
BRDA:414,25,0,285
BRDA:414,25,1,285
BRDA:414,25,2,30
BRDA:415,26,0,256
BRDA:415,26,1,2
BRDA:442,27,0,4
BRDA:442,27,1,1
BRF:56
BRH:53
end_of_record
TN:
SF:/Users/walter/dev/school/metrics/express/lib/response.js
FN:41,(anonymous_1)
FN:61,(anonymous_2)
FN:64,(anonymous_3)
FN:82,send
FN:208,json
FN:250,jsonp
FN:321,sendStatus
FN:371,sendFile
FN:397,(anonymous_9)
FN:449,(anonymous_10)
FN:466,(anonymous_11)
FN:493,download
FN:531,(anonymous_13)
FN:594,(anonymous_14)
FN:614,(anonymous_15)
FN:629,attachment
FN:658,header
FN:683,(anonymous_18)
FN:696,(anonymous_19)
FN:727,(anonymous_20)
FN:773,(anonymous_21)
FN:802,redirect
FN:824,(anonymous_23)
FN:828,(anonymous_24)
FN:833,(anonymous_25)
FN:858,(anonymous_26)
FN:883,(anonymous_27)
FN:898,(anonymous_28)
FN:908,sendfile
FN:913,ondirectory
FN:923,onerror
FN:931,onend
FN:938,onfile
FN:943,onfinish
FN:947,(anonymous_35)
FN:964,onstream
FN:977,headers
FNF:37
FNH:37
FNDA:25,(anonymous_1)
FNDA:3,(anonymous_2)
FNDA:5,(anonymous_3)
FNDA:363,send
FNDA:79,json
FNDA:23,jsonp
FNDA:2,sendStatus
FNDA:32,sendFile
FNDA:30,(anonymous_9)
FNDA:28,(anonymous_10)
FNDA:28,(anonymous_11)
FNDA:8,download
FNDA:179,(anonymous_13)
FNDA:69,(anonymous_14)
FNDA:15,(anonymous_15)
FNDA:5,attachment
FNDA:1338,header
FNDA:1035,(anonymous_18)
FNDA:3,(anonymous_19)
FNDA:18,(anonymous_20)
FNDA:33,(anonymous_21)
FNDA:32,redirect
FNDA:28,(anonymous_23)
FNDA:3,(anonymous_24)
FNDA:1,(anonymous_25)
FNDA:78,(anonymous_26)
FNDA:51,(anonymous_27)
FNDA:48,(anonymous_28)
FNDA:58,sendfile
FNDA:2,ondirectory
FNDA:72,onerror
FNDA:30,onend
FNDA:41,onfile
FNDA:41,onfinish
FNDA:40,(anonymous_35)
FNDA:36,onstream
FNDA:7,headers
DA:5,1
DA:6,1
DA:7,1
DA:8,1
DA:9,1
DA:10,1
DA:11,1
DA:12,1
DA:13,1
DA:14,1
DA:15,1
DA:16,1
DA:17,1
DA:18,1
DA:19,1
DA:20,1
DA:21,1
DA:22,1
DA:23,1
DA:29,1
DA:41,1
DA:42,25
DA:43,25
DA:61,1
DA:62,3
DA:63,3
DA:64,3
DA:65,5
DA:82,1
DA:83,363
DA:84,363
DA:85,363
DA:86,363
DA:87,363
DA:90,363
DA:93,363
DA:95,8
DA:96,1
DA:97,1
DA:99,7
DA:100,7
DA:101,7
DA:106,363
DA:108,4
DA:109,4
DA:112,4
DA:113,4
DA:114,4
DA:117,363
DA:120,290
DA:121,157
DA:123,290
DA:127,71
DA:128,1
DA:129,70
DA:130,5
DA:131,2
DA:134,65
DA:136,6
DA:140,298
DA:141,291
DA:142,291
DA:145,291
DA:146,290
DA:151,298
DA:152,296
DA:154,291
DA:155,291
DA:158,296
DA:159,296
DA:163,298
DA:166,298
DA:167,277
DA:168,277
DA:169,267
DA:170,267
DA:175,298
DA:178,298
DA:179,7
DA:180,7
DA:181,7
DA:182,7
DA:185,298
DA:187,2
DA:190,296
DA:193,298
DA:208,1
DA:209,79
DA:212,79
DA:214,3
DA:215,2
DA:216,2
DA:218,1
DA:219,1
DA:220,1
DA:225,79
DA:226,79
DA:227,79
DA:228,79
DA:231,79
DA:232,66
DA:235,79
DA:250,1
DA:251,23
DA:254,23
DA:256,3
DA:257,2
DA:258,2
DA:260,1
DA:261,1
DA:262,1
DA:267,23
DA:268,23
DA:269,23
DA:270,23
DA:271,23
DA:274,23
DA:275,20
DA:276,20
DA:280,23
DA:281,1
DA:285,23
DA:286,8
DA:287,8
DA:288,8
DA:291,8
DA:294,8
DA:300,8
DA:303,23
DA:321,1
DA:322,2
DA:324,2
DA:325,2
DA:327,2
DA:371,1
DA:372,32
DA:373,32
DA:374,32
DA:376,32
DA:377,1
DA:381,31
DA:382,7
DA:383,7
DA:386,31
DA:388,31
DA:389,1
DA:393,30
DA:394,30
DA:397,30
DA:398,30
DA:399,17
DA:402,16
DA:403,4
DA:449,1
DA:450,28
DA:451,28
DA:452,28
DA:455,28
DA:456,9
DA:457,9
DA:460,28
DA:463,28
DA:466,28
DA:467,28
DA:468,19
DA:471,18
DA:472,5
DA:477,1
DA:493,1
DA:495,8
DA:496,5
DA:497,5
DA:500,8
DA:503,8
DA:508,8
DA:510,8
DA:530,1
DA:532,179
DA:594,1
DA:595,69
DA:596,69
DA:598,69
DA:599,69
DA:600,69
DA:602,69
DA:604,69
DA:606,69
DA:607,62
DA:608,62
DA:609,7
DA:610,2
DA:612,5
DA:613,5
DA:614,15
DA:615,5
DA:618,69
DA:629,1
DA:630,5
DA:631,4
DA:634,5
DA:636,5
DA:657,1
DA:659,1338
DA:660,1336
DA:661,1332
DA:662,1336
DA:663,337
DA:664,337
DA:666,1336
DA:668,2
DA:669,3
DA:672,1337
DA:683,1
DA:684,1035
DA:696,1
DA:697,3
DA:698,3
DA:727,1
DA:728,18
DA:729,18
DA:730,18
DA:731,18
DA:732,18
DA:733,18
DA:734,18
DA:735,18
DA:736,6
DA:737,6
DA:739,18
DA:740,18
DA:743,18
DA:744,18
DA:745,2
DA:746,1
DA:748,1
DA:751,18
DA:752,18
DA:773,1
DA:774,33
DA:777,33
DA:780,33
DA:781,33
DA:802,1
DA:803,32
DA:804,32
DA:805,32
DA:808,32
DA:809,4
DA:810,3
DA:811,3
DA:813,1
DA:814,1
DA:819,32
DA:820,32
DA:823,32
DA:825,28
DA:829,3
DA:830,3
DA:834,1
DA:839,32
DA:840,32
DA:842,32
DA:843,1
DA:846,32
DA:858,1
DA:860,78
DA:861,2
DA:862,2
DA:865,76
DA:867,76
DA:883,1
DA:884,51
DA:885,51
DA:886,51
DA:887,51
DA:890,51
DA:891,2
DA:895,51
DA:898,51
DA:899,48
DA:900,46
DA:904,51
DA:908,1
DA:909,58
DA:910,58
DA:913,1
DA:914,2
DA:915,2
DA:917,2
DA:918,2
DA:919,2
DA:923,1
DA:924,72
DA:925,16
DA:926,16
DA:927,16
DA:931,1
DA:932,30
DA:933,29
DA:934,29
DA:938,1
DA:939,41
DA:943,1
DA:944,41
DA:945,41
DA:947,40
DA:948,40
DA:949,11
DA:951,11
DA:952,5
DA:953,5
DA:957,6
DA:958,6
DA:959,6
DA:964,1
DA:965,36
DA:968,58
DA:969,58
DA:970,58
DA:971,58
DA:972,58
DA:973,58
DA:975,58
DA:977,12
DA:978,7
DA:979,7
DA:981,7
DA:982,9
DA:983,9
DA:989,58
LF:330
LH:330
BRDA:62,1,0,3
BRDA:62,1,1,2
BRDA:63,2,0,1
BRDA:63,2,1,2
BRDA:93,3,0,8
BRDA:93,3,1,355
BRDA:95,4,0,1
BRDA:95,4,1,7
BRDA:95,5,0,8
BRDA:95,5,1,1
BRDA:106,6,0,4
BRDA:106,6,1,359
BRDA:106,7,0,363
BRDA:106,7,1,5
BRDA:108,8,0,4
BRDA:108,8,1,0
BRDA:117,9,0,290
BRDA:117,9,1,6
BRDA:117,9,2,7
BRDA:117,9,3,71
BRDA:120,10,0,157
BRDA:120,10,1,133
BRDA:127,11,0,1
BRDA:127,11,1,70
BRDA:129,12,0,5
BRDA:129,12,1,65
BRDA:130,13,0,2
BRDA:130,13,1,3
BRDA:140,14,0,291
BRDA:140,14,1,7
BRDA:145,15,0,290
BRDA:145,15,1,1
BRDA:151,16,0,296
BRDA:151,16,1,2
BRDA:152,17,0,291
BRDA:152,17,1,5
BRDA:166,18,0,277
BRDA:166,18,1,21
BRDA:166,19,0,298
BRDA:166,19,1,296
BRDA:166,19,2,294
BRDA:168,20,0,267
BRDA:168,20,1,10
BRDA:168,21,0,277
BRDA:168,21,1,275
BRDA:170,22,0,267
BRDA:170,22,1,266
BRDA:175,23,0,4
BRDA:175,23,1,294
BRDA:178,24,0,7
BRDA:178,24,1,291
BRDA:178,25,0,298
BRDA:178,25,1,296
BRDA:185,26,0,2
BRDA:185,26,1,296
BRDA:212,27,0,3
BRDA:212,27,1,76
BRDA:214,28,0,2
BRDA:214,28,1,1
BRDA:231,29,0,66
BRDA:231,29,1,13
BRDA:254,30,0,3
BRDA:254,30,1,20
BRDA:256,31,0,2
BRDA:256,31,1,1
BRDA:274,32,0,20
BRDA:274,32,1,3
BRDA:280,33,0,1
BRDA:280,33,1,22
BRDA:285,34,0,8
BRDA:285,34,1,15
BRDA:285,35,0,23
BRDA:285,35,1,8
BRDA:322,36,0,2
BRDA:322,36,1,1
BRDA:376,37,0,1
BRDA:376,37,1,31
BRDA:381,38,0,7
BRDA:381,38,1,24
BRDA:386,39,0,31
BRDA:386,39,1,11
BRDA:388,40,0,1
BRDA:388,40,1,30
BRDA:388,41,0,31
BRDA:388,41,1,29
BRDA:398,42,0,13
BRDA:398,42,1,17
BRDA:399,43,0,1
BRDA:399,43,1,16
BRDA:399,44,0,17
BRDA:399,44,1,6
BRDA:402,45,0,4
BRDA:402,45,1,12
BRDA:402,46,0,16
BRDA:402,46,1,5
BRDA:402,46,2,4
BRDA:455,47,0,9
BRDA:455,47,1,19
BRDA:460,48,0,28
BRDA:460,48,1,12
BRDA:467,49,0,9
BRDA:467,49,1,19
BRDA:468,50,0,1
BRDA:468,50,1,18
BRDA:468,51,0,19
BRDA:468,51,1,7
BRDA:471,52,0,5
BRDA:471,52,1,13
BRDA:471,53,0,18
BRDA:471,53,1,6
BRDA:471,53,2,5
BRDA:495,54,0,5
BRDA:495,54,1,3
BRDA:500,55,0,8
BRDA:500,55,1,6
BRDA:532,56,0,6
BRDA:532,56,1,173
BRDA:599,57,0,33
BRDA:599,57,1,36
BRDA:606,58,0,62
BRDA:606,58,1,7
BRDA:609,59,0,2
BRDA:609,59,1,5
BRDA:630,60,0,4
BRDA:630,60,1,1
BRDA:659,61,0,1336
BRDA:659,61,1,2
BRDA:660,62,0,4
BRDA:660,62,1,1332
BRDA:662,63,0,337
BRDA:662,63,1,999
BRDA:662,64,0,1336
BRDA:662,64,1,631
BRDA:664,65,0,227
BRDA:664,65,1,110
BRDA:698,66,0,1
BRDA:698,66,1,2
BRDA:731,67,0,0
BRDA:731,67,1,18
BRDA:731,68,0,18
BRDA:731,68,1,3
BRDA:732,69,0,4
BRDA:732,69,1,14
BRDA:733,70,0,3
BRDA:733,70,1,15
BRDA:734,71,0,3
BRDA:734,71,1,15
BRDA:735,72,0,6
BRDA:735,72,1,12
BRDA:739,73,0,15
BRDA:739,73,1,3
BRDA:744,74,0,2
BRDA:744,74,1,16
BRDA:745,75,0,1
BRDA:745,75,1,1
BRDA:777,76,0,9
BRDA:777,76,1,24
BRDA:777,77,0,9
BRDA:777,77,1,9
BRDA:808,78,0,4
BRDA:808,78,1,28
BRDA:809,79,0,3
BRDA:809,79,1,1
BRDA:842,80,0,1
BRDA:842,80,1,31
BRDA:860,81,0,2
BRDA:860,81,1,76
BRDA:860,82,0,78
BRDA:860,82,1,77
BRDA:860,82,2,2
BRDA:884,83,0,51
BRDA:884,83,1,13
BRDA:890,84,0,2
BRDA:890,84,1,49
BRDA:898,85,0,51
BRDA:898,85,1,48
BRDA:899,86,0,2
BRDA:899,86,1,46
BRDA:914,87,0,0
BRDA:914,87,1,2
BRDA:924,88,0,56
BRDA:924,88,1,16
BRDA:925,89,0,0
BRDA:925,89,1,16
BRDA:932,90,0,1
BRDA:932,90,1,29
BRDA:944,91,0,0
BRDA:944,91,1,41
BRDA:945,92,0,1
BRDA:945,92,1,40
BRDA:948,93,0,29
BRDA:948,93,1,11
BRDA:951,94,0,5
BRDA:951,94,1,6
BRDA:975,95,0,12
BRDA:975,95,1,46
BRF:196
BRH:191
end_of_record
TN:
SF:/Users/walter/dev/school/metrics/express/examples/auth/index.js
FN:28,(anonymous_1)
FN:48,(anonymous_2)
FN:58,authenticate
FN:66,(anonymous_4)
FN:73,restrict
FN:82,(anonymous_6)
FN:86,(anonymous_7)
FN:90,(anonymous_8)
FN:93,(anonymous_9)
FN:98,(anonymous_10)
FN:102,(anonymous_11)
FN:103,(anonymous_12)
FN:107,(anonymous_13)
FNF:13
FNH:13
FNDA:11,(anonymous_1)
FNDA:1,(anonymous_2)
FNDA:5,authenticate
FNDA:3,(anonymous_4)
FNDA:2,restrict
FNDA:1,(anonymous_6)
FNDA:1,(anonymous_7)
FNDA:1,(anonymous_8)
FNDA:1,(anonymous_9)
FNDA:2,(anonymous_10)
FNDA:5,(anonymous_11)
FNDA:5,(anonymous_12)
FNDA:2,(anonymous_13)
DA:5,1
DA:6,1
DA:7,1
DA:8,1
DA:10,1
DA:14,1
DA:15,1
DA:19,1
DA:20,1
DA:28,1
DA:29,11
DA:30,11
DA:31,11
DA:32,11
DA:33,11
DA:34,11
DA:35,11
DA:36,11
DA:41,1
DA:48,1
DA:49,1
DA:51,1
DA:52,1
DA:58,1
DA:59,5
DA:60,5
DA:62,5
DA:66,3
DA:67,3
DA:68,3
DA:69,1
DA:73,1
DA:74,2
DA:75,1
DA:77,1
DA:78,1
DA:82,1
DA:83,1
DA:86,1
DA:87,1
DA:90,1
DA:93,1
DA:94,1
DA:98,1
DA:99,2
DA:102,1
DA:103,5
DA:104,5
DA:107,2
DA:111,2
DA:112,2
DA:115,2
DA:118,3
DA:121,3
DA:127,1
DA:128,1
DA:129,1
LF:57
LH:57
BRDA:34,1,0,1
BRDA:34,1,1,10
BRDA:35,2,0,1
BRDA:35,2,1,10
BRDA:49,3,0,0
BRDA:49,3,1,1
BRDA:59,4,0,0
BRDA:59,4,1,5
BRDA:62,5,0,2
BRDA:62,5,1,3
BRDA:67,6,0,0
BRDA:67,6,1,3
BRDA:68,7,0,2
BRDA:68,7,1,1
BRDA:74,8,0,1
BRDA:74,8,1,1
BRDA:104,9,0,2
BRDA:104,9,1,3
BRDA:127,10,0,0
BRDA:127,10,1,1
BRF:20
BRH:17
end_of_record
TN:
SF:/Users/walter/dev/school/metrics/express/examples/auth/pass.js
FN:32,(anonymous_1)
FN:34,(anonymous_2)
FN:39,(anonymous_3)
FN:42,(anonymous_4)
FNF:4
FNH:4
FNDA:4,(anonymous_1)
FNDA:3,(anonymous_2)
FNDA:1,(anonymous_3)
FNDA:1,(anonymous_4)
DA:8,1
DA:14,1
DA:20,1
DA:32,1
DA:33,4
DA:34,3
DA:35,3
DA:38,1
DA:39,1
DA:40,1
DA:41,1
DA:42,1
DA:43,1
DA:44,1
LF:14
LH:14
BRDA:33,1,0,3
BRDA:33,1,1,1
BRDA:40,2,0,0
BRDA:40,2,1,1
BRDA:43,3,0,0
BRDA:43,3,1,1
BRF:6
BRH:4
end_of_record
TN:
SF:/Users/walter/dev/school/metrics/express/examples/content-negotiation/index.js
FN:7,(anonymous_1)
FN:9,(anonymous_2)
FN:10,(anonymous_3)
FN:15,(anonymous_4)
FN:16,(anonymous_5)
FN:21,(anonymous_6)
FN:31,format
FN:33,(anonymous_8)
FNF:8
FNH:8
FNDA:3,(anonymous_1)
FNDA:1,(anonymous_2)
FNDA:3,(anonymous_3)
FNDA:1,(anonymous_4)
FNDA:3,(anonymous_5)
FNDA:1,(anonymous_6)
FNDA:1,format
FNDA:3,(anonymous_8)
DA:1,1
DA:2,1
DA:3,1
DA:7,1
DA:8,3
DA:10,1
DA:11,3
DA:16,1
DA:17,3
DA:22,1
DA:31,1
DA:32,1
DA:33,1
DA:34,3
DA:38,1
DA:41,1
DA:42,1
DA:43,1
LF:18
LH:18
BRDA:41,1,0,0
BRDA:41,1,1,1
BRF:2
BRH:2
end_of_record
TN:
SF:/Users/walter/dev/school/metrics/express/examples/content-negotiation/db.js
FNF:0
FNH:0
DA:1,1
DA:3,1
DA:4,1
DA:5,1
DA:7,1
LF:5
LH:5
BRF:0
BRH:0
end_of_record
TN:
SF:/Users/walter/dev/school/metrics/express/examples/content-negotiation/users.js
FN:4,(anonymous_1)
FN:5,(anonymous_2)
FN:10,(anonymous_3)
FN:11,(anonymous_4)
FN:16,(anonymous_5)
FNF:5
FNH:5
FNDA:1,(anonymous_1)
FNDA:3,(anonymous_2)
FNDA:1,(anonymous_3)
FNDA:3,(anonymous_4)
FNDA:1,(anonymous_5)
DA:2,1
DA:4,1
DA:5,1
DA:6,3
DA:10,1
DA:11,1
DA:12,3
DA:16,1
DA:17,1
LF:9
LH:9
BRF:0
BRH:0
end_of_record
TN:
SF:/Users/walter/dev/school/metrics/express/examples/cookies/index.js
FN:23,(anonymous_1)
FN:33,(anonymous_2)
FN:38,(anonymous_3)
FNF:3
FNH:3
FNDA:3,(anonymous_1)
FNDA:1,(anonymous_2)
FNDA:4,(anonymous_3)
DA:5,1
DA:6,1
DA:7,1
DA:8,1
DA:9,1
DA:12,1
DA:18,1
DA:21,1
DA:23,1
DA:24,3
DA:25,1
DA:27,2
DA:33,1
DA:34,1
DA:35,1
DA:38,1
DA:39,4
DA:40,4
DA:41,4
DA:45,1
DA:46,1
DA:47,1
LF:22
LH:22
BRDA:12,1,0,0
BRDA:12,1,1,1
BRDA:24,2,0,1
BRDA:24,2,1,2
BRDA:40,3,0,3
BRDA:40,3,1,1
BRDA:45,4,0,0
BRDA:45,4,1,1
BRF:8
BRH:7
end_of_record
TN:
SF:/Users/walter/dev/school/metrics/express/examples/downloads/index.js
FN:8,(anonymous_1)
FN:19,(anonymous_2)
FN:23,(anonymous_3)
FNF:3
FNH:3
FNDA:1,(anonymous_1)
FNDA:2,(anonymous_2)
FNDA:2,(anonymous_3)
DA:5,1
DA:6,1
DA:8,1
DA:9,1
DA:19,1
DA:20,2
DA:21,2
DA:23,2
DA:24,2
DA:25,1
DA:27,1
DA:28,1
DA:33,1
DA:34,1
DA:35,1
LF:15
LH:15
BRDA:24,1,0,1
BRDA:24,1,1,1
BRDA:25,2,0,0
BRDA:25,2,1,1
BRDA:25,3,0,1
BRDA:25,3,1,1
BRDA:33,4,0,0
BRDA:33,4,1,1
BRF:8
BRH:7
end_of_record
TN:
SF:/Users/walter/dev/school/metrics/express/examples/ejs/index.js
FN:38,(anonymous_1)
FNF:1
FNH:1
FNDA:1,(anonymous_1)
DA:5,1
DA:7,1
DA:20,1
DA:24,1
DA:29,1
DA:32,1
DA:38,1
DA:39,1
DA:47,1
DA:48,1
DA:49,1
LF:11
LH:11
BRDA:47,1,0,0
BRDA:47,1,1,1
BRF:2
BRH:2
end_of_record
TN:
SF:/Users/walter/dev/school/metrics/express/examples/error-pages/index.js
FN:27,(anonymous_1)
FN:31,(anonymous_2)
FN:38,(anonymous_3)
FN:45,(anonymous_4)
FN:60,(anonymous_5)
FN:91,(anonymous_6)
FNF:6
FNH:6
FNDA:1,(anonymous_1)
FNDA:3,(anonymous_2)
FNDA:3,(anonymous_3)
FNDA:3,(anonymous_4)
FNDA:3,(anonymous_5)
FNDA:6,(anonymous_6)
DA:5,1
DA:6,1
DA:7,1
DA:8,1
DA:11,1
DA:12,1
DA:17,1
DA:21,1
DA:23,1
DA:27,1
DA:28,1
DA:31,1
DA:35,3
DA:38,1
DA:40,3
DA:41,3
DA:42,3
DA:45,1
DA:47,3
DA:60,1
DA:61,3
DA:64,3
DA:65,1
DA:66,1
DA:70,2
DA:71,1
DA:72,1
DA:76,1
DA:91,1
DA:95,6
DA:96,6
DA:100,1
DA:101,1
DA:102,1
LF:34
LH:34
BRDA:21,1,0,0
BRDA:21,1,1,1
BRDA:23,2,0,1
BRDA:23,2,1,0
BRDA:64,3,0,1
BRDA:64,3,1,2
BRDA:70,4,0,1
BRDA:70,4,1,1
BRDA:95,5,0,6
BRDA:95,5,1,3
BRDA:100,6,0,0
BRDA:100,6,1,1
BRF:12
BRH:10
end_of_record
TN:
SF:/Users/walter/dev/school/metrics/express/examples/error/index.js
FN:18,error
FN:27,(anonymous_2)
FN:32,(anonymous_3)
FN:34,(anonymous_4)
FNF:4
FNH:4
FNDA:2,error
FNDA:1,(anonymous_2)
FNDA:1,(anonymous_3)
FNDA:1,(anonymous_4)
DA:5,1
DA:6,1
DA:7,1
DA:8,1
DA:10,1
DA:18,1
DA:20,2
DA:23,2
DA:24,2
DA:27,1
DA:29,1
DA:32,1
DA:34,1
DA:35,1
DA:42,1
DA:45,1
DA:46,1
DA:47,1
LF:18
LH:18
BRDA:10,1,0,0
BRDA:10,1,1,1
BRDA:20,2,0,0
BRDA:20,2,1,2
BRDA:45,3,0,0
BRDA:45,3,1,1
BRF:6
BRH:4
end_of_record
TN:
SF:/Users/walter/dev/school/metrics/express/examples/markdown/index.js
FN:13,(anonymous_1)
FN:14,(anonymous_2)
FN:18,(anonymous_3)
FN:33,(anonymous_4)
FN:37,(anonymous_5)
FNF:5
FNH:5
FNDA:1,(anonymous_1)
FNDA:1,(anonymous_2)
FNDA:1,(anonymous_3)
FNDA:1,(anonymous_4)
FNDA:1,(anonymous_5)
DA:5,1
DA:6,1
DA:7,1
DA:9,1
DA:13,1
DA:14,1
DA:15,1
DA:16,1
DA:17,1
DA:18,1
DA:19,1
DA:21,1
DA:23,0
DA:28,1
DA:31,1
DA:33,1
DA:34,1
DA:37,1
DA:38,1
DA:42,1
DA:43,1
DA:44,1
LF:22
LH:21
BRDA:15,1,0,0
BRDA:15,1,1,1
BRDA:19,2,0,1
BRDA:19,2,1,0
BRDA:42,3,0,0
BRDA:42,3,1,1
BRF:6
BRH:4
end_of_record
TN:
SF:/Users/walter/dev/school/metrics/express/examples/multi-router/index.js
FN:8,(anonymous_1)
FNF:1
FNH:1
FNDA:1,(anonymous_1)
DA:1,1
DA:3,1
DA:5,1
DA:6,1
DA:8,1
DA:9,1
DA:13,1
DA:14,1
DA:15,1
LF:9
LH:9
BRDA:13,1,0,0
BRDA:13,1,1,1
BRF:2
BRH:2
end_of_record
TN:
SF:/Users/walter/dev/school/metrics/express/examples/multi-router/controllers/api_v1.js
FN:5,(anonymous_1)
FN:9,(anonymous_2)
FNF:2
FNH:2
FNDA:1,(anonymous_1)
FNDA:1,(anonymous_2)
DA:1,1
DA:3,1
DA:5,1
DA:6,1
DA:9,1
DA:10,1
DA:13,1
LF:7
LH:7
BRF:0
BRH:0
end_of_record
TN:
SF:/Users/walter/dev/school/metrics/express/examples/multi-router/controllers/api_v2.js
FN:5,(anonymous_1)
FN:9,(anonymous_2)
FNF:2
FNH:2
FNDA:1,(anonymous_1)
FNDA:1,(anonymous_2)
DA:1,1
DA:3,1
DA:5,1
DA:6,1
DA:9,1
DA:10,1
DA:13,1
LF:7
LH:7
BRF:0
BRH:0
end_of_record
TN:
SF:/Users/walter/dev/school/metrics/express/examples/mvc/index.js
FN:24,(anonymous_1)
FN:53,(anonymous_2)
FN:78,(anonymous_3)
FN:87,(anonymous_4)
FNF:4
FNH:4
FNDA:3,(anonymous_1)
FNDA:15,(anonymous_2)
FNDA:1,(anonymous_3)
FNDA:1,(anonymous_4)
DA:5,1
DA:6,1
DA:7,1
DA:8,1
DA:9,1
DA:11,1
DA:17,1
DA:20,1
DA:24,1
DA:26,3
DA:28,3
DA:29,3
DA:30,3
DA:34,1
DA:37,1
DA:40,1
DA:47,1
DA:50,1
DA:53,1
DA:54,15
DA:57,15
DA:60,15
DA:69,15
DA:72,15
DA:76,1
DA:78,1
DA:80,1
DA:83,1
DA:87,1
DA:88,1
DA:92,1
DA:93,1
DA:94,1
LF:33
LH:33
BRDA:28,1,0,3
BRDA:28,1,1,0
BRDA:34,2,0,0
BRDA:34,2,1,1
BRDA:54,3,0,15
BRDA:54,3,1,15
BRDA:80,4,0,0
BRDA:80,4,1,1
BRDA:92,5,0,0
BRDA:92,5,1,1
BRF:10
BRH:7
end_of_record
TN:
SF:/Users/walter/dev/school/metrics/express/examples/mvc/lib/boot.js
FN:8,(anonymous_1)
FN:10,(anonymous_2)
FNF:2
FNH:2
FNDA:1,(anonymous_1)
FNDA:4,(anonymous_2)
DA:5,1
DA:6,1
DA:8,1
DA:9,1
DA:10,1
DA:11,4
DA:12,4
DA:13,4
DA:14,4
DA:15,4
DA:16,4
DA:17,4
DA:18,4
DA:21,4
DA:22,4
DA:26,4
DA:28,14
DA:30,9
DA:32,2
DA:33,2
DA:34,2
DA:36,1
DA:37,1
DA:38,1
DA:40,2
DA:41,2
DA:42,2
DA:44,2
DA:45,2
DA:46,2
DA:48,1
DA:49,1
DA:50,1
DA:52,1
DA:53,1
DA:54,1
DA:57,1
DA:61,9
DA:62,9
DA:65,9
DA:66,7
DA:67,7
DA:69,2
DA:70,2
DA:75,4
LF:45
LH:45
BRDA:11,1,0,4
BRDA:11,1,1,0
BRDA:13,2,0,4
BRDA:13,2,1,3
BRDA:14,3,0,4
BRDA:14,3,1,3
BRDA:21,4,0,1
BRDA:21,4,1,3
BRDA:28,5,0,5
BRDA:28,5,1,9
BRDA:30,6,0,2
BRDA:30,6,1,1
BRDA:30,6,2,2
BRDA:30,6,3,2
BRDA:30,6,4,1
BRDA:30,6,5,1
BRDA:30,6,6,0
BRDA:65,7,0,7
BRDA:65,7,1,2
BRDA:67,8,0,7
BRDA:67,8,1,0
BRDA:70,9,0,2
BRDA:70,9,1,0
BRF:23
BRH:19
end_of_record
TN:
SF:/Users/walter/dev/school/metrics/express/examples/mvc/controllers/main/index.js
FN:1,(anonymous_1)
FNF:1
FNH:1
FNDA:1,(anonymous_1)
DA:1,1
DA:2,1
LF:2
LH:2
BRF:0
BRH:0
end_of_record
TN:
SF:/Users/walter/dev/school/metrics/express/examples/mvc/controllers/pet/index.js
FN:9,(anonymous_1)
FN:16,(anonymous_2)
FN:20,(anonymous_3)
FN:24,(anonymous_4)
FNF:4
FNH:4
FNDA:4,(anonymous_1)
FNDA:1,(anonymous_2)
FNDA:2,(anonymous_3)
FNDA:1,(anonymous_4)
DA:5,1
DA:7,1
DA:9,1
DA:10,4
DA:11,4
DA:12,4
DA:13,4
DA:16,1
DA:17,1
DA:20,1
DA:21,2
DA:24,1
DA:25,1
DA:26,1
DA:27,1
DA:28,1
LF:16
LH:16
BRDA:11,1,0,0
BRDA:11,1,1,4
BRF:2
BRH:1
end_of_record
TN:
SF:/Users/walter/dev/school/metrics/express/examples/mvc/db.js
FNF:0
FNH:0
DA:3,1
DA:5,1
DA:6,1
DA:7,1
DA:8,1
DA:10,1
DA:12,1
DA:13,1
DA:14,1
LF:9
LH:9
BRF:0
BRH:0
end_of_record
TN:
SF:/Users/walter/dev/school/metrics/express/examples/mvc/controllers/user/index.js
FN:7,(anonymous_1)
FN:11,(anonymous_2)
FN:20,(anonymous_3)
FN:24,(anonymous_4)
FN:28,(anonymous_5)
FN:32,(anonymous_6)
FNF:6
FNH:6
FNDA:9,(anonymous_1)
FNDA:8,(anonymous_2)
FNDA:1,(anonymous_3)
FNDA:2,(anonymous_4)
FNDA:3,(anonymous_5)
FNDA:2,(anonymous_6)
DA:5,1
DA:7,1
DA:8,9
DA:9,9
DA:11,8
DA:12,8
DA:14,8
DA:16,7
DA:20,1
DA:21,1
DA:24,1
DA:25,2
DA:28,1
DA:29,3
DA:32,1
DA:33,2
DA:34,2
DA:35,1
DA:36,1
LF:19
LH:19
BRDA:9,1,0,1
BRDA:9,1,1,8
BRDA:14,2,0,1
BRDA:14,2,1,7
BRF:4
BRH:4
end_of_record
TN:
SF:/Users/walter/dev/school/metrics/express/examples/mvc/controllers/user-pet/index.js
FN:10,(anonymous_1)
FNF:1
FNH:1
FNDA:1,(anonymous_1)
DA:5,1
DA:7,1
DA:8,1
DA:10,1
DA:11,1
DA:12,1
DA:13,1
DA:14,1
DA:15,1
DA:16,1
DA:17,1
DA:18,1
DA:19,1
LF:13
LH:13
BRDA:14,1,0,0
BRDA:14,1,1,1
BRF:2
BRH:1
end_of_record
TN:
SF:/Users/walter/dev/school/metrics/express/examples/params/index.js
FN:20,(anonymous_1)
FN:31,(anonymous_2)
FN:43,(anonymous_3)
FN:51,(anonymous_4)
FN:59,(anonymous_5)
FN:62,(anonymous_6)
FNF:6
FNH:6
FNDA:3,(anonymous_1)
FNDA:2,(anonymous_2)
FNDA:1,(anonymous_3)
FNDA:1,(anonymous_4)
FNDA:1,(anonymous_5)
FNDA:5,(anonymous_6)
DA:5,1
DA:6,1
DA:10,1
DA:20,1
DA:21,3
DA:22,3
DA:23,1
DA:25,2
DA:31,1
DA:32,2
DA:33,1
DA:35,1
DA:43,1
DA:44,1
DA:51,1
DA:52,1
DA:59,1
DA:60,1
DA:61,1
DA:62,5
DA:63,1
DA:67,1
DA:68,1
DA:69,1
LF:24
LH:24
BRDA:22,1,0,1
BRDA:22,1,1,2
BRDA:32,2,0,1
BRDA:32,2,1,1
BRDA:67,3,0,0
BRDA:67,3,1,1
BRF:6
BRH:6
end_of_record
TN:
SF:/Users/walter/dev/school/metrics/express/examples/resource/index.js
FN:11,(anonymous_1)
FN:13,(anonymous_2)
FN:20,(anonymous_3)
FN:40,(anonymous_4)
FN:43,(anonymous_5)
FN:46,(anonymous_6)
FN:51,(anonymous_7)
FN:59,(anonymous_8)
FN:76,(anonymous_9)
FNF:9
FNH:9
FNDA:1,(anonymous_1)
FNDA:2,(anonymous_2)
FNDA:2,(anonymous_3)
FNDA:1,(anonymous_4)
FNDA:2,(anonymous_5)
FNDA:2,(anonymous_6)
FNDA:2,(anonymous_7)
FNDA:3,(anonymous_8)
FNDA:1,(anonymous_9)
DA:5,1
DA:7,1
DA:11,1
DA:12,1
DA:13,1
DA:14,2
DA:15,2
DA:16,2
DA:17,2
DA:19,1
DA:20,1
DA:21,2
DA:22,2
DA:28,1
DA:39,1
DA:41,1
DA:44,2
DA:47,2
DA:48,2
DA:49,2
DA:52,2
DA:53,2
DA:55,1
DA:56,1
DA:59,1
DA:60,3
DA:62,1
DA:63,1
DA:74,1
DA:76,1
DA:77,1
DA:90,1
DA:91,1
DA:92,1
LF:34
LH:34
BRDA:44,1,0,2
BRDA:44,1,1,1
BRDA:49,2,0,1
BRDA:49,2,1,1
BRDA:53,3,0,1
BRDA:53,3,1,0
BRDA:53,3,2,1
BRDA:90,4,0,0
BRDA:90,4,1,1
BRF:9
BRH:8
end_of_record
TN:
SF:/Users/walter/dev/school/metrics/express/examples/route-map/index.js
FN:11,(anonymous_1)
FN:29,(anonymous_2)
FN:33,(anonymous_3)
FN:37,(anonymous_4)
FN:43,(anonymous_5)
FN:47,(anonymous_6)
FNF:6
FNH:6
FNDA:5,(anonymous_1)
FNDA:1,(anonymous_2)
FNDA:1,(anonymous_3)
FNDA:1,(anonymous_4)
FNDA:1,(anonymous_5)
FNDA:1,(anonymous_6)
DA:5,1
DA:7,1
DA:9,1
DA:11,1
DA:12,5
DA:13,5
DA:14,9
DA:17,4
DA:18,4
DA:21,5
DA:22,5
DA:23,5
DA:28,1
DA:30,1
DA:34,1
DA:38,1
DA:42,1
DA:44,1
DA:48,1
DA:52,1
DA:69,1
DA:70,1
DA:71,1
LF:23
LH:23
BRDA:12,1,0,5
BRDA:12,1,1,1
BRDA:14,2,0,4
BRDA:14,2,1,5
BRDA:21,3,0,0
BRDA:21,3,1,5
BRDA:69,4,0,0
BRDA:69,4,1,1
BRF:8
BRH:7
end_of_record
TN:
SF:/Users/walter/dev/school/metrics/express/examples/route-separation/index.js
FNF:0
FNH:0
DA:5,1
DA:6,1
DA:7,1
DA:8,1
DA:9,1
DA:10,1
DA:11,1
DA:12,1
DA:13,1
DA:15,1
DA:19,1
DA:20,1
DA:23,1
DA:24,1
DA:27,1
DA:28,1
DA:29,1
DA:30,1
DA:34,1
DA:38,1
DA:39,1
DA:40,1
DA:41,1
DA:42,1
DA:43,1
DA:47,1
DA:50,1
DA:51,1
DA:52,1
LF:29
LH:29
BRDA:23,1,0,0
BRDA:23,1,1,1
BRDA:50,2,0,0
BRDA:50,2,1,1
BRF:4
BRH:4
end_of_record
TN:
SF:/Users/walter/dev/school/metrics/express/examples/route-separation/site.js
FN:1,(anonymous_1)
FNF:1
FNH:1
FNDA:1,(anonymous_1)
DA:1,1
DA:2,1
LF:2
LH:2
BRF:0
BRH:0
end_of_record
TN:
SF:/Users/walter/dev/school/metrics/express/examples/route-separation/post.js
FN:9,(anonymous_1)
FNF:1
FNH:1
FNDA:1,(anonymous_1)
DA:3,1
DA:9,1
DA:10,1
LF:3
LH:3
BRF:0
BRH:0
end_of_record
TN:
SF:/Users/walter/dev/school/metrics/express/examples/route-separation/user.js
FN:8,(anonymous_1)
FN:12,(anonymous_2)
FN:24,(anonymous_3)
FN:31,(anonymous_4)
FN:38,(anonymous_5)
FNF:5
FNH:5
FNDA:1,(anonymous_1)
FNDA:9,(anonymous_2)
FNDA:4,(anonymous_3)
FNDA:1,(anonymous_4)
FNDA:2,(anonymous_5)
DA:3,1
DA:8,1
DA:9,1
DA:12,1
DA:13,9
DA:14,9
DA:15,9
DA:16,7
DA:18,2
DA:19,2
DA:20,2
DA:24,1
DA:25,4
DA:31,1
DA:32,1
DA:38,1
DA:41,2
DA:42,2
DA:43,2
DA:44,2
LF:20
LH:20
BRDA:15,1,0,7
BRDA:15,1,1,2
BRF:2
BRH:2
end_of_record
TN:
SF:/Users/walter/dev/school/metrics/express/examples/vhost/index.js
FN:23,(anonymous_1)
FN:27,(anonymous_2)
FN:35,(anonymous_3)
FNF:3
FNH:3
FNDA:1,(anonymous_1)
FNDA:1,(anonymous_2)
FNDA:2,(anonymous_3)
DA:5,1
DA:6,1
DA:7,1
DA:19,1
DA:21,1
DA:23,1
DA:24,1
DA:27,1
DA:28,1
DA:33,1
DA:35,1
DA:36,2
DA:37,2
DA:42,1
DA:44,1
DA:45,1
DA:48,1
DA:49,1
DA:50,1
LF:19
LH:19
BRDA:21,1,0,0
BRDA:21,1,1,1
BRDA:36,2,0,0
BRDA:36,2,1,2
BRDA:48,3,0,0
BRDA:48,3,1,1
BRF:6
BRH:4
end_of_record
TN:
SF:/Users/walter/dev/school/metrics/express/examples/web-service/index.js
FN:13,error
FN:28,(anonymous_2)
FN:72,(anonymous_3)
FN:76,(anonymous_4)
FN:80,(anonymous_5)
FN:93,(anonymous_6)
FN:103,(anonymous_7)
FNF:7
FNH:7
FNDA:6,error
FNDA:11,(anonymous_2)
FNDA:1,(anonymous_3)
FNDA:1,(anonymous_4)
FNDA:2,(anonymous_5)
FNDA:6,(anonymous_6)
FNDA:2,(anonymous_7)
DA:5,1
DA:7,1
DA:13,1
DA:14,6
DA:15,6
DA:16,6
DA:28,1
DA:29,11
DA:32,11
DA:35,8
DA:38,5
DA:39,5
DA:47,1
DA:51,1
DA:57,1
DA:63,1
DA:72,1
DA:73,1
DA:76,1
DA:77,1
DA:80,1
DA:81,2
DA:82,2
DA:84,2
DA:85,1
DA:93,1
DA:96,6
DA:97,6
DA:103,1
DA:104,2
DA:105,2
DA:109,1
DA:110,1
DA:111,1
LF:34
LH:34
BRDA:32,1,0,3
BRDA:32,1,1,8
BRDA:35,2,0,3
BRDA:35,2,1,5
BRDA:84,3,0,1
BRDA:84,3,1,1
BRDA:96,4,0,6
BRDA:96,4,1,0
BRDA:109,5,0,0
BRDA:109,5,1,1
BRF:10
BRH:9
end_of_record
