TN:
SF:/Users/walter/dev/school/metrics/express/index.js
FNF:0
FNH:0
DA:2,1
LF:1
LH:1
BRF:0
BRH:0
end_of_record
TN:
SF:/Users/walter/dev/school/metrics/express/lib/express.js
FN:26,createApplication
FN:27,(anonymous_2)
FN:86,(anonymous_3)
FN:88,(anonymous_4)
FNF:4
FNH:4
FNDA:513,createApplication
FNDA:535,(anonymous_2)
FNDA:19,(anonymous_3)
FNDA:1,(anonymous_4)
DA:5,1
DA:6,1
DA:7,1
DA:8,1
DA:9,1
DA:10,1
DA:11,1
DA:17,1
DA:26,1
DA:27,513
DA:28,535
DA:31,513
DA:32,513
DA:34,513
DA:35,513
DA:36,513
DA:37,513
DA:44,1
DA:45,1
DA:46,1
DA:52,1
DA:53,1
DA:59,1
DA:60,1
DA:66,1
DA:87,19
DA:89,1
LF:27
LH:27
BRF:0
BRH:0
end_of_record
TN:
SF:/Users/walter/dev/school/metrics/express/lib/application.js
FN:38,(anonymous_1)
FN:51,(anonymous_2)
FN:64,(anonymous_3)
FN:90,(anonymous_4)
FN:104,(anonymous_5)
FN:125,(anonymous_6)
FN:154,use
FN:175,(anonymous_8)
FN:186,mounted_app
FN:188,(anonymous_10)
FN:212,(anonymous_11)
FN:251,(anonymous_12)
FN:270,(anonymous_13)
FN:275,(anonymous_14)
FN:300,(anonymous_15)
FN:342,(anonymous_16)
FN:363,(anonymous_17)
FN:382,(anonymous_18)
FN:394,(anonymous_19)
FN:406,(anonymous_20)
FN:414,(anonymous_21)
FN:415,(anonymous_22)
FN:436,(anonymous_23)
FN:441,(anonymous_24)
FN:469,(anonymous_25)
FN:544,(anonymous_26)
FN:556,logerror
FNF:27
FNH:27
FNDA:513,(anonymous_1)
FNDA:513,(anonymous_2)
FNDA:22,(anonymous_3)
FNDA:1,(anonymous_4)
FNDA:588,(anonymous_5)
FNDA:583,(anonymous_6)
FNDA:347,use
FNDA:353,(anonymous_8)
FNDA:48,mounted_app
FNDA:30,(anonymous_10)
FNDA:4,(anonymous_11)
FNDA:7,(anonymous_12)
FNDA:22,(anonymous_13)
FNDA:4,(anonymous_14)
FNDA:9587,(anonymous_15)
FNDA:6,(anonymous_16)
FNDA:1556,(anonymous_17)
FNDA:2,(anonymous_18)
FNDA:545,(anonymous_19)
FNDA:3,(anonymous_20)
FNDA:26,(anonymous_21)
FNDA:1921,(anonymous_22)
FNDA:5,(anonymous_23)
FNDA:130,(anonymous_24)
FNDA:63,(anonymous_25)
FNDA:2,(anonymous_26)
FNDA:18,logerror
DA:5,1
DA:6,1
DA:7,1
DA:8,1
DA:9,1
DA:10,1
DA:11,1
DA:12,1
DA:13,1
DA:14,1
DA:15,1
DA:16,1
DA:17,1
DA:18,1
DA:19,1
DA:20,1
DA:26,1
DA:38,1
DA:39,513
DA:40,513
DA:41,513
DA:42,513
DA:51,1
DA:53,513
DA:54,513
DA:55,513
DA:56,513
DA:57,513
DA:58,513
DA:59,513
DA:61,513
DA:64,513
DA:65,22
DA:66,22
DA:67,22
DA:68,22
DA:72,513
DA:75,513
DA:78,513
DA:81,513
DA:82,513
DA:83,513
DA:85,513
DA:86,1
DA:89,513
DA:91,1
DA:104,1
DA:105,588
DA:106,455
DA:111,455
DA:112,455
DA:125,1
DA:126,583
DA:129,583
DA:135,583
DA:136,2
DA:137,2
DA:138,2
DA:141,581
DA:154,1
DA:155,347
DA:156,347
DA:157,347
DA:160,347
DA:161,32
DA:162,32
DA:165,347
DA:167,347
DA:168,1
DA:172,346
DA:173,346
DA:175,346
DA:177,353
DA:178,331
DA:181,22
DA:182,22
DA:183,22
DA:186,22
DA:187,48
DA:188,48
DA:189,30
DA:190,30
DA:191,30
DA:196,22
DA:199,346
DA:212,1
DA:213,4
DA:214,4
DA:251,1
DA:252,7
DA:253,6
DA:254,6
DA:255,6
DA:270,1
DA:271,22
DA:272,22
DA:274,22
DA:275,2
DA:276,4
DA:278,2
DA:281,20
DA:282,19
DA:300,1
DA:301,9587
DA:303,3268
DA:307,6319
DA:310,6319
DA:312,526
DA:313,526
DA:314,525
DA:316,519
DA:317,519
DA:318,518
DA:320,532
DA:321,532
DA:322,532
DA:325,6317
DA:342,1
DA:343,6
DA:363,1
DA:364,1556
DA:382,1
DA:383,2
DA:394,1
DA:395,545
DA:406,1
DA:407,3
DA:414,1
DA:415,26
DA:416,1921
DA:418,211
DA:420,211
DA:421,211
DA:422,185
DA:436,1
DA:437,5
DA:439,5
DA:440,5
DA:441,5
DA:442,130
DA:445,5
DA:450,1
DA:469,1
DA:470,63
DA:471,63
DA:472,63
DA:473,63
DA:476,63
DA:477,18
DA:481,63
DA:484,63
DA:487,63
DA:490,63
DA:495,63
DA:498,63
DA:499,61
DA:505,61
DA:506,2
DA:507,2
DA:508,2
DA:512,59
DA:516,61
DA:517,61
DA:519,1
DA:544,1
DA:545,2
DA:546,2
DA:556,1
DA:557,18
LF:169
LH:169
BRDA:55,1,0,513
BRDA:55,1,1,1
BRDA:85,2,0,1
BRDA:85,2,1,512
BRDA:105,3,0,455
BRDA:105,3,1,133
BRDA:129,4,0,583
BRDA:129,4,1,531
BRDA:135,5,0,2
BRDA:135,5,1,581
BRDA:160,6,0,32
BRDA:160,6,1,315
BRDA:167,7,0,1
BRDA:167,7,1,346
BRDA:177,8,0,331
BRDA:177,8,1,22
BRDA:177,9,0,353
BRDA:177,9,1,353
BRDA:177,9,2,32
BRDA:252,10,0,1
BRDA:252,10,1,6
BRDA:253,11,0,3
BRDA:253,11,1,3
BRDA:274,12,0,2
BRDA:274,12,1,20
BRDA:301,13,0,3268
BRDA:301,13,1,6319
BRDA:310,14,0,526
BRDA:310,14,1,519
BRDA:310,14,2,532
BRDA:343,15,0,3
BRDA:343,15,1,3
BRDA:416,16,0,1710
BRDA:416,16,1,211
BRDA:416,17,0,1921
BRDA:416,17,1,1853
BRDA:476,18,0,18
BRDA:476,18,1,45
BRDA:484,19,0,40
BRDA:484,19,1,23
BRDA:490,20,0,61
BRDA:490,20,1,2
BRDA:495,21,0,4
BRDA:495,21,1,59
BRDA:498,22,0,61
BRDA:498,22,1,2
BRDA:505,23,0,2
BRDA:505,23,1,59
BRDA:512,24,0,2
BRDA:512,24,1,57
BRDA:557,25,0,0
BRDA:557,25,1,18
BRDA:557,26,0,0
BRDA:557,26,1,0
BRF:54
BRH:51
end_of_record
TN:
SF:/Users/walter/dev/school/metrics/express/lib/utils.js
FN:23,etag
FN:45,wetag
FN:66,(anonymous_3)
FN:80,(anonymous_4)
FN:101,(anonymous_5)
FN:115,(anonymous_6)
FN:134,(anonymous_7)
FN:157,acceptParams
FN:181,(anonymous_9)
FN:215,compileQueryParser
FN:250,(anonymous_11)
FN:255,(anonymous_12)
FN:260,(anonymous_13)
FN:280,(anonymous_14)
FN:300,newObject
FNF:15
FNH:15
FNDA:5,etag
FNDA:241,wetag
FNDA:80,(anonymous_3)
FNDA:2044,(anonymous_4)
FNDA:73,(anonymous_5)
FNDA:5,(anonymous_6)
FNDA:13,(anonymous_7)
FNDA:16,acceptParams
FNDA:526,(anonymous_9)
FNDA:519,compileQueryParser
FNDA:532,(anonymous_11)
FNDA:14,(anonymous_12)
FNDA:6,(anonymous_13)
FNDA:261,(anonymous_14)
FNDA:1,newObject
DA:5,1
DA:6,1
DA:7,1
DA:8,1
DA:9,1
DA:10,1
DA:11,1
DA:12,1
DA:23,1
DA:24,5
DA:26,1
DA:29,4
DA:33,4
DA:45,1
DA:46,241
DA:48,4
DA:51,237
DA:54,237
DA:55,237
DA:66,1
DA:67,80
DA:68,56
DA:69,55
DA:80,1
DA:81,2044
DA:82,2044
DA:83,2044
DA:84,2071
DA:85,2
DA:87,2069
DA:90,2044
DA:101,1
DA:102,73
DA:115,1
DA:116,5
DA:118,5
DA:119,15
DA:122,5
DA:134,1
DA:135,13
DA:136,13
DA:137,12
DA:139,12
DA:144,13
DA:157,1
DA:158,16
DA:159,16
DA:161,16
DA:162,9
DA:163,9
DA:164,3
DA:166,6
DA:170,16
DA:181,1
DA:182,526
DA:184,526
DA:185,3
DA:188,523
DA:190,5
DA:191,5
DA:193,2
DA:195,1
DA:196,1
DA:198,514
DA:199,514
DA:201,1
DA:204,522
DA:215,1
DA:216,519
DA:218,519
DA:219,1
DA:222,518
DA:224,1
DA:225,1
DA:227,1
DA:228,1
DA:230,514
DA:231,514
DA:233,1
DA:234,1
DA:236,1
DA:239,517
DA:250,1
DA:251,532
DA:253,531
DA:255,14
DA:258,518
DA:260,6
DA:263,516
DA:265,3
DA:268,516
DA:280,1
DA:281,261
DA:284,261
DA:287,261
DA:290,261
DA:300,1
DA:301,1
LF:98
LH:98
BRDA:24,1,0,1
BRDA:24,1,1,4
BRDA:46,2,0,4
BRDA:46,2,1,237
BRDA:51,3,0,235
BRDA:51,3,1,2
BRDA:67,4,0,24
BRDA:67,4,1,56
BRDA:68,5,0,1
BRDA:68,5,1,55
BRDA:68,6,0,56
BRDA:68,6,1,1
BRDA:69,7,0,1
BRDA:69,7,1,54
BRDA:81,8,0,2044
BRDA:81,8,1,2042
BRDA:84,9,0,2
BRDA:84,9,1,2069
BRDA:102,10,0,16
BRDA:102,10,1,57
BRDA:136,11,0,12
BRDA:136,11,1,1
BRDA:139,12,0,2
BRDA:139,12,1,10
BRDA:163,13,0,3
BRDA:163,13,1,6
BRDA:184,14,0,3
BRDA:184,14,1,523
BRDA:188,15,0,5
BRDA:188,15,1,2
BRDA:188,15,2,1
BRDA:188,15,3,514
BRDA:188,15,4,1
BRDA:218,16,0,1
BRDA:218,16,1,518
BRDA:222,17,0,1
BRDA:222,17,1,1
BRDA:222,17,2,514
BRDA:222,17,3,1
BRDA:222,17,4,1
BRDA:251,18,0,1
BRDA:251,18,1,531
BRDA:253,19,0,13
BRDA:253,19,1,518
BRDA:258,20,0,2
BRDA:258,20,1,516
BRDA:263,21,0,3
BRDA:263,21,1,513
BRDA:268,22,0,516
BRDA:268,22,1,513
BRDA:281,23,0,0
BRDA:281,23,1,261
BRDA:281,24,0,261
BRDA:281,24,1,261
BRF:54
BRH:53
end_of_record
TN:
SF:/Users/walter/dev/school/metrics/express/lib/router/index.js
FN:23,(anonymous_1)
FN:26,router
FN:77,(anonymous_3)
FN:115,(anonymous_4)
FN:146,(anonymous_5)
FN:160,next
FN:182,(anonymous_7)
FN:221,(anonymous_8)
FN:235,trim_prefix
FN:274,match_layer
FN:297,(anonymous_11)
FN:318,param
FN:362,paramCallback
FN:402,use
FN:419,(anonymous_15)
FN:456,(anonymous_16)
FN:472,(anonymous_17)
FN:473,(anonymous_18)
FN:481,mergeParams
FN:517,restore
FN:526,(anonymous_21)
FN:537,wrap
FN:538,proxy
FNF:23
FNH:23
FNDA:505,(anonymous_1)
FNDA:31,router
FNDA:26,(anonymous_3)
FNDA:656,(anonymous_4)
FNDA:5,(anonymous_5)
FNDA:2357,next
FNDA:2263,(anonymous_7)
FNDA:2026,(anonymous_8)
FNDA:1760,trim_prefix
FNDA:2263,match_layer
FNDA:2026,(anonymous_11)
FNDA:234,param
FNDA:57,paramCallback
FNDA:1299,use
FNDA:1298,(anonymous_15)
FNDA:246,(anonymous_16)
FNDA:27,(anonymous_17)
FNDA:21,(anonymous_18)
FNDA:5,mergeParams
FNDA:656,restore
FNDA:91,(anonymous_21)
FNDA:8,wrap
FNDA:5,proxy
DA:5,1
DA:6,1
DA:7,1
DA:8,1
DA:9,1
DA:10,1
DA:11,1
DA:12,1
DA:13,1
DA:23,1
DA:24,505
DA:26,1
DA:27,31
DA:31,505
DA:33,505
DA:34,505
DA:35,505
DA:36,505
DA:37,505
DA:38,505
DA:40,505
DA:77,1
DA:79,26
DA:80,1
DA:81,1
DA:85,25
DA:86,25
DA:87,25
DA:89,25
DA:90,2
DA:93,25
DA:94,1
DA:95,1
DA:101,25
DA:102,1
DA:105,24
DA:106,24
DA:115,1
DA:116,656
DA:118,656
DA:120,656
DA:121,656
DA:122,656
DA:123,656
DA:124,656
DA:125,656
DA:126,656
DA:127,656
DA:131,656
DA:134,656
DA:137,656
DA:138,656
DA:139,656
DA:142,656
DA:145,656
DA:146,8
DA:147,5
DA:149,3
DA:150,3
DA:155,656
DA:156,656
DA:158,656
DA:160,1
DA:161,2357
DA:165,2357
DA:167,2357
DA:168,7
DA:169,7
DA:172,2357
DA:173,36
DA:174,36
DA:175,36
DA:178,2357
DA:179,94
DA:182,2263
DA:183,2263
DA:184,206
DA:188,2057
DA:191,2057
DA:193,297
DA:194,7
DA:197,290
DA:198,290
DA:201,290
DA:202,5
DA:206,290
DA:207,24
DA:211,266
DA:215,2026
DA:218,2026
DA:221,2026
DA:222,2026
DA:223,8
DA:226,2018
DA:227,258
DA:230,1760
DA:235,1
DA:236,1760
DA:237,1760
DA:241,1760
DA:242,65
DA:243,65
DA:244,65
DA:247,65
DA:248,20
DA:249,20
DA:253,65
DA:258,1760
DA:260,1760
DA:261,39
DA:263,1721
DA:274,1
DA:275,2263
DA:276,2263
DA:278,2263
DA:279,2263
DA:281,2263
DA:282,205
DA:285,1
DA:288,2263
DA:297,1
DA:298,2026
DA:301,2026
DA:304,2026
DA:305,1916
DA:308,110
DA:309,110
DA:310,110
DA:311,110
DA:312,110
DA:313,110
DA:314,110
DA:318,1
DA:319,234
DA:320,8
DA:323,226
DA:324,102
DA:327,124
DA:328,124
DA:330,124
DA:331,0
DA:334,124
DA:335,124
DA:336,124
DA:337,124
DA:339,124
DA:340,90
DA:344,34
DA:346,6
DA:349,6
DA:352,28
DA:358,28
DA:362,1
DA:363,57
DA:366,57
DA:368,57
DA:370,7
DA:371,7
DA:372,7
DA:375,50
DA:377,29
DA:378,29
DA:380,2
DA:384,110
DA:402,1
DA:403,1299
DA:404,1299
DA:405,1299
DA:408,1299
DA:409,376
DA:410,376
DA:413,1299
DA:415,1299
DA:416,1
DA:419,1298
DA:420,1298
DA:421,1
DA:422,1
DA:423,1
DA:427,1297
DA:429,1297
DA:435,1297
DA:437,1297
DA:440,1297
DA:456,1
DA:457,246
DA:459,246
DA:465,246
DA:467,246
DA:468,246
DA:472,1
DA:473,27
DA:474,21
DA:475,21
DA:476,21
DA:481,1
DA:482,5
DA:483,1
DA:487,4
DA:490,4
DA:491,2
DA:494,2
DA:495,2
DA:498,2
DA:499,4
DA:500,4
DA:504,2
DA:505,3
DA:508,3
DA:509,2
DA:513,2
DA:517,1
DA:518,656
DA:519,656
DA:521,656
DA:522,1968
DA:523,1968
DA:526,656
DA:528,91
DA:529,273
DA:532,91
DA:537,1
DA:538,8
DA:539,5
DA:541,5
DA:542,5
DA:543,5
DA:546,5
LF:228
LH:227
BRDA:24,1,0,505
BRDA:24,1,1,45
BRDA:79,2,0,1
BRDA:79,2,1,25
BRDA:89,3,0,2
BRDA:89,3,1,23
BRDA:94,4,0,1
BRDA:94,4,1,0
BRDA:101,5,0,1
BRDA:101,5,1,24
BRDA:105,6,0,24
BRDA:105,6,1,23
BRDA:121,7,0,56
BRDA:121,7,1,600
BRDA:123,8,0,4
BRDA:123,8,1,652
BRDA:138,9,0,656
BRDA:138,9,1,629
BRDA:145,10,0,8
BRDA:145,10,1,648
BRDA:147,11,0,2
BRDA:147,11,1,3
BRDA:147,12,0,5
BRDA:147,12,1,5
BRDA:156,13,0,656
BRDA:156,13,1,574
BRDA:161,14,0,4
BRDA:161,14,1,2353
BRDA:167,15,0,7
BRDA:167,15,1,2350
BRDA:172,16,0,36
BRDA:172,16,1,2321
BRDA:178,17,0,94
BRDA:178,17,1,2263
BRDA:183,18,0,206
BRDA:183,18,1,2057
BRDA:183,19,0,2263
BRDA:183,19,1,2262
BRDA:184,20,0,206
BRDA:184,20,1,188
BRDA:191,21,0,297
BRDA:191,21,1,1760
BRDA:193,22,0,7
BRDA:193,22,1,290
BRDA:201,23,0,5
BRDA:201,23,1,285
BRDA:201,24,0,290
BRDA:201,24,1,24
BRDA:206,25,0,24
BRDA:206,25,1,266
BRDA:206,26,0,290
BRDA:206,26,1,24
BRDA:215,27,0,5
BRDA:215,27,1,2021
BRDA:222,28,0,8
BRDA:222,28,1,2018
BRDA:223,29,0,8
BRDA:223,29,1,8
BRDA:226,30,0,258
BRDA:226,30,1,1760
BRDA:237,31,0,0
BRDA:237,31,1,1760
BRDA:237,32,0,1760
BRDA:237,32,1,1740
BRDA:237,32,2,0
BRDA:241,33,0,65
BRDA:241,33,1,1695
BRDA:247,34,0,20
BRDA:247,34,1,45
BRDA:247,35,0,65
BRDA:247,35,1,61
BRDA:253,36,0,1
BRDA:253,36,1,64
BRDA:260,37,0,39
BRDA:260,37,1,1721
BRDA:281,38,0,205
BRDA:281,38,1,2057
BRDA:304,39,0,1916
BRDA:304,39,1,110
BRDA:304,40,0,2026
BRDA:304,40,1,2026
BRDA:319,41,0,8
BRDA:319,41,1,226
BRDA:323,42,0,102
BRDA:323,42,1,124
BRDA:330,43,0,0
BRDA:330,43,1,124
BRDA:339,44,0,90
BRDA:339,44,1,34
BRDA:339,45,0,124
BRDA:339,45,1,119
BRDA:344,46,0,6
BRDA:344,46,1,28
BRDA:344,47,0,34
BRDA:344,47,1,8
BRDA:344,47,2,7
BRDA:368,48,0,7
BRDA:368,48,1,50
BRDA:375,49,0,21
BRDA:375,49,1,29
BRDA:408,50,0,376
BRDA:408,50,1,923
BRDA:415,51,0,1
BRDA:415,51,1,1298
BRDA:420,52,0,1
BRDA:420,52,1,1297
BRDA:427,53,0,1297
BRDA:427,53,1,320
BRDA:482,54,0,1
BRDA:482,54,1,4
BRDA:482,55,0,5
BRDA:482,55,1,4
BRDA:490,56,0,2
BRDA:490,56,1,2
BRDA:490,57,0,4
BRDA:490,57,1,2
BRDA:498,58,0,6
BRDA:498,58,1,2
BRDA:499,59,0,3
BRDA:499,59,1,1
BRDA:500,60,0,3
BRDA:500,60,1,1
BRDA:508,61,0,2
BRDA:508,61,1,1
BRF:124
BRH:120
end_of_record
TN:
SF:/Users/walter/dev/school/metrics/express/lib/router/route.js
FN:23,Route
FN:36,_handles_method
FN:55,(anonymous_3)
FN:56,(anonymous_4)
FN:67,(anonymous_5)
FN:83,next
FN:133,(anonymous_7)
FN:136,(anonymous_8)
FN:153,(anonymous_9)
FN:154,(anonymous_10)
FN:158,(anonymous_11)
FNF:11
FNH:11
FNDA:257,Route
FNDA:290,_handles_method
FNDA:5,(anonymous_3)
FNDA:5,(anonymous_4)
FNDA:294,(anonymous_5)
FNDA:484,next
FNDA:20,(anonymous_7)
FNDA:20,(anonymous_8)
FNDA:26,(anonymous_9)
FNDA:375,(anonymous_10)
FNDA:393,(anonymous_11)
DA:5,1
DA:6,1
DA:7,1
DA:8,1
DA:14,1
DA:23,1
DA:24,257
DA:25,257
DA:26,257
DA:29,257
DA:36,1
DA:37,290
DA:38,27
DA:41,263
DA:43,263
DA:44,1
DA:47,263
DA:55,1
DA:56,5
DA:57,5
DA:67,1
DA:68,294
DA:69,294
DA:70,294
DA:71,0
DA:74,294
DA:75,294
DA:76,3
DA:79,294
DA:81,294
DA:83,1
DA:84,484
DA:85,3
DA:88,481
DA:89,481
DA:90,75
DA:93,406
DA:94,80
DA:97,326
DA:98,11
DA:100,315
DA:133,1
DA:134,20
DA:135,20
DA:136,20
DA:137,20
DA:138,3
DA:139,3
DA:140,3
DA:143,17
DA:144,17
DA:146,17
DA:147,17
DA:150,17
DA:153,1
DA:154,26
DA:155,375
DA:156,375
DA:158,375
DA:159,393
DA:160,26
DA:161,26
DA:162,26
DA:165,367
DA:167,367
DA:168,367
DA:170,367
DA:171,367
DA:173,349
LF:69
LH:68
BRDA:37,1,0,27
BRDA:37,1,1,263
BRDA:43,2,0,1
BRDA:43,2,1,262
BRDA:43,3,0,263
BRDA:43,3,1,3
BRDA:70,4,0,0
BRDA:70,4,1,294
BRDA:75,5,0,3
BRDA:75,5,1,291
BRDA:75,6,0,294
BRDA:75,6,1,5
BRDA:84,7,0,3
BRDA:84,7,1,481
BRDA:84,8,0,484
BRDA:84,8,1,30
BRDA:89,9,0,75
BRDA:89,9,1,406
BRDA:93,10,0,80
BRDA:93,10,1,326
BRDA:93,11,0,406
BRDA:93,11,1,341
BRDA:97,12,0,11
BRDA:97,12,1,315
BRDA:137,13,0,3
BRDA:137,13,1,17
BRDA:159,14,0,26
BRDA:159,14,1,367
BRF:28
BRH:27
end_of_record
TN:
SF:/Users/walter/dev/school/metrics/express/lib/router/layer.js
FN:14,Layer
FN:43,handle_error
FN:67,handle
FN:91,match
FN:139,decode_param
FNF:5
FNH:5
FNDA:2311,Layer
FNDA:50,handle_error
FNDA:2294,handle
FNDA:2263,match
FNDA:159,decode_param
DA:5,1
DA:6,1
DA:12,1
DA:14,1
DA:15,2311
DA:16,384
DA:19,1927
DA:20,1927
DA:22,1927
DA:23,1927
DA:24,1927
DA:25,1927
DA:26,1927
DA:28,1927
DA:29,1241
DA:43,1
DA:44,50
DA:46,50
DA:48,15
DA:51,35
DA:52,35
DA:54,2
DA:67,1
DA:68,2294
DA:70,2294
DA:72,6
DA:75,2288
DA:76,2288
DA:78,11
DA:91,1
DA:92,2263
DA:94,1695
DA:95,1695
DA:96,1695
DA:99,568
DA:101,568
DA:102,205
DA:103,205
DA:104,205
DA:108,363
DA:109,363
DA:111,363
DA:112,363
DA:113,363
DA:114,363
DA:115,363
DA:117,363
DA:118,159
DA:119,159
DA:121,158
DA:122,135
DA:124,23
DA:128,362
DA:139,1
DA:140,159
DA:141,5
DA:144,154
DA:145,154
DA:147,1
DA:148,1
DA:149,1
LF:61
LH:61
BRDA:15,1,0,384
BRDA:15,1,1,1927
BRDA:20,2,0,1927
BRDA:20,2,1,0
BRDA:23,3,0,1927
BRDA:23,3,1,942
BRDA:28,4,0,1241
BRDA:28,4,1,686
BRDA:28,5,0,1927
BRDA:28,5,1,1686
BRDA:46,6,0,15
BRDA:46,6,1,35
BRDA:70,7,0,6
BRDA:70,7,1,2288
BRDA:92,8,0,1695
BRDA:92,8,1,568
BRDA:101,9,0,205
BRDA:101,9,1,363
BRDA:121,10,0,135
BRDA:121,10,1,23
BRDA:140,11,0,5
BRDA:140,11,1,154
BRF:22
BRH:21
end_of_record
TN:
SF:/Users/walter/dev/school/metrics/express/lib/middleware/init.js
FN:11,(anonymous_1)
FN:12,expressInit
FNF:2
FNH:2
FNDA:455,(anonymous_1)
FNDA:581,expressInit
DA:11,1
DA:12,455
DA:13,581
DA:14,581
DA:15,581
DA:16,581
DA:18,581
DA:19,581
DA:21,581
DA:23,581
LF:10
LH:10
BRDA:13,1,0,581
BRDA:13,1,1,0
BRDA:21,2,0,581
BRDA:21,2,1,530
BRF:4
BRH:3
end_of_record
TN:
SF:/Users/walter/dev/school/metrics/express/lib/middleware/query.js
FN:14,query
FN:22,query
FNF:2
FNH:2
FNDA:455,query
FNDA:581,query
DA:5,1
DA:6,1
DA:14,1
DA:15,455
DA:17,455
DA:18,455
DA:19,455
DA:22,455
DA:23,581
DA:24,530
DA:25,530
DA:28,581
LF:12
LH:12
BRDA:17,1,0,455
BRDA:17,1,1,0
BRDA:23,2,0,530
BRDA:23,2,1,51
BRF:4
BRH:3
end_of_record
TN:
SF:/Users/walter/dev/school/metrics/express/lib/view.js
FN:34,View
FN:55,(anonymous_2)
FN:75,(anonymous_3)
FNF:3
FNH:3
FNDA:55,View
FNDA:55,(anonymous_2)
FNDA:53,(anonymous_3)
DA:5,1
DA:6,1
DA:7,1
DA:8,1
DA:9,1
DA:10,1
DA:11,1
DA:12,1
DA:18,1
DA:34,1
DA:35,55
DA:36,55
DA:37,55
DA:38,55
DA:39,55
DA:40,55
DA:41,55
DA:42,55
DA:43,55
DA:44,55
DA:55,1
DA:56,55
DA:59,55
DA:60,55
DA:63,4
DA:64,4
DA:75,1
DA:76,53
LF:28
LH:28
BRDA:11,1,0,1
BRDA:11,1,1,0
BRDA:35,2,0,55
BRDA:35,2,1,0
BRDA:41,3,0,0
BRDA:41,3,1,55
BRDA:41,4,0,55
BRDA:41,4,1,31
BRDA:42,5,0,31
BRDA:42,5,1,24
BRDA:42,6,0,30
BRDA:42,6,1,1
BRDA:43,7,0,55
BRDA:43,7,1,32
BRDA:59,8,0,51
BRDA:59,8,1,4
BRDA:60,9,0,51
BRDA:60,9,1,4
BRDA:64,10,0,2
BRDA:64,10,1,2
BRF:20
BRH:17
end_of_record
TN:
SF:/Users/walter/dev/school/metrics/express/lib/request.js
FN:47,(anonymous_1)
FN:104,(anonymous_2)
FN:117,(anonymous_3)
FN:134,(anonymous_4)
FN:151,(anonymous_5)
FN:179,(anonymous_6)
FN:202,(anonymous_7)
FN:238,(anonymous_8)
FN:257,protocol
FN:282,secure
FN:296,ip
FN:313,ips
FN:334,subdomains
FN:349,path
FN:364,hostname
FN:387,host
FN:400,(anonymous_17)
FN:424,stale
FN:435,xhr
FN:448,defineGetter
FNF:20
FNH:20
FNDA:66,(anonymous_1)
FNDA:79,(anonymous_2)
FNDA:6,(anonymous_3)
FNDA:6,(anonymous_4)
FNDA:12,(anonymous_5)
FNDA:4,(anonymous_6)
FNDA:5,(anonymous_7)
FNDA:14,(anonymous_8)
FNDA:11,protocol
FNDA:5,secure
FNDA:4,ip
FNDA:4,ips
FNDA:6,subdomains
FNDA:3,path
FNDA:24,hostname
FNDA:9,host
FNDA:273,(anonymous_17)
FNDA:2,stale
FNDA:4,xhr
FNDA:11,defineGetter
DA:5,1
DA:6,1
DA:7,1
DA:8,1
DA:9,1
DA:10,1
DA:11,1
DA:12,1
DA:18,1
DA:46,1
DA:48,66
DA:51,8
DA:54,58
DA:104,1
DA:105,79
DA:106,79
DA:117,1
DA:118,6
DA:119,6
DA:122,1
DA:134,1
DA:135,6
DA:136,6
DA:139,1
DA:151,1
DA:152,12
DA:153,12
DA:156,1
DA:179,1
DA:180,4
DA:181,4
DA:182,3
DA:202,1
DA:203,5
DA:204,5
DA:205,5
DA:206,5
DA:207,4
DA:208,3
DA:209,2
DA:238,1
DA:239,14
DA:240,14
DA:257,1
DA:258,11
DA:261,11
DA:263,11
DA:264,5
DA:269,6
DA:270,6
DA:282,1
DA:283,5
DA:296,1
DA:297,4
DA:298,4
DA:313,1
DA:314,4
DA:315,4
DA:316,4
DA:334,1
DA:335,6
DA:336,6
DA:349,1
DA:350,3
DA:364,1
DA:365,24
DA:366,24
DA:368,24
DA:369,22
DA:372,24
DA:375,21
DA:378,21
DA:380,21
DA:387,1
DA:388,9
DA:400,1
DA:401,273
DA:402,273
DA:405,273
DA:408,255
DA:409,227
DA:412,28
DA:424,1
DA:425,2
DA:435,1
DA:436,4
DA:437,4
DA:448,1
DA:449,11
LF:89
LH:89
BRDA:48,1,0,1
BRDA:48,1,1,8
BRDA:48,1,2,58
BRDA:51,2,0,8
BRDA:51,2,1,7
BRDA:181,3,0,1
BRDA:181,3,1,3
BRDA:203,4,0,5
BRDA:203,4,1,0
BRDA:204,5,0,5
BRDA:204,5,1,4
BRDA:205,6,0,5
BRDA:205,6,1,0
BRDA:206,7,0,1
BRDA:206,7,1,4
BRDA:206,8,0,5
BRDA:206,8,1,1
BRDA:207,9,0,1
BRDA:207,9,1,3
BRDA:208,10,0,1
BRDA:208,10,1,2
BRDA:239,11,0,14
BRDA:239,11,1,0
BRDA:258,12,0,1
BRDA:258,12,1,10
BRDA:263,13,0,5
BRDA:263,13,1,6
BRDA:269,14,0,6
BRDA:269,14,1,2
BRDA:336,15,0,6
BRDA:336,15,1,1
BRDA:368,16,0,22
BRDA:368,16,1,2
BRDA:368,17,0,24
BRDA:368,17,1,6
BRDA:372,18,0,3
BRDA:372,18,1,21
BRDA:375,19,0,4
BRDA:375,19,1,17
BRDA:380,20,0,5
BRDA:380,20,1,16
BRDA:405,21,0,18
BRDA:405,21,1,255
BRDA:405,22,0,273
BRDA:405,22,1,20
BRDA:408,23,0,227
BRDA:408,23,1,28
BRDA:408,24,0,255
BRDA:408,24,1,255
BRDA:408,24,2,29
BRDA:436,25,0,4
BRDA:436,25,1,1
BRF:52
BRH:49
end_of_record
TN:
SF:/Users/walter/dev/school/metrics/express/lib/response.js
FN:41,(anonymous_1)
FN:61,(anonymous_2)
FN:64,(anonymous_3)
FN:82,send
FN:208,json
FN:250,jsonp
FN:347,sendFile
FN:372,onerror
FN:387,onstream
FN:394,cleanup
FN:407,headers
FN:464,(anonymous_12)
FN:482,error
FN:497,stream
FN:504,cleanup
FN:516,headers
FN:548,download
FN:586,(anonymous_18)
FN:649,(anonymous_19)
FN:669,(anonymous_20)
FN:684,(anonymous_21)
FN:709,header
FN:734,(anonymous_23)
FN:747,(anonymous_24)
FN:778,(anonymous_25)
FN:824,(anonymous_26)
FN:853,redirect
FN:875,(anonymous_28)
FN:879,(anonymous_29)
FN:884,(anonymous_30)
FN:909,(anonymous_31)
FN:934,(anonymous_32)
FN:949,(anonymous_33)
FNF:33
FNH:33
FNDA:25,(anonymous_1)
FNDA:3,(anonymous_2)
FNDA:5,(anonymous_3)
FNDA:327,send
FNDA:72,json
FNDA:23,jsonp
FNDA:23,sendFile
FNDA:8,onerror
FNDA:12,onstream
FNDA:40,cleanup
FNDA:6,headers
FNDA:22,(anonymous_12)
FNDA:8,error
FNDA:14,stream
FNDA:41,cleanup
FNDA:1,headers
FNDA:8,download
FNDA:157,(anonymous_18)
FNDA:65,(anonymous_19)
FNDA:15,(anonymous_20)
FNDA:5,(anonymous_21)
FNDA:1209,header
FNDA:938,(anonymous_23)
FNDA:3,(anonymous_24)
FNDA:18,(anonymous_25)
FNDA:29,(anonymous_26)
FNDA:28,redirect
FNDA:25,(anonymous_28)
FNDA:2,(anonymous_29)
FNDA:1,(anonymous_30)
FNDA:74,(anonymous_31)
FNDA:40,(anonymous_32)
FNDA:37,(anonymous_33)
DA:5,1
DA:6,1
DA:7,1
DA:8,1
DA:9,1
DA:10,1
DA:11,1
DA:12,1
DA:13,1
DA:14,1
DA:15,1
DA:16,1
DA:17,1
DA:18,1
DA:19,1
DA:20,1
DA:21,1
DA:22,1
DA:23,1
DA:29,1
DA:41,1
DA:42,25
DA:43,25
DA:61,1
DA:62,3
DA:63,3
DA:64,3
DA:65,5
DA:82,1
DA:83,327
DA:84,327
DA:85,327
DA:86,327
DA:87,327
DA:90,327
DA:93,327
DA:95,8
DA:96,1
DA:97,1
DA:99,7
DA:100,7
DA:101,7
DA:106,327
DA:108,4
DA:109,4
DA:112,4
DA:113,4
DA:114,4
DA:117,327
DA:120,261
DA:121,137
DA:123,261
DA:127,64
DA:128,1
DA:129,63
DA:130,5
DA:131,2
DA:134,58
DA:136,6
DA:140,269
DA:141,262
DA:142,262
DA:145,262
DA:146,261
DA:151,269
DA:152,267
DA:154,262
DA:155,262
DA:158,267
DA:159,267
DA:163,269
DA:166,269
DA:167,249
DA:168,249
DA:169,240
DA:170,240
DA:175,269
DA:178,269
DA:179,7
DA:180,7
DA:181,7
DA:182,7
DA:186,269
DA:187,2
DA:191,269
DA:193,269
DA:208,1
DA:209,72
DA:212,72
DA:214,3
DA:215,2
DA:216,2
DA:218,1
DA:219,1
DA:220,1
DA:225,72
DA:226,72
DA:227,72
DA:228,72
DA:231,72
DA:232,59
DA:235,72
DA:250,1
DA:251,23
DA:254,23
DA:256,3
DA:257,2
DA:258,2
DA:260,1
DA:261,1
DA:262,1
DA:267,23
DA:268,23
DA:269,23
DA:270,23
DA:271,23
DA:274,23
DA:275,20
DA:276,20
DA:280,23
DA:281,1
DA:285,23
DA:286,8
DA:287,8
DA:288,8
DA:291,8
DA:294,8
DA:300,8
DA:303,23
DA:347,1
DA:348,23
DA:349,23
DA:350,23
DA:352,23
DA:353,1
DA:357,22
DA:358,2
DA:359,2
DA:362,22
DA:364,22
DA:365,1
DA:369,21
DA:372,1
DA:373,8
DA:374,8
DA:377,8
DA:380,8
DA:383,4
DA:387,1
DA:388,12
DA:389,12
DA:390,12
DA:394,1
DA:395,40
DA:399,21
DA:400,21
DA:401,21
DA:402,21
DA:403,21
DA:405,21
DA:407,10
DA:408,6
DA:409,6
DA:411,6
DA:412,7
DA:413,7
DA:419,21
DA:420,21
DA:464,1
DA:465,22
DA:466,22
DA:467,22
DA:468,22
DA:469,22
DA:473,22
DA:474,4
DA:475,4
DA:479,22
DA:482,1
DA:483,8
DA:484,8
DA:487,8
DA:490,8
DA:493,5
DA:497,1
DA:498,14
DA:499,13
DA:500,13
DA:504,1
DA:505,41
DA:509,22
DA:510,22
DA:511,22
DA:512,22
DA:514,22
DA:516,2
DA:517,1
DA:518,1
DA:520,1
DA:521,2
DA:522,2
DA:528,22
DA:529,22
DA:532,1
DA:548,1
DA:550,8
DA:551,5
DA:552,5
DA:555,8
DA:558,8
DA:563,8
DA:565,8
DA:585,1
DA:587,157
DA:649,1
DA:650,65
DA:651,65
DA:653,65
DA:654,65
DA:655,65
DA:657,65
DA:659,65
DA:661,65
DA:662,58
DA:663,58
DA:664,7
DA:665,2
DA:667,5
DA:668,5
DA:669,15
DA:670,5
DA:673,65
DA:684,1
DA:685,5
DA:686,5
DA:687,5
DA:708,1
DA:710,1209
DA:711,1207
DA:712,1203
DA:713,1207
DA:714,304
DA:715,304
DA:717,1207
DA:719,2
DA:720,3
DA:723,1209
DA:734,1
DA:735,938
DA:747,1
DA:748,3
DA:749,3
DA:778,1
DA:779,18
DA:780,18
DA:781,18
DA:782,18
DA:783,18
DA:784,18
DA:785,18
DA:786,18
DA:787,6
DA:788,6
DA:790,18
DA:791,18
DA:794,18
DA:795,18
DA:796,2
DA:797,1
DA:799,1
DA:802,18
DA:803,18
DA:824,1
DA:825,29
DA:828,29
DA:831,29
DA:832,29
DA:853,1
DA:854,28
DA:855,28
DA:856,28
DA:859,28
DA:860,2
DA:861,1
DA:862,1
DA:864,1
DA:865,1
DA:870,28
DA:871,28
DA:874,28
DA:876,25
DA:880,2
DA:881,2
DA:885,1
DA:890,28
DA:891,28
DA:893,28
DA:894,1
DA:897,28
DA:909,1
DA:911,74
DA:912,2
DA:913,2
DA:916,72
DA:918,72
DA:934,1
DA:935,40
DA:936,40
DA:937,40
DA:938,40
DA:941,40
DA:942,2
DA:946,40
DA:949,40
DA:950,37
DA:951,35
DA:955,40
LF:317
LH:317
BRDA:62,1,0,3
BRDA:62,1,1,2
BRDA:63,2,0,1
BRDA:63,2,1,2
BRDA:93,3,0,8
BRDA:93,3,1,319
BRDA:95,4,0,1
BRDA:95,4,1,7
BRDA:95,5,0,8
BRDA:95,5,1,1
BRDA:106,6,0,4
BRDA:106,6,1,323
BRDA:106,7,0,327
BRDA:106,7,1,5
BRDA:108,8,0,4
BRDA:108,8,1,0
BRDA:117,9,0,261
BRDA:117,9,1,4
BRDA:117,9,2,5
BRDA:117,9,3,64
BRDA:120,10,0,137
BRDA:120,10,1,124
BRDA:127,11,0,1
BRDA:127,11,1,63
BRDA:129,12,0,5
BRDA:129,12,1,58
BRDA:130,13,0,2
BRDA:130,13,1,3
BRDA:140,14,0,262
BRDA:140,14,1,7
BRDA:145,15,0,261
BRDA:145,15,1,1
BRDA:151,16,0,267
BRDA:151,16,1,2
BRDA:152,17,0,262
BRDA:152,17,1,5
BRDA:166,18,0,249
BRDA:166,18,1,20
BRDA:166,19,0,269
BRDA:166,19,1,267
BRDA:166,19,2,265
BRDA:168,20,0,240
BRDA:168,20,1,9
BRDA:168,21,0,249
BRDA:168,21,1,247
BRDA:170,22,0,240
BRDA:170,22,1,239
BRDA:175,23,0,4
BRDA:175,23,1,265
BRDA:178,24,0,7
BRDA:178,24,1,262
BRDA:178,25,0,269
BRDA:178,25,1,267
BRDA:186,26,0,2
BRDA:186,26,1,267
BRDA:212,27,0,3
BRDA:212,27,1,69
BRDA:214,28,0,2
BRDA:214,28,1,1
BRDA:231,29,0,59
BRDA:231,29,1,13
BRDA:254,30,0,3
BRDA:254,30,1,20
BRDA:256,31,0,2
BRDA:256,31,1,1
BRDA:274,32,0,20
BRDA:274,32,1,3
BRDA:280,33,0,1
BRDA:280,33,1,22
BRDA:285,34,0,8
BRDA:285,34,1,15
BRDA:285,35,0,23
BRDA:285,35,1,8
BRDA:352,36,0,1
BRDA:352,36,1,22
BRDA:357,37,0,2
BRDA:357,37,1,20
BRDA:362,38,0,22
BRDA:362,38,1,7
BRDA:364,39,0,1
BRDA:364,39,1,21
BRDA:364,40,0,22
BRDA:364,40,1,20
BRDA:373,41,0,0
BRDA:373,41,1,8
BRDA:380,42,0,4
BRDA:380,42,1,4
BRDA:388,43,0,0
BRDA:388,43,1,12
BRDA:390,44,0,4
BRDA:390,44,1,8
BRDA:405,45,0,10
BRDA:405,45,1,11
BRDA:465,46,0,22
BRDA:465,46,1,11
BRDA:473,47,0,4
BRDA:473,47,1,18
BRDA:483,48,0,0
BRDA:483,48,1,8
BRDA:490,49,0,3
BRDA:490,49,1,5
BRDA:498,50,0,1
BRDA:498,50,1,13
BRDA:500,51,0,1
BRDA:500,51,1,12
BRDA:514,52,0,2
BRDA:514,52,1,20
BRDA:550,53,0,5
BRDA:550,53,1,3
BRDA:555,54,0,8
BRDA:555,54,1,6
BRDA:587,55,0,6
BRDA:587,55,1,151
BRDA:654,56,0,29
BRDA:654,56,1,36
BRDA:661,57,0,58
BRDA:661,57,1,7
BRDA:664,58,0,2
BRDA:664,58,1,5
BRDA:685,59,0,4
BRDA:685,59,1,1
BRDA:710,60,0,1207
BRDA:710,60,1,2
BRDA:711,61,0,4
BRDA:711,61,1,1203
BRDA:713,62,0,304
BRDA:713,62,1,903
BRDA:713,63,0,1207
BRDA:713,63,1,569
BRDA:715,64,0,201
BRDA:715,64,1,103
BRDA:749,65,0,1
BRDA:749,65,1,2
BRDA:782,66,0,0
BRDA:782,66,1,18
BRDA:782,67,0,18
BRDA:782,67,1,3
BRDA:783,68,0,4
BRDA:783,68,1,14
BRDA:784,69,0,3
BRDA:784,69,1,15
BRDA:785,70,0,3
BRDA:785,70,1,15
BRDA:786,71,0,6
BRDA:786,71,1,12
BRDA:790,72,0,15
BRDA:790,72,1,3
BRDA:795,73,0,2
BRDA:795,73,1,16
BRDA:796,74,0,1
BRDA:796,74,1,1
BRDA:828,75,0,7
BRDA:828,75,1,22
BRDA:828,76,0,7
BRDA:828,76,1,7
BRDA:859,77,0,2
BRDA:859,77,1,26
BRDA:860,78,0,1
BRDA:860,78,1,1
BRDA:893,79,0,1
BRDA:893,79,1,27
BRDA:911,80,0,2
BRDA:911,80,1,72
BRDA:911,81,0,74
BRDA:911,81,1,73
BRDA:911,81,2,2
BRDA:935,82,0,40
BRDA:935,82,1,13
BRDA:941,83,0,2
BRDA:941,83,1,38
BRDA:949,84,0,40
BRDA:949,84,1,37
BRDA:950,85,0,2
BRDA:950,85,1,35
BRF:174
BRH:169
end_of_record
TN:
SF:/Users/walter/dev/school/metrics/express/examples/auth/app.js
FN:28,(anonymous_1)
FN:48,(anonymous_2)
FN:58,authenticate
FN:66,(anonymous_4)
FN:73,restrict
FN:82,(anonymous_6)
FN:86,(anonymous_7)
FN:90,(anonymous_8)
FN:93,(anonymous_9)
FN:98,(anonymous_10)
FN:102,(anonymous_11)
FN:103,(anonymous_12)
FN:107,(anonymous_13)
FNF:13
FNH:13
FNDA:11,(anonymous_1)
FNDA:1,(anonymous_2)
FNDA:5,authenticate
FNDA:3,(anonymous_4)
FNDA:2,restrict
FNDA:1,(anonymous_6)
FNDA:1,(anonymous_7)
FNDA:1,(anonymous_8)
FNDA:1,(anonymous_9)
FNDA:2,(anonymous_10)
FNDA:5,(anonymous_11)
FNDA:5,(anonymous_12)
FNDA:2,(anonymous_13)
DA:5,1
DA:6,1
DA:7,1
DA:8,1
DA:10,1
DA:14,1
DA:15,1
DA:19,1
DA:20,1
DA:28,1
DA:29,11
DA:30,11
DA:31,11
DA:32,11
DA:33,11
DA:34,11
DA:35,11
DA:36,11
DA:41,1
DA:48,1
DA:49,1
DA:51,1
DA:52,1
DA:58,1
DA:59,5
DA:60,5
DA:62,5
DA:66,3
DA:67,3
DA:68,3
DA:69,1
DA:73,1
DA:74,2
DA:75,1
DA:77,1
DA:78,1
DA:82,1
DA:83,1
DA:86,1
DA:87,1
DA:90,1
DA:93,1
DA:94,1
DA:98,1
DA:99,2
DA:102,1
DA:103,5
DA:104,5
DA:107,2
DA:111,2
DA:112,2
DA:115,2
DA:118,3
DA:121,3
DA:127,1
DA:128,1
DA:129,1
LF:57
LH:57
BRDA:34,1,0,1
BRDA:34,1,1,10
BRDA:35,2,0,1
BRDA:35,2,1,10
BRDA:49,3,0,0
BRDA:49,3,1,1
BRDA:59,4,0,0
BRDA:59,4,1,5
BRDA:62,5,0,2
BRDA:62,5,1,3
BRDA:67,6,0,0
BRDA:67,6,1,3
BRDA:68,7,0,2
BRDA:68,7,1,1
BRDA:74,8,0,1
BRDA:74,8,1,1
BRDA:104,9,0,2
BRDA:104,9,1,3
BRDA:127,10,0,0
BRDA:127,10,1,1
BRF:20
BRH:17
end_of_record
TN:
SF:/Users/walter/dev/school/metrics/express/examples/auth/pass.js
FN:32,(anonymous_1)
FN:34,(anonymous_2)
FN:39,(anonymous_3)
FN:42,(anonymous_4)
FNF:4
FNH:4
FNDA:4,(anonymous_1)
FNDA:3,(anonymous_2)
FNDA:1,(anonymous_3)
FNDA:1,(anonymous_4)
DA:8,1
DA:14,1
DA:20,1
DA:32,1
DA:33,4
DA:34,3
DA:35,3
DA:38,1
DA:39,1
DA:40,1
DA:41,1
DA:42,1
DA:43,1
DA:44,1
LF:14
LH:14
BRDA:33,1,0,3
BRDA:33,1,1,1
BRDA:40,2,0,0
BRDA:40,2,1,1
BRDA:43,3,0,0
BRDA:43,3,1,1
BRF:6
BRH:4
end_of_record
TN:
SF:/Users/walter/dev/school/metrics/express/examples/content-negotiation/index.js
FN:7,(anonymous_1)
FN:9,(anonymous_2)
FN:10,(anonymous_3)
FN:15,(anonymous_4)
FN:16,(anonymous_5)
FN:21,(anonymous_6)
FN:31,format
FN:33,(anonymous_8)
FNF:8
FNH:8
FNDA:3,(anonymous_1)
FNDA:1,(anonymous_2)
FNDA:3,(anonymous_3)
FNDA:1,(anonymous_4)
FNDA:3,(anonymous_5)
FNDA:1,(anonymous_6)
FNDA:1,format
FNDA:3,(anonymous_8)
DA:1,1
DA:2,1
DA:3,1
DA:7,1
DA:8,3
DA:10,1
DA:11,3
DA:16,1
DA:17,3
DA:22,1
DA:31,1
DA:32,1
DA:33,1
DA:34,3
DA:38,1
DA:41,1
DA:42,1
DA:43,1
LF:18
LH:18
BRDA:41,1,0,0
BRDA:41,1,1,1
BRF:2
BRH:2
end_of_record
TN:
SF:/Users/walter/dev/school/metrics/express/examples/content-negotiation/db.js
FNF:0
FNH:0
DA:1,1
DA:3,1
DA:4,1
DA:5,1
DA:7,1
LF:5
LH:5
BRF:0
BRH:0
end_of_record
TN:
SF:/Users/walter/dev/school/metrics/express/examples/content-negotiation/users.js
FN:4,(anonymous_1)
FN:5,(anonymous_2)
FN:10,(anonymous_3)
FN:11,(anonymous_4)
FN:16,(anonymous_5)
FNF:5
FNH:5
FNDA:1,(anonymous_1)
FNDA:3,(anonymous_2)
FNDA:1,(anonymous_3)
FNDA:3,(anonymous_4)
FNDA:1,(anonymous_5)
DA:2,1
DA:4,1
DA:5,1
DA:6,3
DA:10,1
DA:11,1
DA:12,3
DA:16,1
DA:17,1
LF:9
LH:9
BRF:0
BRH:0
end_of_record
TN:
SF:/Users/walter/dev/school/metrics/express/examples/cookies/app.js
FN:23,(anonymous_1)
FN:33,(anonymous_2)
FN:38,(anonymous_3)
FNF:3
FNH:3
FNDA:3,(anonymous_1)
FNDA:1,(anonymous_2)
FNDA:4,(anonymous_3)
DA:5,1
DA:6,1
DA:7,1
DA:8,1
DA:9,1
DA:12,1
DA:18,1
DA:21,1
DA:23,1
DA:24,3
DA:25,1
DA:27,2
DA:33,1
DA:34,1
DA:35,1
DA:38,1
DA:39,4
DA:40,4
DA:41,4
DA:45,1
DA:46,1
DA:47,1
LF:22
LH:22
BRDA:12,1,0,0
BRDA:12,1,1,1
BRDA:24,2,0,1
BRDA:24,2,1,2
BRDA:40,3,0,3
BRDA:40,3,1,1
BRDA:45,4,0,0
BRDA:45,4,1,1
BRF:8
BRH:7
end_of_record
TN:
SF:/Users/walter/dev/school/metrics/express/examples/downloads/app.js
FN:8,(anonymous_1)
FN:19,(anonymous_2)
FN:23,(anonymous_3)
FNF:3
FNH:3
FNDA:1,(anonymous_1)
FNDA:2,(anonymous_2)
FNDA:2,(anonymous_3)
DA:5,1
DA:6,1
DA:8,1
DA:9,1
DA:19,1
DA:20,2
DA:21,2
DA:23,2
DA:24,2
DA:25,1
DA:27,1
DA:28,1
DA:33,1
DA:34,1
DA:35,1
LF:15
LH:15
BRDA:24,1,0,1
BRDA:24,1,1,1
BRDA:25,2,0,0
BRDA:25,2,1,1
BRDA:25,3,0,1
BRDA:25,3,1,1
BRDA:33,4,0,0
BRDA:33,4,1,1
BRF:8
BRH:7
end_of_record
TN:
SF:/Users/walter/dev/school/metrics/express/examples/ejs/index.js
FN:38,(anonymous_1)
FNF:1
FNH:1
FNDA:1,(anonymous_1)
DA:5,1
DA:7,1
DA:20,1
DA:24,1
DA:29,1
DA:32,1
DA:38,1
DA:39,1
DA:47,1
DA:48,1
DA:49,1
LF:11
LH:11
BRDA:47,1,0,0
BRDA:47,1,1,1
BRF:2
BRH:2
end_of_record
TN:
SF:/Users/walter/dev/school/metrics/express/examples/error-pages/index.js
FN:27,(anonymous_1)
FN:31,(anonymous_2)
FN:38,(anonymous_3)
FN:45,(anonymous_4)
FN:60,(anonymous_5)
FN:91,(anonymous_6)
FNF:6
FNH:6
FNDA:1,(anonymous_1)
FNDA:3,(anonymous_2)
FNDA:3,(anonymous_3)
FNDA:3,(anonymous_4)
FNDA:3,(anonymous_5)
FNDA:6,(anonymous_6)
DA:5,1
DA:6,1
DA:7,1
DA:8,1
DA:11,1
DA:12,1
DA:17,1
DA:21,1
DA:23,1
DA:27,1
DA:28,1
DA:31,1
DA:35,3
DA:38,1
DA:40,3
DA:41,3
DA:42,3
DA:45,1
DA:47,3
DA:60,1
DA:61,3
DA:64,3
DA:65,1
DA:66,1
DA:70,2
DA:71,1
DA:72,1
DA:76,1
DA:91,1
DA:95,6
DA:96,6
DA:101,1
DA:102,1
DA:103,1
LF:34
LH:34
BRDA:21,1,0,0
BRDA:21,1,1,1
BRDA:23,2,0,1
BRDA:23,2,1,0
BRDA:64,3,0,1
BRDA:64,3,1,2
BRDA:70,4,0,1
BRDA:70,4,1,1
BRDA:95,5,0,6
BRDA:95,5,1,3
BRDA:101,6,0,0
BRDA:101,6,1,1
BRF:12
BRH:10
end_of_record
TN:
SF:/Users/walter/dev/school/metrics/express/examples/error/index.js
FN:18,error
FN:27,(anonymous_2)
FN:32,(anonymous_3)
FN:34,(anonymous_4)
FNF:4
FNH:4
FNDA:2,error
FNDA:1,(anonymous_2)
FNDA:1,(anonymous_3)
FNDA:1,(anonymous_4)
DA:5,1
DA:6,1
DA:7,1
DA:8,1
DA:10,1
DA:18,1
DA:20,2
DA:23,2
DA:24,2
DA:27,1
DA:29,1
DA:32,1
DA:34,1
DA:35,1
DA:42,1
DA:45,1
DA:46,1
DA:47,1
LF:18
LH:18
BRDA:10,1,0,0
BRDA:10,1,1,1
BRDA:20,2,0,0
BRDA:20,2,1,2
BRDA:45,3,0,0
BRDA:45,3,1,1
BRF:6
BRH:4
end_of_record
TN:
SF:/Users/walter/dev/school/metrics/express/examples/markdown/index.js
FN:13,(anonymous_1)
FN:14,(anonymous_2)
FN:18,(anonymous_3)
FN:33,(anonymous_4)
FN:37,(anonymous_5)
FNF:5
FNH:5
FNDA:1,(anonymous_1)
FNDA:1,(anonymous_2)
FNDA:1,(anonymous_3)
FNDA:1,(anonymous_4)
FNDA:1,(anonymous_5)
DA:5,1
DA:6,1
DA:7,1
DA:9,1
DA:13,1
DA:14,1
DA:15,1
DA:16,1
DA:17,1
DA:18,1
DA:19,1
DA:21,1
DA:23,0
DA:28,1
DA:31,1
DA:33,1
DA:34,1
DA:37,1
DA:38,1
DA:42,1
DA:43,1
DA:44,1
LF:22
LH:21
BRDA:15,1,0,0
BRDA:15,1,1,1
BRDA:19,2,0,1
BRDA:19,2,1,0
BRDA:42,3,0,0
BRDA:42,3,1,1
BRF:6
BRH:4
end_of_record
TN:
SF:/Users/walter/dev/school/metrics/express/examples/mvc/index.js
FN:24,(anonymous_1)
FN:53,(anonymous_2)
FN:78,(anonymous_3)
FN:87,(anonymous_4)
FNF:4
FNH:4
FNDA:3,(anonymous_1)
FNDA:15,(anonymous_2)
FNDA:1,(anonymous_3)
FNDA:1,(anonymous_4)
DA:5,1
DA:6,1
DA:7,1
DA:8,1
DA:9,1
DA:11,1
DA:17,1
DA:20,1
DA:24,1
DA:26,3
DA:28,3
DA:29,3
DA:30,3
DA:34,1
DA:37,1
DA:40,1
DA:47,1
DA:50,1
DA:53,1
DA:54,15
DA:57,15
DA:60,15
DA:69,15
DA:72,15
DA:76,1
DA:78,1
DA:80,1
DA:83,1
DA:87,1
DA:88,1
DA:92,1
DA:93,1
DA:94,1
LF:33
LH:33
BRDA:28,1,0,3
BRDA:28,1,1,2
BRDA:34,2,0,0
BRDA:34,2,1,1
BRDA:54,3,0,15
BRDA:54,3,1,15
BRDA:80,4,0,0
BRDA:80,4,1,1
BRDA:92,5,0,0
BRDA:92,5,1,1
BRF:10
BRH:8
end_of_record
TN:
SF:/Users/walter/dev/school/metrics/express/examples/mvc/lib/boot.js
FN:8,(anonymous_1)
FN:10,(anonymous_2)
FNF:2
FNH:2
FNDA:1,(anonymous_1)
FNDA:4,(anonymous_2)
DA:5,1
DA:6,1
DA:8,1
DA:9,1
DA:10,1
DA:11,4
DA:12,4
DA:13,4
DA:14,4
DA:15,4
DA:16,4
DA:17,4
DA:18,4
DA:21,4
DA:22,4
DA:26,4
DA:28,13
DA:30,9
DA:32,2
DA:33,2
DA:34,2
DA:36,1
DA:37,1
DA:38,1
DA:40,2
DA:41,2
DA:42,2
DA:44,2
DA:45,2
DA:46,2
DA:48,1
DA:49,1
DA:50,1
DA:52,1
DA:53,1
DA:54,1
DA:57,1
DA:61,9
DA:62,9
DA:65,9
DA:66,7
DA:67,7
DA:69,2
DA:70,2
DA:75,4
LF:45
LH:45
BRDA:11,1,0,4
BRDA:11,1,1,0
BRDA:13,2,0,4
BRDA:13,2,1,3
BRDA:14,3,0,4
BRDA:14,3,1,3
BRDA:21,4,0,0
BRDA:21,4,1,4
BRDA:28,5,0,4
BRDA:28,5,1,9
BRDA:30,6,0,2
BRDA:30,6,1,1
BRDA:30,6,2,2
BRDA:30,6,3,2
BRDA:30,6,4,1
BRDA:30,6,5,1
BRDA:30,6,6,0
BRDA:65,7,0,7
BRDA:65,7,1,2
BRDA:67,8,0,7
BRDA:67,8,1,0
BRDA:70,9,0,2
BRDA:70,9,1,0
BRF:23
BRH:18
end_of_record
TN:
SF:/Users/walter/dev/school/metrics/express/examples/mvc/controllers/main/index.js
FN:1,(anonymous_1)
FNF:1
FNH:1
FNDA:1,(anonymous_1)
DA:1,1
DA:2,1
LF:2
LH:2
BRF:0
BRH:0
end_of_record
TN:
SF:/Users/walter/dev/school/metrics/express/examples/mvc/controllers/pet/index.js
FN:7,(anonymous_1)
FN:14,(anonymous_2)
FN:18,(anonymous_3)
FN:22,(anonymous_4)
FNF:4
FNH:4
FNDA:4,(anonymous_1)
FNDA:1,(anonymous_2)
FNDA:2,(anonymous_3)
FNDA:1,(anonymous_4)
DA:5,1
DA:7,1
DA:8,4
DA:9,4
DA:10,4
DA:11,4
DA:14,1
DA:15,1
DA:18,1
DA:19,2
DA:22,1
DA:23,1
DA:24,1
DA:25,1
DA:26,1
LF:15
LH:15
BRDA:9,1,0,0
BRDA:9,1,1,4
BRF:2
BRH:1
end_of_record
TN:
SF:/Users/walter/dev/school/metrics/express/examples/mvc/db.js
FNF:0
FNH:0
DA:3,1
DA:5,1
DA:6,1
DA:7,1
DA:8,1
DA:10,1
DA:12,1
DA:13,1
DA:14,1
LF:9
LH:9
BRF:0
BRH:0
end_of_record
TN:
SF:/Users/walter/dev/school/metrics/express/examples/mvc/controllers/user/index.js
FN:7,(anonymous_1)
FN:11,(anonymous_2)
FN:20,(anonymous_3)
FN:24,(anonymous_4)
FN:28,(anonymous_5)
FN:32,(anonymous_6)
FNF:6
FNH:6
FNDA:9,(anonymous_1)
FNDA:8,(anonymous_2)
FNDA:1,(anonymous_3)
FNDA:2,(anonymous_4)
FNDA:3,(anonymous_5)
FNDA:2,(anonymous_6)
DA:5,1
DA:7,1
DA:8,9
DA:9,9
DA:11,8
DA:12,8
DA:14,8
DA:16,7
DA:20,1
DA:21,1
DA:24,1
DA:25,2
DA:28,1
DA:29,3
DA:32,1
DA:33,2
DA:34,2
DA:35,1
DA:36,1
LF:19
LH:19
BRDA:9,1,0,1
BRDA:9,1,1,8
BRDA:14,2,0,1
BRDA:14,2,1,7
BRF:4
BRH:4
end_of_record
TN:
SF:/Users/walter/dev/school/metrics/express/examples/mvc/controllers/user-pet/index.js
FN:10,(anonymous_1)
FNF:1
FNH:1
FNDA:1,(anonymous_1)
DA:5,1
DA:7,1
DA:8,1
DA:10,1
DA:11,1
DA:12,1
DA:13,1
DA:14,1
DA:15,1
DA:16,1
DA:17,1
DA:18,1
DA:19,1
LF:13
LH:13
BRDA:14,1,0,0
BRDA:14,1,1,1
BRF:2
BRH:1
end_of_record
TN:
SF:/Users/walter/dev/school/metrics/express/examples/params/app.js
FN:20,(anonymous_1)
FN:31,(anonymous_2)
FN:43,(anonymous_3)
FN:51,(anonymous_4)
FN:59,(anonymous_5)
FN:62,(anonymous_6)
FNF:6
FNH:6
FNDA:3,(anonymous_1)
FNDA:2,(anonymous_2)
FNDA:1,(anonymous_3)
FNDA:1,(anonymous_4)
FNDA:1,(anonymous_5)
FNDA:5,(anonymous_6)
DA:5,1
DA:6,1
DA:10,1
DA:20,1
DA:21,3
DA:22,3
DA:23,1
DA:25,2
DA:31,1
DA:32,2
DA:33,1
DA:35,1
DA:43,1
DA:44,1
DA:51,1
DA:52,1
DA:59,1
DA:60,1
DA:61,1
DA:62,5
DA:63,1
DA:67,1
DA:68,1
DA:69,1
LF:24
LH:24
BRDA:22,1,0,1
BRDA:22,1,1,2
BRDA:32,2,0,1
BRDA:32,2,1,1
BRDA:67,3,0,0
BRDA:67,3,1,1
BRF:6
BRH:6
end_of_record
TN:
SF:/Users/walter/dev/school/metrics/express/examples/resource/app.js
FN:11,(anonymous_1)
FN:13,(anonymous_2)
FN:20,(anonymous_3)
FN:40,(anonymous_4)
FN:43,(anonymous_5)
FN:46,(anonymous_6)
FN:51,(anonymous_7)
FN:59,(anonymous_8)
FN:76,(anonymous_9)
FNF:9
FNH:9
FNDA:1,(anonymous_1)
FNDA:2,(anonymous_2)
FNDA:2,(anonymous_3)
FNDA:1,(anonymous_4)
FNDA:2,(anonymous_5)
FNDA:2,(anonymous_6)
FNDA:2,(anonymous_7)
FNDA:3,(anonymous_8)
FNDA:1,(anonymous_9)
DA:5,1
DA:7,1
DA:11,1
DA:12,1
DA:13,1
DA:14,2
DA:15,2
DA:16,2
DA:17,2
DA:19,1
DA:20,1
DA:21,2
DA:22,2
DA:28,1
DA:39,1
DA:41,1
DA:44,2
DA:47,2
DA:48,2
DA:49,2
DA:52,2
DA:53,2
DA:55,1
DA:56,1
DA:59,1
DA:60,3
DA:62,1
DA:63,1
DA:74,1
DA:76,1
DA:77,1
DA:90,1
DA:91,1
DA:92,1
LF:34
LH:34
BRDA:44,1,0,2
BRDA:44,1,1,1
BRDA:49,2,0,1
BRDA:49,2,1,1
BRDA:53,3,0,1
BRDA:53,3,1,0
BRDA:53,3,2,1
BRDA:90,4,0,0
BRDA:90,4,1,1
BRF:9
BRH:8
end_of_record
TN:
SF:/Users/walter/dev/school/metrics/express/examples/route-map/index.js
FN:11,(anonymous_1)
FN:29,(anonymous_2)
FN:33,(anonymous_3)
FN:37,(anonymous_4)
FN:43,(anonymous_5)
FN:47,(anonymous_6)
FNF:6
FNH:6
FNDA:5,(anonymous_1)
FNDA:1,(anonymous_2)
FNDA:1,(anonymous_3)
FNDA:1,(anonymous_4)
FNDA:1,(anonymous_5)
FNDA:1,(anonymous_6)
DA:5,1
DA:7,1
DA:9,1
DA:11,1
DA:12,5
DA:13,5
DA:14,9
DA:17,4
DA:18,4
DA:21,5
DA:22,5
DA:23,5
DA:28,1
DA:30,1
DA:34,1
DA:38,1
DA:42,1
DA:44,1
DA:48,1
DA:52,1
DA:69,1
DA:70,1
DA:71,1
LF:23
LH:23
BRDA:12,1,0,5
BRDA:12,1,1,1
BRDA:14,2,0,4
BRDA:14,2,1,5
BRDA:21,3,0,0
BRDA:21,3,1,5
BRDA:69,4,0,0
BRDA:69,4,1,1
BRF:8
BRH:7
end_of_record
TN:
SF:/Users/walter/dev/school/metrics/express/examples/vhost/index.js
FN:23,(anonymous_1)
FN:27,(anonymous_2)
FN:35,(anonymous_3)
FNF:3
FNH:3
FNDA:1,(anonymous_1)
FNDA:1,(anonymous_2)
FNDA:2,(anonymous_3)
DA:5,1
DA:6,1
DA:7,1
DA:19,1
DA:21,1
DA:23,1
DA:24,1
DA:27,1
DA:28,1
DA:33,1
DA:35,1
DA:36,2
DA:37,2
DA:42,1
DA:44,1
DA:45,1
DA:48,1
DA:49,1
DA:50,1
LF:19
LH:19
BRDA:21,1,0,0
BRDA:21,1,1,1
BRDA:36,2,0,0
BRDA:36,2,1,2
BRDA:48,3,0,0
BRDA:48,3,1,1
BRF:6
BRH:4
end_of_record
TN:
SF:/Users/walter/dev/school/metrics/express/examples/web-service/index.js
FN:13,error
FN:28,(anonymous_2)
FN:72,(anonymous_3)
FN:76,(anonymous_4)
FN:80,(anonymous_5)
FN:93,(anonymous_6)
FN:103,(anonymous_7)
FNF:7
FNH:7
FNDA:6,error
FNDA:11,(anonymous_2)
FNDA:1,(anonymous_3)
FNDA:1,(anonymous_4)
FNDA:2,(anonymous_5)
FNDA:6,(anonymous_6)
FNDA:2,(anonymous_7)
DA:5,1
DA:7,1
DA:13,1
DA:14,6
DA:15,6
DA:16,6
DA:28,1
DA:29,11
DA:32,11
DA:35,8
DA:38,5
DA:39,5
DA:47,1
DA:51,1
DA:57,1
DA:63,1
DA:72,1
DA:73,1
DA:76,1
DA:77,1
DA:80,1
DA:81,2
DA:82,2
DA:84,2
DA:85,1
DA:93,1
DA:96,6
DA:97,6
DA:103,1
DA:104,2
DA:105,2
DA:109,1
DA:110,1
DA:111,1
LF:34
LH:34
BRDA:32,1,0,3
BRDA:32,1,1,8
BRDA:35,2,0,3
BRDA:35,2,1,5
BRDA:84,3,0,1
BRDA:84,3,1,1
BRDA:96,4,0,6
BRDA:96,4,1,0
BRDA:109,5,0,0
BRDA:109,5,1,1
BRF:10
BRH:9
end_of_record
