{"/Users/walter/dev/school/metrics/express/index.js":{"path":"/Users/walter/dev/school/metrics/express/index.js","s":{"1":1},"b":{},"f":{},"fnMap":{},"statementMap":{"1":{"start":{"line":2,"column":0},"end":{"line":2,"column":42}}},"branchMap":{}},"/Users/walter/dev/school/metrics/express/lib/express.js":{"path":"/Users/walter/dev/school/metrics/express/lib/express.js","s":{"1":1,"2":1,"3":1,"4":1,"5":1,"6":1,"7":1,"8":1,"9":1,"10":537,"11":571,"12":537,"13":537,"14":537,"15":537,"16":537,"17":537,"18":1,"19":1,"20":1,"21":1,"22":1,"23":1,"24":1,"25":1,"26":19,"27":1},"b":{},"f":{"1":537,"2":571,"3":19,"4":1},"fnMap":{"1":{"name":"createApplication","line":26,"loc":{"start":{"line":26,"column":0},"end":{"line":26,"column":29}}},"2":{"name":"(anonymous_2)","line":27,"loc":{"start":{"line":27,"column":12},"end":{"line":27,"column":37}}},"3":{"name":"(anonymous_3)","line":86,"loc":{"start":{"line":86,"column":10},"end":{"line":86,"column":26}}},"4":{"name":"(anonymous_4)","line":88,"loc":{"start":{"line":88,"column":9},"end":{"line":88,"column":21}}}},"statementMap":{"1":{"start":{"line":5,"column":0},"end":{"line":5,"column":50}},"2":{"start":{"line":6,"column":0},"end":{"line":6,"column":35}},"3":{"start":{"line":7,"column":0},"end":{"line":7,"column":37}},"4":{"start":{"line":8,"column":0},"end":{"line":8,"column":38}},"5":{"start":{"line":9,"column":0},"end":{"line":9,"column":33}},"6":{"start":{"line":10,"column":0},"end":{"line":10,"column":31}},"7":{"start":{"line":11,"column":0},"end":{"line":11,"column":32}},"8":{"start":{"line":17,"column":0},"end":{"line":17,"column":45}},"9":{"start":{"line":26,"column":0},"end":{"line":38,"column":1}},"10":{"start":{"line":27,"column":2},"end":{"line":29,"column":4}},"11":{"start":{"line":28,"column":4},"end":{"line":28,"column":31}},"12":{"start":{"line":31,"column":2},"end":{"line":31,"column":20}},"13":{"start":{"line":32,"column":2},"end":{"line":32,"column":37}},"14":{"start":{"line":34,"column":2},"end":{"line":34,"column":45}},"15":{"start":{"line":35,"column":2},"end":{"line":35,"column":46}},"16":{"start":{"line":36,"column":2},"end":{"line":36,"column":13}},"17":{"start":{"line":37,"column":2},"end":{"line":37,"column":13}},"18":{"start":{"line":44,"column":0},"end":{"line":44,"column":28}},"19":{"start":{"line":45,"column":0},"end":{"line":45,"column":22}},"20":{"start":{"line":46,"column":0},"end":{"line":46,"column":23}},"21":{"start":{"line":52,"column":0},"end":{"line":52,"column":22}},"22":{"start":{"line":53,"column":0},"end":{"line":53,"column":24}},"23":{"start":{"line":59,"column":0},"end":{"line":59,"column":46}},"24":{"start":{"line":60,"column":0},"end":{"line":60,"column":41}},"25":{"start":{"line":66,"column":0},"end":{"line":93,"column":3}},"26":{"start":{"line":87,"column":2},"end":{"line":92,"column":5}},"27":{"start":{"line":89,"column":6},"end":{"line":89,"column":190}}},"branchMap":{}},"/Users/walter/dev/school/metrics/express/lib/application.js":{"path":"/Users/walter/dev/school/metrics/express/lib/application.js","s":{"1":1,"2":1,"3":1,"4":1,"5":1,"6":1,"7":1,"8":1,"9":1,"10":1,"11":1,"12":1,"13":1,"14":1,"15":1,"16":1,"17":1,"18":1,"19":537,"20":537,"21":537,"22":537,"23":1,"24":537,"25":537,"26":537,"27":537,"28":537,"29":537,"30":537,"31":537,"32":537,"33":22,"34":22,"35":22,"36":22,"37":537,"38":537,"39":537,"40":537,"41":537,"42":537,"43":537,"44":1,"45":537,"46":1,"47":1,"48":626,"49":479,"50":479,"51":479,"52":1,"53":619,"54":619,"55":619,"56":2,"57":2,"58":2,"59":617,"60":1,"61":376,"62":376,"63":376,"64":376,"65":44,"66":44,"67":6,"68":44,"69":41,"70":41,"71":376,"72":376,"73":1,"74":375,"75":375,"76":375,"77":396,"78":374,"79":22,"80":22,"81":22,"82":22,"83":48,"84":48,"85":30,"86":30,"87":30,"88":22,"89":371,"90":1,"91":4,"92":4,"93":1,"94":7,"95":1,"96":6,"97":3,"98":6,"99":6,"100":1,"101":22,"102":22,"103":22,"104":2,"105":4,"106":2,"107":20,"108":19,"109":1,"110":10096,"111":3483,"112":6613,"113":6613,"114":550,"115":550,"116":549,"117":543,"118":543,"119":542,"120":557,"121":557,"122":557,"123":6611,"124":1,"125":6,"126":1,"127":1648,"128":1,"129":2,"130":1,"131":569,"132":1,"133":3,"134":1,"135":26,"136":2052,"137":1833,"138":219,"139":219,"140":219,"141":193,"142":1,"143":6,"144":6,"145":6,"146":6,"147":156,"148":6,"149":1,"150":1,"151":71,"152":71,"153":71,"154":71,"155":71,"156":18,"157":71,"158":71,"159":48,"160":71,"161":71,"162":71,"163":4,"164":71,"165":69,"166":69,"167":2,"168":2,"169":2,"170":67,"171":2,"172":69,"173":69,"174":1,"175":1,"176":2,"177":2,"178":1,"179":20,"180":0},"b":{"1":[537,1],"2":[1,536],"3":[479,147],"4":[619,567],"5":[2,617],"6":[44,332],"7":[50,6],"8":[41,3],"9":[1,375],"10":[374,22],"11":[396,395,32],"12":[1,6],"13":[3,3],"14":[2,20],"15":[3483,6613],"16":[550,543,557],"17":[3,3],"18":[1833,219],"19":[2052,1983],"20":[18,53],"21":[48,23],"22":[69,2],"23":[4,67],"24":[69,2],"25":[2,67],"26":[2,65],"27":[0,20],"28":[0,0]},"f":{"1":537,"2":537,"3":22,"4":1,"5":626,"6":619,"7":376,"8":396,"9":48,"10":30,"11":4,"12":7,"13":22,"14":4,"15":10096,"16":6,"17":1648,"18":2,"19":569,"20":3,"21":26,"22":2052,"23":6,"24":156,"25":71,"26":2,"27":20},"fnMap":{"1":{"name":"(anonymous_1)","line":38,"loc":{"start":{"line":38,"column":11},"end":{"line":38,"column":21}}},"2":{"name":"(anonymous_2)","line":51,"loc":{"start":{"line":51,"column":27},"end":{"line":51,"column":37}}},"3":{"name":"(anonymous_3)","line":64,"loc":{"start":{"line":64,"column":19},"end":{"line":64,"column":35}}},"4":{"name":"(anonymous_4)","line":90,"loc":{"start":{"line":90,"column":9},"end":{"line":90,"column":20}}},"5":{"name":"(anonymous_5)","line":104,"loc":{"start":{"line":104,"column":17},"end":{"line":104,"column":28}}},"6":{"name":"(anonymous_6)","line":125,"loc":{"start":{"line":125,"column":13},"end":{"line":125,"column":38}}},"7":{"name":"use","line":154,"loc":{"start":{"line":154,"column":10},"end":{"line":154,"column":27}}},"8":{"name":"(anonymous_8)","line":185,"loc":{"start":{"line":185,"column":14},"end":{"line":185,"column":28}}},"9":{"name":"mounted_app","line":196,"loc":{"start":{"line":196,"column":21},"end":{"line":196,"column":58}}},"10":{"name":"(anonymous_10)","line":198,"loc":{"start":{"line":198,"column":26},"end":{"line":198,"column":41}}},"11":{"name":"(anonymous_11)","line":222,"loc":{"start":{"line":222,"column":12},"end":{"line":222,"column":26}}},"12":{"name":"(anonymous_12)","line":261,"loc":{"start":{"line":261,"column":13},"end":{"line":261,"column":30}}},"13":{"name":"(anonymous_13)","line":280,"loc":{"start":{"line":280,"column":12},"end":{"line":280,"column":30}}},"14":{"name":"(anonymous_14)","line":285,"loc":{"start":{"line":285,"column":17},"end":{"line":285,"column":31}}},"15":{"name":"(anonymous_15)","line":310,"loc":{"start":{"line":310,"column":10},"end":{"line":310,"column":32}}},"16":{"name":"(anonymous_16)","line":352,"loc":{"start":{"line":352,"column":11},"end":{"line":352,"column":21}}},"17":{"name":"(anonymous_17)","line":373,"loc":{"start":{"line":373,"column":14},"end":{"line":373,"column":31}}},"18":{"name":"(anonymous_18)","line":392,"loc":{"start":{"line":392,"column":15},"end":{"line":392,"column":32}}},"19":{"name":"(anonymous_19)","line":404,"loc":{"start":{"line":404,"column":13},"end":{"line":404,"column":30}}},"20":{"name":"(anonymous_20)","line":416,"loc":{"start":{"line":416,"column":14},"end":{"line":416,"column":31}}},"21":{"name":"(anonymous_21)","line":424,"loc":{"start":{"line":424,"column":16},"end":{"line":424,"column":32}}},"22":{"name":"(anonymous_22)","line":425,"loc":{"start":{"line":425,"column":16},"end":{"line":425,"column":30}}},"23":{"name":"(anonymous_23)","line":446,"loc":{"start":{"line":446,"column":10},"end":{"line":446,"column":24}}},"24":{"name":"(anonymous_24)","line":451,"loc":{"start":{"line":451,"column":18},"end":{"line":451,"column":34}}},"25":{"name":"(anonymous_25)","line":479,"loc":{"start":{"line":479,"column":13},"end":{"line":479,"column":40}}},"26":{"name":"(anonymous_26)","line":554,"loc":{"start":{"line":554,"column":13},"end":{"line":554,"column":23}}},"27":{"name":"logerror","line":566,"loc":{"start":{"line":566,"column":0},"end":{"line":566,"column":22}}}},"statementMap":{"1":{"start":{"line":5,"column":0},"end":{"line":5,"column":43}},"2":{"start":{"line":6,"column":0},"end":{"line":6,"column":41}},"3":{"start":{"line":7,"column":0},"end":{"line":7,"column":35}},"4":{"start":{"line":8,"column":0},"end":{"line":8,"column":33}},"5":{"start":{"line":9,"column":0},"end":{"line":9,"column":33}},"6":{"start":{"line":10,"column":0},"end":{"line":10,"column":46}},"7":{"start":{"line":11,"column":0},"end":{"line":11,"column":42}},"8":{"start":{"line":12,"column":0},"end":{"line":12,"column":52}},"9":{"start":{"line":13,"column":0},"end":{"line":13,"column":29}},"10":{"start":{"line":14,"column":0},"end":{"line":14,"column":27}},"11":{"start":{"line":15,"column":0},"end":{"line":15,"column":49}},"12":{"start":{"line":16,"column":0},"end":{"line":16,"column":63}},"13":{"start":{"line":17,"column":0},"end":{"line":17,"column":51}},"14":{"start":{"line":18,"column":0},"end":{"line":18,"column":43}},"15":{"start":{"line":19,"column":0},"end":{"line":19,"column":38}},"16":{"start":{"line":20,"column":0},"end":{"line":20,"column":34}},"17":{"start":{"line":26,"column":0},"end":{"line":26,"column":40}},"18":{"start":{"line":38,"column":0},"end":{"line":43,"column":2}},"19":{"start":{"line":39,"column":2},"end":{"line":39,"column":18}},"20":{"start":{"line":40,"column":2},"end":{"line":40,"column":21}},"21":{"start":{"line":41,"column":2},"end":{"line":41,"column":20}},"22":{"start":{"line":42,"column":2},"end":{"line":42,"column":30}},"23":{"start":{"line":51,"column":0},"end":{"line":94,"column":2}},"24":{"start":{"line":53,"column":2},"end":{"line":53,"column":30}},"25":{"start":{"line":54,"column":2},"end":{"line":54,"column":27}},"26":{"start":{"line":55,"column":2},"end":{"line":55,"column":50}},"27":{"start":{"line":56,"column":2},"end":{"line":56,"column":23}},"28":{"start":{"line":57,"column":2},"end":{"line":57,"column":39}},"29":{"start":{"line":58,"column":2},"end":{"line":58,"column":34}},"30":{"start":{"line":59,"column":2},"end":{"line":59,"column":33}},"31":{"start":{"line":61,"column":2},"end":{"line":61,"column":35}},"32":{"start":{"line":64,"column":2},"end":{"line":69,"column":5}},"33":{"start":{"line":65,"column":4},"end":{"line":65,"column":44}},"34":{"start":{"line":66,"column":4},"end":{"line":66,"column":46}},"35":{"start":{"line":67,"column":4},"end":{"line":67,"column":44}},"36":{"start":{"line":68,"column":4},"end":{"line":68,"column":46}},"37":{"start":{"line":72,"column":2},"end":{"line":72,"column":36}},"38":{"start":{"line":75,"column":2},"end":{"line":75,"column":23}},"39":{"start":{"line":78,"column":2},"end":{"line":78,"column":39}},"40":{"start":{"line":81,"column":2},"end":{"line":81,"column":25}},"41":{"start":{"line":82,"column":2},"end":{"line":82,"column":38}},"42":{"start":{"line":83,"column":2},"end":{"line":83,"column":46}},"43":{"start":{"line":85,"column":2},"end":{"line":87,"column":3}},"44":{"start":{"line":86,"column":4},"end":{"line":86,"column":30}},"45":{"start":{"line":89,"column":2},"end":{"line":93,"column":5}},"46":{"start":{"line":91,"column":6},"end":{"line":91,"column":137}},"47":{"start":{"line":104,"column":0},"end":{"line":114,"column":2}},"48":{"start":{"line":105,"column":2},"end":{"line":113,"column":3}},"49":{"start":{"line":106,"column":4},"end":{"line":109,"column":7}},"50":{"start":{"line":111,"column":4},"end":{"line":111,"column":57}},"51":{"start":{"line":112,"column":4},"end":{"line":112,"column":44}},"52":{"start":{"line":125,"column":0},"end":{"line":142,"column":2}},"53":{"start":{"line":126,"column":2},"end":{"line":126,"column":28}},"54":{"start":{"line":129,"column":2},"end":{"line":132,"column":5}},"55":{"start":{"line":135,"column":2},"end":{"line":139,"column":3}},"56":{"start":{"line":136,"column":4},"end":{"line":136,"column":38}},"57":{"start":{"line":137,"column":4},"end":{"line":137,"column":11}},"58":{"start":{"line":138,"column":4},"end":{"line":138,"column":11}},"59":{"start":{"line":141,"column":2},"end":{"line":141,"column":32}},"60":{"start":{"line":154,"column":0},"end":{"line":210,"column":2}},"61":{"start":{"line":155,"column":2},"end":{"line":155,"column":17}},"62":{"start":{"line":156,"column":2},"end":{"line":156,"column":17}},"63":{"start":{"line":157,"column":2},"end":{"line":157,"column":18}},"64":{"start":{"line":161,"column":2},"end":{"line":173,"column":3}},"65":{"start":{"line":162,"column":4},"end":{"line":162,"column":17}},"66":{"start":{"line":164,"column":4},"end":{"line":166,"column":5}},"67":{"start":{"line":165,"column":6},"end":{"line":165,"column":19}},"68":{"start":{"line":169,"column":4},"end":{"line":172,"column":5}},"69":{"start":{"line":170,"column":6},"end":{"line":170,"column":17}},"70":{"start":{"line":171,"column":6},"end":{"line":171,"column":16}},"71":{"start":{"line":175,"column":2},"end":{"line":175,"column":51}},"72":{"start":{"line":177,"column":2},"end":{"line":179,"column":3}},"73":{"start":{"line":178,"column":4},"end":{"line":178,"column":67}},"74":{"start":{"line":182,"column":2},"end":{"line":182,"column":20}},"75":{"start":{"line":183,"column":2},"end":{"line":183,"column":28}},"76":{"start":{"line":185,"column":2},"end":{"line":207,"column":5}},"77":{"start":{"line":187,"column":4},"end":{"line":189,"column":5}},"78":{"start":{"line":188,"column":6},"end":{"line":188,"column":34}},"79":{"start":{"line":191,"column":4},"end":{"line":191,"column":37}},"80":{"start":{"line":192,"column":4},"end":{"line":192,"column":24}},"81":{"start":{"line":193,"column":4},"end":{"line":193,"column":21}},"82":{"start":{"line":196,"column":4},"end":{"line":203,"column":7}},"83":{"start":{"line":197,"column":6},"end":{"line":197,"column":25}},"84":{"start":{"line":198,"column":6},"end":{"line":202,"column":9}},"85":{"start":{"line":199,"column":8},"end":{"line":199,"column":37}},"86":{"start":{"line":200,"column":8},"end":{"line":200,"column":38}},"87":{"start":{"line":201,"column":8},"end":{"line":201,"column":18}},"88":{"start":{"line":206,"column":4},"end":{"line":206,"column":27}},"89":{"start":{"line":209,"column":2},"end":{"line":209,"column":14}},"90":{"start":{"line":222,"column":0},"end":{"line":225,"column":2}},"91":{"start":{"line":223,"column":2},"end":{"line":223,"column":20}},"92":{"start":{"line":224,"column":2},"end":{"line":224,"column":34}},"93":{"start":{"line":261,"column":0},"end":{"line":266,"column":2}},"94":{"start":{"line":262,"column":2},"end":{"line":262,"column":77}},"95":{"start":{"line":262,"column":31},"end":{"line":262,"column":77}},"96":{"start":{"line":263,"column":2},"end":{"line":263,"column":37}},"97":{"start":{"line":263,"column":21},"end":{"line":263,"column":37}},"98":{"start":{"line":264,"column":2},"end":{"line":264,"column":25}},"99":{"start":{"line":265,"column":2},"end":{"line":265,"column":14}},"100":{"start":{"line":280,"column":0},"end":{"line":293,"column":2}},"101":{"start":{"line":281,"column":2},"end":{"line":281,"column":18}},"102":{"start":{"line":282,"column":2},"end":{"line":282,"column":20}},"103":{"start":{"line":284,"column":2},"end":{"line":289,"column":3}},"104":{"start":{"line":285,"column":4},"end":{"line":287,"column":7}},"105":{"start":{"line":286,"column":6},"end":{"line":286,"column":26}},"106":{"start":{"line":288,"column":4},"end":{"line":288,"column":16}},"107":{"start":{"line":291,"column":2},"end":{"line":291,"column":31}},"108":{"start":{"line":292,"column":2},"end":{"line":292,"column":14}},"109":{"start":{"line":310,"column":0},"end":{"line":336,"column":2}},"110":{"start":{"line":311,"column":2},"end":{"line":314,"column":3}},"111":{"start":{"line":313,"column":4},"end":{"line":313,"column":34}},"112":{"start":{"line":317,"column":2},"end":{"line":317,"column":31}},"113":{"start":{"line":320,"column":2},"end":{"line":333,"column":3}},"114":{"start":{"line":322,"column":6},"end":{"line":322,"column":36}},"115":{"start":{"line":323,"column":6},"end":{"line":323,"column":44}},"116":{"start":{"line":324,"column":6},"end":{"line":324,"column":12}},"117":{"start":{"line":326,"column":6},"end":{"line":326,"column":44}},"118":{"start":{"line":327,"column":6},"end":{"line":327,"column":59}},"119":{"start":{"line":328,"column":6},"end":{"line":328,"column":12}},"120":{"start":{"line":330,"column":6},"end":{"line":330,"column":43}},"121":{"start":{"line":331,"column":6},"end":{"line":331,"column":52}},"122":{"start":{"line":332,"column":6},"end":{"line":332,"column":12}},"123":{"start":{"line":335,"column":2},"end":{"line":335,"column":14}},"124":{"start":{"line":352,"column":0},"end":{"line":356,"column":2}},"125":{"start":{"line":353,"column":2},"end":{"line":355,"column":9}},"126":{"start":{"line":373,"column":0},"end":{"line":375,"column":2}},"127":{"start":{"line":374,"column":2},"end":{"line":374,"column":29}},"128":{"start":{"line":392,"column":0},"end":{"line":394,"column":2}},"129":{"start":{"line":393,"column":2},"end":{"line":393,"column":28}},"130":{"start":{"line":404,"column":0},"end":{"line":406,"column":2}},"131":{"start":{"line":405,"column":2},"end":{"line":405,"column":33}},"132":{"start":{"line":416,"column":0},"end":{"line":418,"column":2}},"133":{"start":{"line":417,"column":2},"end":{"line":417,"column":34}},"134":{"start":{"line":424,"column":0},"end":{"line":434,"column":3}},"135":{"start":{"line":425,"column":2},"end":{"line":433,"column":4}},"136":{"start":{"line":426,"column":4},"end":{"line":426,"column":72}},"137":{"start":{"line":426,"column":50},"end":{"line":426,"column":72}},"138":{"start":{"line":428,"column":4},"end":{"line":428,"column":22}},"139":{"start":{"line":430,"column":4},"end":{"line":430,"column":41}},"140":{"start":{"line":431,"column":4},"end":{"line":431,"column":57}},"141":{"start":{"line":432,"column":4},"end":{"line":432,"column":16}},"142":{"start":{"line":446,"column":0},"end":{"line":456,"column":2}},"143":{"start":{"line":447,"column":2},"end":{"line":447,"column":20}},"144":{"start":{"line":449,"column":2},"end":{"line":449,"column":39}},"145":{"start":{"line":450,"column":2},"end":{"line":450,"column":38}},"146":{"start":{"line":451,"column":2},"end":{"line":453,"column":5}},"147":{"start":{"line":452,"column":4},"end":{"line":452,"column":37}},"148":{"start":{"line":455,"column":2},"end":{"line":455,"column":14}},"149":{"start":{"line":460,"column":0},"end":{"line":460,"column":76}},"150":{"start":{"line":479,"column":0},"end":{"line":531,"column":2}},"151":{"start":{"line":480,"column":2},"end":{"line":480,"column":16}},"152":{"start":{"line":481,"column":2},"end":{"line":481,"column":25}},"153":{"start":{"line":482,"column":2},"end":{"line":482,"column":29}},"154":{"start":{"line":483,"column":2},"end":{"line":483,"column":11}},"155":{"start":{"line":486,"column":2},"end":{"line":488,"column":3}},"156":{"start":{"line":487,"column":4},"end":{"line":487,"column":31}},"157":{"start":{"line":491,"column":2},"end":{"line":491,"column":27}},"158":{"start":{"line":494,"column":2},"end":{"line":494,"column":52}},"159":{"start":{"line":494,"column":23},"end":{"line":494,"column":52}},"160":{"start":{"line":497,"column":2},"end":{"line":497,"column":23}},"161":{"start":{"line":500,"column":2},"end":{"line":502,"column":17}},"162":{"start":{"line":505,"column":2},"end":{"line":505,"column":37}},"163":{"start":{"line":505,"column":18},"end":{"line":505,"column":37}},"164":{"start":{"line":508,"column":2},"end":{"line":523,"column":3}},"165":{"start":{"line":509,"column":4},"end":{"line":513,"column":7}},"166":{"start":{"line":515,"column":4},"end":{"line":519,"column":5}},"167":{"start":{"line":516,"column":6},"end":{"line":516,"column":105}},"168":{"start":{"line":517,"column":6},"end":{"line":517,"column":22}},"169":{"start":{"line":518,"column":6},"end":{"line":518,"column":21}},"170":{"start":{"line":522,"column":4},"end":{"line":522,"column":39}},"171":{"start":{"line":522,"column":20},"end":{"line":522,"column":39}},"172":{"start":{"line":526,"column":2},"end":{"line":530,"column":3}},"173":{"start":{"line":527,"column":4},"end":{"line":527,"column":26}},"174":{"start":{"line":529,"column":4},"end":{"line":529,"column":12}},"175":{"start":{"line":554,"column":0},"end":{"line":557,"column":2}},"176":{"start":{"line":555,"column":2},"end":{"line":555,"column":39}},"177":{"start":{"line":556,"column":2},"end":{"line":556,"column":48}},"178":{"start":{"line":566,"column":0},"end":{"line":568,"column":1}},"179":{"start":{"line":567,"column":2},"end":{"line":567,"column":77}},"180":{"start":{"line":567,"column":34},"end":{"line":567,"column":77}}},"branchMap":{"1":{"line":55,"type":"binary-expr","locations":[{"start":{"line":55,"column":12},"end":{"line":55,"column":32}},{"start":{"line":55,"column":36},"end":{"line":55,"column":49}}]},"2":{"line":85,"type":"if","locations":[{"start":{"line":85,"column":2},"end":{"line":85,"column":2}},{"start":{"line":85,"column":2},"end":{"line":85,"column":2}}]},"3":{"line":105,"type":"if","locations":[{"start":{"line":105,"column":2},"end":{"line":105,"column":2}},{"start":{"line":105,"column":2},"end":{"line":105,"column":2}}]},"4":{"line":129,"type":"binary-expr","locations":[{"start":{"line":129,"column":9},"end":{"line":129,"column":13}},{"start":{"line":129,"column":17},"end":{"line":132,"column":4}}]},"5":{"line":135,"type":"if","locations":[{"start":{"line":135,"column":2},"end":{"line":135,"column":2}},{"start":{"line":135,"column":2},"end":{"line":135,"column":2}}]},"6":{"line":161,"type":"if","locations":[{"start":{"line":161,"column":2},"end":{"line":161,"column":2}},{"start":{"line":161,"column":2},"end":{"line":161,"column":2}}]},"7":{"line":164,"type":"binary-expr","locations":[{"start":{"line":164,"column":11},"end":{"line":164,"column":29}},{"start":{"line":164,"column":33},"end":{"line":164,"column":49}}]},"8":{"line":169,"type":"if","locations":[{"start":{"line":169,"column":4},"end":{"line":169,"column":4}},{"start":{"line":169,"column":4},"end":{"line":169,"column":4}}]},"9":{"line":177,"type":"if","locations":[{"start":{"line":177,"column":2},"end":{"line":177,"column":2}},{"start":{"line":177,"column":2},"end":{"line":177,"column":2}}]},"10":{"line":187,"type":"if","locations":[{"start":{"line":187,"column":4},"end":{"line":187,"column":4}},{"start":{"line":187,"column":4},"end":{"line":187,"column":4}}]},"11":{"line":187,"type":"binary-expr","locations":[{"start":{"line":187,"column":8},"end":{"line":187,"column":11}},{"start":{"line":187,"column":15},"end":{"line":187,"column":25}},{"start":{"line":187,"column":29},"end":{"line":187,"column":36}}]},"12":{"line":262,"type":"if","locations":[{"start":{"line":262,"column":2},"end":{"line":262,"column":2}},{"start":{"line":262,"column":2},"end":{"line":262,"column":2}}]},"13":{"line":263,"type":"if","locations":[{"start":{"line":263,"column":2},"end":{"line":263,"column":2}},{"start":{"line":263,"column":2},"end":{"line":263,"column":2}}]},"14":{"line":284,"type":"if","locations":[{"start":{"line":284,"column":2},"end":{"line":284,"column":2}},{"start":{"line":284,"column":2},"end":{"line":284,"column":2}}]},"15":{"line":311,"type":"if","locations":[{"start":{"line":311,"column":2},"end":{"line":311,"column":2}},{"start":{"line":311,"column":2},"end":{"line":311,"column":2}}]},"16":{"line":320,"type":"switch","locations":[{"start":{"line":321,"column":4},"end":{"line":324,"column":12}},{"start":{"line":325,"column":4},"end":{"line":328,"column":12}},{"start":{"line":329,"column":4},"end":{"line":332,"column":12}}]},"17":{"line":353,"type":"cond-expr","locations":[{"start":{"line":354,"column":6},"end":{"line":354,"column":41}},{"start":{"line":355,"column":6},"end":{"line":355,"column":8}}]},"18":{"line":426,"type":"if","locations":[{"start":{"line":426,"column":4},"end":{"line":426,"column":4}},{"start":{"line":426,"column":4},"end":{"line":426,"column":4}}]},"19":{"line":426,"type":"binary-expr","locations":[{"start":{"line":426,"column":8},"end":{"line":426,"column":23}},{"start":{"line":426,"column":27},"end":{"line":426,"column":48}}]},"20":{"line":486,"type":"if","locations":[{"start":{"line":486,"column":2},"end":{"line":486,"column":2}},{"start":{"line":486,"column":2},"end":{"line":486,"column":2}}]},"21":{"line":494,"type":"if","locations":[{"start":{"line":494,"column":2},"end":{"line":494,"column":2}},{"start":{"line":494,"column":2},"end":{"line":494,"column":2}}]},"22":{"line":500,"type":"cond-expr","locations":[{"start":{"line":501,"column":6},"end":{"line":501,"column":32}},{"start":{"line":502,"column":6},"end":{"line":502,"column":16}}]},"23":{"line":505,"type":"if","locations":[{"start":{"line":505,"column":2},"end":{"line":505,"column":2}},{"start":{"line":505,"column":2},"end":{"line":505,"column":2}}]},"24":{"line":508,"type":"if","locations":[{"start":{"line":508,"column":2},"end":{"line":508,"column":2}},{"start":{"line":508,"column":2},"end":{"line":508,"column":2}}]},"25":{"line":515,"type":"if","locations":[{"start":{"line":515,"column":4},"end":{"line":515,"column":4}},{"start":{"line":515,"column":4},"end":{"line":515,"column":4}}]},"26":{"line":522,"type":"if","locations":[{"start":{"line":522,"column":4},"end":{"line":522,"column":4}},{"start":{"line":522,"column":4},"end":{"line":522,"column":4}}]},"27":{"line":567,"type":"if","locations":[{"start":{"line":567,"column":2},"end":{"line":567,"column":2}},{"start":{"line":567,"column":2},"end":{"line":567,"column":2}}]},"28":{"line":567,"type":"binary-expr","locations":[{"start":{"line":567,"column":48},"end":{"line":567,"column":57}},{"start":{"line":567,"column":61},"end":{"line":567,"column":75}}]}}},"/Users/walter/dev/school/metrics/express/lib/utils.js":{"path":"/Users/walter/dev/school/metrics/express/lib/utils.js","s":{"1":1,"2":1,"3":1,"4":1,"5":1,"6":1,"7":1,"8":1,"9":5,"10":5,"11":1,"12":258,"13":258,"14":1,"15":90,"16":26,"17":64,"18":1,"19":63,"20":1,"21":1,"22":2218,"23":2218,"24":2218,"25":2261,"26":18,"27":2243,"28":2218,"29":1,"30":77,"31":1,"32":5,"33":5,"34":15,"35":5,"36":1,"37":13,"38":13,"39":12,"40":12,"41":13,"42":1,"43":16,"44":16,"45":16,"46":9,"47":9,"48":3,"49":6,"50":16,"51":1,"52":550,"53":550,"54":3,"55":547,"56":5,"57":5,"58":2,"59":1,"60":1,"61":538,"62":538,"63":1,"64":546,"65":1,"66":543,"67":543,"68":1,"69":542,"70":1,"71":1,"72":1,"73":1,"74":538,"75":538,"76":1,"77":1,"78":1,"79":541,"80":1,"81":557,"82":1,"83":556,"84":14,"85":15,"86":542,"87":2,"88":6,"89":540,"90":3,"91":540,"92":1,"93":279,"94":0,"95":279,"96":279,"97":279,"98":1,"99":1},"b":{"1":[3,2],"2":[3,255],"3":[26,64],"4":[1,63],"5":[64,1],"6":[1,62],"7":[2218,2200],"8":[18,2243],"9":[16,61],"10":[12,1],"11":[2,10],"12":[3,6],"13":[3,547],"14":[5,2,1,538,1],"15":[1,542],"16":[1,1,538,1,1],"17":[1,556],"18":[14,542],"19":[2,540],"20":[3,537],"21":[540,537],"22":[0,279],"23":[279,279]},"f":{"1":5,"2":258,"3":90,"4":2218,"5":77,"6":5,"7":13,"8":16,"9":550,"10":543,"11":557,"12":15,"13":6,"14":279,"15":1},"fnMap":{"1":{"name":"(anonymous_1)","line":22,"loc":{"start":{"line":22,"column":15},"end":{"line":22,"column":41}}},"2":{"name":"wetag","line":39,"loc":{"start":{"line":39,"column":16},"end":{"line":39,"column":46}}},"3":{"name":"(anonymous_3)","line":55,"loc":{"start":{"line":55,"column":21},"end":{"line":55,"column":35}}},"4":{"name":"(anonymous_4)","line":69,"loc":{"start":{"line":69,"column":18},"end":{"line":69,"column":36}}},"5":{"name":"(anonymous_5)","line":90,"loc":{"start":{"line":90,"column":24},"end":{"line":90,"column":38}}},"6":{"name":"(anonymous_6)","line":104,"loc":{"start":{"line":104,"column":25},"end":{"line":104,"column":40}}},"7":{"name":"(anonymous_7)","line":123,"loc":{"start":{"line":123,"column":29},"end":{"line":123,"column":47}}},"8":{"name":"acceptParams","line":146,"loc":{"start":{"line":146,"column":0},"end":{"line":146,"column":34}}},"9":{"name":"(anonymous_9)","line":170,"loc":{"start":{"line":170,"column":22},"end":{"line":170,"column":36}}},"10":{"name":"compileQueryParser","line":204,"loc":{"start":{"line":204,"column":29},"end":{"line":204,"column":62}}},"11":{"name":"(anonymous_11)","line":239,"loc":{"start":{"line":239,"column":23},"end":{"line":239,"column":37}}},"12":{"name":"(anonymous_12)","line":244,"loc":{"start":{"line":244,"column":11},"end":{"line":244,"column":21}}},"13":{"name":"(anonymous_13)","line":249,"loc":{"start":{"line":249,"column":11},"end":{"line":249,"column":25}}},"14":{"name":"(anonymous_14)","line":269,"loc":{"start":{"line":269,"column":21},"end":{"line":269,"column":44}}},"15":{"name":"newObject","line":289,"loc":{"start":{"line":289,"column":0},"end":{"line":289,"column":21}}}},"statementMap":{"1":{"start":{"line":5,"column":0},"end":{"line":5,"column":32}},"2":{"start":{"line":6,"column":0},"end":{"line":6,"column":40}},"3":{"start":{"line":7,"column":0},"end":{"line":7,"column":27}},"4":{"start":{"line":8,"column":0},"end":{"line":8,"column":38}},"5":{"start":{"line":9,"column":0},"end":{"line":9,"column":23}},"6":{"start":{"line":10,"column":0},"end":{"line":10,"column":41}},"7":{"start":{"line":11,"column":0},"end":{"line":11,"column":35}},"8":{"start":{"line":22,"column":0},"end":{"line":28,"column":2}},"9":{"start":{"line":23,"column":2},"end":{"line":25,"column":10}},"10":{"start":{"line":27,"column":2},"end":{"line":27,"column":33}},"11":{"start":{"line":39,"column":0},"end":{"line":45,"column":2}},"12":{"start":{"line":40,"column":2},"end":{"line":42,"column":10}},"13":{"start":{"line":44,"column":2},"end":{"line":44,"column":32}},"14":{"start":{"line":55,"column":0},"end":{"line":59,"column":2}},"15":{"start":{"line":56,"column":2},"end":{"line":56,"column":34}},"16":{"start":{"line":56,"column":22},"end":{"line":56,"column":34}},"17":{"start":{"line":57,"column":2},"end":{"line":57,"column":53}},"18":{"start":{"line":57,"column":41},"end":{"line":57,"column":53}},"19":{"start":{"line":58,"column":2},"end":{"line":58,"column":50}},"20":{"start":{"line":58,"column":38},"end":{"line":58,"column":50}},"21":{"start":{"line":69,"column":0},"end":{"line":80,"column":2}},"22":{"start":{"line":70,"column":2},"end":{"line":70,"column":18}},"23":{"start":{"line":71,"column":2},"end":{"line":71,"column":23}},"24":{"start":{"line":72,"column":2},"end":{"line":78,"column":3}},"25":{"start":{"line":73,"column":4},"end":{"line":77,"column":5}},"26":{"start":{"line":74,"column":6},"end":{"line":74,"column":35}},"27":{"start":{"line":76,"column":6},"end":{"line":76,"column":23}},"28":{"start":{"line":79,"column":2},"end":{"line":79,"column":13}},"29":{"start":{"line":90,"column":0},"end":{"line":94,"column":2}},"30":{"start":{"line":91,"column":2},"end":{"line":93,"column":47}},"31":{"start":{"line":104,"column":0},"end":{"line":112,"column":2}},"32":{"start":{"line":105,"column":2},"end":{"line":105,"column":15}},"33":{"start":{"line":107,"column":2},"end":{"line":109,"column":3}},"34":{"start":{"line":108,"column":4},"end":{"line":108,"column":46}},"35":{"start":{"line":111,"column":2},"end":{"line":111,"column":13}},"36":{"start":{"line":123,"column":0},"end":{"line":134,"column":2}},"37":{"start":{"line":124,"column":2},"end":{"line":124,"column":25}},"38":{"start":{"line":125,"column":2},"end":{"line":131,"column":3}},"39":{"start":{"line":126,"column":4},"end":{"line":126,"column":34}},"40":{"start":{"line":128,"column":4},"end":{"line":130,"column":50}},"41":{"start":{"line":133,"column":2},"end":{"line":133,"column":13}},"42":{"start":{"line":146,"column":0},"end":{"line":160,"column":1}},"43":{"start":{"line":147,"column":2},"end":{"line":147,"column":33}},"44":{"start":{"line":148,"column":2},"end":{"line":148,"column":78}},"45":{"start":{"line":150,"column":2},"end":{"line":157,"column":3}},"46":{"start":{"line":151,"column":4},"end":{"line":151,"column":38}},"47":{"start":{"line":152,"column":4},"end":{"line":156,"column":5}},"48":{"start":{"line":153,"column":6},"end":{"line":153,"column":39}},"49":{"start":{"line":155,"column":6},"end":{"line":155,"column":34}},"50":{"start":{"line":159,"column":2},"end":{"line":159,"column":13}},"51":{"start":{"line":170,"column":0},"end":{"line":194,"column":1}},"52":{"start":{"line":171,"column":2},"end":{"line":171,"column":9}},"53":{"start":{"line":173,"column":2},"end":{"line":175,"column":3}},"54":{"start":{"line":174,"column":4},"end":{"line":174,"column":15}},"55":{"start":{"line":177,"column":2},"end":{"line":191,"column":3}},"56":{"start":{"line":179,"column":6},"end":{"line":179,"column":25}},"57":{"start":{"line":180,"column":6},"end":{"line":180,"column":12}},"58":{"start":{"line":182,"column":6},"end":{"line":182,"column":12}},"59":{"start":{"line":184,"column":6},"end":{"line":184,"column":24}},"60":{"start":{"line":185,"column":6},"end":{"line":185,"column":12}},"61":{"start":{"line":187,"column":6},"end":{"line":187,"column":25}},"62":{"start":{"line":188,"column":6},"end":{"line":188,"column":12}},"63":{"start":{"line":190,"column":6},"end":{"line":190,"column":69}},"64":{"start":{"line":193,"column":2},"end":{"line":193,"column":12}},"65":{"start":{"line":204,"column":0},"end":{"line":229,"column":1}},"66":{"start":{"line":205,"column":2},"end":{"line":205,"column":9}},"67":{"start":{"line":207,"column":2},"end":{"line":209,"column":3}},"68":{"start":{"line":208,"column":4},"end":{"line":208,"column":15}},"69":{"start":{"line":211,"column":2},"end":{"line":226,"column":3}},"70":{"start":{"line":213,"column":6},"end":{"line":213,"column":29}},"71":{"start":{"line":214,"column":6},"end":{"line":214,"column":12}},"72":{"start":{"line":216,"column":6},"end":{"line":216,"column":21}},"73":{"start":{"line":217,"column":6},"end":{"line":217,"column":12}},"74":{"start":{"line":219,"column":6},"end":{"line":219,"column":20}},"75":{"start":{"line":220,"column":6},"end":{"line":220,"column":12}},"76":{"start":{"line":222,"column":6},"end":{"line":222,"column":29}},"77":{"start":{"line":223,"column":6},"end":{"line":223,"column":12}},"78":{"start":{"line":225,"column":6},"end":{"line":225,"column":77}},"79":{"start":{"line":228,"column":2},"end":{"line":228,"column":12}},"80":{"start":{"line":239,"column":0},"end":{"line":258,"column":1}},"81":{"start":{"line":240,"column":2},"end":{"line":240,"column":44}},"82":{"start":{"line":240,"column":33},"end":{"line":240,"column":44}},"83":{"start":{"line":242,"column":2},"end":{"line":245,"column":3}},"84":{"start":{"line":244,"column":4},"end":{"line":244,"column":37}},"85":{"start":{"line":244,"column":23},"end":{"line":244,"column":35}},"86":{"start":{"line":247,"column":2},"end":{"line":250,"column":3}},"87":{"start":{"line":249,"column":4},"end":{"line":249,"column":44}},"88":{"start":{"line":249,"column":27},"end":{"line":249,"column":42}},"89":{"start":{"line":252,"column":2},"end":{"line":255,"column":3}},"90":{"start":{"line":254,"column":4},"end":{"line":254,"column":29}},"91":{"start":{"line":257,"column":2},"end":{"line":257,"column":38}},"92":{"start":{"line":269,"column":0},"end":{"line":280,"column":2}},"93":{"start":{"line":270,"column":2},"end":{"line":270,"column":37}},"94":{"start":{"line":270,"column":25},"end":{"line":270,"column":37}},"95":{"start":{"line":273,"column":2},"end":{"line":273,"column":33}},"96":{"start":{"line":276,"column":2},"end":{"line":276,"column":38}},"97":{"start":{"line":279,"column":2},"end":{"line":279,"column":30}},"98":{"start":{"line":289,"column":0},"end":{"line":291,"column":1}},"99":{"start":{"line":290,"column":2},"end":{"line":290,"column":12}}},"branchMap":{"1":{"line":23,"type":"cond-expr","locations":[{"start":{"line":24,"column":6},"end":{"line":24,"column":32}},{"start":{"line":25,"column":6},"end":{"line":25,"column":10}}]},"2":{"line":40,"type":"cond-expr","locations":[{"start":{"line":41,"column":6},"end":{"line":41,"column":32}},{"start":{"line":42,"column":6},"end":{"line":42,"column":10}}]},"3":{"line":56,"type":"if","locations":[{"start":{"line":56,"column":2},"end":{"line":56,"column":2}},{"start":{"line":56,"column":2},"end":{"line":56,"column":2}}]},"4":{"line":57,"type":"if","locations":[{"start":{"line":57,"column":2},"end":{"line":57,"column":2}},{"start":{"line":57,"column":2},"end":{"line":57,"column":2}}]},"5":{"line":57,"type":"binary-expr","locations":[{"start":{"line":57,"column":6},"end":{"line":57,"column":20}},{"start":{"line":57,"column":24},"end":{"line":57,"column":39}}]},"6":{"line":58,"type":"if","locations":[{"start":{"line":58,"column":2},"end":{"line":58,"column":2}},{"start":{"line":58,"column":2},"end":{"line":58,"column":2}}]},"7":{"line":70,"type":"binary-expr","locations":[{"start":{"line":70,"column":8},"end":{"line":70,"column":11}},{"start":{"line":70,"column":15},"end":{"line":70,"column":17}}]},"8":{"line":73,"type":"if","locations":[{"start":{"line":73,"column":4},"end":{"line":73,"column":4}},{"start":{"line":73,"column":4},"end":{"line":73,"column":4}}]},"9":{"line":91,"type":"cond-expr","locations":[{"start":{"line":92,"column":6},"end":{"line":92,"column":24}},{"start":{"line":93,"column":6},"end":{"line":93,"column":46}}]},"10":{"line":125,"type":"if","locations":[{"start":{"line":125,"column":2},"end":{"line":125,"column":2}},{"start":{"line":125,"column":2},"end":{"line":125,"column":2}}]},"11":{"line":128,"type":"cond-expr","locations":[{"start":{"line":129,"column":8},"end":{"line":129,"column":103}},{"start":{"line":130,"column":8},"end":{"line":130,"column":49}}]},"12":{"line":152,"type":"if","locations":[{"start":{"line":152,"column":4},"end":{"line":152,"column":4}},{"start":{"line":152,"column":4},"end":{"line":152,"column":4}}]},"13":{"line":173,"type":"if","locations":[{"start":{"line":173,"column":2},"end":{"line":173,"column":2}},{"start":{"line":173,"column":2},"end":{"line":173,"column":2}}]},"14":{"line":177,"type":"switch","locations":[{"start":{"line":178,"column":4},"end":{"line":180,"column":12}},{"start":{"line":181,"column":4},"end":{"line":182,"column":12}},{"start":{"line":183,"column":4},"end":{"line":185,"column":12}},{"start":{"line":186,"column":4},"end":{"line":188,"column":12}},{"start":{"line":189,"column":4},"end":{"line":190,"column":69}}]},"15":{"line":207,"type":"if","locations":[{"start":{"line":207,"column":2},"end":{"line":207,"column":2}},{"start":{"line":207,"column":2},"end":{"line":207,"column":2}}]},"16":{"line":211,"type":"switch","locations":[{"start":{"line":212,"column":4},"end":{"line":214,"column":12}},{"start":{"line":215,"column":4},"end":{"line":217,"column":12}},{"start":{"line":218,"column":4},"end":{"line":220,"column":12}},{"start":{"line":221,"column":4},"end":{"line":223,"column":12}},{"start":{"line":224,"column":4},"end":{"line":225,"column":77}}]},"17":{"line":240,"type":"if","locations":[{"start":{"line":240,"column":2},"end":{"line":240,"column":2}},{"start":{"line":240,"column":2},"end":{"line":240,"column":2}}]},"18":{"line":242,"type":"if","locations":[{"start":{"line":242,"column":2},"end":{"line":242,"column":2}},{"start":{"line":242,"column":2},"end":{"line":242,"column":2}}]},"19":{"line":247,"type":"if","locations":[{"start":{"line":247,"column":2},"end":{"line":247,"column":2}},{"start":{"line":247,"column":2},"end":{"line":247,"column":2}}]},"20":{"line":252,"type":"if","locations":[{"start":{"line":252,"column":2},"end":{"line":252,"column":2}},{"start":{"line":252,"column":2},"end":{"line":252,"column":2}}]},"21":{"line":257,"type":"binary-expr","locations":[{"start":{"line":257,"column":27},"end":{"line":257,"column":30}},{"start":{"line":257,"column":34},"end":{"line":257,"column":36}}]},"22":{"line":270,"type":"if","locations":[{"start":{"line":270,"column":2},"end":{"line":270,"column":2}},{"start":{"line":270,"column":2},"end":{"line":270,"column":2}}]},"23":{"line":270,"type":"binary-expr","locations":[{"start":{"line":270,"column":6},"end":{"line":270,"column":11}},{"start":{"line":270,"column":15},"end":{"line":270,"column":23}}]}}},"/Users/walter/dev/school/metrics/express/lib/router/index.js":{"path":"/Users/walter/dev/school/metrics/express/lib/router/index.js","s":{"1":1,"2":1,"3":1,"4":1,"5":1,"6":1,"7":1,"8":1,"9":1,"10":1,"11":1,"12":530,"13":1,"14":31,"15":530,"16":530,"17":530,"18":530,"19":530,"20":530,"21":530,"22":530,"23":1,"24":26,"25":1,"26":1,"27":25,"28":25,"29":25,"30":25,"31":2,"32":25,"33":1,"34":1,"35":25,"36":1,"37":24,"38":24,"39":1,"40":693,"41":693,"42":693,"43":693,"44":693,"45":693,"46":693,"47":693,"48":693,"49":693,"50":693,"51":693,"52":693,"53":693,"54":693,"55":693,"56":693,"57":8,"58":5,"59":2,"60":3,"61":3,"62":693,"63":693,"64":693,"65":1,"66":2586,"67":2586,"68":2586,"69":17,"70":17,"71":2586,"72":46,"73":46,"74":46,"75":2586,"76":96,"77":2490,"78":2490,"79":247,"80":2243,"81":2243,"82":322,"83":9,"84":313,"85":313,"86":313,"87":5,"88":313,"89":26,"90":287,"91":2208,"92":2208,"93":2208,"94":2208,"95":8,"96":2200,"97":279,"98":1921,"99":1,"100":1921,"101":1921,"102":0,"103":1921,"104":81,"105":81,"106":81,"107":81,"108":36,"109":36,"110":81,"111":1921,"112":1921,"113":39,"114":1882,"115":1,"116":2490,"117":2490,"118":2490,"119":2490,"120":2490,"121":246,"122":1,"123":2490,"124":1,"125":2208,"126":2208,"127":2208,"128":2080,"129":128,"130":128,"131":128,"132":128,"133":128,"134":128,"135":128,"136":1,"137":281,"138":8,"139":273,"140":120,"141":153,"142":153,"143":153,"144":0,"145":153,"146":153,"147":153,"148":153,"149":153,"150":119,"151":34,"152":6,"153":6,"154":28,"155":28,"156":1,"157":57,"158":57,"159":57,"160":7,"161":7,"162":7,"163":50,"164":21,"165":29,"166":29,"167":2,"168":128,"169":1,"170":1394,"171":1394,"172":1394,"173":1394,"174":423,"175":423,"176":5,"177":423,"178":422,"179":422,"180":1394,"181":1394,"182":1,"183":1393,"184":1395,"185":8,"186":1387,"187":1387,"188":1387,"189":1387,"190":1385,"191":1,"192":255,"193":255,"194":255,"195":255,"196":255,"197":1,"198":27,"199":21,"200":21,"201":21,"202":1,"203":8,"204":8,"205":4,"206":4,"207":1,"208":5,"209":1,"210":4,"211":4,"212":2,"213":2,"214":2,"215":2,"216":4,"217":3,"218":4,"219":3,"220":2,"221":3,"222":3,"223":2,"224":2,"225":1,"226":693,"227":693,"228":693,"229":2079,"230":2079,"231":693,"232":93,"233":279,"234":93,"235":1,"236":8,"237":5,"238":5,"239":5,"240":5,"241":5},"b":{"1":[530,46],"2":[1,25],"3":[2,23],"4":[1,0],"5":[1,24],"6":[24,23],"7":[57,636],"8":[4,689],"9":[693,666],"10":[8,685],"11":[2,3],"12":[5,5],"13":[693,611],"14":[4,2582],"15":[17,2569],"16":[46,2540],"17":[96,2490],"18":[247,2243],"19":[2490,2489],"20":[247,221],"21":[322,1921],"22":[9,313],"23":[5,308],"24":[313,26],"25":[26,287],"26":[313,26],"27":[5,2203],"28":[8,2200],"29":[8,8],"30":[279,1921],"31":[0,1921],"32":[1921,1885,0],"33":[81,1840],"34":[36,45],"35":[81,77],"36":[2,79],"37":[39,1882],"38":[246,2243],"39":[2080,128],"40":[2208,2208],"41":[8,273],"42":[120,153],"43":[0,153],"44":[119,34],"45":[153,144],"46":[6,28],"47":[34,8,7],"48":[7,50],"49":[21,29],"50":[423,971],"51":[428,5],"52":[422,1],"53":[1,1393],"54":[8,1387],"55":[1387,335],"56":[4,4],"57":[1,4],"58":[5,4],"59":[2,2],"60":[4,2],"61":[6,2],"62":[3,1],"63":[3,1],"64":[2,1]},"f":{"1":530,"2":31,"3":26,"4":693,"5":5,"6":2586,"7":2490,"8":2208,"9":1921,"10":2490,"11":2208,"12":281,"13":57,"14":1394,"15":1395,"16":255,"17":27,"18":21,"19":8,"20":5,"21":693,"22":93,"23":8,"24":5},"fnMap":{"1":{"name":"(anonymous_1)","line":30,"loc":{"start":{"line":30,"column":29},"end":{"line":30,"column":47}}},"2":{"name":"router","line":33,"loc":{"start":{"line":33,"column":2},"end":{"line":33,"column":34}}},"3":{"name":"(anonymous_3)","line":84,"loc":{"start":{"line":84,"column":14},"end":{"line":84,"column":32}}},"4":{"name":"(anonymous_4)","line":122,"loc":{"start":{"line":122,"column":15},"end":{"line":122,"column":40}}},"5":{"name":"(anonymous_5)","line":153,"loc":{"start":{"line":153,"column":22},"end":{"line":153,"column":41}}},"6":{"name":"next","line":167,"loc":{"start":{"line":167,"column":2},"end":{"line":167,"column":21}}},"7":{"name":"(anonymous_7)","line":189,"loc":{"start":{"line":189,"column":38},"end":{"line":189,"column":59}}},"8":{"name":"(anonymous_8)","line":228,"loc":{"start":{"line":228,"column":56},"end":{"line":228,"column":71}}},"9":{"name":"trim_prefix","line":242,"loc":{"start":{"line":242,"column":2},"end":{"line":242,"column":59}}},"10":{"name":"match_layer","line":281,"loc":{"start":{"line":281,"column":20},"end":{"line":281,"column":64}}},"11":{"name":"(anonymous_11)","line":304,"loc":{"start":{"line":304,"column":23},"end":{"line":304,"column":63}}},"12":{"name":"param","line":325,"loc":{"start":{"line":325,"column":2},"end":{"line":325,"column":22}}},"13":{"name":"paramCallback","line":369,"loc":{"start":{"line":369,"column":2},"end":{"line":369,"column":30}}},"14":{"name":"use","line":409,"loc":{"start":{"line":409,"column":12},"end":{"line":409,"column":29}}},"15":{"name":"(anonymous_15)","line":436,"loc":{"start":{"line":436,"column":20},"end":{"line":436,"column":34}}},"16":{"name":"(anonymous_16)","line":471,"loc":{"start":{"line":471,"column":14},"end":{"line":471,"column":28}}},"17":{"name":"(anonymous_17)","line":487,"loc":{"start":{"line":487,"column":30},"end":{"line":487,"column":46}}},"18":{"name":"(anonymous_18)","line":488,"loc":{"start":{"line":488,"column":18},"end":{"line":488,"column":32}}},"19":{"name":"gettype","line":496,"loc":{"start":{"line":496,"column":0},"end":{"line":496,"column":22}}},"20":{"name":"mergeParams","line":509,"loc":{"start":{"line":509,"column":0},"end":{"line":509,"column":37}}},"21":{"name":"restore","line":545,"loc":{"start":{"line":545,"column":0},"end":{"line":545,"column":26}}},"22":{"name":"(anonymous_22)","line":554,"loc":{"start":{"line":554,"column":9},"end":{"line":554,"column":22}}},"23":{"name":"wrap","line":565,"loc":{"start":{"line":565,"column":0},"end":{"line":565,"column":23}}},"24":{"name":"proxy","line":566,"loc":{"start":{"line":566,"column":9},"end":{"line":566,"column":26}}}},"statementMap":{"1":{"start":{"line":6,"column":0},"end":{"line":6,"column":31}},"2":{"start":{"line":7,"column":0},"end":{"line":7,"column":31}},"3":{"start":{"line":8,"column":0},"end":{"line":8,"column":33}},"4":{"start":{"line":9,"column":0},"end":{"line":9,"column":35}},"5":{"start":{"line":10,"column":0},"end":{"line":10,"column":47}},"6":{"start":{"line":11,"column":0},"end":{"line":11,"column":35}},"7":{"start":{"line":12,"column":0},"end":{"line":12,"column":32}},"8":{"start":{"line":18,"column":0},"end":{"line":18,"column":40}},"9":{"start":{"line":19,"column":0},"end":{"line":19,"column":34}},"10":{"start":{"line":20,"column":0},"end":{"line":20,"column":41}},"11":{"start":{"line":30,"column":0},"end":{"line":48,"column":2}},"12":{"start":{"line":31,"column":2},"end":{"line":31,"column":26}},"13":{"start":{"line":33,"column":2},"end":{"line":35,"column":3}},"14":{"start":{"line":34,"column":4},"end":{"line":34,"column":34}},"15":{"start":{"line":38,"column":2},"end":{"line":38,"column":27}},"16":{"start":{"line":40,"column":2},"end":{"line":40,"column":21}},"17":{"start":{"line":41,"column":2},"end":{"line":41,"column":22}},"18":{"start":{"line":42,"column":2},"end":{"line":42,"column":47}},"19":{"start":{"line":43,"column":2},"end":{"line":43,"column":43}},"20":{"start":{"line":44,"column":2},"end":{"line":44,"column":33}},"21":{"start":{"line":45,"column":2},"end":{"line":45,"column":20}},"22":{"start":{"line":47,"column":2},"end":{"line":47,"column":16}},"23":{"start":{"line":84,"column":0},"end":{"line":114,"column":2}},"24":{"start":{"line":86,"column":2},"end":{"line":89,"column":3}},"25":{"start":{"line":87,"column":4},"end":{"line":87,"column":28}},"26":{"start":{"line":88,"column":4},"end":{"line":88,"column":11}},"27":{"start":{"line":92,"column":2},"end":{"line":92,"column":28}},"28":{"start":{"line":93,"column":2},"end":{"line":93,"column":26}},"29":{"start":{"line":94,"column":2},"end":{"line":94,"column":10}},"30":{"start":{"line":96,"column":2},"end":{"line":98,"column":3}},"31":{"start":{"line":97,"column":4},"end":{"line":97,"column":26}},"32":{"start":{"line":100,"column":2},"end":{"line":104,"column":3}},"33":{"start":{"line":101,"column":4},"end":{"line":103,"column":5}},"34":{"start":{"line":102,"column":6},"end":{"line":102,"column":15}},"35":{"start":{"line":108,"column":2},"end":{"line":110,"column":3}},"36":{"start":{"line":109,"column":4},"end":{"line":109,"column":72}},"37":{"start":{"line":112,"column":2},"end":{"line":112,"column":57}},"38":{"start":{"line":113,"column":2},"end":{"line":113,"column":14}},"39":{"start":{"line":122,"column":0},"end":{"line":273,"column":2}},"40":{"start":{"line":123,"column":2},"end":{"line":123,"column":18}},"41":{"start":{"line":125,"column":2},"end":{"line":125,"column":50}},"42":{"start":{"line":127,"column":2},"end":{"line":127,"column":40}},"43":{"start":{"line":128,"column":2},"end":{"line":128,"column":56}},"44":{"start":{"line":129,"column":2},"end":{"line":129,"column":62}},"45":{"start":{"line":130,"column":2},"end":{"line":130,"column":80}},"46":{"start":{"line":131,"column":2},"end":{"line":131,"column":14}},"47":{"start":{"line":132,"column":2},"end":{"line":132,"column":19}},"48":{"start":{"line":133,"column":2},"end":{"line":133,"column":25}},"49":{"start":{"line":134,"column":2},"end":{"line":134,"column":23}},"50":{"start":{"line":138,"column":2},"end":{"line":138,"column":19}},"51":{"start":{"line":141,"column":2},"end":{"line":141,"column":25}},"52":{"start":{"line":144,"column":2},"end":{"line":144,"column":32}},"53":{"start":{"line":145,"column":2},"end":{"line":145,"column":36}},"54":{"start":{"line":146,"column":2},"end":{"line":146,"column":57}},"55":{"start":{"line":149,"column":2},"end":{"line":149,"column":18}},"56":{"start":{"line":152,"column":2},"end":{"line":159,"column":3}},"57":{"start":{"line":153,"column":4},"end":{"line":158,"column":7}},"58":{"start":{"line":154,"column":6},"end":{"line":154,"column":55}},"59":{"start":{"line":154,"column":39},"end":{"line":154,"column":55}},"60":{"start":{"line":156,"column":6},"end":{"line":156,"column":35}},"61":{"start":{"line":157,"column":6},"end":{"line":157,"column":47}},"62":{"start":{"line":162,"column":2},"end":{"line":162,"column":26}},"63":{"start":{"line":163,"column":2},"end":{"line":163,"column":47}},"64":{"start":{"line":165,"column":2},"end":{"line":165,"column":9}},"65":{"start":{"line":167,"column":2},"end":{"line":240,"column":3}},"66":{"start":{"line":168,"column":4},"end":{"line":170,"column":12}},"67":{"start":{"line":172,"column":4},"end":{"line":172,"column":29}},"68":{"start":{"line":174,"column":4},"end":{"line":177,"column":5}},"69":{"start":{"line":175,"column":6},"end":{"line":175,"column":34}},"70":{"start":{"line":176,"column":6},"end":{"line":176,"column":25}},"71":{"start":{"line":179,"column":4},"end":{"line":183,"column":5}},"72":{"start":{"line":180,"column":6},"end":{"line":180,"column":30}},"73":{"start":{"line":181,"column":6},"end":{"line":181,"column":71}},"74":{"start":{"line":182,"column":6},"end":{"line":182,"column":19}},"75":{"start":{"line":185,"column":4},"end":{"line":187,"column":5}},"76":{"start":{"line":186,"column":6},"end":{"line":186,"column":30}},"77":{"start":{"line":189,"column":4},"end":{"line":239,"column":7}},"78":{"start":{"line":190,"column":6},"end":{"line":192,"column":7}},"79":{"start":{"line":191,"column":8},"end":{"line":191,"column":39}},"80":{"start":{"line":195,"column":6},"end":{"line":195,"column":30}},"81":{"start":{"line":198,"column":6},"end":{"line":219,"column":7}},"82":{"start":{"line":200,"column":8},"end":{"line":202,"column":9}},"83":{"start":{"line":201,"column":10},"end":{"line":201,"column":34}},"84":{"start":{"line":204,"column":8},"end":{"line":204,"column":32}},"85":{"start":{"line":205,"column":8},"end":{"line":205,"column":55}},"86":{"start":{"line":208,"column":8},"end":{"line":210,"column":9}},"87":{"start":{"line":209,"column":10},"end":{"line":209,"column":56}},"88":{"start":{"line":213,"column":8},"end":{"line":215,"column":9}},"89":{"start":{"line":214,"column":10},"end":{"line":214,"column":24}},"90":{"start":{"line":218,"column":8},"end":{"line":218,"column":26}},"91":{"start":{"line":222,"column":6},"end":{"line":224,"column":23}},"92":{"start":{"line":225,"column":6},"end":{"line":225,"column":33}},"93":{"start":{"line":228,"column":6},"end":{"line":238,"column":9}},"94":{"start":{"line":229,"column":8},"end":{"line":231,"column":9}},"95":{"start":{"line":230,"column":10},"end":{"line":230,"column":41}},"96":{"start":{"line":233,"column":8},"end":{"line":235,"column":9}},"97":{"start":{"line":234,"column":10},"end":{"line":234,"column":54}},"98":{"start":{"line":237,"column":8},"end":{"line":237,"column":56}},"99":{"start":{"line":242,"column":2},"end":{"line":272,"column":3}},"100":{"start":{"line":243,"column":4},"end":{"line":243,"column":35}},"101":{"start":{"line":244,"column":4},"end":{"line":244,"column":61}},"102":{"start":{"line":244,"column":37},"end":{"line":244,"column":61}},"103":{"start":{"line":248,"column":4},"end":{"line":263,"column":5}},"104":{"start":{"line":249,"column":6},"end":{"line":249,"column":64}},"105":{"start":{"line":250,"column":6},"end":{"line":250,"column":26}},"106":{"start":{"line":251,"column":6},"end":{"line":251,"column":78}},"107":{"start":{"line":254,"column":6},"end":{"line":257,"column":7}},"108":{"start":{"line":255,"column":8},"end":{"line":255,"column":32}},"109":{"start":{"line":256,"column":8},"end":{"line":256,"column":26}},"110":{"start":{"line":260,"column":6},"end":{"line":262,"column":19}},"111":{"start":{"line":265,"column":4},"end":{"line":265,"column":64}},"112":{"start":{"line":267,"column":4},"end":{"line":271,"column":5}},"113":{"start":{"line":268,"column":6},"end":{"line":268,"column":53}},"114":{"start":{"line":270,"column":6},"end":{"line":270,"column":43}},"115":{"start":{"line":281,"column":0},"end":{"line":296,"column":2}},"116":{"start":{"line":282,"column":2},"end":{"line":282,"column":19}},"117":{"start":{"line":283,"column":2},"end":{"line":283,"column":11}},"118":{"start":{"line":285,"column":2},"end":{"line":293,"column":3}},"119":{"start":{"line":286,"column":4},"end":{"line":286,"column":34}},"120":{"start":{"line":288,"column":4},"end":{"line":290,"column":5}},"121":{"start":{"line":289,"column":6},"end":{"line":289,"column":23}},"122":{"start":{"line":292,"column":4},"end":{"line":292,"column":16}},"123":{"start":{"line":295,"column":2},"end":{"line":295,"column":20}},"124":{"start":{"line":304,"column":0},"end":{"line":392,"column":2}},"125":{"start":{"line":305,"column":2},"end":{"line":305,"column":27}},"126":{"start":{"line":308,"column":2},"end":{"line":308,"column":24}},"127":{"start":{"line":311,"column":2},"end":{"line":313,"column":3}},"128":{"start":{"line":312,"column":4},"end":{"line":312,"column":18}},"129":{"start":{"line":315,"column":2},"end":{"line":315,"column":12}},"130":{"start":{"line":316,"column":2},"end":{"line":316,"column":11}},"131":{"start":{"line":317,"column":2},"end":{"line":317,"column":21}},"132":{"start":{"line":318,"column":2},"end":{"line":318,"column":10}},"133":{"start":{"line":319,"column":2},"end":{"line":319,"column":15}},"134":{"start":{"line":320,"column":2},"end":{"line":320,"column":21}},"135":{"start":{"line":321,"column":2},"end":{"line":321,"column":18}},"136":{"start":{"line":325,"column":2},"end":{"line":366,"column":3}},"137":{"start":{"line":326,"column":4},"end":{"line":328,"column":5}},"138":{"start":{"line":327,"column":6},"end":{"line":327,"column":23}},"139":{"start":{"line":330,"column":4},"end":{"line":332,"column":5}},"140":{"start":{"line":331,"column":6},"end":{"line":331,"column":20}},"141":{"start":{"line":334,"column":4},"end":{"line":334,"column":19}},"142":{"start":{"line":335,"column":4},"end":{"line":335,"column":20}},"143":{"start":{"line":337,"column":4},"end":{"line":339,"column":5}},"144":{"start":{"line":338,"column":6},"end":{"line":338,"column":20}},"145":{"start":{"line":341,"column":4},"end":{"line":341,"column":20}},"146":{"start":{"line":342,"column":4},"end":{"line":342,"column":32}},"147":{"start":{"line":343,"column":4},"end":{"line":343,"column":34}},"148":{"start":{"line":344,"column":4},"end":{"line":344,"column":31}},"149":{"start":{"line":346,"column":4},"end":{"line":348,"column":5}},"150":{"start":{"line":347,"column":6},"end":{"line":347,"column":21}},"151":{"start":{"line":351,"column":4},"end":{"line":357,"column":5}},"152":{"start":{"line":353,"column":6},"end":{"line":353,"column":43}},"153":{"start":{"line":356,"column":6},"end":{"line":356,"column":38}},"154":{"start":{"line":359,"column":4},"end":{"line":363,"column":6}},"155":{"start":{"line":365,"column":4},"end":{"line":365,"column":20}},"156":{"start":{"line":369,"column":2},"end":{"line":389,"column":3}},"157":{"start":{"line":370,"column":4},"end":{"line":370,"column":42}},"158":{"start":{"line":373,"column":4},"end":{"line":373,"column":45}},"159":{"start":{"line":375,"column":4},"end":{"line":380,"column":5}},"160":{"start":{"line":377,"column":6},"end":{"line":377,"column":30}},"161":{"start":{"line":378,"column":6},"end":{"line":378,"column":17}},"162":{"start":{"line":379,"column":6},"end":{"line":379,"column":13}},"163":{"start":{"line":382,"column":4},"end":{"line":382,"column":28}},"164":{"start":{"line":382,"column":13},"end":{"line":382,"column":28}},"165":{"start":{"line":384,"column":4},"end":{"line":388,"column":5}},"166":{"start":{"line":385,"column":6},"end":{"line":385,"column":54}},"167":{"start":{"line":387,"column":6},"end":{"line":387,"column":23}},"168":{"start":{"line":391,"column":2},"end":{"line":391,"column":10}},"169":{"start":{"line":409,"column":0},"end":{"line":456,"column":2}},"170":{"start":{"line":410,"column":2},"end":{"line":410,"column":17}},"171":{"start":{"line":411,"column":2},"end":{"line":411,"column":17}},"172":{"start":{"line":412,"column":2},"end":{"line":412,"column":18}},"173":{"start":{"line":416,"column":2},"end":{"line":428,"column":3}},"174":{"start":{"line":417,"column":4},"end":{"line":417,"column":17}},"175":{"start":{"line":419,"column":4},"end":{"line":421,"column":5}},"176":{"start":{"line":420,"column":6},"end":{"line":420,"column":19}},"177":{"start":{"line":424,"column":4},"end":{"line":427,"column":5}},"178":{"start":{"line":425,"column":6},"end":{"line":425,"column":17}},"179":{"start":{"line":426,"column":6},"end":{"line":426,"column":16}},"180":{"start":{"line":430,"column":2},"end":{"line":430,"column":63}},"181":{"start":{"line":432,"column":2},"end":{"line":434,"column":3}},"182":{"start":{"line":433,"column":4},"end":{"line":433,"column":70}},"183":{"start":{"line":436,"column":2},"end":{"line":453,"column":5}},"184":{"start":{"line":437,"column":4},"end":{"line":439,"column":5}},"185":{"start":{"line":438,"column":6},"end":{"line":438,"column":96}},"186":{"start":{"line":442,"column":4},"end":{"line":442,"column":55}},"187":{"start":{"line":444,"column":4},"end":{"line":448,"column":11}},"188":{"start":{"line":450,"column":4},"end":{"line":450,"column":28}},"189":{"start":{"line":452,"column":4},"end":{"line":452,"column":27}},"190":{"start":{"line":455,"column":2},"end":{"line":455,"column":14}},"191":{"start":{"line":471,"column":0},"end":{"line":484,"column":2}},"192":{"start":{"line":472,"column":2},"end":{"line":472,"column":30}},"193":{"start":{"line":474,"column":2},"end":{"line":478,"column":33}},"194":{"start":{"line":480,"column":2},"end":{"line":480,"column":22}},"195":{"start":{"line":482,"column":2},"end":{"line":482,"column":25}},"196":{"start":{"line":483,"column":2},"end":{"line":483,"column":15}},"197":{"start":{"line":487,"column":0},"end":{"line":493,"column":3}},"198":{"start":{"line":488,"column":2},"end":{"line":492,"column":4}},"199":{"start":{"line":489,"column":4},"end":{"line":489,"column":32}},"200":{"start":{"line":490,"column":4},"end":{"line":490,"column":57}},"201":{"start":{"line":491,"column":4},"end":{"line":491,"column":16}},"202":{"start":{"line":496,"column":0},"end":{"line":506,"column":1}},"203":{"start":{"line":497,"column":2},"end":{"line":497,"column":24}},"204":{"start":{"line":499,"column":2},"end":{"line":501,"column":3}},"205":{"start":{"line":500,"column":4},"end":{"line":500,"column":16}},"206":{"start":{"line":504,"column":2},"end":{"line":505,"column":33}},"207":{"start":{"line":509,"column":0},"end":{"line":542,"column":1}},"208":{"start":{"line":510,"column":2},"end":{"line":512,"column":3}},"209":{"start":{"line":511,"column":4},"end":{"line":511,"column":18}},"210":{"start":{"line":515,"column":2},"end":{"line":515,"column":30}},"211":{"start":{"line":518,"column":2},"end":{"line":520,"column":3}},"212":{"start":{"line":519,"column":4},"end":{"line":519,"column":30}},"213":{"start":{"line":522,"column":2},"end":{"line":522,"column":12}},"214":{"start":{"line":523,"column":2},"end":{"line":523,"column":12}},"215":{"start":{"line":526,"column":2},"end":{"line":529,"column":3}},"216":{"start":{"line":527,"column":4},"end":{"line":527,"column":25}},"217":{"start":{"line":527,"column":21},"end":{"line":527,"column":25}},"218":{"start":{"line":528,"column":4},"end":{"line":528,"column":25}},"219":{"start":{"line":528,"column":21},"end":{"line":528,"column":25}},"220":{"start":{"line":532,"column":2},"end":{"line":539,"column":3}},"221":{"start":{"line":533,"column":4},"end":{"line":533,"column":30}},"222":{"start":{"line":536,"column":4},"end":{"line":538,"column":5}},"223":{"start":{"line":537,"column":6},"end":{"line":537,"column":23}},"224":{"start":{"line":541,"column":2},"end":{"line":541,"column":31}},"225":{"start":{"line":545,"column":0},"end":{"line":562,"column":1}},"226":{"start":{"line":546,"column":2},"end":{"line":546,"column":46}},"227":{"start":{"line":547,"column":2},"end":{"line":547,"column":45}},"228":{"start":{"line":549,"column":2},"end":{"line":552,"column":3}},"229":{"start":{"line":550,"column":4},"end":{"line":550,"column":32}},"230":{"start":{"line":551,"column":4},"end":{"line":551,"column":28}},"231":{"start":{"line":554,"column":2},"end":{"line":561,"column":4}},"232":{"start":{"line":556,"column":4},"end":{"line":558,"column":5}},"233":{"start":{"line":557,"column":6},"end":{"line":557,"column":30}},"234":{"start":{"line":560,"column":4},"end":{"line":560,"column":37}},"235":{"start":{"line":565,"column":0},"end":{"line":576,"column":1}},"236":{"start":{"line":566,"column":2},"end":{"line":575,"column":4}},"237":{"start":{"line":567,"column":4},"end":{"line":567,"column":47}},"238":{"start":{"line":569,"column":4},"end":{"line":569,"column":18}},"239":{"start":{"line":570,"column":4},"end":{"line":572,"column":5}},"240":{"start":{"line":571,"column":6},"end":{"line":571,"column":33}},"241":{"start":{"line":574,"column":4},"end":{"line":574,"column":25}}},"branchMap":{"1":{"line":31,"type":"binary-expr","locations":[{"start":{"line":31,"column":12},"end":{"line":31,"column":19}},{"start":{"line":31,"column":23},"end":{"line":31,"column":25}}]},"2":{"line":86,"type":"if","locations":[{"start":{"line":86,"column":2},"end":{"line":86,"column":2}},{"start":{"line":86,"column":2},"end":{"line":86,"column":2}}]},"3":{"line":96,"type":"if","locations":[{"start":{"line":96,"column":2},"end":{"line":96,"column":2}},{"start":{"line":96,"column":2},"end":{"line":96,"column":2}}]},"4":{"line":101,"type":"if","locations":[{"start":{"line":101,"column":4},"end":{"line":101,"column":4}},{"start":{"line":101,"column":4},"end":{"line":101,"column":4}}]},"5":{"line":108,"type":"if","locations":[{"start":{"line":108,"column":2},"end":{"line":108,"column":2}},{"start":{"line":108,"column":2},"end":{"line":108,"column":2}}]},"6":{"line":112,"type":"binary-expr","locations":[{"start":{"line":112,"column":23},"end":{"line":112,"column":40}},{"start":{"line":112,"column":44},"end":{"line":112,"column":46}}]},"7":{"line":128,"type":"cond-expr","locations":[{"start":{"line":128,"column":28},"end":{"line":128,"column":38}},{"start":{"line":128,"column":41},"end":{"line":128,"column":55}}]},"8":{"line":130,"type":"cond-expr","locations":[{"start":{"line":130,"column":25},"end":{"line":130,"column":74}},{"start":{"line":130,"column":77},"end":{"line":130,"column":79}}]},"9":{"line":145,"type":"binary-expr","locations":[{"start":{"line":145,"column":18},"end":{"line":145,"column":29}},{"start":{"line":145,"column":33},"end":{"line":145,"column":35}}]},"10":{"line":152,"type":"if","locations":[{"start":{"line":152,"column":2},"end":{"line":152,"column":2}},{"start":{"line":152,"column":2},"end":{"line":152,"column":2}}]},"11":{"line":154,"type":"if","locations":[{"start":{"line":154,"column":6},"end":{"line":154,"column":6}},{"start":{"line":154,"column":6},"end":{"line":154,"column":6}}]},"12":{"line":154,"type":"binary-expr","locations":[{"start":{"line":154,"column":10},"end":{"line":154,"column":13}},{"start":{"line":154,"column":17},"end":{"line":154,"column":37}}]},"13":{"line":163,"type":"binary-expr","locations":[{"start":{"line":163,"column":20},"end":{"line":163,"column":35}},{"start":{"line":163,"column":39},"end":{"line":163,"column":46}}]},"14":{"line":168,"type":"cond-expr","locations":[{"start":{"line":169,"column":8},"end":{"line":169,"column":12}},{"start":{"line":170,"column":8},"end":{"line":170,"column":11}}]},"15":{"line":174,"type":"if","locations":[{"start":{"line":174,"column":4},"end":{"line":174,"column":4}},{"start":{"line":174,"column":4},"end":{"line":174,"column":4}}]},"16":{"line":179,"type":"if","locations":[{"start":{"line":179,"column":4},"end":{"line":179,"column":4}},{"start":{"line":179,"column":4},"end":{"line":179,"column":4}}]},"17":{"line":185,"type":"if","locations":[{"start":{"line":185,"column":4},"end":{"line":185,"column":4}},{"start":{"line":185,"column":4},"end":{"line":185,"column":4}}]},"18":{"line":190,"type":"if","locations":[{"start":{"line":190,"column":6},"end":{"line":190,"column":6}},{"start":{"line":190,"column":6},"end":{"line":190,"column":6}}]},"19":{"line":190,"type":"binary-expr","locations":[{"start":{"line":190,"column":10},"end":{"line":190,"column":13}},{"start":{"line":190,"column":17},"end":{"line":190,"column":35}}]},"20":{"line":191,"type":"binary-expr","locations":[{"start":{"line":191,"column":20},"end":{"line":191,"column":30}},{"start":{"line":191,"column":34},"end":{"line":191,"column":37}}]},"21":{"line":198,"type":"if","locations":[{"start":{"line":198,"column":6},"end":{"line":198,"column":6}},{"start":{"line":198,"column":6},"end":{"line":198,"column":6}}]},"22":{"line":200,"type":"if","locations":[{"start":{"line":200,"column":8},"end":{"line":200,"column":8}},{"start":{"line":200,"column":8},"end":{"line":200,"column":8}}]},"23":{"line":208,"type":"if","locations":[{"start":{"line":208,"column":8},"end":{"line":208,"column":8}},{"start":{"line":208,"column":8},"end":{"line":208,"column":8}}]},"24":{"line":208,"type":"binary-expr","locations":[{"start":{"line":208,"column":12},"end":{"line":208,"column":23}},{"start":{"line":208,"column":27},"end":{"line":208,"column":47}}]},"25":{"line":213,"type":"if","locations":[{"start":{"line":213,"column":8},"end":{"line":213,"column":8}},{"start":{"line":213,"column":8},"end":{"line":213,"column":8}}]},"26":{"line":213,"type":"binary-expr","locations":[{"start":{"line":213,"column":12},"end":{"line":213,"column":23}},{"start":{"line":213,"column":27},"end":{"line":213,"column":44}}]},"27":{"line":222,"type":"cond-expr","locations":[{"start":{"line":223,"column":10},"end":{"line":223,"column":49}},{"start":{"line":224,"column":10},"end":{"line":224,"column":22}}]},"28":{"line":229,"type":"if","locations":[{"start":{"line":229,"column":8},"end":{"line":229,"column":8}},{"start":{"line":229,"column":8},"end":{"line":229,"column":8}}]},"29":{"line":230,"type":"binary-expr","locations":[{"start":{"line":230,"column":22},"end":{"line":230,"column":32}},{"start":{"line":230,"column":36},"end":{"line":230,"column":39}}]},"30":{"line":233,"type":"if","locations":[{"start":{"line":233,"column":8},"end":{"line":233,"column":8}},{"start":{"line":233,"column":8},"end":{"line":233,"column":8}}]},"31":{"line":244,"type":"if","locations":[{"start":{"line":244,"column":4},"end":{"line":244,"column":4}},{"start":{"line":244,"column":4},"end":{"line":244,"column":4}}]},"32":{"line":244,"type":"binary-expr","locations":[{"start":{"line":244,"column":8},"end":{"line":244,"column":9}},{"start":{"line":244,"column":13},"end":{"line":244,"column":22}},{"start":{"line":244,"column":26},"end":{"line":244,"column":35}}]},"33":{"line":248,"type":"if","locations":[{"start":{"line":248,"column":4},"end":{"line":248,"column":4}},{"start":{"line":248,"column":4},"end":{"line":248,"column":4}}]},"34":{"line":254,"type":"if","locations":[{"start":{"line":254,"column":6},"end":{"line":254,"column":6}},{"start":{"line":254,"column":6},"end":{"line":254,"column":6}}]},"35":{"line":254,"type":"binary-expr","locations":[{"start":{"line":254,"column":10},"end":{"line":254,"column":15}},{"start":{"line":254,"column":19},"end":{"line":254,"column":37}}]},"36":{"line":260,"type":"cond-expr","locations":[{"start":{"line":261,"column":10},"end":{"line":261,"column":50}},{"start":{"line":262,"column":10},"end":{"line":262,"column":17}}]},"37":{"line":267,"type":"if","locations":[{"start":{"line":267,"column":4},"end":{"line":267,"column":4}},{"start":{"line":267,"column":4},"end":{"line":267,"column":4}}]},"38":{"line":288,"type":"if","locations":[{"start":{"line":288,"column":4},"end":{"line":288,"column":4}},{"start":{"line":288,"column":4},"end":{"line":288,"column":4}}]},"39":{"line":311,"type":"if","locations":[{"start":{"line":311,"column":2},"end":{"line":311,"column":2}},{"start":{"line":311,"column":2},"end":{"line":311,"column":2}}]},"40":{"line":311,"type":"binary-expr","locations":[{"start":{"line":311,"column":6},"end":{"line":311,"column":11}},{"start":{"line":311,"column":15},"end":{"line":311,"column":32}}]},"41":{"line":326,"type":"if","locations":[{"start":{"line":326,"column":4},"end":{"line":326,"column":4}},{"start":{"line":326,"column":4},"end":{"line":326,"column":4}}]},"42":{"line":330,"type":"if","locations":[{"start":{"line":330,"column":4},"end":{"line":330,"column":4}},{"start":{"line":330,"column":4},"end":{"line":330,"column":4}}]},"43":{"line":337,"type":"if","locations":[{"start":{"line":337,"column":4},"end":{"line":337,"column":4}},{"start":{"line":337,"column":4},"end":{"line":337,"column":4}}]},"44":{"line":346,"type":"if","locations":[{"start":{"line":346,"column":4},"end":{"line":346,"column":4}},{"start":{"line":346,"column":4},"end":{"line":346,"column":4}}]},"45":{"line":346,"type":"binary-expr","locations":[{"start":{"line":346,"column":8},"end":{"line":346,"column":30}},{"start":{"line":346,"column":34},"end":{"line":346,"column":49}}]},"46":{"line":351,"type":"if","locations":[{"start":{"line":351,"column":4},"end":{"line":351,"column":4}},{"start":{"line":351,"column":4},"end":{"line":351,"column":4}}]},"47":{"line":351,"type":"binary-expr","locations":[{"start":{"line":351,"column":8},"end":{"line":351,"column":19}},{"start":{"line":351,"column":24},"end":{"line":351,"column":41}},{"start":{"line":351,"column":45},"end":{"line":351,"column":75}}]},"48":{"line":375,"type":"if","locations":[{"start":{"line":375,"column":4},"end":{"line":375,"column":4}},{"start":{"line":375,"column":4},"end":{"line":375,"column":4}}]},"49":{"line":382,"type":"if","locations":[{"start":{"line":382,"column":4},"end":{"line":382,"column":4}},{"start":{"line":382,"column":4},"end":{"line":382,"column":4}}]},"50":{"line":416,"type":"if","locations":[{"start":{"line":416,"column":2},"end":{"line":416,"column":2}},{"start":{"line":416,"column":2},"end":{"line":416,"column":2}}]},"51":{"line":419,"type":"binary-expr","locations":[{"start":{"line":419,"column":11},"end":{"line":419,"column":29}},{"start":{"line":419,"column":33},"end":{"line":419,"column":49}}]},"52":{"line":424,"type":"if","locations":[{"start":{"line":424,"column":4},"end":{"line":424,"column":4}},{"start":{"line":424,"column":4},"end":{"line":424,"column":4}}]},"53":{"line":432,"type":"if","locations":[{"start":{"line":432,"column":2},"end":{"line":432,"column":2}},{"start":{"line":432,"column":2},"end":{"line":432,"column":2}}]},"54":{"line":437,"type":"if","locations":[{"start":{"line":437,"column":4},"end":{"line":437,"column":4}},{"start":{"line":437,"column":4},"end":{"line":437,"column":4}}]},"55":{"line":442,"type":"binary-expr","locations":[{"start":{"line":442,"column":29},"end":{"line":442,"column":36}},{"start":{"line":442,"column":40},"end":{"line":442,"column":53}}]},"56":{"line":499,"type":"if","locations":[{"start":{"line":499,"column":2},"end":{"line":499,"column":2}},{"start":{"line":499,"column":2},"end":{"line":499,"column":2}}]},"57":{"line":510,"type":"if","locations":[{"start":{"line":510,"column":2},"end":{"line":510,"column":2}},{"start":{"line":510,"column":2},"end":{"line":510,"column":2}}]},"58":{"line":510,"type":"binary-expr","locations":[{"start":{"line":510,"column":6},"end":{"line":510,"column":32}},{"start":{"line":510,"column":36},"end":{"line":510,"column":43}}]},"59":{"line":518,"type":"if","locations":[{"start":{"line":518,"column":2},"end":{"line":518,"column":2}},{"start":{"line":518,"column":2},"end":{"line":518,"column":2}}]},"60":{"line":518,"type":"binary-expr","locations":[{"start":{"line":518,"column":6},"end":{"line":518,"column":20}},{"start":{"line":518,"column":24},"end":{"line":518,"column":38}}]},"61":{"line":526,"type":"binary-expr","locations":[{"start":{"line":526,"column":9},"end":{"line":526,"column":16}},{"start":{"line":526,"column":20},"end":{"line":526,"column":31}}]},"62":{"line":527,"type":"if","locations":[{"start":{"line":527,"column":4},"end":{"line":527,"column":4}},{"start":{"line":527,"column":4},"end":{"line":527,"column":4}}]},"63":{"line":528,"type":"if","locations":[{"start":{"line":528,"column":4},"end":{"line":528,"column":4}},{"start":{"line":528,"column":4},"end":{"line":528,"column":4}}]},"64":{"line":536,"type":"if","locations":[{"start":{"line":536,"column":4},"end":{"line":536,"column":4}},{"start":{"line":536,"column":4},"end":{"line":536,"column":4}}]}}},"/Users/walter/dev/school/metrics/express/lib/router/route.js":{"path":"/Users/walter/dev/school/metrics/express/lib/router/route.js","s":{"1":1,"2":1,"3":1,"4":1,"5":1,"6":1,"7":266,"8":266,"9":266,"10":266,"11":1,"12":313,"13":27,"14":286,"15":286,"16":1,"17":286,"18":1,"19":5,"20":5,"21":1,"22":315,"23":315,"24":315,"25":0,"26":315,"27":315,"28":3,"29":315,"30":315,"31":1,"32":739,"33":3,"34":736,"35":736,"36":84,"37":652,"38":305,"39":347,"40":11,"41":336,"42":1,"43":20,"44":20,"45":20,"46":20,"47":3,"48":3,"49":3,"50":17,"51":17,"52":17,"53":17,"54":17,"55":1,"56":26,"57":409,"58":409,"59":409,"60":427,"61":26,"62":26,"63":26,"64":401,"65":401,"66":401,"67":401,"68":401,"69":383},"b":{"1":[27,286],"2":[1,285],"3":[286,3],"4":[0,315],"5":[3,312],"6":[315,5],"7":[3,736],"8":[739,82],"9":[84,652],"10":[305,347],"11":[652,587],"12":[11,336],"13":[3,17],"14":[26,401]},"f":{"1":266,"2":313,"3":5,"4":5,"5":315,"6":739,"7":20,"8":20,"9":26,"10":409,"11":427},"fnMap":{"1":{"name":"Route","line":23,"loc":{"start":{"line":23,"column":0},"end":{"line":23,"column":21}}},"2":{"name":"_handles_method","line":36,"loc":{"start":{"line":36,"column":34},"end":{"line":36,"column":67}}},"3":{"name":"(anonymous_3)","line":55,"loc":{"start":{"line":55,"column":27},"end":{"line":55,"column":37}}},"4":{"name":"(anonymous_4)","line":56,"loc":{"start":{"line":56,"column":39},"end":{"line":56,"column":56}}},"5":{"name":"(anonymous_5)","line":67,"loc":{"start":{"line":67,"column":27},"end":{"line":67,"column":51}}},"6":{"name":"next","line":83,"loc":{"start":{"line":83,"column":2},"end":{"line":83,"column":21}}},"7":{"name":"(anonymous_7)","line":133,"loc":{"start":{"line":133,"column":22},"end":{"line":133,"column":32}}},"8":{"name":"(anonymous_8)","line":136,"loc":{"start":{"line":136,"column":20},"end":{"line":136,"column":33}}},"9":{"name":"(anonymous_9)","line":153,"loc":{"start":{"line":153,"column":16},"end":{"line":153,"column":32}}},"10":{"name":"(anonymous_10)","line":154,"loc":{"start":{"line":154,"column":28},"end":{"line":154,"column":38}}},"11":{"name":"(anonymous_11)","line":158,"loc":{"start":{"line":158,"column":22},"end":{"line":158,"column":35}}}},"statementMap":{"1":{"start":{"line":5,"column":0},"end":{"line":5,"column":53}},"2":{"start":{"line":6,"column":0},"end":{"line":6,"column":31}},"3":{"start":{"line":7,"column":0},"end":{"line":7,"column":33}},"4":{"start":{"line":8,"column":0},"end":{"line":8,"column":32}},"5":{"start":{"line":14,"column":0},"end":{"line":14,"column":23}},"6":{"start":{"line":23,"column":0},"end":{"line":30,"column":1}},"7":{"start":{"line":24,"column":2},"end":{"line":24,"column":24}},"8":{"start":{"line":25,"column":2},"end":{"line":25,"column":19}},"9":{"start":{"line":26,"column":2},"end":{"line":26,"column":18}},"10":{"start":{"line":29,"column":2},"end":{"line":29,"column":20}},"11":{"start":{"line":36,"column":0},"end":{"line":48,"column":2}},"12":{"start":{"line":37,"column":2},"end":{"line":39,"column":3}},"13":{"start":{"line":38,"column":4},"end":{"line":38,"column":16}},"14":{"start":{"line":41,"column":2},"end":{"line":41,"column":32}},"15":{"start":{"line":43,"column":2},"end":{"line":45,"column":3}},"16":{"start":{"line":44,"column":4},"end":{"line":44,"column":19}},"17":{"start":{"line":47,"column":2},"end":{"line":47,"column":39}},"18":{"start":{"line":55,"column":0},"end":{"line":59,"column":2}},"19":{"start":{"line":56,"column":2},"end":{"line":58,"column":5}},"20":{"start":{"line":57,"column":4},"end":{"line":57,"column":32}},"21":{"start":{"line":67,"column":0},"end":{"line":103,"column":2}},"22":{"start":{"line":68,"column":2},"end":{"line":68,"column":14}},"23":{"start":{"line":69,"column":2},"end":{"line":69,"column":25}},"24":{"start":{"line":70,"column":2},"end":{"line":72,"column":3}},"25":{"start":{"line":71,"column":4},"end":{"line":71,"column":18}},"26":{"start":{"line":74,"column":2},"end":{"line":74,"column":40}},"27":{"start":{"line":75,"column":2},"end":{"line":77,"column":3}},"28":{"start":{"line":76,"column":4},"end":{"line":76,"column":19}},"29":{"start":{"line":79,"column":2},"end":{"line":79,"column":19}},"30":{"start":{"line":81,"column":2},"end":{"line":81,"column":9}},"31":{"start":{"line":83,"column":2},"end":{"line":102,"column":3}},"32":{"start":{"line":84,"column":4},"end":{"line":86,"column":5}},"33":{"start":{"line":85,"column":6},"end":{"line":85,"column":20}},"34":{"start":{"line":88,"column":4},"end":{"line":88,"column":29}},"35":{"start":{"line":89,"column":4},"end":{"line":91,"column":5}},"36":{"start":{"line":90,"column":6},"end":{"line":90,"column":23}},"37":{"start":{"line":93,"column":4},"end":{"line":95,"column":5}},"38":{"start":{"line":94,"column":6},"end":{"line":94,"column":23}},"39":{"start":{"line":97,"column":4},"end":{"line":101,"column":5}},"40":{"start":{"line":98,"column":6},"end":{"line":98,"column":46}},"41":{"start":{"line":100,"column":6},"end":{"line":100,"column":43}},"42":{"start":{"line":133,"column":0},"end":{"line":151,"column":2}},"43":{"start":{"line":134,"column":2},"end":{"line":134,"column":18}},"44":{"start":{"line":135,"column":2},"end":{"line":135,"column":58}},"45":{"start":{"line":136,"column":2},"end":{"line":148,"column":5}},"46":{"start":{"line":137,"column":4},"end":{"line":141,"column":5}},"47":{"start":{"line":138,"column":6},"end":{"line":138,"column":38}},"48":{"start":{"line":139,"column":6},"end":{"line":139,"column":76}},"49":{"start":{"line":140,"column":6},"end":{"line":140,"column":27}},"50":{"start":{"line":143,"column":4},"end":{"line":143,"column":35}},"51":{"start":{"line":144,"column":4},"end":{"line":144,"column":29}},"5
[...]
:13,"column":2},"end":{"line":18,"column":5}},"6":{"start":{"line":14,"column":4},"end":{"line":14,"column":39}},"7":{"start":{"line":15,"column":4},"end":{"line":15,"column":39}},"8":{"start":{"line":16,"column":4},"end":{"line":16,"column":35}},"9":{"start":{"line":17,"column":4},"end":{"line":17,"column":38}},"10":{"start":{"line":19,"column":2},"end":{"line":19,"column":36}},"11":{"start":{"line":20,"column":2},"end":{"line":23,"column":5}},"12":{"start":{"line":21,"column":4},"end":{"line":21,"column":41}},"13":{"start":{"line":22,"column":4},"end":{"line":22,"column":30}},"14":{"start":{"line":28,"column":0},"end":{"line":35,"column":2}},"15":{"start":{"line":39,"column":0},"end":{"line":66,"column":2}},"16":{"start":{"line":41,"column":4},"end":{"line":41,"column":20}},"17":{"start":{"line":44,"column":4},"end":{"line":44,"column":68}},"18":{"start":{"line":47,"column":4},"end":{"line":47,"column":32}},"19":{"start":{"line":48,"column":4},"end":{"line":48,"column":21}},"20":{"start":{"line":49,"column":4},"end":{"line":49,"column":59}},"21":{"start":{"line":52,"column":4},"end":{"line":52,"column":38}},"22":{"start":{"line":53,"column":4},"end":{"line":64,"column":5}},"23":{"start":{"line":55,"column":8},"end":{"line":55,"column":24}},"24":{"start":{"line":56,"column":8},"end":{"line":56,"column":14}},"25":{"start":{"line":59,"column":8},"end":{"line":61,"column":32}},"26":{"start":{"line":60,"column":10},"end":{"line":60,"column":46}},"27":{"start":{"line":62,"column":8},"end":{"line":62,"column":23}},"28":{"start":{"line":63,"column":8},"end":{"line":63,"column":14}},"29":{"start":{"line":74,"column":0},"end":{"line":74,"column":29}},"30":{"start":{"line":76,"column":0},"end":{"line":87,"column":3}},"31":{"start":{"line":77,"column":2},"end":{"line":86,"column":16}},"32":{"start":{"line":90,"column":0},"end":{"line":93,"column":1},"skip":true},"33":{"start":{"line":91,"column":2},"end":{"line":91,"column":19},"skip":true},"34":{"start":{"line":92,"column":2},"end":{"line":92,"column":46},"skip":true}},"branchMap":{"1":{"line":44,"type":"binary-expr","locations":[{"start":{"line":44,"column":13},"end":{"line":44,"column":33}},{"start":{"line":44,"column":37},"end":{"line":44,"column":66}}]},"2":{"line":49,"type":"cond-expr","locations":[{"start":{"line":49,"column":25},"end":{"line":49,"column":36}},{"start":{"line":49,"column":39},"end":{"line":49,"column":57}}]},"3":{"line":53,"type":"switch","locations":[{"start":{"line":54,"column":6},"end":{"line":56,"column":14}},{"start":{"line":57,"column":6},"end":{"line":57,"column":18}},{"start":{"line":58,"column":6},"end":{"line":63,"column":14}}]},"4":{"line":90,"type":"if","locations":[{"start":{"line":90,"column":0},"end":{"line":90,"column":0},"skip":true},{"start":{"line":90,"column":0},"end":{"line":90,"column":0},"skip":true}]}}},"/Users/walter/dev/school/metrics/express/examples/route-map/index.js":{"path":"/Users/walter/dev/school/metrics/express/examples/route-map/index.js","s":{"1":1,"2":1,"3":1,"4":1,"5":5,"6":5,"7":9,"8":4,"9":4,"10":5,"11":0,"12":5,"13":5,"14":1,"15":1,"16":1,"17":1,"18":1,"19":1,"20":1,"21":1,"22":1,"23":0,"24":0},"b":{"1":[5,1],"2":[4,5],"3":[0,5],"4":[0,1]},"f":{"1":5,"2":1,"3":1,"4":1,"5":1,"6":1},"fnMap":{"1":{"name":"(anonymous_1)","line":11,"loc":{"start":{"line":11,"column":10},"end":{"line":11,"column":28}}},"2":{"name":"(anonymous_2)","line":29,"loc":{"start":{"line":29,"column":8},"end":{"line":29,"column":26}}},"3":{"name":"(anonymous_3)","line":33,"loc":{"start":{"line":33,"column":7},"end":{"line":33,"column":25}}},"4":{"name":"(anonymous_4)","line":37,"loc":{"start":{"line":37,"column":10},"end":{"line":37,"column":28}}},"5":{"name":"(anonymous_5)","line":43,"loc":{"start":{"line":43,"column":8},"end":{"line":43,"column":26}}},"6":{"name":"(anonymous_6)","line":47,"loc":{"start":{"line":47,"column":10},"end":{"line":47,"column":28}}}},"statementMap":{"1":{"start":{"line":5,"column":0},"end":{"line":5,"column":43}},"2":{"start":{"line":7,"column":0},"end":{"line":7,"column":45}},"3":{"start":{"line":9,"column":0},"end":{"line":9,"column":37}},"4":{"start":{"line":11,"column":0},"end":{"line":26,"column":2}},"5":{"start":{"line":12,"column":2},"end":{"line":12,"column":22}},"6":{"start":{"line":13,"column":2},"end":{"line":25,"column":3}},"7":{"start":{"line":14,"column":4},"end":{"line":24,"column":5}},"8":{"start":{"line":17,"column":8},"end":{"line":17,"column":37}},"9":{"start":{"line":18,"column":8},"end":{"line":18,"column":14}},"10":{"start":{"line":21,"column":8},"end":{"line":21,"column":54}},"11":{"start":{"line":21,"column":21},"end":{"line":21,"column":54}},"12":{"start":{"line":22,"column":8},"end":{"line":22,"column":32}},"13":{"start":{"line":23,"column":8},"end":{"line":23,"column":14}},"14":{"start":{"line":28,"column":0},"end":{"line":40,"column":2}},"15":{"start":{"line":30,"column":4},"end":{"line":30,"column":26}},"16":{"start":{"line":34,"column":4},"end":{"line":34,"column":39}},"17":{"start":{"line":38,"column":4},"end":{"line":38,"column":29}},"18":{"start":{"line":42,"column":0},"end":{"line":50,"column":2}},"19":{"start":{"line":44,"column":4},"end":{"line":44,"column":52}},"20":{"start":{"line":48,"column":4},"end":{"line":48,"column":71}},"21":{"start":{"line":52,"column":0},"end":{"line":66,"column":3}},"22":{"start":{"line":69,"column":0},"end":{"line":72,"column":1},"skip":true},"23":{"start":{"line":70,"column":2},"end":{"line":70,"column":19},"skip":true},"24":{"start":{"line":71,"column":2},"end":{"line":71,"column":46},"skip":true}},"branchMap":{"1":{"line":12,"type":"binary-expr","locations":[{"start":{"line":12,"column":10},"end":{"line":12,"column":15}},{"start":{"line":12,"column":19},"end":{"line":12,"column":21}}]},"2":{"line":14,"type":"switch","locations":[{"start":{"line":16,"column":6},"end":{"line":18,"column":14}},{"start":{"line":20,"column":6},"end":{"line":23,"column":14}}]},"3":{"line":21,"type":"if","locations":[{"start":{"line":21,"column":8},"end":{"line":21,"column":8}},{"start":{"line":21,"column":8},"end":{"line":21,"column":8}}]},"4":{"line":69,"type":"if","locations":[{"start":{"line":69,"column":0},"end":{"line":69,"column":0},"skip":true},{"start":{"line":69,"column":0},"end":{"line":69,"column":0},"skip":true}]}}},"/Users/walter/dev/school/metrics/express/examples/route-separation/index.js":{"path":"/Users/walter/dev/school/metrics/express/examples/route-separation/index.js","s":{"1":1,"2":1,"3":1,"4":1,"5":1,"6":1,"7":1,"8":1,"9":1,"10":1,"11":1,"12":1,"13":1,"14":0,"15":1,"16":1,"17":1,"18":1,"19":1,"20":1,"21":1,"22":1,"23":1,"24":1,"25":1,"26":1,"27":1,"28":0,"29":0},"b":{"1":[0,1],"2":[0,1]},"f":{},"fnMap":{},"statementMap":{"1":{"start":{"line":5,"column":0},"end":{"line":5,"column":31}},"2":{"start":{"line":6,"column":0},"end":{"line":6,"column":20}},"3":{"start":{"line":7,"column":0},"end":{"line":7,"column":31}},"4":{"start":{"line":8,"column":0},"end":{"line":8,"column":44}},"5":{"start":{"line":9,"column":0},"end":{"line":9,"column":40}},"6":{"start":{"line":10,"column":0},"end":{"line":10,"column":48}},"7":{"start":{"line":11,"column":0},"end":{"line":11,"column":29}},"8":{"start":{"line":12,"column":0},"end":{"line":12,"column":29}},"9":{"start":{"line":13,"column":0},"end":{"line":13,"column":29}},"10":{"start":{"line":15,"column":0},"end":{"line":15,"column":21}},"11":{"start":{"line":19,"column":0},"end":{"line":19,"column":31}},"12":{"start":{"line":20,"column":0},"end":{"line":20,"column":39}},"13":{"start":{"line":23,"column":0},"end":{"line":25,"column":1},"skip":true},"14":{"start":{"line":24,"column":2},"end":{"line":24,"column":33},"skip":true},"15":{"start":{"line":27,"column":0},"end":{"line":27,"column":35}},"16":{"start":{"line":28,"column":0},"end":{"line":28,"column":24}},"17":{"start":{"line":29,"column":0},"end":{"line":29,"column":51}},"18":{"start":{"line":30,"column":0},"end":{"line":30,"column":47}},"19":{"start":{"line":34,"column":0},"end":{"line":34,"column":25}},"20":{"start":{"line":38,"column":0},"end":{"line":38,"column":29}},"21":{"start":{"line":39,"column":0},"end":{"line":39,"column":37}},"22":{"start":{"line":40,"column":0},"end":{"line":40,"column":32}},"23":{"start":{"line":41,"column":0},"end":{"line":41,"column":37}},"24":{"start":{"line":42,"column":0},"end":{"line":42,"column":37}},"25":{"start":{"line":43,"column":0},"end":{"line":43,"column":39}},"26":{"start":{"line":47,"column":0},"end":{"line":47,"column":29}},"27":{"start":{"line":50,"column":0},"end":{"line":53,"column":1},"skip":true},"28":{"start":{"line":51,"column":2},"end":{"line":51,"column":19},"skip":true},"29":{"start":{"line":52,"column":2},"end":{"line":52,"column":46},"skip":true}},"branchMap":{"1":{"line":23,"type":"if","locations":[{"start":{"line":23,"column":0},"end":{"line":23,"column":0},"skip":true},{"start":{"line":23,"column":0},"end":{"line":23,"column":0},"skip":true}]},"2":{"line":50,"type":"if","locations":[{"start":{"line":50,"column":0},"end":{"line":50,"column":0},"skip":true},{"start":{"line":50,"column":0},"end":{"line":50,"column":0},"skip":true}]}}},"/Users/walter/dev/school/metrics/express/examples/route-separation/site.js":{"path":"/Users/walter/dev/school/metrics/express/examples/route-separation/site.js","s":{"1":1,"2":1},"b":{},"f":{"1":1},"fnMap":{"1":{"name":"(anonymous_1)","line":1,"loc":{"start":{"line":1,"column":16},"end":{"line":1,"column":34}}}},"statementMap":{"1":{"start":{"line":1,"column":0},"end":{"line":3,"column":2}},"2":{"start":{"line":2,"column":2},"end":{"line":2,"column":61}}},"branchMap":{}},"/Users/walter/dev/school/metrics/express/examples/route-separation/post.js":{"path":"/Users/walter/dev/school/metrics/express/examples/route-separation/post.js","s":{"1":1,"2":1,"3":1},"b":{},"f":{"1":1},"fnMap":{"1":{"name":"(anonymous_1)","line":9,"loc":{"start":{"line":9,"column":15},"end":{"line":9,"column":33}}}},"statementMap":{"1":{"start":{"line":3,"column":0},"end":{"line":7,"column":2}},"2":{"start":{"line":9,"column":0},"end":{"line":11,"column":2}},"3":{"start":{"line":10,"column":2},"end":{"line":10,"column":56}}},"branchMap":{}},"/Users/walter/dev/school/metrics/express/examples/route-separation/user.js":{"path":"/Users/walter/dev/school/metrics/express/examples/route-separation/user.js","s":{"1":1,"2":1,"3":1,"4":1,"5":9,"6":9,"7":9,"8":7,"9":2,"10":2,"11":2,"12":1,"13":4,"14":1,"15":1,"16":1,"17":2,"18":2,"19":2,"20":2},"b":{"1":[7,2]},"f":{"1":1,"2":9,"3":4,"4":1,"5":2},"fnMap":{"1":{"name":"(anonymous_1)","line":8,"loc":{"start":{"line":8,"column":15},"end":{"line":8,"column":33}}},"2":{"name":"(anonymous_2)","line":12,"loc":{"start":{"line":12,"column":15},"end":{"line":12,"column":39}}},"3":{"name":"(anonymous_3)","line":24,"loc":{"start":{"line":24,"column":15},"end":{"line":24,"column":33}}},"4":{"name":"(anonymous_4)","line":31,"loc":{"start":{"line":31,"column":15},"end":{"line":31,"column":33}}},"5":{"name":"(anonymous_5)","line":38,"loc":{"start":{"line":38,"column":17},"end":{"line":38,"column":35}}}},"statementMap":{"1":{"start":{"line":3,"column":0},"end":{"line":6,"column":2}},"2":{"start":{"line":8,"column":0},"end":{"line":10,"column":2}},"3":{"start":{"line":9,"column":2},"end":{"line":9,"column":56}},"4":{"start":{"line":12,"column":0},"end":{"line":22,"column":2}},"5":{"start":{"line":13,"column":2},"end":{"line":13,"column":25}},"6":{"start":{"line":14,"column":2},"end":{"line":14,"column":23}},"7":{"start":{"line":15,"column":2},"end":{"line":21,"column":3}},"8":{"start":{"line":16,"column":4},"end":{"line":16,"column":11}},"9":{"start":{"line":18,"column":4},"end":{"line":18,"column":50}},"10":{"start":{"line":19,"column":4},"end":{"line":19,"column":21}},"11":{"start":{"line":20,"column":4},"end":{"line":20,"column":14}},"12":{"start":{"line":24,"column":0},"end":{"line":29,"column":2}},"13":{"start":{"line":25,"column":2},"end":{"line":28,"column":5}},"14":{"start":{"line":31,"column":0},"end":{"line":36,"column":2}},"15":{"start":{"line":32,"column":2},"end":{"line":35,"column":5}},"16":{"start":{"line":38,"column":0},"end":{"line":45,"column":2}},"17":{"start":{"line":41,"column":2},"end":{"line":41,"column":27}},"18":{"start":{"line":42,"column":2},"end":{"line":42,"column":28}},"19":{"start":{"line":43,"column":2},"end":{"line":43,"column":30}},"20":{"start":{"line":44,"column":2},"end":{"line":44,"column":23}}},"branchMap":{"1":{"line":15,"type":"if","locations":[{"start":{"line":15,"column":2},"end":{"line":15,"column":2}},{"start":{"line":15,"column":2},"end":{"line":15,"column":2}}]}}},"/Users/walter/dev/school/metrics/express/examples/vhost/index.js":{"path":"/Users/walter/dev/school/metrics/express/examples/vhost/index.js","s":{"1":1,"2":1,"3":1,"4":1,"5":1,"6":0,"7":1,"8":1,"9":1,"10":1,"11":1,"12":1,"13":2,"14":0,"15":2,"16":1,"17":1,"18":1,"19":1,"20":0,"21":0},"b":{"1":[0,1],"2":[0,2],"3":[0,1]},"f":{"1":1,"2":1,"3":2},"fnMap":{"1":{"name":"(anonymous_1)","line":23,"loc":{"start":{"line":23,"column":14},"end":{"line":23,"column":32}}},"2":{"name":"(anonymous_2)","line":27,"loc":{"start":{"line":27,"column":18},"end":{"line":27,"column":36}}},"3":{"name":"(anonymous_3)","line":35,"loc":{"start":{"line":35,"column":13},"end":{"line":35,"column":31}}}},"statementMap":{"1":{"start":{"line":5,"column":0},"end":{"line":5,"column":31}},"2":{"start":{"line":6,"column":0},"end":{"line":6,"column":31}},"3":{"start":{"line":7,"column":0},"end":{"line":7,"column":29}},"4":{"start":{"line":19,"column":0},"end":{"line":19,"column":21}},"5":{"start":{"line":21,"column":0},"end":{"line":21,"column":44}},"6":{"start":{"line":21,"column":20},"end":{"line":21,"column":44}},"7":{"start":{"line":23,"column":0},"end":{"line":25,"column":3}},"8":{"start":{"line":24,"column":2},"end":{"line":24,"column":35}},"9":{"start":{"line":27,"column":0},"end":{"line":29,"column":3}},"10":{"start":{"line":28,"column":2},"end":{"line":28,"column":42}},"11":{"start":{"line":33,"column":0},"end":{"line":33,"column":25}},"12":{"start":{"line":35,"column":0},"end":{"line":38,"column":3}},"13":{"start":{"line":36,"column":2},"end":{"line":36,"column":45}},"14":{"start":{"line":36,"column":22},"end":{"line":36,"column":45}},"15":{"start":{"line":37,"column":2},"end":{"line":37,"column":58}},"16":{"start":{"line":42,"column":0},"end":{"line":42,"column":37}},"17":{"start":{"line":44,"column":0},"end":{"line":44,"column":42}},"18":{"start":{"line":45,"column":0},"end":{"line":45,"column":36}},"19":{"start":{"line":48,"column":0},"end":{"line":51,"column":1},"skip":true},"20":{"start":{"line":49,"column":2},"end":{"line":49,"column":19},"skip":true},"21":{"start":{"line":50,"column":2},"end":{"line":50,"column":46},"skip":true}},"branchMap":{"1":{"line":21,"type":"if","locations":[{"start":{"line":21,"column":0},"end":{"line":21,"column":0}},{"start":{"line":21,"column":0},"end":{"line":21,"column":0}}]},"2":{"line":36,"type":"if","locations":[{"start":{"line":36,"column":2},"end":{"line":36,"column":2}},{"start":{"line":36,"column":2},"end":{"line":36,"column":2}}]},"3":{"line":48,"type":"if","locations":[{"start":{"line":48,"column":0},"end":{"line":48,"column":0},"skip":true},{"start":{"line":48,"column":0},"end":{"line":48,"column":0},"skip":true}]}}},"/Users/walter/dev/school/metrics/express/examples/web-service/index.js":{"path":"/Users/walter/dev/school/metrics/express/examples/web-service/index.js","s":{"1":1,"2":1,"3":1,"4":6,"5":6,"6":6,"7":1,"8":11,"9":11,"10":3,"11":8,"12":3,"13":5,"14":5,"15":1,"16":1,"17":1,"18":1,"19":1,"20":1,"21":1,"22":1,"23":1,"24":2,"25":2,"26":2,"27":1,"28":1,"29":1,"30":6,"31":6,"32":1,"33":2,"34":2,"35":1,"36":0,"37":0},"b":{"1":[3,8],"2":[3,5],"3":[1,1],"4":[6,0],"5":[0,1]},"f":{"1":6,"2":11,"3":1,"4":1,"5":2,"6":6,"7":2},"fnMap":{"1":{"name":"error","line":13,"loc":{"start":{"line":13,"column":0},"end":{"line":13,"column":28}}},"2":{"name":"(anonymous_2)","line":28,"loc":{"start":{"line":28,"column":16},"end":{"line":28,"column":40}}},"3":{"name":"(anonymous_3)","line":72,"loc":{"start":{"line":72,"column":22},"end":{"line":72,"column":46}}},"4":{"name":"(anonymous_4)","line":76,"loc":{"start":{"line":76,"column":22},"end":{"line":76,"column":46}}},"5":{"name":"(anonymous_5)","line":80,"loc":{"start":{"line":80,"column":33},"end":{"line":80,"column":57}}},"6":{"name":"(anonymous_6)","line":93,"loc":{"start":{"line":93,"column":8},"end":{"line":93,"column":37}}},"7":{"name":"(anonymous_7)","line":103,"loc":{"start":{"line":103,"column":8},"end":{"line":103,"column":26}}}},"statementMap":{"1":{"start":{"line":5,"column":0},"end":{"line":5,"column":32}},"2":{"start":{"line":7,"column":0},"end":{"line":7,"column":37}},"3":{"start":{"line":13,"column":0},"end":{"line":17,"column":1}},"4":{"start":{"line":14,"column":2},"end":{"line":14,"column":27}},"5":{"start":{"line":15,"column":2},"end":{"line":15,"column":22}},"6":{"start":{"line":16,"column":2},"end":{"line":16,"column":13}},"7":{"start":{"line":28,"column":0},"end":{"line":40,"column":3}},"8":{"start":{"line":29,"column":2},"end":{"line":29,"column":33}},"9":{"start":{"line":32,"column":2},"end":{"line":32,"column":56}},"10":{"start":{"line":32,"column":12},"end":{"line":32,"column":56}},"11":{"start":{"line":35,"column":2},"end":{"line":35,"column":73}},"12":{"start":{"line":35,"column":30},"end":{"line":35,"column":73}},"13":{"start":{"line":38,"column":2},"end":{"line":38,"column":16}},"14":{"start":{"line":39,"column":2},"end":{"line":39,"column":9}},"15":{"start":{"line":47,"column":0},"end":{"line":47,"column":36}},"16":{"start":{"line":51,"column":0},"end":{"line":55,"column":2}},"17":{"start":{"line":57,"column":0},"end":{"line":61,"column":2}},"18":{"start":{"line":63,"column":0},"end":{"line":67,"column":2}},"19":{"start":{"line":72,"column":0},"end":{"line":74,"column":3}},"20":{"start":{"line":73,"column":2},"end":{"line":73,"column":18}},"21":{"start":{"line":76,"column":0},"end":{"line":78,"column":3}},"22":{"start":{"line":77,"column":2},"end":{"line":77,"column":18}},"23":{"start":{"line":80,"column":0},"end":{"line":86,"column":3}},"24":{"start":{"line":81,"column":2},"end":{"line":81,"column":29}},"25":{"start":{"line":82,"column":2},"end":{"line":82,"column":29}},"26":{"start":{"line":84,"column":2},"end":{"line":85,"column":14}},"27":{"start":{"line":84,"column":12},"end":{"line":84,"column":27}},"28":{"start":{"line":85,"column":7},"end":{"line":85,"column":14}},"29":{"start":{"line":93,"column":0},"end":{"line":98,"column":3}},"30":{"start":{"line":96,"column":2},"end":{"line":96,"column":32}},"31":{"start":{"line":97,"column":2},"end":{"line":97,"column":35}},"32":{"start":{"line":103,"column":0},"end":{"line":106,"column":3}},"33":{"start":{"line":104,"column":2},"end":{"line":104,"column":18}},"34":{"start":{"line":105,"column":2},"end":{"line":105,"column":47}},"35":{"start":{"line":109,"column":0},"end":{"line":112,"column":1},"skip":true},"36":{"start":{"line":110,"column":2},"end":{"line":110,"column":19},"skip":true},"37":{"start":{"line":111,"column":2},"end":{"line":111,"column":46},"skip":true}},"branchMap":{"1":{"line":32,"type":"if","locations":[{"start":{"line":32,"column":2},"end":{"line":32,"column":2}},{"start":{"line":32,"column":2},"end":{"line":32,"column":2}}]},"2":{"line":35,"type":"if","locations":[{"start":{"line":35,"column":2},"end":{"line":35,"column":2}},{"start":{"line":35,"column":2},"end":{"line":35,"column":2}}]},"3":{"line":84,"type":"if","locations":[{"start":{"line":84,"column":2},"end":{"line":84,"column":2}},{"start":{"line":84,"column":2},"end":{"line":84,"column":2}}]},"4":{"line":96,"type":"binary-expr","locations":[{"start":{"line":96,"column":13},"end":{"line":96,"column":23}},{"start":{"line":96,"column":27},"end":{"line":96,"column":30}}]},"5":{"line":109,"type":"if","locations":[{"start":{"line":109,"column":0},"end":{"line":109,"column":0},"skip":true},{"start":{"line":109,"column":0},"end":{"line":109,"column":0},"skip":true}]}}}}