TN:
SF:/Users/walter/dev/school/metrics/express/index.js
FNF:0
FNH:0
DA:2,1
LF:1
LH:1
BRF:0
BRH:0
end_of_record
TN:
SF:/Users/walter/dev/school/metrics/express/lib/express.js
FN:26,createApplication
FN:27,(anonymous_2)
FN:86,(anonymous_3)
FN:88,(anonymous_4)
FNF:4
FNH:4
FNDA:537,createApplication
FNDA:571,(anonymous_2)
FNDA:19,(anonymous_3)
FNDA:1,(anonymous_4)
DA:5,1
DA:6,1
DA:7,1
DA:8,1
DA:9,1
DA:10,1
DA:11,1
DA:17,1
DA:26,1
DA:27,537
DA:28,571
DA:31,537
DA:32,537
DA:34,537
DA:35,537
DA:36,537
DA:37,537
DA:44,1
DA:45,1
DA:46,1
DA:52,1
DA:53,1
DA:59,1
DA:60,1
DA:66,1
DA:87,19
DA:89,1
LF:27
LH:27
BRF:0
BRH:0
end_of_record
TN:
SF:/Users/walter/dev/school/metrics/express/lib/application.js
FN:38,(anonymous_1)
FN:51,(anonymous_2)
FN:64,(anonymous_3)
FN:90,(anonymous_4)
FN:104,(anonymous_5)
FN:125,(anonymous_6)
FN:154,use
FN:185,(anonymous_8)
FN:196,mounted_app
FN:198,(anonymous_10)
FN:222,(anonymous_11)
FN:261,(anonymous_12)
FN:280,(anonymous_13)
FN:285,(anonymous_14)
FN:310,(anonymous_15)
FN:352,(anonymous_16)
FN:373,(anonymous_17)
FN:392,(anonymous_18)
FN:404,(anonymous_19)
FN:416,(anonymous_20)
FN:424,(anonymous_21)
FN:425,(anonymous_22)
FN:446,(anonymous_23)
FN:451,(anonymous_24)
FN:479,(anonymous_25)
FN:554,(anonymous_26)
FN:566,logerror
FNF:27
FNH:27
FNDA:537,(anonymous_1)
FNDA:537,(anonymous_2)
FNDA:22,(anonymous_3)
FNDA:1,(anonymous_4)
FNDA:626,(anonymous_5)
FNDA:619,(anonymous_6)
FNDA:376,use
FNDA:396,(anonymous_8)
FNDA:48,mounted_app
FNDA:30,(anonymous_10)
FNDA:4,(anonymous_11)
FNDA:7,(anonymous_12)
FNDA:22,(anonymous_13)
FNDA:4,(anonymous_14)
FNDA:10096,(anonymous_15)
FNDA:6,(anonymous_16)
FNDA:1648,(anonymous_17)
FNDA:2,(anonymous_18)
FNDA:569,(anonymous_19)
FNDA:3,(anonymous_20)
FNDA:26,(anonymous_21)
FNDA:2052,(anonymous_22)
FNDA:6,(anonymous_23)
FNDA:156,(anonymous_24)
FNDA:71,(anonymous_25)
FNDA:2,(anonymous_26)
FNDA:20,logerror
DA:5,1
DA:6,1
DA:7,1
DA:8,1
DA:9,1
DA:10,1
DA:11,1
DA:12,1
DA:13,1
DA:14,1
DA:15,1
DA:16,1
DA:17,1
DA:18,1
DA:19,1
DA:20,1
DA:26,1
DA:38,1
DA:39,537
DA:40,537
DA:41,537
DA:42,537
DA:51,1
DA:53,537
DA:54,537
DA:55,537
DA:56,537
DA:57,537
DA:58,537
DA:59,537
DA:61,537
DA:64,537
DA:65,22
DA:66,22
DA:67,22
DA:68,22
DA:72,537
DA:75,537
DA:78,537
DA:81,537
DA:82,537
DA:83,537
DA:85,537
DA:86,1
DA:89,537
DA:91,1
DA:104,1
DA:105,626
DA:106,479
DA:111,479
DA:112,479
DA:125,1
DA:126,619
DA:129,619
DA:135,619
DA:136,2
DA:137,2
DA:138,2
DA:141,617
DA:154,1
DA:155,376
DA:156,376
DA:157,376
DA:161,376
DA:162,44
DA:164,44
DA:165,6
DA:169,44
DA:170,41
DA:171,41
DA:175,376
DA:177,376
DA:178,1
DA:182,375
DA:183,375
DA:185,375
DA:187,396
DA:188,374
DA:191,22
DA:192,22
DA:193,22
DA:196,22
DA:197,48
DA:198,48
DA:199,30
DA:200,30
DA:201,30
DA:206,22
DA:209,371
DA:222,1
DA:223,4
DA:224,4
DA:261,1
DA:262,7
DA:263,6
DA:264,6
DA:265,6
DA:280,1
DA:281,22
DA:282,22
DA:284,22
DA:285,2
DA:286,4
DA:288,2
DA:291,20
DA:292,19
DA:310,1
DA:311,10096
DA:313,3483
DA:317,6613
DA:320,6613
DA:322,550
DA:323,550
DA:324,549
DA:326,543
DA:327,543
DA:328,542
DA:330,557
DA:331,557
DA:332,557
DA:335,6611
DA:352,1
DA:353,6
DA:373,1
DA:374,1648
DA:392,1
DA:393,2
DA:404,1
DA:405,569
DA:416,1
DA:417,3
DA:424,1
DA:425,26
DA:426,2052
DA:428,219
DA:430,219
DA:431,219
DA:432,193
DA:446,1
DA:447,6
DA:449,6
DA:450,6
DA:451,6
DA:452,156
DA:455,6
DA:460,1
DA:479,1
DA:480,71
DA:481,71
DA:482,71
DA:483,71
DA:486,71
DA:487,18
DA:491,71
DA:494,71
DA:497,71
DA:500,71
DA:505,71
DA:508,71
DA:509,69
DA:515,69
DA:516,2
DA:517,2
DA:518,2
DA:522,67
DA:526,69
DA:527,69
DA:529,1
DA:554,1
DA:555,2
DA:556,2
DA:566,1
DA:567,20
LF:173
LH:173
BRDA:55,1,0,537
BRDA:55,1,1,1
BRDA:85,2,0,1
BRDA:85,2,1,536
BRDA:105,3,0,479
BRDA:105,3,1,147
BRDA:129,4,0,619
BRDA:129,4,1,567
BRDA:135,5,0,2
BRDA:135,5,1,617
BRDA:161,6,0,44
BRDA:161,6,1,332
BRDA:164,7,0,50
BRDA:164,7,1,6
BRDA:169,8,0,41
BRDA:169,8,1,3
BRDA:177,9,0,1
BRDA:177,9,1,375
BRDA:187,10,0,374
BRDA:187,10,1,22
BRDA:187,11,0,396
BRDA:187,11,1,395
BRDA:187,11,2,32
BRDA:262,12,0,1
BRDA:262,12,1,6
BRDA:263,13,0,3
BRDA:263,13,1,3
BRDA:284,14,0,2
BRDA:284,14,1,20
BRDA:311,15,0,3483
BRDA:311,15,1,6613
BRDA:320,16,0,550
BRDA:320,16,1,543
BRDA:320,16,2,557
BRDA:353,17,0,3
BRDA:353,17,1,3
BRDA:426,18,0,1833
BRDA:426,18,1,219
BRDA:426,19,0,2052
BRDA:426,19,1,1983
BRDA:486,20,0,18
BRDA:486,20,1,53
BRDA:494,21,0,48
BRDA:494,21,1,23
BRDA:500,22,0,69
BRDA:500,22,1,2
BRDA:505,23,0,4
BRDA:505,23,1,67
BRDA:508,24,0,69
BRDA:508,24,1,2
BRDA:515,25,0,2
BRDA:515,25,1,67
BRDA:522,26,0,2
BRDA:522,26,1,65
BRDA:567,27,0,0
BRDA:567,27,1,20
BRDA:567,28,0,0
BRDA:567,28,1,0
BRF:58
BRH:55
end_of_record
TN:
SF:/Users/walter/dev/school/metrics/express/lib/utils.js
FN:22,(anonymous_1)
FN:39,wetag
FN:55,(anonymous_3)
FN:69,(anonymous_4)
FN:90,(anonymous_5)
FN:104,(anonymous_6)
FN:123,(anonymous_7)
FN:146,acceptParams
FN:170,(anonymous_9)
FN:204,compileQueryParser
FN:239,(anonymous_11)
FN:244,(anonymous_12)
FN:249,(anonymous_13)
FN:269,(anonymous_14)
FN:289,newObject
FNF:15
FNH:15
FNDA:5,(anonymous_1)
FNDA:258,wetag
FNDA:90,(anonymous_3)
FNDA:2218,(anonymous_4)
FNDA:77,(anonymous_5)
FNDA:5,(anonymous_6)
FNDA:13,(anonymous_7)
FNDA:16,acceptParams
FNDA:550,(anonymous_9)
FNDA:543,compileQueryParser
FNDA:557,(anonymous_11)
FNDA:15,(anonymous_12)
FNDA:6,(anonymous_13)
FNDA:279,(anonymous_14)
FNDA:1,newObject
DA:5,1
DA:6,1
DA:7,1
DA:8,1
DA:9,1
DA:10,1
DA:11,1
DA:22,1
DA:23,5
DA:27,5
DA:39,1
DA:40,258
DA:44,258
DA:55,1
DA:56,90
DA:57,64
DA:58,63
DA:69,1
DA:70,2218
DA:71,2218
DA:72,2218
DA:73,2261
DA:74,18
DA:76,2243
DA:79,2218
DA:90,1
DA:91,77
DA:104,1
DA:105,5
DA:107,5
DA:108,15
DA:111,5
DA:123,1
DA:124,13
DA:125,13
DA:126,12
DA:128,12
DA:133,13
DA:146,1
DA:147,16
DA:148,16
DA:150,16
DA:151,9
DA:152,9
DA:153,3
DA:155,6
DA:159,16
DA:170,1
DA:171,550
DA:173,550
DA:174,3
DA:177,547
DA:179,5
DA:180,5
DA:182,2
DA:184,1
DA:185,1
DA:187,538
DA:188,538
DA:190,1
DA:193,546
DA:204,1
DA:205,543
DA:207,543
DA:208,1
DA:211,542
DA:213,1
DA:214,1
DA:216,1
DA:217,1
DA:219,538
DA:220,538
DA:222,1
DA:223,1
DA:225,1
DA:228,541
DA:239,1
DA:240,557
DA:242,556
DA:244,15
DA:247,542
DA:249,6
DA:252,540
DA:254,3
DA:257,540
DA:269,1
DA:270,279
DA:273,279
DA:276,279
DA:279,279
DA:289,1
DA:290,1
LF:92
LH:92
BRDA:23,1,0,3
BRDA:23,1,1,2
BRDA:40,2,0,3
BRDA:40,2,1,255
BRDA:56,3,0,26
BRDA:56,3,1,64
BRDA:57,4,0,1
BRDA:57,4,1,63
BRDA:57,5,0,64
BRDA:57,5,1,1
BRDA:58,6,0,1
BRDA:58,6,1,62
BRDA:70,7,0,2218
BRDA:70,7,1,2200
BRDA:73,8,0,18
BRDA:73,8,1,2243
BRDA:91,9,0,16
BRDA:91,9,1,61
BRDA:125,10,0,12
BRDA:125,10,1,1
BRDA:128,11,0,2
BRDA:128,11,1,10
BRDA:152,12,0,3
BRDA:152,12,1,6
BRDA:173,13,0,3
BRDA:173,13,1,547
BRDA:177,14,0,5
BRDA:177,14,1,2
BRDA:177,14,2,1
BRDA:177,14,3,538
BRDA:177,14,4,1
BRDA:207,15,0,1
BRDA:207,15,1,542
BRDA:211,16,0,1
BRDA:211,16,1,1
BRDA:211,16,2,538
BRDA:211,16,3,1
BRDA:211,16,4,1
BRDA:240,17,0,1
BRDA:240,17,1,556
BRDA:242,18,0,14
BRDA:242,18,1,542
BRDA:247,19,0,2
BRDA:247,19,1,540
BRDA:252,20,0,3
BRDA:252,20,1,537
BRDA:257,21,0,540
BRDA:257,21,1,537
BRDA:270,22,0,0
BRDA:270,22,1,279
BRDA:270,23,0,279
BRDA:270,23,1,279
BRF:52
BRH:51
end_of_record
TN:
SF:/Users/walter/dev/school/metrics/express/lib/router/index.js
FN:30,(anonymous_1)
FN:33,router
FN:84,(anonymous_3)
FN:122,(anonymous_4)
FN:153,(anonymous_5)
FN:167,next
FN:189,(anonymous_7)
FN:228,(anonymous_8)
FN:242,trim_prefix
FN:281,match_layer
FN:304,(anonymous_11)
FN:325,param
FN:369,paramCallback
FN:409,use
FN:436,(anonymous_15)
FN:471,(anonymous_16)
FN:487,(anonymous_17)
FN:488,(anonymous_18)
FN:496,gettype
FN:509,mergeParams
FN:545,restore
FN:554,(anonymous_22)
FN:565,wrap
FN:566,proxy
FNF:24
FNH:24
FNDA:530,(anonymous_1)
FNDA:31,router
FNDA:26,(anonymous_3)
FNDA:693,(anonymous_4)
FNDA:5,(anonymous_5)
FNDA:2586,next
FNDA:2490,(anonymous_7)
FNDA:2208,(anonymous_8)
FNDA:1921,trim_prefix
FNDA:2490,match_layer
FNDA:2208,(anonymous_11)
FNDA:281,param
FNDA:57,paramCallback
FNDA:1394,use
FNDA:1395,(anonymous_15)
FNDA:255,(anonymous_16)
FNDA:27,(anonymous_17)
FNDA:21,(anonymous_18)
FNDA:8,gettype
FNDA:5,mergeParams
FNDA:693,restore
FNDA:93,(anonymous_22)
FNDA:8,wrap
FNDA:5,proxy
DA:6,1
DA:7,1
DA:8,1
DA:9,1
DA:10,1
DA:11,1
DA:12,1
DA:18,1
DA:19,1
DA:20,1
DA:30,1
DA:31,530
DA:33,1
DA:34,31
DA:38,530
DA:40,530
DA:41,530
DA:42,530
DA:43,530
DA:44,530
DA:45,530
DA:47,530
DA:84,1
DA:86,26
DA:87,1
DA:88,1
DA:92,25
DA:93,25
DA:94,25
DA:96,25
DA:97,2
DA:100,25
DA:101,1
DA:102,1
DA:108,25
DA:109,1
DA:112,24
DA:113,24
DA:122,1
DA:123,693
DA:125,693
DA:127,693
DA:128,693
DA:129,693
DA:130,693
DA:131,693
DA:132,693
DA:133,693
DA:134,693
DA:138,693
DA:141,693
DA:144,693
DA:145,693
DA:146,693
DA:149,693
DA:152,693
DA:153,8
DA:154,5
DA:156,3
DA:157,3
DA:162,693
DA:163,693
DA:165,693
DA:167,1
DA:168,2586
DA:172,2586
DA:174,2586
DA:175,17
DA:176,17
DA:179,2586
DA:180,46
DA:181,46
DA:182,46
DA:185,2586
DA:186,96
DA:189,2490
DA:190,2490
DA:191,247
DA:195,2243
DA:198,2243
DA:200,322
DA:201,9
DA:204,313
DA:205,313
DA:208,313
DA:209,5
DA:213,313
DA:214,26
DA:218,287
DA:222,2208
DA:225,2208
DA:228,2208
DA:229,2208
DA:230,8
DA:233,2200
DA:234,279
DA:237,1921
DA:242,1
DA:243,1921
DA:244,1921
DA:248,1921
DA:249,81
DA:250,81
DA:251,81
DA:254,81
DA:255,36
DA:256,36
DA:260,81
DA:265,1921
DA:267,1921
DA:268,39
DA:270,1882
DA:281,1
DA:282,2490
DA:283,2490
DA:285,2490
DA:286,2490
DA:288,2490
DA:289,246
DA:292,1
DA:295,2490
DA:304,1
DA:305,2208
DA:308,2208
DA:311,2208
DA:312,2080
DA:315,128
DA:316,128
DA:317,128
DA:318,128
DA:319,128
DA:320,128
DA:321,128
DA:325,1
DA:326,281
DA:327,8
DA:330,273
DA:331,120
DA:334,153
DA:335,153
DA:337,153
DA:338,0
DA:341,153
DA:342,153
DA:343,153
DA:344,153
DA:346,153
DA:347,119
DA:351,34
DA:353,6
DA:356,6
DA:359,28
DA:365,28
DA:369,1
DA:370,57
DA:373,57
DA:375,57
DA:377,7
DA:378,7
DA:379,7
DA:382,50
DA:384,29
DA:385,29
DA:387,2
DA:391,128
DA:409,1
DA:410,1394
DA:411,1394
DA:412,1394
DA:416,1394
DA:417,423
DA:419,423
DA:420,5
DA:424,423
DA:425,422
DA:426,422
DA:430,1394
DA:432,1394
DA:433,1
DA:436,1393
DA:437,1395
DA:438,8
DA:442,1387
DA:444,1387
DA:450,1387
DA:452,1387
DA:455,1385
DA:471,1
DA:472,255
DA:474,255
DA:480,255
DA:482,255
DA:483,255
DA:487,1
DA:488,27
DA:489,21
DA:490,21
DA:491,21
DA:496,1
DA:497,8
DA:499,8
DA:500,4
DA:504,4
DA:509,1
DA:510,5
DA:511,1
DA:515,4
DA:518,4
DA:519,2
DA:522,2
DA:523,2
DA:526,2
DA:527,4
DA:528,4
DA:532,2
DA:533,3
DA:536,3
DA:537,2
DA:541,2
DA:545,1
DA:546,693
DA:547,693
DA:549,693
DA:550,2079
DA:551,2079
DA:554,693
DA:556,93
DA:557,279
DA:560,93
DA:565,1
DA:566,8
DA:567,5
DA:569,5
DA:570,5
DA:571,5
DA:574,5
LF:236
LH:235
BRDA:31,1,0,530
BRDA:31,1,1,46
BRDA:86,2,0,1
BRDA:86,2,1,25
BRDA:96,3,0,2
BRDA:96,3,1,23
BRDA:101,4,0,1
BRDA:101,4,1,0
BRDA:108,5,0,1
BRDA:108,5,1,24
BRDA:112,6,0,24
BRDA:112,6,1,23
BRDA:128,7,0,57
BRDA:128,7,1,636
BRDA:130,8,0,4
BRDA:130,8,1,689
BRDA:145,9,0,693
BRDA:145,9,1,666
BRDA:152,10,0,8
BRDA:152,10,1,685
BRDA:154,11,0,2
BRDA:154,11,1,3
BRDA:154,12,0,5
BRDA:154,12,1,5
BRDA:163,13,0,693
BRDA:163,13,1,611
BRDA:168,14,0,4
BRDA:168,14,1,2582
BRDA:174,15,0,17
BRDA:174,15,1,2569
BRDA:179,16,0,46
BRDA:179,16,1,2540
BRDA:185,17,0,96
BRDA:185,17,1,2490
BRDA:190,18,0,247
BRDA:190,18,1,2243
BRDA:190,19,0,2490
BRDA:190,19,1,2489
BRDA:191,20,0,247
BRDA:191,20,1,221
BRDA:198,21,0,322
BRDA:198,21,1,1921
BRDA:200,22,0,9
BRDA:200,22,1,313
BRDA:208,23,0,5
BRDA:208,23,1,308
BRDA:208,24,0,313
BRDA:208,24,1,26
BRDA:213,25,0,26
BRDA:213,25,1,287
BRDA:213,26,0,313
BRDA:213,26,1,26
BRDA:222,27,0,5
BRDA:222,27,1,2203
BRDA:229,28,0,8
BRDA:229,28,1,2200
BRDA:230,29,0,8
BRDA:230,29,1,8
BRDA:233,30,0,279
BRDA:233,30,1,1921
BRDA:244,31,0,0
BRDA:244,31,1,1921
BRDA:244,32,0,1921
BRDA:244,32,1,1885
BRDA:244,32,2,0
BRDA:248,33,0,81
BRDA:248,33,1,1840
BRDA:254,34,0,36
BRDA:254,34,1,45
BRDA:254,35,0,81
BRDA:254,35,1,77
BRDA:260,36,0,2
BRDA:260,36,1,79
BRDA:267,37,0,39
BRDA:267,37,1,1882
BRDA:288,38,0,246
BRDA:288,38,1,2243
BRDA:311,39,0,2080
BRDA:311,39,1,128
BRDA:311,40,0,2208
BRDA:311,40,1,2208
BRDA:326,41,0,8
BRDA:326,41,1,273
BRDA:330,42,0,120
BRDA:330,42,1,153
BRDA:337,43,0,0
BRDA:337,43,1,153
BRDA:346,44,0,119
BRDA:346,44,1,34
BRDA:346,45,0,153
BRDA:346,45,1,144
BRDA:351,46,0,6
BRDA:351,46,1,28
BRDA:351,47,0,34
BRDA:351,47,1,8
BRDA:351,47,2,7
BRDA:375,48,0,7
BRDA:375,48,1,50
BRDA:382,49,0,21
BRDA:382,49,1,29
BRDA:416,50,0,423
BRDA:416,50,1,971
BRDA:419,51,0,428
BRDA:419,51,1,5
BRDA:424,52,0,422
BRDA:424,52,1,1
BRDA:432,53,0,1
BRDA:432,53,1,1393
BRDA:437,54,0,8
BRDA:437,54,1,1387
BRDA:442,55,0,1387
BRDA:442,55,1,335
BRDA:499,56,0,4
BRDA:499,56,1,4
BRDA:510,57,0,1
BRDA:510,57,1,4
BRDA:510,58,0,5
BRDA:510,58,1,4
BRDA:518,59,0,2
BRDA:518,59,1,2
BRDA:518,60,0,4
BRDA:518,60,1,2
BRDA:526,61,0,6
BRDA:526,61,1,2
BRDA:527,62,0,3
BRDA:527,62,1,1
BRDA:528,63,0,3
BRDA:528,63,1,1
BRDA:536,64,0,2
BRDA:536,64,1,1
BRF:130
BRH:126
end_of_record
TN:
SF:/Users/walter/dev/school/metrics/express/lib/router/route.js
FN:23,Route
FN:36,_handles_method
FN:55,(anonymous_3)
FN:56,(anonymous_4)
FN:67,(anonymous_5)
FN:83,next
FN:133,(anonymous_7)
FN:136,(anonymous_8)
FN:153,(anonymous_9)
FN:154,(anonymous_10)
FN:158,(anonymous_11)
FNF:11
FNH:11
FNDA:266,Route
FNDA:313,_handles_method
FNDA:5,(anonymous_3)
FNDA:5,(anonymous_4)
FNDA:315,(anonymous_5)
FNDA:739,next
FNDA:20,(anonymous_7)
FNDA:20,(anonymous_8)
FNDA:26,(anonymous_9)
FNDA:409,(anonymous_10)
FNDA:427,(anonymous_11)
DA:5,1
DA:6,1
DA:7,1
DA:8,1
DA:14,1
DA:23,1
DA:24,266
DA:25,266
DA:26,266
DA:29,266
DA:36,1
DA:37,313
DA:38,27
DA:41,286
DA:43,286
DA:44,1
DA:47,286
DA:55,1
DA:56,5
DA:57,5
DA:67,1
DA:68,315
DA:69,315
DA:70,315
DA:71,0
DA:74,315
DA:75,315
DA:76,3
DA:79,315
DA:81,315
DA:83,1
DA:84,739
DA:85,3
DA:88,736
DA:89,736
DA:90,84
DA:93,652
DA:94,305
DA:97,347
DA:98,11
DA:100,336
DA:133,1
DA:134,20
DA:135,20
DA:136,20
DA:137,20
DA:138,3
DA:139,3
DA:140,3
DA:143,17
DA:144,17
DA:146,17
DA:147,17
DA:150,17
DA:153,1
DA:154,26
DA:155,409
DA:156,409
DA:158,409
DA:159,427
DA:160,26
DA:161,26
DA:162,26
DA:165,401
DA:167,401
DA:168,401
DA:170,401
DA:171,401
DA:173,383
LF:69
LH:68
BRDA:37,1,0,27
BRDA:37,1,1,286
BRDA:43,2,0,1
BRDA:43,2,1,285
BRDA:43,3,0,286
BRDA:43,3,1,3
BRDA:70,4,0,0
BRDA:70,4,1,315
BRDA:75,5,0,3
BRDA:75,5,1,312
BRDA:75,6,0,315
BRDA:75,6,1,5
BRDA:84,7,0,3
BRDA:84,7,1,736
BRDA:84,8,0,739
BRDA:84,8,1,82
BRDA:89,9,0,84
BRDA:89,9,1,652
BRDA:93,10,0,305
BRDA:93,10,1,347
BRDA:93,11,0,652
BRDA:93,11,1,587
BRDA:97,12,0,11
BRDA:97,12,1,336
BRDA:137,13,0,3
BRDA:137,13,1,17
BRDA:159,14,0,26
BRDA:159,14,1,401
BRF:28
BRH:27
end_of_record
TN:
SF:/Users/walter/dev/school/metrics/express/lib/router/layer.js
FN:20,Layer
FN:49,handle_error
FN:73,handle
FN:97,match
FN:147,decode_param
FNF:5
FNH:5
FNDA:2478,Layer
FNDA:50,handle_error
FNDA:2497,handle
FNDA:2490,match
FNDA:192,decode_param
DA:5,1
DA:6,1
DA:12,1
DA:18,1
DA:20,1
DA:21,2478
DA:22,418
DA:25,2060
DA:26,2060
DA:28,2060
DA:29,2060
DA:30,2060
DA:31,2060
DA:32,2060
DA:34,2060
DA:35,1318
DA:49,1
DA:50,50
DA:52,50
DA:54,15
DA:57,35
DA:58,35
DA:60,2
DA:73,1
DA:74,2497
DA:76,2497
DA:78,6
DA:81,2491
DA:82,2491
DA:84,11
DA:97,1
DA:98,2490
DA:100,1840
DA:101,1840
DA:102,1840
DA:105,650
DA:107,650
DA:108,246
DA:109,246
DA:110,246
DA:114,404
DA:115,404
DA:117,404
DA:118,404
DA:119,404
DA:120,404
DA:121,404
DA:122,404
DA:124,404
DA:125,192
DA:126,192
DA:129,192
DA:131,191
DA:132,190
DA:136,403
DA:147,1
DA:148,192
DA:149,11
DA:152,181
DA:153,181
DA:155,1
DA:156,1
DA:157,1
LF:63
LH:63
BRDA:21,1,0,418
BRDA:21,1,1,2060
BRDA:26,2,0,2060
BRDA:26,2,1,0
BRDA:29,3,0,2060
BRDA:29,3,1,1000
BRDA:34,4,0,1318
BRDA:34,4,1,742
BRDA:34,5,0,2060
BRDA:34,5,1,1798
BRDA:52,6,0,15
BRDA:52,6,1,35
BRDA:76,7,0,6
BRDA:76,7,1,2491
BRDA:98,8,0,1840
BRDA:98,8,1,650
BRDA:107,9,0,246
BRDA:107,9,1,404
BRDA:126,10,0,169
BRDA:126,10,1,23
BRDA:131,11,0,190
BRDA:131,11,1,1
BRDA:131,12,0,191
BRDA:131,12,1,11
BRDA:148,13,0,11
BRDA:148,13,1,181
BRF:26
BRH:25
end_of_record
TN:
SF:/Users/walter/dev/school/metrics/express/lib/middleware/init.js
FN:11,(anonymous_1)
FN:12,expressInit
FNF:2
FNH:2
FNDA:479,(anonymous_1)
FNDA:617,expressInit
DA:11,1
DA:12,479
DA:13,617
DA:14,617
DA:15,617
DA:16,617
DA:18,617
DA:19,617
DA:21,617
DA:23,617
LF:10
LH:10
BRDA:13,1,0,617
BRDA:13,1,1,0
BRDA:21,2,0,617
BRDA:21,2,1,566
BRF:4
BRH:3
end_of_record
TN:
SF:/Users/walter/dev/school/metrics/express/lib/middleware/query.js
FN:14,query
FN:22,query
FNF:2
FNH:2
FNDA:479,query
FNDA:617,query
DA:5,1
DA:6,1
DA:14,1
DA:15,479
DA:17,479
DA:18,479
DA:19,479
DA:22,479
DA:23,617
DA:24,566
DA:25,566
DA:28,617
LF:12
LH:12
BRDA:17,1,0,479
BRDA:17,1,1,0
BRDA:23,2,0,566
BRDA:23,2,1,51
BRF:4
BRH:3
end_of_record
TN:
SF:/Users/walter/dev/school/metrics/express/lib/view.js
FN:34,View
FN:55,(anonymous_2)
FN:75,(anonymous_3)
FNF:3
FNH:3
FNDA:63,View
FNDA:63,(anonymous_2)
FNDA:61,(anonymous_3)
DA:5,1
DA:6,1
DA:7,1
DA:8,1
DA:9,1
DA:10,1
DA:11,1
DA:12,1
DA:18,1
DA:34,1
DA:35,63
DA:36,63
DA:37,63
DA:38,63
DA:39,63
DA:40,63
DA:41,63
DA:42,63
DA:43,63
DA:44,63
DA:55,1
DA:56,63
DA:59,63
DA:60,63
DA:63,6
DA:64,6
DA:75,1
DA:76,61
LF:28
LH:28
BRDA:11,1,0,1
BRDA:11,1,1,0
BRDA:35,2,0,63
BRDA:35,2,1,0
BRDA:41,3,0,0
BRDA:41,3,1,63
BRDA:41,4,0,63
BRDA:41,4,1,39
BRDA:42,5,0,39
BRDA:42,5,1,24
BRDA:42,6,0,38
BRDA:42,6,1,1
BRDA:43,7,0,63
BRDA:43,7,1,33
BRDA:59,8,0,59
BRDA:59,8,1,4
BRDA:60,9,0,57
BRDA:60,9,1,6
BRDA:64,10,0,4
BRDA:64,10,1,2
BRF:20
BRH:17
end_of_record
TN:
SF:/Users/walter/dev/school/metrics/express/lib/request.js
FN:48,(anonymous_1)
FN:105,(anonymous_2)
FN:118,(anonymous_3)
FN:135,(anonymous_4)
FN:152,(anonymous_5)
FN:180,(anonymous_6)
FN:203,(anonymous_7)
FN:239,(anonymous_8)
FN:258,protocol
FN:283,secure
FN:297,ip
FN:314,ips
FN:335,subdomains
FN:355,path
FN:370,hostname
FN:393,host
FN:406,(anonymous_17)
FN:430,stale
FN:441,xhr
FN:454,defineGetter
FNF:20
FNH:20
FNDA:77,(anonymous_1)
FNDA:83,(anonymous_2)
FNDA:6,(anonymous_3)
FNDA:6,(anonymous_4)
FNDA:12,(anonymous_5)
FNDA:4,(anonymous_6)
FNDA:5,(anonymous_7)
FNDA:14,(anonymous_8)
FNDA:11,protocol
FNDA:5,secure
FNDA:4,ip
FNDA:4,ips
FNDA:11,subdomains
FNDA:3,path
FNDA:29,hostname
FNDA:9,host
FNDA:291,(anonymous_17)
FNDA:2,stale
FNDA:4,xhr
FNDA:11,defineGetter
DA:5,1
DA:6,1
DA:7,1
DA:8,1
DA:9,1
DA:10,1
DA:11,1
DA:12,1
DA:13,1
DA:19,1
DA:47,1
DA:49,77
DA:52,10
DA:55,67
DA:105,1
DA:106,83
DA:107,83
DA:118,1
DA:119,6
DA:120,6
DA:123,1
DA:135,1
DA:136,6
DA:137,6
DA:140,1
DA:152,1
DA:153,12
DA:154,12
DA:157,1
DA:180,1
DA:181,4
DA:182,4
DA:183,3
DA:203,1
DA:204,5
DA:205,5
DA:206,5
DA:207,5
DA:208,4
DA:209,3
DA:210,2
DA:239,1
DA:240,14
DA:241,14
DA:258,1
DA:259,11
DA:262,11
DA:264,11
DA:265,5
DA:270,6
DA:271,6
DA:283,1
DA:284,5
DA:297,1
DA:298,4
DA:299,4
DA:314,1
DA:315,4
DA:316,4
DA:317,4
DA:335,1
DA:336,11
DA:338,11
DA:340,10
DA:341,10
DA:345,10
DA:355,1
DA:356,3
DA:370,1
DA:371,29
DA:372,29
DA:374,29
DA:375,26
DA:378,29
DA:381,26
DA:384,26
DA:386,26
DA:393,1
DA:394,9
DA:406,1
DA:407,291
DA:408,291
DA:411,291
DA:414,273
DA:415,244
DA:418,29
DA:430,1
DA:431,2
DA:441,1
DA:442,4
DA:443,4
DA:454,1
DA:455,11
LF:93
LH:93
BRDA:49,1,0,1
BRDA:49,1,1,10
BRDA:49,1,2,67
BRDA:52,2,0,10
BRDA:52,2,1,9
BRDA:182,3,0,1
BRDA:182,3,1,3
BRDA:204,4,0,5
BRDA:204,4,1,0
BRDA:205,5,0,5
BRDA:205,5,1,4
BRDA:206,6,0,5
BRDA:206,6,1,0
BRDA:207,7,0,1
BRDA:207,7,1,4
BRDA:207,8,0,5
BRDA:207,8,1,1
BRDA:208,9,0,1
BRDA:208,9,1,3
BRDA:209,10,0,1
BRDA:209,10,1,2
BRDA:240,11,0,14
BRDA:240,11,1,0
BRDA:259,12,0,1
BRDA:259,12,1,10
BRDA:264,13,0,5
BRDA:264,13,1,6
BRDA:270,14,0,6
BRDA:270,14,1,2
BRDA:338,15,0,1
BRDA:338,15,1,10
BRDA:341,16,0,8
BRDA:341,16,1,2
BRDA:374,17,0,26
BRDA:374,17,1,3
BRDA:374,18,0,29
BRDA:374,18,1,7
BRDA:378,19,0,3
BRDA:378,19,1,26
BRDA:381,20,0,6
BRDA:381,20,1,20
BRDA:386,21,0,5
BRDA:386,21,1,21
BRDA:411,22,0,18
BRDA:411,22,1,273
BRDA:411,23,0,291
BRDA:411,23,1,20
BRDA:414,24,0,244
BRDA:414,24,1,29
BRDA:414,25,0,273
BRDA:414,25,1,273
BRDA:414,25,2,30
BRDA:442,26,0,4
BRDA:442,26,1,1
BRF:54
BRH:51
end_of_record
TN:
SF:/Users/walter/dev/school/metrics/express/lib/response.js
FN:41,(anonymous_1)
FN:61,(anonymous_2)
FN:64,(anonymous_3)
FN:82,send
FN:208,json
FN:250,jsonp
FN:321,sendStatus
FN:371,sendFile
FN:397,(anonymous_9)
FN:449,(anonymous_10)
FN:466,(anonymous_11)
FN:493,download
FN:531,(anonymous_13)
FN:594,(anonymous_14)
FN:614,(anonymous_15)
FN:629,(anonymous_16)
FN:654,header
FN:679,(anonymous_18)
FN:692,(anonymous_19)
FN:723,(anonymous_20)
FN:769,(anonymous_21)
FN:798,redirect
FN:820,(anonymous_23)
FN:824,(anonymous_24)
FN:829,(anonymous_25)
FN:854,(anonymous_26)
FN:879,(anonymous_27)
FN:894,(anonymous_28)
FN:904,sendfile
FN:908,ondirectory
FN:918,onerror
FN:925,onend
FN:932,onfinish
FN:936,(anonymous_34)
FN:954,headers
FNF:35
FNH:35
FNDA:25,(anonymous_1)
FNDA:3,(anonymous_2)
FNDA:5,(anonymous_3)
FNDA:350,send
FNDA:77,json
FNDA:23,jsonp
FNDA:2,sendStatus
FNDA:25,sendFile
FNDA:23,(anonymous_9)
FNDA:24,(anonymous_10)
FNDA:24,(anonymous_11)
FNDA:8,download
FNDA:170,(anonymous_13)
FNDA:69,(anonymous_14)
FNDA:15,(anonymous_15)
FNDA:5,(anonymous_16)
FNDA:1293,header
FNDA:1001,(anonymous_18)
FNDA:3,(anonymous_19)
FNDA:18,(anonymous_20)
FNDA:33,(anonymous_21)
FNDA:32,redirect
FNDA:28,(anonymous_23)
FNDA:3,(anonymous_24)
FNDA:1,(anonymous_25)
FNDA:78,(anonymous_26)
FNDA:48,(anonymous_27)
FNDA:45,(anonymous_28)
FNDA:47,sendfile
FNDA:2,ondirectory
FNDA:16,onerror
FNDA:25,onend
FNDA:46,onfinish
FNDA:29,(anonymous_34)
FNDA:7,headers
DA:5,1
DA:6,1
DA:7,1
DA:8,1
DA:9,1
DA:10,1
DA:11,1
DA:12,1
DA:13,1
DA:14,1
DA:15,1
DA:16,1
DA:17,1
DA:18,1
DA:19,1
DA:20,1
DA:21,1
DA:22,1
DA:23,1
DA:29,1
DA:41,1
DA:42,25
DA:43,25
DA:61,1
DA:62,3
DA:63,3
DA:64,3
DA:65,5
DA:82,1
DA:83,350
DA:84,350
DA:85,350
DA:86,350
DA:87,350
DA:90,350
DA:93,350
DA:95,8
DA:96,1
DA:97,1
DA:99,7
DA:100,7
DA:101,7
DA:106,350
DA:108,4
DA:109,4
DA:112,4
DA:113,4
DA:114,4
DA:117,350
DA:120,279
DA:121,148
DA:123,279
DA:127,69
DA:128,1
DA:129,68
DA:130,5
DA:131,2
DA:134,63
DA:136,6
DA:140,287
DA:141,280
DA:142,280
DA:145,280
DA:146,279
DA:151,287
DA:152,285
DA:154,280
DA:155,280
DA:158,285
DA:159,285
DA:163,287
DA:166,287
DA:167,267
DA:168,267
DA:169,257
DA:170,257
DA:175,287
DA:178,287
DA:179,7
DA:180,7
DA:181,7
DA:182,7
DA:186,287
DA:187,2
DA:191,287
DA:193,287
DA:208,1
DA:209,77
DA:212,77
DA:214,3
DA:215,2
DA:216,2
DA:218,1
DA:219,1
DA:220,1
DA:225,77
DA:226,77
DA:227,77
DA:228,77
DA:231,77
DA:232,64
DA:235,77
DA:250,1
DA:251,23
DA:254,23
DA:256,3
DA:257,2
DA:258,2
DA:260,1
DA:261,1
DA:262,1
DA:267,23
DA:268,23
DA:269,23
DA:270,23
DA:271,23
DA:274,23
DA:275,20
DA:276,20
DA:280,23
DA:281,1
DA:285,23
DA:286,8
DA:287,8
DA:288,8
DA:291,8
DA:294,8
DA:300,8
DA:303,23
DA:321,1
DA:322,2
DA:324,2
DA:325,2
DA:327,2
DA:371,1
DA:372,25
DA:373,25
DA:374,25
DA:376,25
DA:377,1
DA:381,24
DA:382,4
DA:383,4
DA:386,24
DA:388,24
DA:389,1
DA:393,23
DA:394,23
DA:397,23
DA:398,23
DA:399,13
DA:402,12
DA:403,4
DA:449,1
DA:450,24
DA:451,24
DA:452,24
DA:455,24
DA:456,6
DA:457,6
DA:460,24
DA:463,24
DA:466,24
DA:467,24
DA:468,18
DA:471,17
DA:472,5
DA:477,1
DA:493,1
DA:495,8
DA:496,5
DA:497,5
DA:500,8
DA:503,8
DA:508,8
DA:510,8
DA:530,1
DA:532,170
DA:594,1
DA:595,69
DA:596,69
DA:598,69
DA:599,69
DA:600,69
DA:602,69
DA:604,69
DA:606,69
DA:607,62
DA:608,62
DA:609,7
DA:610,2
DA:612,5
DA:613,5
DA:614,15
DA:615,5
DA:618,69
DA:629,1
DA:630,5
DA:631,5
DA:632,5
DA:653,1
DA:655,1293
DA:656,1291
DA:657,1287
DA:658,1291
DA:659,326
DA:660,326
DA:662,1291
DA:664,2
DA:665,3
DA:668,1293
DA:679,1
DA:680,1001
DA:692,1
DA:693,3
DA:694,3
DA:723,1
DA:724,18
DA:725,18
DA:726,18
DA:727,18
DA:728,18
DA:729,18
DA:730,18
DA:731,18
DA:732,6
DA:733,6
DA:735,18
DA:736,18
DA:739,18
DA:740,18
DA:741,2
DA:742,1
DA:744,1
DA:747,18
DA:748,18
DA:769,1
DA:770,33
DA:773,33
DA:776,33
DA:777,33
DA:798,1
DA:799,32
DA:800,32
DA:801,32
DA:804,32
DA:805,4
DA:806,3
DA:807,3
DA:809,1
DA:810,1
DA:815,32
DA:816,32
DA:819,32
DA:821,28
DA:825,3
DA:826,3
DA:830,1
DA:835,32
DA:836,32
DA:838,32
DA:839,1
DA:842,32
DA:854,1
DA:856,78
DA:857,2
DA:858,2
DA:861,76
DA:863,76
DA:879,1
DA:880,48
DA:881,48
DA:882,48
DA:883,48
DA:886,48
DA:887,2
DA:891,48
DA:894,48
DA:895,45
DA:896,43
DA:900,48
DA:904,1
DA:905,47
DA:908,1
DA:909,2
DA:910,2
DA:912,2
DA:913,2
DA:914,2
DA:918,1
DA:919,16
DA:920,16
DA:921,16
DA:925,1
DA:926,25
DA:927,25
DA:928,25
DA:932,1
DA:933,46
DA:934,45
DA:936,29
DA:937,29
DA:938,4
DA:941,4
DA:942,4
DA:943,4
DA:947,47
DA:948,47
DA:949,47
DA:950,47
DA:952,47
DA:954,12
DA:955,7
DA:956,7
DA:958,7
DA:959,9
DA:960,9
DA:966,47
LF:318
LH:318
BRDA:62,1,0,3
BRDA:62,1,1,2
BRDA:63,2,0,1
BRDA:63,2,1,2
BRDA:93,3,0,8
BRDA:93,3,1,342
BRDA:95,4,0,1
BRDA:95,4,1,7
BRDA:95,5,0,8
BRDA:95,5,1,1
BRDA:106,6,0,4
BRDA:106,6,1,346
BRDA:106,7,0,350
BRDA:106,7,1,5
BRDA:108,8,0,4
BRDA:108,8,1,0
BRDA:117,9,0,279
BRDA:117,9,1,4
BRDA:117,9,2,5
BRDA:117,9,3,69
BRDA:120,10,0,148
BRDA:120,10,1,131
BRDA:127,11,0,1
BRDA:127,11,1,68
BRDA:129,12,0,5
BRDA:129,12,1,63
BRDA:130,13,0,2
BRDA:130,13,1,3
BRDA:140,14,0,280
BRDA:140,14,1,7
BRDA:145,15,0,279
BRDA:145,15,1,1
BRDA:151,16,0,285
BRDA:151,16,1,2
BRDA:152,17,0,280
BRDA:152,17,1,5
BRDA:166,18,0,267
BRDA:166,18,1,20
BRDA:166,19,0,287
BRDA:166,19,1,285
BRDA:166,19,2,283
BRDA:168,20,0,257
BRDA:168,20,1,10
BRDA:168,21,0,267
BRDA:168,21,1,265
BRDA:170,22,0,257
BRDA:170,22,1,256
BRDA:175,23,0,4
BRDA:175,23,1,283
BRDA:178,24,0,7
BRDA:178,24,1,280
BRDA:178,25,0,287
BRDA:178,25,1,285
BRDA:186,26,0,2
BRDA:186,26,1,285
BRDA:212,27,0,3
BRDA:212,27,1,74
BRDA:214,28,0,2
BRDA:214,28,1,1
BRDA:231,29,0,64
BRDA:231,29,1,13
BRDA:254,30,0,3
BRDA:254,30,1,20
BRDA:256,31,0,2
BRDA:256,31,1,1
BRDA:274,32,0,20
BRDA:274,32,1,3
BRDA:280,33,0,1
BRDA:280,33,1,22
BRDA:285,34,0,8
BRDA:285,34,1,15
BRDA:285,35,0,23
BRDA:285,35,1,8
BRDA:322,36,0,2
BRDA:322,36,1,1
BRDA:376,37,0,1
BRDA:376,37,1,24
BRDA:381,38,0,4
BRDA:381,38,1,20
BRDA:386,39,0,24
BRDA:386,39,1,7
BRDA:388,40,0,1
BRDA:388,40,1,23
BRDA:388,41,0,24
BRDA:388,41,1,22
BRDA:398,42,0,10
BRDA:398,42,1,13
BRDA:399,43,0,1
BRDA:399,43,1,12
BRDA:399,44,0,13
BRDA:399,44,1,5
BRDA:402,45,0,4
BRDA:402,45,1,8
BRDA:402,46,0,12
BRDA:402,46,1,4
BRDA:455,47,0,6
BRDA:455,47,1,18
BRDA:460,48,0,24
BRDA:460,48,1,11
BRDA:467,49,0,6
BRDA:467,49,1,18
BRDA:468,50,0,1
BRDA:468,50,1,17
BRDA:468,51,0,18
BRDA:468,51,1,6
BRDA:471,52,0,5
BRDA:471,52,1,12
BRDA:471,53,0,17
BRDA:471,53,1,5
BRDA:495,54,0,5
BRDA:495,54,1,3
BRDA:500,55,0,8
BRDA:500,55,1,6
BRDA:532,56,0,6
BRDA:532,56,1,164
BRDA:599,57,0,33
BRDA:599,57,1,36
BRDA:606,58,0,62
BRDA:606,58,1,7
BRDA:609,59,0,2
BRDA:609,59,1,5
BRDA:630,60,0,4
BRDA:630,60,1,1
BRDA:655,61,0,1291
BRDA:655,61,1,2
BRDA:656,62,0,4
BRDA:656,62,1,1287
BRDA:658,63,0,326
BRDA:658,63,1,965
BRDA:658,64,0,1291
BRDA:658,64,1,609
BRDA:660,65,0,218
BRDA:660,65,1,108
BRDA:694,66,0,1
BRDA:694,66,1,2
BRDA:727,67,0,0
BRDA:727,67,1,18
BRDA:727,68,0,18
BRDA:727,68,1,3
BRDA:728,69,0,4
BRDA:728,69,1,14
BRDA:729,70,0,3
BRDA:729,70,1,15
BRDA:730,71,0,3
BRDA:730,71,1,15
BRDA:731,72,0,6
BRDA:731,72,1,12
BRDA:735,73,0,15
BRDA:735,73,1,3
BRDA:740,74,0,2
BRDA:740,74,1,16
BRDA:741,75,0,1
BRDA:741,75,1,1
BRDA:773,76,0,9
BRDA:773,76,1,24
BRDA:773,77,0,9
BRDA:773,77,1,9
BRDA:804,78,0,4
BRDA:804,78,1,28
BRDA:805,79,0,3
BRDA:805,79,1,1
BRDA:838,80,0,1
BRDA:838,80,1,31
BRDA:856,81,0,2
BRDA:856,81,1,76
BRDA:856,82,0,78
BRDA:856,82,1,77
BRDA:856,82,2,2
BRDA:880,83,0,48
BRDA:880,83,1,13
BRDA:886,84,0,2
BRDA:886,84,1,46
BRDA:894,85,0,48
BRDA:894,85,1,45
BRDA:895,86,0,2
BRDA:895,86,1,43
BRDA:909,87,0,0
BRDA:909,87,1,2
BRDA:919,88,0,0
BRDA:919,88,1,16
BRDA:926,89,0,0
BRDA:926,89,1,25
BRDA:933,90,0,1
BRDA:933,90,1,45
BRDA:934,91,0,16
BRDA:934,91,1,29
BRDA:937,92,0,25
BRDA:937,92,1,4
BRDA:952,93,0,12
BRDA:952,93,1,35
BRF:190
BRH:185
end_of_record
TN:
SF:/Users/walter/dev/school/metrics/express/examples/auth/app.js
FN:28,(anonymous_1)
FN:48,(anonymous_2)
FN:58,authenticate
FN:66,(anonymous_4)
FN:73,restrict
FN:82,(anonymous_6)
FN:86,(anonymous_7)
FN:90,(anonymous_8)
FN:93,(anonymous_9)
FN:98,(anonymous_10)
FN:102,(anonymous_11)
FN:103,(anonymous_12)
FN:107,(anonymous_13)
FNF:13
FNH:13
FNDA:11,(anonymous_1)
FNDA:1,(anonymous_2)
FNDA:5,authenticate
FNDA:3,(anonymous_4)
FNDA:2,restrict
FNDA:1,(anonymous_6)
FNDA:1,(anonymous_7)
FNDA:1,(anonymous_8)
FNDA:1,(anonymous_9)
FNDA:2,(anonymous_10)
FNDA:5,(anonymous_11)
FNDA:5,(anonymous_12)
FNDA:2,(anonymous_13)
DA:5,1
DA:6,1
DA:7,1
DA:8,1
DA:10,1
DA:14,1
DA:15,1
DA:19,1
DA:20,1
DA:28,1
DA:29,11
DA:30,11
DA:31,11
DA:32,11
DA:33,11
DA:34,11
DA:35,11
DA:36,11
DA:41,1
DA:48,1
DA:49,1
DA:51,1
DA:52,1
DA:58,1
DA:59,5
DA:60,5
DA:62,5
DA:66,3
DA:67,3
DA:68,3
DA:69,1
DA:73,1
DA:74,2
DA:75,1
DA:77,1
DA:78,1
DA:82,1
DA:83,1
DA:86,1
DA:87,1
DA:90,1
DA:93,1
DA:94,1
DA:98,1
DA:99,2
DA:102,1
DA:103,5
DA:104,5
DA:107,2
DA:111,2
DA:112,2
DA:115,2
DA:118,3
DA:121,3
DA:127,1
DA:128,1
DA:129,1
LF:57
LH:57
BRDA:34,1,0,1
BRDA:34,1,1,10
BRDA:35,2,0,1
BRDA:35,2,1,10
BRDA:49,3,0,0
BRDA:49,3,1,1
BRDA:59,4,0,0
BRDA:59,4,1,5
BRDA:62,5,0,2
BRDA:62,5,1,3
BRDA:67,6,0,0
BRDA:67,6,1,3
BRDA:68,7,0,2
BRDA:68,7,1,1
BRDA:74,8,0,1
BRDA:74,8,1,1
BRDA:104,9,0,2
BRDA:104,9,1,3
BRDA:127,10,0,0
BRDA:127,10,1,1
BRF:20
BRH:17
end_of_record
TN:
SF:/Users/walter/dev/school/metrics/express/examples/auth/pass.js
FN:32,(anonymous_1)
FN:34,(anonymous_2)
FN:39,(anonymous_3)
FN:42,(anonymous_4)
FNF:4
FNH:4
FNDA:4,(anonymous_1)
FNDA:3,(anonymous_2)
FNDA:1,(anonymous_3)
FNDA:1,(anonymous_4)
DA:8,1
DA:14,1
DA:20,1
DA:32,1
DA:33,4
DA:34,3
DA:35,3
DA:38,1
DA:39,1
DA:40,1
DA:41,1
DA:42,1
DA:43,1
DA:44,1
LF:14
LH:14
BRDA:33,1,0,3
BRDA:33,1,1,1
BRDA:40,2,0,0
BRDA:40,2,1,1
BRDA:43,3,0,0
BRDA:43,3,1,1
BRF:6
BRH:4
end_of_record
TN:
SF:/Users/walter/dev/school/metrics/express/examples/content-negotiation/index.js
FN:7,(anonymous_1)
FN:9,(anonymous_2)
FN:10,(anonymous_3)
FN:15,(anonymous_4)
FN:16,(anonymous_5)
FN:21,(anonymous_6)
FN:31,format
FN:33,(anonymous_8)
FNF:8
FNH:8
FNDA:3,(anonymous_1)
FNDA:1,(anonymous_2)
FNDA:3,(anonymous_3)
FNDA:1,(anonymous_4)
FNDA:3,(anonymous_5)
FNDA:1,(anonymous_6)
FNDA:1,format
FNDA:3,(anonymous_8)
DA:1,1
DA:2,1
DA:3,1
DA:7,1
DA:8,3
DA:10,1
DA:11,3
DA:16,1
DA:17,3
DA:22,1
DA:31,1
DA:32,1
DA:33,1
DA:34,3
DA:38,1
DA:41,1
DA:42,1
DA:43,1
LF:18
LH:18
BRDA:41,1,0,0
BRDA:41,1,1,1
BRF:2
BRH:2
end_of_record
TN:
SF:/Users/walter/dev/school/metrics/express/examples/content-negotiation/db.js
FNF:0
FNH:0
DA:1,1
DA:3,1
DA:4,1
DA:5,1
DA:7,1
LF:5
LH:5
BRF:0
BRH:0
end_of_record
TN:
SF:/Users/walter/dev/school/metrics/express/examples/content-negotiation/users.js
FN:4,(anonymous_1)
FN:5,(anonymous_2)
FN:10,(anonymous_3)
FN:11,(anonymous_4)
FN:16,(anonymous_5)
FNF:5
FNH:5
FNDA:1,(anonymous_1)
FNDA:3,(anonymous_2)
FNDA:1,(anonymous_3)
FNDA:3,(anonymous_4)
FNDA:1,(anonymous_5)
DA:2,1
DA:4,1
DA:5,1
DA:6,3
DA:10,1
DA:11,1
DA:12,3
DA:16,1
DA:17,1
LF:9
LH:9
BRF:0
BRH:0
end_of_record
TN:
SF:/Users/walter/dev/school/metrics/express/examples/cookies/app.js
FN:23,(anonymous_1)
FN:33,(anonymous_2)
FN:38,(anonymous_3)
FNF:3
FNH:3
FNDA:3,(anonymous_1)
FNDA:1,(anonymous_2)
FNDA:4,(anonymous_3)
DA:5,1
DA:6,1
DA:7,1
DA:8,1
DA:9,1
DA:12,1
DA:18,1
DA:21,1
DA:23,1
DA:24,3
DA:25,1
DA:27,2
DA:33,1
DA:34,1
DA:35,1
DA:38,1
DA:39,4
DA:40,4
DA:41,4
DA:45,1
DA:46,1
DA:47,1
LF:22
LH:22
BRDA:12,1,0,0
BRDA:12,1,1,1
BRDA:24,2,0,1
BRDA:24,2,1,2
BRDA:40,3,0,3
BRDA:40,3,1,1
BRDA:45,4,0,0
BRDA:45,4,1,1
BRF:8
BRH:7
end_of_record
TN:
SF:/Users/walter/dev/school/metrics/express/examples/downloads/app.js
FN:8,(anonymous_1)
FN:19,(anonymous_2)
FN:23,(anonymous_3)
FNF:3
FNH:3
FNDA:1,(anonymous_1)
FNDA:2,(anonymous_2)
FNDA:2,(anonymous_3)
DA:5,1
DA:6,1
DA:8,1
DA:9,1
DA:19,1
DA:20,2
DA:21,2
DA:23,2
DA:24,2
DA:25,1
DA:27,1
DA:28,1
DA:33,1
DA:34,1
DA:35,1
LF:15
LH:15
BRDA:24,1,0,1
BRDA:24,1,1,1
BRDA:25,2,0,0
BRDA:25,2,1,1
BRDA:25,3,0,1
BRDA:25,3,1,1
BRDA:33,4,0,0
BRDA:33,4,1,1
BRF:8
BRH:7
end_of_record
TN:
SF:/Users/walter/dev/school/metrics/express/examples/ejs/index.js
FN:38,(anonymous_1)
FNF:1
FNH:1
FNDA:1,(anonymous_1)
DA:5,1
DA:7,1
DA:20,1
DA:24,1
DA:29,1
DA:32,1
DA:38,1
DA:39,1
DA:47,1
DA:48,1
DA:49,1
LF:11
LH:11
BRDA:47,1,0,0
BRDA:47,1,1,1
BRF:2
BRH:2
end_of_record
TN:
SF:/Users/walter/dev/school/metrics/express/examples/error-pages/index.js
FN:27,(anonymous_1)
FN:31,(anonymous_2)
FN:38,(anonymous_3)
FN:45,(anonymous_4)
FN:60,(anonymous_5)
FN:91,(anonymous_6)
FNF:6
FNH:6
FNDA:1,(anonymous_1)
FNDA:3,(anonymous_2)
FNDA:3,(anonymous_3)
FNDA:3,(anonymous_4)
FNDA:3,(anonymous_5)
FNDA:6,(anonymous_6)
DA:5,1
DA:6,1
DA:7,1
DA:8,1
DA:11,1
DA:12,1
DA:17,1
DA:21,1
DA:23,1
DA:27,1
DA:28,1
DA:31,1
DA:35,3
DA:38,1
DA:40,3
DA:41,3
DA:42,3
DA:45,1
DA:47,3
DA:60,1
DA:61,3
DA:64,3
DA:65,1
DA:66,1
DA:70,2
DA:71,1
DA:72,1
DA:76,1
DA:91,1
DA:95,6
DA:96,6
DA:101,1
DA:102,1
DA:103,1
LF:34
LH:34
BRDA:21,1,0,0
BRDA:21,1,1,1
BRDA:23,2,0,1
BRDA:23,2,1,0
BRDA:64,3,0,1
BRDA:64,3,1,2
BRDA:70,4,0,1
BRDA:70,4,1,1
BRDA:95,5,0,6
BRDA:95,5,1,3
BRDA:101,6,0,0
BRDA:101,6,1,1
BRF:12
BRH:10
end_of_record
TN:
SF:/Users/walter/dev/school/metrics/express/examples/error/index.js
FN:18,error
FN:27,(anonymous_2)
FN:32,(anonymous_3)
FN:34,(anonymous_4)
FNF:4
FNH:4
FNDA:2,error
FNDA:1,(anonymous_2)
FNDA:1,(anonymous_3)
FNDA:1,(anonymous_4)
DA:5,1
DA:6,1
DA:7,1
DA:8,1
DA:10,1
DA:18,1
DA:20,2
DA:23,2
DA:24,2
DA:27,1
DA:29,1
DA:32,1
DA:34,1
DA:35,1
DA:42,1
DA:45,1
DA:46,1
DA:47,1
LF:18
LH:18
BRDA:10,1,0,0
BRDA:10,1,1,1
BRDA:20,2,0,0
BRDA:20,2,1,2
BRDA:45,3,0,0
BRDA:45,3,1,1
BRF:6
BRH:4
end_of_record
TN:
SF:/Users/walter/dev/school/metrics/express/examples/markdown/index.js
FN:13,(anonymous_1)
FN:14,(anonymous_2)
FN:18,(anonymous_3)
FN:33,(anonymous_4)
FN:37,(anonymous_5)
FNF:5
FNH:5
FNDA:1,(anonymous_1)
FNDA:1,(anonymous_2)
FNDA:1,(anonymous_3)
FNDA:1,(anonymous_4)
FNDA:1,(anonymous_5)
DA:5,1
DA:6,1
DA:7,1
DA:9,1
DA:13,1
DA:14,1
DA:15,1
DA:16,1
DA:17,1
DA:18,1
DA:19,1
DA:21,1
DA:23,0
DA:28,1
DA:31,1
DA:33,1
DA:34,1
DA:37,1
DA:38,1
DA:42,1
DA:43,1
DA:44,1
LF:22
LH:21
BRDA:15,1,0,0
BRDA:15,1,1,1
BRDA:19,2,0,1
BRDA:19,2,1,0
BRDA:42,3,0,0
BRDA:42,3,1,1
BRF:6
BRH:4
end_of_record
TN:
SF:/Users/walter/dev/school/metrics/express/examples/mvc/index.js
FN:24,(anonymous_1)
FN:53,(anonymous_2)
FN:78,(anonymous_3)
FN:87,(anonymous_4)
FNF:4
FNH:4
FNDA:3,(anonymous_1)
FNDA:15,(anonymous_2)
FNDA:1,(anonymous_3)
FNDA:1,(anonymous_4)
DA:5,1
DA:6,1
DA:7,1
DA:8,1
DA:9,1
DA:11,1
DA:17,1
DA:20,1
DA:24,1
DA:26,3
DA:28,3
DA:29,3
DA:30,3
DA:34,1
DA:37,1
DA:40,1
DA:47,1
DA:50,1
DA:53,1
DA:54,15
DA:57,15
DA:60,15
DA:69,15
DA:72,15
DA:76,1
DA:78,1
DA:80,1
DA:83,1
DA:87,1
DA:88,1
DA:92,1
DA:93,1
DA:94,1
LF:33
LH:33
BRDA:28,1,0,3
BRDA:28,1,1,2
BRDA:34,2,0,0
BRDA:34,2,1,1
BRDA:54,3,0,15
BRDA:54,3,1,15
BRDA:80,4,0,0
BRDA:80,4,1,1
BRDA:92,5,0,0
BRDA:92,5,1,1
BRF:10
BRH:8
end_of_record
TN:
SF:/Users/walter/dev/school/metrics/express/examples/mvc/lib/boot.js
FN:8,(anonymous_1)
FN:10,(anonymous_2)
FNF:2
FNH:2
FNDA:1,(anonymous_1)
FNDA:4,(anonymous_2)
DA:5,1
DA:6,1
DA:8,1
DA:9,1
DA:10,1
DA:11,4
DA:12,4
DA:13,4
DA:14,4
DA:15,4
DA:16,4
DA:17,4
DA:18,4
DA:21,4
DA:22,4
DA:26,4
DA:28,13
DA:30,9
DA:32,2
DA:33,2
DA:34,2
DA:36,1
DA:37,1
DA:38,1
DA:40,2
DA:41,2
DA:42,2
DA:44,2
DA:45,2
DA:46,2
DA:48,1
DA:49,1
DA:50,1
DA:52,1
DA:53,1
DA:54,1
DA:57,1
DA:61,9
DA:62,9
DA:65,9
DA:66,7
DA:67,7
DA:69,2
DA:70,2
DA:75,4
LF:45
LH:45
BRDA:11,1,0,4
BRDA:11,1,1,0
BRDA:13,2,0,4
BRDA:13,2,1,3
BRDA:14,3,0,4
BRDA:14,3,1,3
BRDA:21,4,0,0
BRDA:21,4,1,4
BRDA:28,5,0,4
BRDA:28,5,1,9
BRDA:30,6,0,2
BRDA:30,6,1,1
BRDA:30,6,2,2
BRDA:30,6,3,2
BRDA:30,6,4,1
BRDA:30,6,5,1
BRDA:30,6,6,0
BRDA:65,7,0,7
BRDA:65,7,1,2
BRDA:67,8,0,7
BRDA:67,8,1,0
BRDA:70,9,0,2
BRDA:70,9,1,0
BRF:23
BRH:18
end_of_record
TN:
SF:/Users/walter/dev/school/metrics/express/examples/mvc/controllers/main/index.js
FN:1,(anonymous_1)
FNF:1
FNH:1
FNDA:1,(anonymous_1)
DA:1,1
DA:2,1
LF:2
LH:2
BRF:0
BRH:0
end_of_record
TN:
SF:/Users/walter/dev/school/metrics/express/examples/mvc/controllers/pet/index.js
FN:7,(anonymous_1)
FN:14,(anonymous_2)
FN:18,(anonymous_3)
FN:22,(anonymous_4)
FNF:4
FNH:4
FNDA:4,(anonymous_1)
FNDA:1,(anonymous_2)
FNDA:2,(anonymous_3)
FNDA:1,(anonymous_4)
DA:5,1
DA:7,1
DA:8,4
DA:9,4
DA:10,4
DA:11,4
DA:14,1
DA:15,1
DA:18,1
DA:19,2
DA:22,1
DA:23,1
DA:24,1
DA:25,1
DA:26,1
LF:15
LH:15
BRDA:9,1,0,0
BRDA:9,1,1,4
BRF:2
BRH:1
end_of_record
TN:
SF:/Users/walter/dev/school/metrics/express/examples/mvc/db.js
FNF:0
FNH:0
DA:3,1
DA:5,1
DA:6,1
DA:7,1
DA:8,1
DA:10,1
DA:12,1
DA:13,1
DA:14,1
LF:9
LH:9
BRF:0
BRH:0
end_of_record
TN:
SF:/Users/walter/dev/school/metrics/express/examples/mvc/controllers/user/index.js
FN:7,(anonymous_1)
FN:11,(anonymous_2)
FN:20,(anonymous_3)
FN:24,(anonymous_4)
FN:28,(anonymous_5)
FN:32,(anonymous_6)
FNF:6
FNH:6
FNDA:9,(anonymous_1)
FNDA:8,(anonymous_2)
FNDA:1,(anonymous_3)
FNDA:2,(anonymous_4)
FNDA:3,(anonymous_5)
FNDA:2,(anonymous_6)
DA:5,1
DA:7,1
DA:8,9
DA:9,9
DA:11,8
DA:12,8
DA:14,8
DA:16,7
DA:20,1
DA:21,1
DA:24,1
DA:25,2
DA:28,1
DA:29,3
DA:32,1
DA:33,2
DA:34,2
DA:35,1
DA:36,1
LF:19
LH:19
BRDA:9,1,0,1
BRDA:9,1,1,8
BRDA:14,2,0,1
BRDA:14,2,1,7
BRF:4
BRH:4
end_of_record
TN:
SF:/Users/walter/dev/school/metrics/express/examples/mvc/controllers/user-pet/index.js
FN:10,(anonymous_1)
FNF:1
FNH:1
FNDA:1,(anonymous_1)
DA:5,1
DA:7,1
DA:8,1
DA:10,1
DA:11,1
DA:12,1
DA:13,1
DA:14,1
DA:15,1
DA:16,1
DA:17,1
DA:18,1
DA:19,1
LF:13
LH:13
BRDA:14,1,0,0
BRDA:14,1,1,1
BRF:2
BRH:1
end_of_record
TN:
SF:/Users/walter/dev/school/metrics/express/examples/params/app.js
FN:20,(anonymous_1)
FN:31,(anonymous_2)
FN:43,(anonymous_3)
FN:51,(anonymous_4)
FN:59,(anonymous_5)
FN:62,(anonymous_6)
FNF:6
FNH:6
FNDA:3,(anonymous_1)
FNDA:2,(anonymous_2)
FNDA:1,(anonymous_3)
FNDA:1,(anonymous_4)
FNDA:1,(anonymous_5)
FNDA:5,(anonymous_6)
DA:5,1
DA:6,1
DA:10,1
DA:20,1
DA:21,3
DA:22,3
DA:23,1
DA:25,2
DA:31,1
DA:32,2
DA:33,1
DA:35,1
DA:43,1
DA:44,1
DA:51,1
DA:52,1
DA:59,1
DA:60,1
DA:61,1
DA:62,5
DA:63,1
DA:67,1
DA:68,1
DA:69,1
LF:24
LH:24
BRDA:22,1,0,1
BRDA:22,1,1,2
BRDA:32,2,0,1
BRDA:32,2,1,1
BRDA:67,3,0,0
BRDA:67,3,1,1
BRF:6
BRH:6
end_of_record
TN:
SF:/Users/walter/dev/school/metrics/express/examples/resource/app.js
FN:11,(anonymous_1)
FN:13,(anonymous_2)
FN:20,(anonymous_3)
FN:40,(anonymous_4)
FN:43,(anonymous_5)
FN:46,(anonymous_6)
FN:51,(anonymous_7)
FN:59,(anonymous_8)
FN:76,(anonymous_9)
FNF:9
FNH:9
FNDA:1,(anonymous_1)
FNDA:2,(anonymous_2)
FNDA:2,(anonymous_3)
FNDA:1,(anonymous_4)
FNDA:2,(anonymous_5)
FNDA:2,(anonymous_6)
FNDA:2,(anonymous_7)
FNDA:3,(anonymous_8)
FNDA:1,(anonymous_9)
DA:5,1
DA:7,1
DA:11,1
DA:12,1
DA:13,1
DA:14,2
DA:15,2
DA:16,2
DA:17,2
DA:19,1
DA:20,1
DA:21,2
DA:22,2
DA:28,1
DA:39,1
DA:41,1
DA:44,2
DA:47,2
DA:48,2
DA:49,2
DA:52,2
DA:53,2
DA:55,1
DA:56,1
DA:59,1
DA:60,3
DA:62,1
DA:63,1
DA:74,1
DA:76,1
DA:77,1
DA:90,1
DA:91,1
DA:92,1
LF:34
LH:34
BRDA:44,1,0,2
BRDA:44,1,1,1
BRDA:49,2,0,1
BRDA:49,2,1,1
BRDA:53,3,0,1
BRDA:53,3,1,0
BRDA:53,3,2,1
BRDA:90,4,0,0
BRDA:90,4,1,1
BRF:9
BRH:8
end_of_record
TN:
SF:/Users/walter/dev/school/metrics/express/examples/route-map/index.js
FN:11,(anonymous_1)
FN:29,(anonymous_2)
FN:33,(anonymous_3)
FN:37,(anonymous_4)
FN:43,(anonymous_5)
FN:47,(anonymous_6)
FNF:6
FNH:6
FNDA:5,(anonymous_1)
FNDA:1,(anonymous_2)
FNDA:1,(anonymous_3)
FNDA:1,(anonymous_4)
FNDA:1,(anonymous_5)
FNDA:1,(anonymous_6)
DA:5,1
DA:7,1
DA:9,1
DA:11,1
DA:12,5
DA:13,5
DA:14,9
DA:17,4
DA:18,4
DA:21,5
DA:22,5
DA:23,5
DA:28,1
DA:30,1
DA:34,1
DA:38,1
DA:42,1
DA:44,1
DA:48,1
DA:52,1
DA:69,1
DA:70,1
DA:71,1
LF:23
LH:23
BRDA:12,1,0,5
BRDA:12,1,1,1
BRDA:14,2,0,4
BRDA:14,2,1,5
BRDA:21,3,0,0
BRDA:21,3,1,5
BRDA:69,4,0,0
BRDA:69,4,1,1
BRF:8
BRH:7
end_of_record
TN:
SF:/Users/walter/dev/school/metrics/express/examples/route-separation/index.js
FNF:0
FNH:0
DA:5,1
DA:6,1
DA:7,1
DA:8,1
DA:9,1
DA:10,1
DA:11,1
DA:12,1
DA:13,1
DA:15,1
DA:19,1
DA:20,1
DA:23,1
DA:24,1
DA:27,1
DA:28,1
DA:29,1
DA:30,1
DA:34,1
DA:38,1
DA:39,1
DA:40,1
DA:41,1
DA:42,1
DA:43,1
DA:47,1
DA:50,1
DA:51,1
DA:52,1
LF:29
LH:29
BRDA:23,1,0,0
BRDA:23,1,1,1
BRDA:50,2,0,0
BRDA:50,2,1,1
BRF:4
BRH:4
end_of_record
TN:
SF:/Users/walter/dev/school/metrics/express/examples/route-separation/site.js
FN:1,(anonymous_1)
FNF:1
FNH:1
FNDA:1,(anonymous_1)
DA:1,1
DA:2,1
LF:2
LH:2
BRF:0
BRH:0
end_of_record
TN:
SF:/Users/walter/dev/school/metrics/express/examples/route-separation/post.js
FN:9,(anonymous_1)
FNF:1
FNH:1
FNDA:1,(anonymous_1)
DA:3,1
DA:9,1
DA:10,1
LF:3
LH:3
BRF:0
BRH:0
end_of_record
TN:
SF:/Users/walter/dev/school/metrics/express/examples/route-separation/user.js
FN:8,(anonymous_1)
FN:12,(anonymous_2)
FN:24,(anonymous_3)
FN:31,(anonymous_4)
FN:38,(anonymous_5)
FNF:5
FNH:5
FNDA:1,(anonymous_1)
FNDA:9,(anonymous_2)
FNDA:4,(anonymous_3)
FNDA:1,(anonymous_4)
FNDA:2,(anonymous_5)
DA:3,1
DA:8,1
DA:9,1
DA:12,1
DA:13,9
DA:14,9
DA:15,9
DA:16,7
DA:18,2
DA:19,2
DA:20,2
DA:24,1
DA:25,4
DA:31,1
DA:32,1
DA:38,1
DA:41,2
DA:42,2
DA:43,2
DA:44,2
LF:20
LH:20
BRDA:15,1,0,7
BRDA:15,1,1,2
BRF:2
BRH:2
end_of_record
TN:
SF:/Users/walter/dev/school/metrics/express/examples/vhost/index.js
FN:23,(anonymous_1)
FN:27,(anonymous_2)
FN:35,(anonymous_3)
FNF:3
FNH:3
FNDA:1,(anonymous_1)
FNDA:1,(anonymous_2)
FNDA:2,(anonymous_3)
DA:5,1
DA:6,1
DA:7,1
DA:19,1
DA:21,1
DA:23,1
DA:24,1
DA:27,1
DA:28,1
DA:33,1
DA:35,1
DA:36,2
DA:37,2
DA:42,1
DA:44,1
DA:45,1
DA:48,1
DA:49,1
DA:50,1
LF:19
LH:19
BRDA:21,1,0,0
BRDA:21,1,1,1
BRDA:36,2,0,0
BRDA:36,2,1,2
BRDA:48,3,0,0
BRDA:48,3,1,1
BRF:6
BRH:4
end_of_record
TN:
SF:/Users/walter/dev/school/metrics/express/examples/web-service/index.js
FN:13,error
FN:28,(anonymous_2)
FN:72,(anonymous_3)
FN:76,(anonymous_4)
FN:80,(anonymous_5)
FN:93,(anonymous_6)
FN:103,(anonymous_7)
FNF:7
FNH:7
FNDA:6,error
FNDA:11,(anonymous_2)
FNDA:1,(anonymous_3)
FNDA:1,(anonymous_4)
FNDA:2,(anonymous_5)
FNDA:6,(anonymous_6)
FNDA:2,(anonymous_7)
DA:5,1
DA:7,1
DA:13,1
DA:14,6
DA:15,6
DA:16,6
DA:28,1
DA:29,11
DA:32,11
DA:35,8
DA:38,5
DA:39,5
DA:47,1
DA:51,1
DA:57,1
DA:63,1
DA:72,1
DA:73,1
DA:76,1
DA:77,1
DA:80,1
DA:81,2
DA:82,2
DA:84,2
DA:85,1
DA:93,1
DA:96,6
DA:97,6
DA:103,1
DA:104,2
DA:105,2
DA:109,1
DA:110,1
DA:111,1
LF:34
LH:34
BRDA:32,1,0,3
BRDA:32,1,1,8
BRDA:35,2,0,3
BRDA:35,2,1,5
BRDA:84,3,0,1
BRDA:84,3,1,1
BRDA:96,4,0,6
BRDA:96,4,1,0
BRDA:109,5,0,0
BRDA:109,5,1,1
BRF:10
BRH:9
end_of_record
